# JRE version: OpenJDK Runtime Environment Temurin-21.0.9+10 (21.0.9+10) (build 21.0.9+10-LTS)
# Java VM: OpenJDK 64-Bit Server VM Temurin-21.0.9+10 (21.0.9+10-LTS, mixed mode, sharing, tiered, compressed oops, compressed class ptrs, g1 gc, linux-amd64)
Heap:
 garbage-first heap   total 778240K, used 699426K [0x000000070aa00000, 0x0000000800000000)
  region size 2048K, 163 young (333824K), 17 survivors (34816K)
 Metaspace       used 30281K, committed 30848K, reserved 1114112K
  class space    used 2963K, committed 3200K, reserved 1048576K
GC Heap History (20 events):
Event: 3198,682 GC heap before
{Heap before GC invocations=47 (full 2):
 garbage-first heap   total 702464K, used 662085K [0x000000070aa00000, 0x0000000800000000)
  region size 2048K, 166 young (339968K), 15 survivors (30720K)
 Metaspace       used 30455K, committed 30848K, reserved 1114112K
  class space    used 3017K, committed 3200K, reserved 1048576K
}
Event: 3198,756 GC heap after
{Heap after GC invocations=48 (full 2):
 garbage-first heap   total 712704K, used 309067K [0x000000070aa00000, 0x0000000800000000)
  region size 2048K, 15 young (30720K), 15 survivors (30720K)
 Metaspace       used 30455K, committed 30848K, reserved 1114112K
  class space    used 3017K, committed 3200K, reserved 1048576K
}
Event: 3378,732 GC heap before
{Heap before GC invocations=48 (full 2):
 garbage-first heap   total 712704K, used 671563K [0x000000070aa00000, 0x0000000800000000)
  region size 2048K, 192 young (393216K), 15 survivors (30720K)
 Metaspace       used 30456K, committed 30848K, reserved 1114112K
  class space    used 3017K, committed 3200K, reserved 1048576K
}
Event: 3378,809 GC heap after
{Heap after GC invocations=49 (full 2):
 garbage-first heap   total 716800K, used 321465K [0x000000070aa00000, 0x0000000800000000)
  region size 2048K, 16 young (32768K), 16 survivors (32768K)
 Metaspace       used 30456K, committed 30848K, reserved 1114112K
  class space    used 3017K, committed 3200K, reserved 1048576K
}
Event: 3556,932 GC heap before
{Heap before GC invocations=49 (full 2):
 garbage-first heap   total 716800K, used 677817K [0x000000070aa00000, 0x0000000800000000)
  region size 2048K, 190 young (389120K), 16 survivors (32768K)
 Metaspace       used 30457K, committed 30848K, reserved 1114112K
  class space    used 3017K, committed 3200K, reserved 1048576K
}
Event: 3557,010 GC heap after
{Heap after GC invocations=50 (full 2):
 garbage-first heap   total 724992K, used 332805K [0x000000070aa00000, 0x0000000800000000)
  region size 2048K, 17 young (34816K), 17 survivors (34816K)
 Metaspace       used 30457K, committed 30848K, reserved 1114112K
  class space    used 3017K, committed 3200K, reserved 1048576K
}
Event: 3733,782 GC heap before
{Heap before GC invocations=50 (full 2):
 garbage-first heap   total 724992K, used 683013K [0x000000070aa00000, 0x0000000800000000)
  region size 2048K, 188 young (385024K), 17 survivors (34816K)
 Metaspace       used 30460K, committed 30848K, reserved 1114112K
  class space    used 3018K, committed 3200K, reserved 1048576K
}
Event: 3733,864 GC heap after
{Heap after GC invocations=51 (full 2):
 garbage-first heap   total 733184K, used 346223K [0x000000070aa00000, 0x0000000800000000)
  region size 2048K, 18 young (36864K), 18 survivors (36864K)
 Metaspace       used 30460K, committed 30848K, reserved 1114112K
  class space    used 3018K, committed 3200K, reserved 1048576K
}
Event: 3904,635 GC heap before
{Heap before GC invocations=51 (full 2):
 garbage-first heap   total 733184K, used 692335K [0x000000070aa00000, 0x0000000800000000)
  region size 2048K, 187 young (382976K), 18 survivors (36864K)
 Metaspace       used 30461K, committed 30848K, reserved 1114112K
  class space    used 3018K, committed 3200K, reserved 1048576K
}
Event: 3904,726 GC heap after
{Heap after GC invocations=52 (full 2):
 garbage-first heap   total 741376K, used 357213K [0x000000070aa00000, 0x0000000800000000)
  region size 2048K, 18 young (36864K), 18 survivors (36864K)
 Metaspace       used 30461K, committed 30848K, reserved 1114112K
  class space    used 3018K, committed 3200K, reserved 1048576K
}
Event: 4073,632 GC heap before
{Heap before GC invocations=52 (full 2):
 garbage-first heap   total 741376K, used 701277K [0x000000070aa00000, 0x0000000800000000)
  region size 2048K, 186 young (380928K), 18 survivors (36864K)
 Metaspace       used 30461K, committed 30848K, reserved 1114112K
  class space    used 3018K, committed 3200K, reserved 1048576K
}
Event: 4073,721 GC heap after
{Heap after GC invocations=53 (full 2):
 garbage-first heap   total 749568K, used 367985K [0x000000070aa00000, 0x0000000800000000)
  region size 2048K, 17 young (34816K), 17 survivors (34816K)
 Metaspace       used 30461K, committed 30848K, reserved 1114112K
  class space    used 3018K, committed 3200K, reserved 1048576K
}
Event: 4242,231 GC heap before
{Heap before GC invocations=53 (full 2):
 garbage-first heap   total 749568K, used 710001K [0x000000070aa00000, 0x0000000800000000)
  region size 2048K, 184 young (376832K), 17 survivors (34816K)
 Metaspace       used 30461K, committed 30848K, reserved 1114112K
  class space    used 3018K, committed 3200K, reserved 1048576K
}
Event: 4242,319 GC heap after
{Heap after GC invocations=54 (full 2):
 garbage-first heap   total 757760K, used 378812K [0x000000070aa00000, 0x0000000800000000)
  region size 2048K, 17 young (34816K), 17 survivors (34816K)
 Metaspace       used 30461K, committed 30848K, reserved 1114112K
  class space    used 3018K, committed 3200K, reserved 1048576K
}
Event: 4409,804 GC heap before
{Heap before GC invocations=54 (full 2):
 garbage-first heap   total 757760K, used 716732K [0x000000070aa00000, 0x0000000800000000)
  region size 2048K, 182 young (372736K), 17 survivors (34816K)
 Metaspace       used 30462K, committed 30848K, reserved 1114112K
  class space    used 3018K, committed 3200K, reserved 1048576K
}
Event: 4409,884 GC heap after
{Heap after GC invocations=55 (full 2):
 garbage-first heap   total 763904K, used 388731K [0x000000070aa00000, 0x0000000800000000)
  region size 2048K, 17 young (34816K), 17 survivors (34816K)
 Metaspace       used 30462K, committed 30848K, reserved 1114112K
  class space    used 3018K, committed 3200K, reserved 1048576K
}
Event: 4576,082 GC heap before
{Heap before GC invocations=56 (full 2):
 garbage-first heap   total 763904K, used 720507K [0x000000070aa00000, 0x0000000800000000)
  region size 2048K, 179 young (366592K), 17 survivors (34816K)
 Metaspace       used 30258K, committed 30848K, reserved 1114112K
  class space    used 2961K, committed 3200K, reserved 1048576K
}
Event: 4576,162 GC heap after
{Heap after GC invocations=57 (full 2):
 garbage-first heap   total 768000K, used 399853K [0x000000070aa00000, 0x0000000800000000)
  region size 2048K, 17 young (34816K), 17 survivors (34816K)
 Metaspace       used 30258K, committed 30848K, reserved 1114112K
  class space    used 2961K, committed 3200K, reserved 1048576K
}
Event: 4740,132 GC heap before
{Heap before GC invocations=57 (full 2):
 garbage-first heap   total 768000K, used 725485K [0x000000070aa00000, 0x0000000800000000)
  region size 2048K, 176 young (360448K), 17 survivors (34816K)
 Metaspace       used 30258K, committed 30848K, reserved 1114112K
  class space    used 2961K, committed 3200K, reserved 1048576K
}
Event: 4740,212 GC heap after
{Heap after GC invocations=58 (full 2):
 garbage-first heap   total 778240K, used 402466K [0x000000070aa00000, 0x0000000800000000)
  region size 2048K, 17 young (34816K), 17 survivors (34816K)
 Metaspace       used 30258K, committed 30848K, reserved 1114112K
  class space    used 2961K, committed 3200K, reserved 1048576K
}

