# JRE version: OpenJDK Runtime Environment Temurin-21.0.9+10 (21.0.9+10) (build 21.0.9+10-LTS)
# Java VM: OpenJDK 64-Bit Server VM Temurin-21.0.9+10 (21.0.9+10-LTS, mixed mode, sharing, tiered, compressed oops, compressed class ptrs, g1 gc, linux-amd64)
GC Precious Log:
 CardTable entry size: 512
 Card Set container configuration: InlinePtr #cards 4 size 8 Array Of Cards #cards 16 size 48 Howl #buckets 8 coarsen threshold 3686 Howl Bitmap #cards 512 size 80 coarsen threshold 460 Card regions per heap region 1 cards per card region 4096
 CPUs: 20 total, 20 available
 Memory: 15701M
 Large Page Support: Disabled
 NUMA Support: Disabled
 Compressed Oops: Enabled (Zero based)
 Heap Region Size: 2M
 Heap Min Capacity: 8M
 Heap Initial Capacity: 246M
 Heap Max Capacity: 3926M
 Pre-touch: Disabled
 Parallel Workers: 15
 Concurrent Workers: 4
 Concurrent Refinement Workers: 15
 Periodic GC: Disabled
Heap:
 garbage-first heap   total 272384K, used 224722K [0x000000070aa00000, 0x0000000800000000)
  region size 2048K, 75 young (153600K), 8 survivors (16384K)
 Metaspace       used 35448K, committed 35776K, reserved 1114112K
  class space    used 3720K, committed 3840K, reserved 1048576K
GC Heap History (20 events):
Event: 6,421 GC heap after
{Heap after GC invocations=6 (full 1):
 garbage-first heap   total 102400K, used 24058K [0x000000070aa00000, 0x0000000800000000)
  region size 2048K, 0 young (0K), 0 survivors (0K)
 Metaspace       used 23521K, committed 23808K, reserved 1114112K
  class space    used 2555K, committed 2688K, reserved 1048576K
}
Event: 6,800 GC heap before
{Heap before GC invocations=6 (full 1):
 garbage-first heap   total 102400K, used 79354K [0x000000070aa00000, 0x0000000800000000)
  region size 2048K, 27 young (55296K), 0 survivors (0K)
 Metaspace       used 25826K, committed 26176K, reserved 1114112K
  class space    used 2802K, committed 2944K, reserved 1048576K
}
Event: 6,803 GC heap after
{Heap after GC invocations=7 (full 1):
 garbage-first heap   total 102400K, used 38704K [0x000000070aa00000, 0x0000000800000000)
  region size 2048K, 4 young (8192K), 4 survivors (8192K)
 Metaspace       used 25826K, committed 26176K, reserved 1114112K
  class space    used 2802K, committed 2944K, reserved 1048576K
}
Event: 6,906 GC heap before
{Heap before GC invocations=7 (full 1):
 garbage-first heap   total 102400K, used 50992K [0x000000070aa00000, 0x0000000800000000)
  region size 2048K, 11 young (22528K), 4 survivors (8192K)
 Metaspace       used 26508K, committed 26816K, reserved 1114112K
  class space    used 2867K, committed 3008K, reserved 1048576K
}
Event: 6,920 GC heap after
{Heap after GC invocations=8 (full 2):
 garbage-first heap   total 102400K, used 42576K [0x000000070aa00000, 0x0000000800000000)
  region size 2048K, 0 young (0K), 0 survivors (0K)
 Metaspace       used 26508K, committed 26816K, reserved 1114112K
  class space    used 2867K, committed 3008K, reserved 1048576K
}
Event: 6,926 GC heap before
{Heap before GC invocations=8 (full 2):
 garbage-first heap   total 102400K, used 42576K [0x000000070aa00000, 0x0000000800000000)
  region size 2048K, 1 young (2048K), 0 survivors (0K)
 Metaspace       used 26569K, committed 26944K, reserved 1114112K
  class space    used 2875K, committed 3072K, reserved 1048576K
}
Event: 6,926 GC heap after
{Heap after GC invocations=9 (full 2):
 garbage-first heap   total 102400K, used 44196K [0x000000070aa00000, 0x0000000800000000)
  region size 2048K, 1 young (2048K), 1 survivors (2048K)
 Metaspace       used 26569K, committed 26944K, reserved 1114112K
  class space    used 2875K, committed 3072K, reserved 1048576K
}
Event: 6,928 GC heap before
{Heap before GC invocations=9 (full 2):
 garbage-first heap   total 102400K, used 62628K [0x000000070aa00000, 0x0000000800000000)
  region size 2048K, 2 young (4096K), 1 survivors (2048K)
 Metaspace       used 26569K, committed 26944K, reserved 1114112K
  class space    used 2875K, committed 3072K, reserved 1048576K
}
Event: 6,929 GC heap after
{Heap after GC invocations=10 (full 2):
 garbage-first heap   total 174080K, used 43118K [0x000000070aa00000, 0x0000000800000000)
  region size 2048K, 1 young (2048K), 1 survivors (2048K)
 Metaspace       used 26569K, committed 26944K, reserved 1114112K
  class space    used 2875K, committed 3072K, reserved 1048576K
}
Event: 6,934 GC heap before
{Heap before GC invocations=10 (full 2):
 garbage-first heap   total 174080K, used 61550K [0x000000070aa00000, 0x0000000800000000)
  region size 2048K, 2 young (4096K), 1 survivors (2048K)
 Metaspace       used 26588K, committed 26944K, reserved 1114112K
  class space    used 2878K, committed 3072K, reserved 1048576K
}
Event: 6,935 GC heap after
{Heap after GC invocations=11 (full 2):
 garbage-first heap   total 174080K, used 43212K [0x000000070aa00000, 0x0000000800000000)
  region size 2048K, 1 young (2048K), 1 survivors (2048K)
 Metaspace       used 26588K, committed 26944K, reserved 1114112K
  class space    used 2878K, committed 3072K, reserved 1048576K
}
Event: 6,949 GC heap before
{Heap before GC invocations=11 (full 2):
 garbage-first heap   total 174080K, used 63692K [0x000000070aa00000, 0x0000000800000000)
  region size 2048K, 3 young (6144K), 1 survivors (2048K)
 Metaspace       used 26619K, committed 26944K, reserved 1114112K
  class space    used 2881K, committed 3072K, reserved 1048576K
}
Event: 6,950 GC heap after
{Heap after GC invocations=12 (full 2):
 garbage-first heap   total 174080K, used 43527K [0x000000070aa00000, 0x0000000800000000)
  region size 2048K, 1 young (2048K), 1 survivors (2048K)
 Metaspace       used 26619K, committed 26944K, reserved 1114112K
  class space    used 2881K, committed 3072K, reserved 1048576K
}
Event: 7,197 GC heap before
{Heap before GC invocations=12 (full 2):
 garbage-first heap   total 174080K, used 127495K [0x000000070aa00000, 0x0000000800000000)
  region size 2048K, 28 young (57344K), 1 survivors (2048K)
 Metaspace       used 27029K, committed 27392K, reserved 1114112K
  class space    used 2901K, committed 3072K, reserved 1048576K
}
Event: 7,200 GC heap after
{Heap after GC invocations=13 (full 2):
 garbage-first heap   total 174080K, used 56570K [0x000000070aa00000, 0x0000000800000000)
  region size 2048K, 6 young (12288K), 6 survivors (12288K)
 Metaspace       used 27029K, committed 27392K, reserved 1114112K
  class space    used 2901K, committed 3072K, reserved 1048576K
}
Event: 7,257 GC heap before
{Heap before GC invocations=13 (full 2):
 garbage-first heap   total 174080K, used 107770K [0x000000070aa00000, 0x0000000800000000)
  region size 2048K, 18 young (36864K), 6 survivors (12288K)
 Metaspace       used 27387K, committed 27712K, reserved 1114112K
  class space    used 2909K, committed 3072K, reserved 1048576K
}
Event: 7,260 GC heap after
{Heap after GC invocations=14 (full 2):
 garbage-first heap   total 358400K, used 68259K [0x000000070aa00000, 0x0000000800000000)
  region size 2048K, 2 young (4096K), 2 survivors (4096K)
 Metaspace       used 27387K, committed 27712K, reserved 1114112K
  class space    used 2909K, committed 3072K, reserved 1048576K
}
Event: 7,622 GC heap before
{Heap before GC invocations=15 (full 2):
 garbage-first heap   total 260096K, used 254627K [0x000000070aa00000, 0x0000000800000000)
  region size 2048K, 28 young (57344K), 2 survivors (4096K)
 Metaspace       used 27665K, committed 27968K, reserved 1114112K
  class space    used 2923K, committed 3072K, reserved 1048576K
}
Event: 7,625 GC heap after
{Heap after GC invocations=16 (full 2):
 garbage-first heap   total 272384K, used 69074K [0x000000070aa00000, 0x0000000800000000)
  region size 2048K, 6 young (12288K), 6 survivors (12288K)
 Metaspace       used 27665K, committed 27968K, reserved 1114112K
  class space    used 2923K, committed 3072K, reserved 1048576K
}
Event: 23,559 GC heap before
{Heap before GC invocations=16 (full 2):
 garbage-first heap   total 272384K, used 222674K [0x000000070aa00000, 0x0000000800000000)
  region size 2048K, 73 young (149504K), 6 survivors (12288K)
 Metaspace       used 35448K, committed 35776K, reserved 1114112K
  class space    used 3720K, committed 3840K, reserved 1048576K
}

