# JRE version: OpenJDK Runtime Environment Temurin-21.0.9+10 (21.0.9+10) (build 21.0.9+10-LTS)
# Java VM: OpenJDK 64-Bit Server VM Temurin-21.0.9+10 (21.0.9+10-LTS, mixed mode, sharing, tiered, compressed oops, compressed class ptrs, g1 gc, linux-amd64)
Heap:
 garbage-first heap   total 327680K, used 110297K [0x000000070aa00000, 0x0000000800000000)
  region size 2048K, 1 young (2048K), 0 survivors (0K)
 Metaspace       used 29949K, committed 30272K, reserved 1114112K
  class space    used 2984K, committed 3136K, reserved 1048576K
GC Heap History (20 events):
Event: 193,933 GC heap before
{Heap before GC invocations=45 (full 18):
 garbage-first heap   total 327680K, used 264869K [0x000000070aa00000, 0x0000000800000000)
  region size 2048K, 83 young (169984K), 6 survivors (12288K)
 Metaspace       used 29902K, committed 30272K, reserved 1114112K
  class space    used 2982K, committed 3136K, reserved 1048576K
}
Event: 193,938 GC heap after
{Heap after GC invocations=46 (full 18):
 garbage-first heap   total 327680K, used 119325K [0x000000070aa00000, 0x0000000800000000)
  region size 2048K, 11 young (22528K), 11 survivors (22528K)
 Metaspace       used 29902K, committed 30272K, reserved 1114112K
  class space    used 2982K, committed 3136K, reserved 1048576K
}
Event: 201,240 GC heap before
{Heap before GC invocations=46 (full 18):
 garbage-first heap   total 327680K, used 223773K [0x000000070aa00000, 0x0000000800000000)
  region size 2048K, 64 young (131072K), 11 survivors (22528K)
 Metaspace       used 29916K, committed 30272K, reserved 1114112K
  class space    used 2982K, committed 3136K, reserved 1048576K
}
Event: 201,262 GC heap after
{Heap after GC invocations=47 (full 19):
 garbage-first heap   total 327680K, used 110347K [0x000000070aa00000, 0x0000000800000000)
  region size 2048K, 0 young (0K), 0 survivors (0K)
 Metaspace       used 29916K, committed 30272K, reserved 1114112K
  class space    used 2982K, committed 3136K, reserved 1048576K
}
Event: 201,263 GC heap before
{Heap before GC invocations=47 (full 19):
 garbage-first heap   total 327680K, used 110347K [0x000000070aa00000, 0x0000000800000000)
  region size 2048K, 1 young (2048K), 0 survivors (0K)
 Metaspace       used 29916K, committed 30272K, reserved 1114112K
  class space    used 2982K, committed 3136K, reserved 1048576K
}
Event: 201,278 GC heap after
{Heap after GC invocations=48 (full 20):
 garbage-first heap   total 327680K, used 110356K [0x000000070aa00000, 0x0000000800000000)
  region size 2048K, 0 young (0K), 0 survivors (0K)
 Metaspace       used 29916K, committed 30272K, reserved 1114112K
  class space    used 2982K, committed 3136K, reserved 1048576K
}
Event: 204,318 GC heap before
{Heap before GC invocations=48 (full 20):
 garbage-first heap   total 327680K, used 136980K [0x000000070aa00000, 0x0000000800000000)
  region size 2048K, 14 young (28672K), 0 survivors (0K)
 Metaspace       used 29920K, committed 30272K, reserved 1114112K
  class space    used 2982K, committed 3136K, reserved 1048576K
}
Event: 204,338 GC heap after
{Heap after GC invocations=49 (full 21):
 garbage-first heap   total 327680K, used 110470K [0x000000070aa00000, 0x0000000800000000)
  region size 2048K, 0 young (0K), 0 survivors (0K)
 Metaspace       used 29920K, committed 30272K, reserved 1114112K
  class space    used 2982K, committed 3136K, reserved 1048576K
}
Event: 204,807 GC heap before
{Heap before GC invocations=49 (full 21):
 garbage-first heap   total 327680K, used 274310K [0x000000070aa00000, 0x0000000800000000)
  region size 2048K, 78 young (159744K), 0 survivors (0K)
 Metaspace       used 29924K, committed 30272K, reserved 1114112K
  class space    used 2982K, committed 3136K, reserved 1048576K
}
Event: 204,811 GC heap after
{Heap after GC invocations=50 (full 21):
 garbage-first heap   total 327680K, used 153070K [0x000000070aa00000, 0x0000000800000000)
  region size 2048K, 10 young (20480K), 10 survivors (20480K)
 Metaspace       used 29924K, committed 30272K, reserved 1114112K
  class space    used 2982K, committed 3136K, reserved 1048576K
}
Event: 204,817 GC heap before
{Heap before GC invocations=50 (full 21):
 garbage-first heap   total 327680K, used 161262K [0x000000070aa00000, 0x0000000800000000)
  region size 2048K, 13 young (26624K), 10 survivors (20480K)
 Metaspace       used 29925K, committed 30272K, reserved 1114112K
  class space    used 2982K, committed 3136K, reserved 1048576K
}
Event: 204,819 GC heap after
{Heap after GC invocations=51 (full 21):
 garbage-first heap   total 327680K, used 165374K [0x000000070aa00000, 0x0000000800000000)
  region size 2048K, 4 young (8192K), 4 survivors (8192K)
 Metaspace       used 29925K, committed 30272K, reserved 1114112K
  class space    used 2982K, committed 3136K, reserved 1048576K
}
Event: 204,823 GC heap before
{Heap before GC invocations=51 (full 21):
 garbage-first heap   total 327680K, used 171518K [0x000000070aa00000, 0x0000000800000000)
  region size 2048K, 6 young (12288K), 4 survivors (8192K)
 Metaspace       used 29925K, committed 30272K, reserved 1114112K
  class space    used 2982K, committed 3136K, reserved 1048576K
}
Event: 204,843 GC heap after
{Heap after GC invocations=52 (full 22):
 garbage-first heap   total 327680K, used 111572K [0x000000070aa00000, 0x0000000800000000)
  region size 2048K, 0 young (0K), 0 survivors (0K)
 Metaspace       used 29925K, committed 30272K, reserved 1114112K
  class space    used 2982K, committed 3136K, reserved 1048576K
}
Event: 214,224 GC heap before
{Heap before GC invocations=52 (full 22):
 garbage-first heap   total 327680K, used 230356K [0x000000070aa00000, 0x0000000800000000)
  region size 2048K, 53 young (108544K), 0 survivors (0K)
 Metaspace       used 29929K, committed 30272K, reserved 1114112K
  class space    used 2983K, committed 3136K, reserved 1048576K
}
Event: 214,227 GC heap after
{Heap after GC invocations=53 (full 22):
 garbage-first heap   total 327680K, used 123641K [0x000000070aa00000, 0x0000000800000000)
  region size 2048K, 6 young (12288K), 6 survivors (12288K)
 Metaspace       used 29929K, committed 30272K, reserved 1114112K
  class space    used 2983K, committed 3136K, reserved 1048576K
}
Event: 231,217 GC heap before
{Heap before GC invocations=53 (full 22):
 garbage-first heap   total 327680K, used 232185K [0x000000070aa00000, 0x0000000800000000)
  region size 2048K, 59 young (120832K), 6 survivors (12288K)
 Metaspace       used 29936K, committed 30272K, reserved 1114112K
  class space    used 2983K, committed 3136K, reserved 1048576K
}
Event: 231,221 GC heap after
{Heap after GC invocations=54 (full 22):
 garbage-first heap   total 327680K, used 125856K [0x000000070aa00000, 0x0000000800000000)
  region size 2048K, 2 young (4096K), 2 survivors (4096K)
 Metaspace       used 29936K, committed 30272K, reserved 1114112K
  class space    used 2983K, committed 3136K, reserved 1048576K
}
Event: 245,015 GC heap before
{Heap before GC invocations=54 (full 22):
 garbage-first heap   total 327680K, used 209824K [0x000000070aa00000, 0x0000000800000000)
  region size 2048K, 44 young (90112K), 2 survivors (4096K)
 Metaspace       used 29937K, committed 30272K, reserved 1114112K
  class space    used 2983K, committed 3136K, reserved 1048576K
}
Event: 245,043 GC heap after
{Heap after GC invocations=55 (full 23):
 garbage-first heap   total 327680K, used 110297K [0x000000070aa00000, 0x0000000800000000)
  region size 2048K, 0 young (0K), 0 survivors (0K)
 Metaspace       used 29937K, committed 30272K, reserved 1114112K
  class space    used 2983K, committed 3136K, reserved 1048576K
}

