# JRE version: OpenJDK Runtime Environment Temurin-21.0.9+10 (21.0.9+10) (build 21.0.9+10-LTS)
# Java VM: OpenJDK 64-Bit Server VM Temurin-21.0.9+10 (21.0.9+10-LTS, mixed mode, sharing, tiered, compressed oops, compressed class ptrs, g1 gc, linux-amd64)
Heap:
 garbage-first heap   total 348160K, used 93711K [0x000000070aa00000, 0x0000000800000000)
  region size 2048K, 2 young (4096K), 0 survivors (0K)
 Metaspace       used 28856K, committed 29184K, reserved 1114112K
  class space    used 2917K, committed 3072K, reserved 1048576K
GC Heap History (20 events):
Event: 6,558 GC heap before
{Heap before GC invocations=12 (full 2):
 garbage-first heap   total 165888K, used 160025K [0x000000070aa00000, 0x0000000800000000)
  region size 2048K, 20 young (40960K), 2 survivors (4096K)
 Metaspace       used 27141K, committed 27456K, reserved 1114112K
  class space    used 2887K, committed 3072K, reserved 1048576K
}
Event: 6,563 GC heap after
{Heap after GC invocations=13 (full 2):
 garbage-first heap   total 401408K, used 79275K [0x000000070aa00000, 0x0000000800000000)
  region size 2048K, 4 young (8192K), 4 survivors (8192K)
 Metaspace       used 27141K, committed 27456K, reserved 1114112K
  class space    used 2887K, committed 3072K, reserved 1048576K
}
Event: 35,843 GC heap before
{Heap before GC invocations=13 (full 2):
 garbage-first heap   total 401408K, used 363947K [0x000000070aa00000, 0x0000000800000000)
  region size 2048K, 105 young (215040K), 4 survivors (8192K)
 Metaspace       used 28423K, committed 28736K, reserved 1114112K
  class space    used 2914K, committed 3072K, reserved 1048576K
}
Event: 35,846 GC heap after
{Heap after GC invocations=14 (full 2):
 garbage-first heap   total 401408K, used 79884K [0x000000070aa00000, 0x0000000800000000)
  region size 2048K, 9 young (18432K), 9 survivors (18432K)
 Metaspace       used 28423K, committed 28736K, reserved 1114112K
  class space    used 2914K, committed 3072K, reserved 1048576K
}
Event: 69,393 GC heap before
{Heap before GC invocations=14 (full 2):
 garbage-first heap   total 401408K, used 301068K [0x000000070aa00000, 0x0000000800000000)
  region size 2048K, 117 young (239616K), 9 survivors (18432K)
 Metaspace       used 28515K, committed 28864K, reserved 1114112K
  class space    used 2914K, committed 3072K, reserved 1048576K
}
Event: 69,400 GC heap after
{Heap after GC invocations=15 (full 2):
 garbage-first heap   total 401408K, used 82209K [0x000000070aa00000, 0x0000000800000000)
  region size 2048K, 8 young (16384K), 8 survivors (16384K)
 Metaspace       used 28515K, committed 28864K, reserved 1114112K
  class space    used 2914K, committed 3072K, reserved 1048576K
}
Event: 106,793 GC heap before
{Heap before GC invocations=15 (full 2):
 garbage-first heap   total 401408K, used 305441K [0x000000070aa00000, 0x0000000800000000)
  region size 2048K, 117 young (239616K), 8 survivors (16384K)
 Metaspace       used 28529K, committed 28864K, reserved 1114112K
  class space    used 2914K, committed 3072K, reserved 1048576K
}
Event: 106,816 GC heap after
{Heap after GC invocations=16 (full 2):
 garbage-first heap   total 401408K, used 84859K [0x000000070aa00000, 0x0000000800000000)
  region size 2048K, 9 young (18432K), 9 survivors (18432K)
 Metaspace       used 28529K, committed 28864K, reserved 1114112K
  class space    used 2914K, committed 3072K, reserved 1048576K
}
Event: 141,105 GC heap before
{Heap before GC invocations=16 (full 2):
 garbage-first heap   total 401408K, used 361339K [0x000000070aa00000, 0x0000000800000000)
  region size 2048K, 117 young (239616K), 9 survivors (18432K)
 Metaspace       used 28613K, committed 28928K, reserved 1114112K
  class space    used 2914K, committed 3072K, reserved 1048576K
}
Event: 141,120 GC heap after
{Heap after GC invocations=17 (full 2):
 garbage-first heap   total 401408K, used 88015K [0x000000070aa00000, 0x0000000800000000)
  region size 2048K, 9 young (18432K), 9 survivors (18432K)
 Metaspace       used 28613K, committed 28928K, reserved 1114112K
  class space    used 2914K, committed 3072K, reserved 1048576K
}
Event: 176,945 GC heap before
{Heap before GC invocations=17 (full 2):
 garbage-first heap   total 401408K, used 327631K [0x000000070aa00000, 0x0000000800000000)
  region size 2048K, 117 young (239616K), 9 survivors (18432K)
 Metaspace       used 28672K, committed 28992K, reserved 1114112K
  class space    used 2914K, committed 3072K, reserved 1048576K
}
Event: 176,961 GC heap after
{Heap after GC invocations=18 (full 2):
 garbage-first heap   total 401408K, used 90142K [0x000000070aa00000, 0x0000000800000000)
  region size 2048K, 6 young (12288K), 6 survivors (12288K)
 Metaspace       used 28672K, committed 28992K, reserved 1114112K
  class space    used 2914K, committed 3072K, reserved 1048576K
}
Event: 211,194 GC heap before
{Heap before GC invocations=18 (full 2):
 garbage-first heap   total 401408K, used 317470K [0x000000070aa00000, 0x0000000800000000)
  region size 2048K, 117 young (239616K), 6 survivors (12288K)
 Metaspace       used 28762K, committed 29120K, reserved 1114112K
  class space    used 2914K, committed 3072K, reserved 1048576K
}
Event: 211,214 GC heap after
{Heap after GC invocations=19 (full 2):
 garbage-first heap   total 401408K, used 91479K [0x000000070aa00000, 0x0000000800000000)
  region size 2048K, 7 young (14336K), 7 survivors (14336K)
 Metaspace       used 28762K, committed 29120K, reserved 1114112K
  class space    used 2914K, committed 3072K, reserved 1048576K
}
Event: 246,600 GC heap before
{Heap before GC invocations=19 (full 2):
 garbage-first heap   total 401408K, used 316759K [0x000000070aa00000, 0x0000000800000000)
  region size 2048K, 117 young (239616K), 7 survivors (14336K)
 Metaspace       used 28784K, committed 29120K, reserved 1114112K
  class space    used 2914K, committed 3072K, reserved 1048576K
}
Event: 246,625 GC heap after
{Heap after GC invocations=20 (full 2):
 garbage-first heap   total 401408K, used 91791K [0x000000070aa00000, 0x0000000800000000)
  region size 2048K, 7 young (14336K), 7 survivors (14336K)
 Metaspace       used 28784K, committed 29120K, reserved 1114112K
  class space    used 2914K, committed 3072K, reserved 1048576K
}
Event: 283,995 GC heap before
{Heap before GC invocations=20 (full 2):
 garbage-first heap   total 401408K, used 317071K [0x000000070aa00000, 0x0000000800000000)
  region size 2048K, 117 young (239616K), 7 survivors (14336K)
 Metaspace       used 28831K, committed 29184K, reserved 1114112K
  class space    used 2915K, committed 3072K, reserved 1048576K
}
Event: 284,022 GC heap after
{Heap after GC invocations=21 (full 2):
 garbage-first heap   total 401408K, used 95935K [0x000000070aa00000, 0x0000000800000000)
  region size 2048K, 9 young (18432K), 9 survivors (18432K)
 Metaspace       used 28831K, committed 29184K, reserved 1114112K
  class space    used 2915K, committed 3072K, reserved 1048576K
}
Event: 316,662 GC heap before
{Heap before GC invocations=21 (full 2):
 garbage-first heap   total 401408K, used 306879K [0x000000070aa00000, 0x0000000800000000)
  region size 2048K, 113 young (231424K), 9 survivors (18432K)
 Metaspace       used 28843K, committed 29184K, reserved 1114112K
  class space    used 2916K, committed 3072K, reserved 1048576K
}
Event: 316,703 GC heap after
{Heap after GC invocations=22 (full 3):
 garbage-first heap   total 348160K, used 91663K [0x000000070aa00000, 0x0000000800000000)
  region size 2048K, 0 young (0K), 0 survivors (0K)
 Metaspace       used 28843K, committed 29184K, reserved 1114112K
  class space    used 2916K, committed 3072K, reserved 1048576K
}

