# JRE version: OpenJDK Runtime Environment Temurin-21.0.9+10 (21.0.9+10) (build 21.0.9+10-LTS)
# Java VM: OpenJDK 64-Bit Server VM Temurin-21.0.9+10 (21.0.9+10-LTS, mixed mode, sharing, tiered, compressed oops, compressed class ptrs, g1 gc, linux-amd64)
Heap:
 garbage-first heap   total 253952K, used 68557K [0x000000070aa00000, 0x0000000800000000)
  region size 2048K, 1 young (2048K), 0 survivors (0K)
 Metaspace       used 29147K, committed 29504K, reserved 1114112K
  class space    used 2961K, committed 3136K, reserved 1048576K
GC Heap History (20 events):
Event: 11,563 GC heap before
{Heap before GC invocations=23 (full 2):
 garbage-first heap   total 184320K, used 120687K [0x000000070aa00000, 0x0000000800000000)
  region size 2048K, 7 young (14336K), 0 survivors (0K)
 Metaspace       used 26936K, committed 27328K, reserved 1114112K
  class space    used 2905K, committed 3072K, reserved 1048576K
}
Event: 11,564 GC heap after
{Heap after GC invocations=24 (full 2):
 garbage-first heap   total 184320K, used 93652K [0x000000070aa00000, 0x0000000800000000)
  region size 2048K, 1 young (2048K), 1 survivors (2048K)
 Metaspace       used 26936K, committed 27328K, reserved 1114112K
  class space    used 2905K, committed 3072K, reserved 1048576K
}
Event: 11,564 GC heap before
{Heap before GC invocations=24 (full 2):
 garbage-first heap   total 184320K, used 95700K [0x000000070aa00000, 0x0000000800000000)
  region size 2048K, 2 young (4096K), 1 survivors (2048K)
 Metaspace       used 26936K, committed 27328K, reserved 1114112K
  class space    used 2905K, committed 3072K, reserved 1048576K
}
Event: 11,565 GC heap after
{Heap after GC invocations=25 (full 2):
 garbage-first heap   total 184320K, used 93708K [0x000000070aa00000, 0x0000000800000000)
  region size 2048K, 1 young (2048K), 1 survivors (2048K)
 Metaspace       used 26936K, committed 27328K, reserved 1114112K
  class space    used 2905K, committed 3072K, reserved 1048576K
}
Event: 11,833 GC heap before
{Heap before GC invocations=26 (full 2):
 garbage-first heap   total 249856K, used 243212K [0x000000070aa00000, 0x0000000800000000)
  region size 2048K, 17 young (34816K), 1 survivors (2048K)
 Metaspace       used 27664K, committed 27968K, reserved 1114112K
  class space    used 2938K, committed 3072K, reserved 1048576K
}
Event: 11,836 GC heap after
{Heap after GC invocations=27 (full 2):
 garbage-first heap   total 260096K, used 106612K [0x000000070aa00000, 0x0000000800000000)
  region size 2048K, 4 young (8192K), 4 survivors (8192K)
 Metaspace       used 27664K, committed 27968K, reserved 1114112K
  class space    used 2938K, committed 3072K, reserved 1048576K
}
Event: 14,010 GC heap before
{Heap before GC invocations=27 (full 2):
 garbage-first heap   total 278528K, used 270452K [0x000000070aa00000, 0x0000000800000000)
  region size 2048K, 22 young (45056K), 4 survivors (8192K)
 Metaspace       used 28479K, committed 28864K, reserved 1114112K
  class space    used 2948K, committed 3136K, reserved 1048576K
}
Event: 14,016 GC heap after
{Heap after GC invocations=28 (full 2):
 garbage-first heap   total 294912K, used 108014K [0x000000070aa00000, 0x0000000800000000)
  region size 2048K, 4 young (8192K), 4 survivors (8192K)
 Metaspace       used 28479K, committed 28864K, reserved 1114112K
  class space    used 2948K, committed 3136K, reserved 1048576K
}
Event: 15,280 GC heap before
{Heap before GC invocations=28 (full 2):
 garbage-first heap   total 294912K, used 161262K [0x000000070aa00000, 0x0000000800000000)
  region size 2048K, 13 young (26624K), 4 survivors (8192K)
 Metaspace       used 28570K, committed 28928K, reserved 1114112K
  class space    used 2948K, committed 3136K, reserved 1048576K
}
Event: 15,283 GC heap after
{Heap after GC invocations=29 (full 2):
 garbage-first heap   total 294912K, used 107081K [0x000000070aa00000, 0x0000000800000000)
  region size 2048K, 4 young (8192K), 4 survivors (8192K)
 Metaspace       used 28570K, committed 28928K, reserved 1114112K
  class space    used 2948K, committed 3136K, reserved 1048576K
}
Event: 16,631 GC heap before
{Heap before GC invocations=29 (full 2):
 garbage-first heap   total 294912K, used 127561K [0x000000070aa00000, 0x0000000800000000)
  region size 2048K, 13 young (26624K), 4 survivors (8192K)
 Metaspace       used 28618K, committed 28992K, reserved 1114112K
  class space    used 2948K, committed 3136K, reserved 1048576K
}
Event: 16,634 GC heap after
{Heap after GC invocations=30 (full 2):
 garbage-first heap   total 294912K, used 107660K [0x000000070aa00000, 0x0000000800000000)
  region size 2048K, 4 young (8192K), 4 survivors (8192K)
 Metaspace       used 28618K, committed 28992K, reserved 1114112K
  class space    used 2948K, committed 3136K, reserved 1048576K
}
Event: 32,600 GC heap before
{Heap before GC invocations=30 (full 2):
 garbage-first heap   total 294912K, used 236684K [0x000000070aa00000, 0x0000000800000000)
  region size 2048K, 62 young (126976K), 4 survivors (8192K)
 Metaspace       used 28913K, committed 29248K, reserved 1114112K
  class space    used 2952K, committed 3136K, reserved 1048576K
}
Event: 32,604 GC heap after
{Heap after GC invocations=31 (full 2):
 garbage-first heap   total 294912K, used 109131K [0x000000070aa00000, 0x0000000800000000)
  region size 2048K, 5 young (10240K), 5 survivors (10240K)
 Metaspace       used 28913K, committed 29248K, reserved 1114112K
  class space    used 2952K, committed 3136K, reserved 1048576K
}
Event: 56,565 GC heap before
{Heap before GC invocations=31 (full 2):
 garbage-first heap   total 294912K, used 236107K [0x000000070aa00000, 0x0000000800000000)
  region size 2048K, 67 young (137216K), 5 survivors (10240K)
 Metaspace       used 28977K, committed 29376K, reserved 1114112K
  class space    used 2952K, committed 3136K, reserved 1048576K
}
Event: 56,569 GC heap after
{Heap after GC invocations=32 (full 2):
 garbage-first heap   total 294912K, used 110769K [0x000000070aa00000, 0x0000000800000000)
  region size 2048K, 5 young (10240K), 5 survivors (10240K)
 Metaspace       used 28977K, committed 29376K, reserved 1114112K
  class space    used 2952K, committed 3136K, reserved 1048576K
}
Event: 81,550 GC heap before
{Heap before GC invocations=32 (full 2):
 garbage-first heap   total 294912K, used 260273K [0x000000070aa00000, 0x0000000800000000)
  region size 2048K, 78 young (159744K), 5 survivors (10240K)
 Metaspace       used 29134K, committed 29504K, reserved 1114112K
  class space    used 2960K, committed 3136K, reserved 1048576K
}
Event: 81,556 GC heap after
{Heap after GC invocations=33 (full 2):
 garbage-first heap   total 294912K, used 114861K [0x000000070aa00000, 0x0000000800000000)
  region size 2048K, 7 young (14336K), 7 survivors (14336K)
 Metaspace       used 29134K, committed 29504K, reserved 1114112K
  class space    used 2960K, committed 3136K, reserved 1048576K
}
Event: 85,111 GC heap before
{Heap before GC invocations=33 (full 2):
 garbage-first heap   total 294912K, used 129197K [0x000000070aa00000, 0x0000000800000000)
  region size 2048K, 15 young (30720K), 7 survivors (14336K)
 Metaspace       used 29135K, committed 29504K, reserved 1114112K
  class space    used 2960K, committed 3136K, reserved 1048576K
}
Event: 85,140 GC heap after
{Heap after GC invocations=34 (full 3):
 garbage-first heap   total 253952K, used 68557K [0x000000070aa00000, 0x0000000800000000)
  region size 2048K, 0 young (0K), 0 survivors (0K)
 Metaspace       used 29135K, committed 29504K, reserved 1114112K
  class space    used 2960K, committed 3136K, reserved 1048576K
}

