# JRE version: OpenJDK Runtime Environment Temurin-21.0.9+10 (21.0.9+10) (build 21.0.9+10-LTS)
# Java VM: OpenJDK 64-Bit Server VM Temurin-21.0.9+10 (21.0.9+10-LTS, mixed mode, sharing, tiered, compressed oops, compressed class ptrs, g1 gc, linux-amd64)
GC Precious Log:
 CardTable entry size: 512
 Card Set container configuration: InlinePtr #cards 4 size 8 Array Of Cards #cards 16 size 48 Howl #buckets 8 coarsen threshold 3686 Howl Bitmap #cards 512 size 80 coarsen threshold 460 Card regions per heap region 1 cards per card region 4096
 CPUs: 20 total, 20 available
 Memory: 15701M
 Large Page Support: Disabled
 NUMA Support: Disabled
 Compressed Oops: Enabled (Zero based)
 Heap Region Size: 2M
 Heap Min Capacity: 8M
 Heap Initial Capacity: 246M
 Heap Max Capacity: 3926M
 Pre-touch: Disabled
 Parallel Workers: 15
 Concurrent Workers: 4
 Concurrent Refinement Workers: 15
 Periodic GC: Disabled
Heap:
 garbage-first heap   total 329728K, used 306353K [0x000000070aa00000, 0x0000000800000000)
  region size 2048K, 63 young (129024K), 9 survivors (18432K)
 Metaspace       used 28546K, committed 28928K, reserved 1114112K
  class space    used 2965K, committed 3136K, reserved 1048576K
GC Heap History (20 events):
Event: 4,943 GC heap after
{Heap after GC invocations=6 (full 1):
 garbage-first heap   total 102400K, used 23992K [0x000000070aa00000, 0x0000000800000000)
  region size 2048K, 0 young (0K), 0 survivors (0K)
 Metaspace       used 23357K, committed 23552K, reserved 1114112K
  class space    used 2534K, committed 2624K, reserved 1048576K
}
Event: 5,176 GC heap before
{Heap before GC invocations=6 (full 1):
 garbage-first heap   total 102400K, used 79288K [0x000000070aa00000, 0x0000000800000000)
  region size 2048K, 27 young (55296K), 0 survivors (0K)
 Metaspace       used 25496K, committed 25792K, reserved 1114112K
  class space    used 2770K, committed 2944K, reserved 1048576K
}
Event: 5,178 GC heap after
{Heap after GC invocations=7 (full 1):
 garbage-first heap   total 102400K, used 38004K [0x000000070aa00000, 0x0000000800000000)
  region size 2048K, 4 young (8192K), 4 survivors (8192K)
 Metaspace       used 25496K, committed 25792K, reserved 1114112K
  class space    used 2770K, committed 2944K, reserved 1048576K
}
Event: 5,429 GC heap before
{Heap before GC invocations=7 (full 1):
 garbage-first heap   total 102400K, used 50292K [0x000000070aa00000, 0x0000000800000000)
  region size 2048K, 11 young (22528K), 4 survivors (8192K)
 Metaspace       used 26357K, committed 26688K, reserved 1114112K
  class space    used 2848K, committed 3008K, reserved 1048576K
}
Event: 5,442 GC heap after
{Heap after GC invocations=8 (full 2):
 garbage-first heap   total 102400K, used 41473K [0x000000070aa00000, 0x0000000800000000)
  region size 2048K, 0 young (0K), 0 survivors (0K)
 Metaspace       used 26357K, committed 26688K, reserved 1114112K
  class space    used 2848K, committed 3008K, reserved 1048576K
}
Event: 5,448 GC heap before
{Heap before GC invocations=8 (full 2):
 garbage-first heap   total 102400K, used 41473K [0x000000070aa00000, 0x0000000800000000)
  region size 2048K, 1 young (2048K), 0 survivors (0K)
 Metaspace       used 26421K, committed 26816K, reserved 1114112K
  class space    used 2856K, committed 3072K, reserved 1048576K
}
Event: 5,449 GC heap after
{Heap after GC invocations=9 (full 2):
 garbage-first heap   total 102400K, used 43119K [0x000000070aa00000, 0x0000000800000000)
  region size 2048K, 1 young (2048K), 1 survivors (2048K)
 Metaspace       used 26421K, committed 26816K, reserved 1114112K
  class space    used 2856K, committed 3072K, reserved 1048576K
}
Event: 5,451 GC heap before
{Heap before GC invocations=9 (full 2):
 garbage-first heap   total 102400K, used 61551K [0x000000070aa00000, 0x0000000800000000)
  region size 2048K, 2 young (4096K), 1 survivors (2048K)
 Metaspace       used 26421K, committed 26816K, reserved 1114112K
  class space    used 2856K, committed 3072K, reserved 1048576K
}
Event: 5,451 GC heap after
{Heap after GC invocations=10 (full 2):
 garbage-first heap   total 155648K, used 42061K [0x000000070aa00000, 0x0000000800000000)
  region size 2048K, 1 young (2048K), 1 survivors (2048K)
 Metaspace       used 26421K, committed 26816K, reserved 1114112K
  class space    used 2856K, committed 3072K, reserved 1048576K
}
Event: 5,456 GC heap before
{Heap before GC invocations=10 (full 2):
 garbage-first heap   total 155648K, used 60493K [0x000000070aa00000, 0x0000000800000000)
  region size 2048K, 2 young (4096K), 1 survivors (2048K)
 Metaspace       used 26438K, committed 26816K, reserved 1114112K
  class space    used 2859K, committed 3072K, reserved 1048576K
}
Event: 5,457 GC heap after
{Heap after GC invocations=11 (full 2):
 garbage-first heap   total 155648K, used 42216K [0x000000070aa00000, 0x0000000800000000)
  region size 2048K, 1 young (2048K), 1 survivors (2048K)
 Metaspace       used 26438K, committed 26816K, reserved 1114112K
  class space    used 2859K, committed 3072K, reserved 1048576K
}
Event: 5,469 GC heap before
{Heap before GC invocations=11 (full 2):
 garbage-first heap   total 155648K, used 62696K [0x000000070aa00000, 0x0000000800000000)
  region size 2048K, 3 young (6144K), 1 survivors (2048K)
 Metaspace       used 26468K, committed 26880K, reserved 1114112K
  class space    used 2862K, committed 3072K, reserved 1048576K
}
Event: 5,470 GC heap after
{Heap after GC invocations=12 (full 2):
 garbage-first heap   total 155648K, used 42522K [0x000000070aa00000, 0x0000000800000000)
  region size 2048K, 1 young (2048K), 1 survivors (2048K)
 Metaspace       used 26468K, committed 26880K, reserved 1114112K
  class space    used 2862K, committed 3072K, reserved 1048576K
}
Event: 5,696 GC heap before
{Heap before GC invocations=12 (full 2):
 garbage-first heap   total 155648K, used 116250K [0x000000070aa00000, 0x0000000800000000)
  region size 2048K, 27 young (55296K), 1 survivors (2048K)
 Metaspace       used 26740K, committed 27072K, reserved 1114112K
  class space    used 2875K, committed 3072K, reserved 1048576K
}
Event: 5,699 GC heap after
{Heap after GC invocations=13 (full 2):
 garbage-first heap   total 155648K, used 62015K [0x000000070aa00000, 0x0000000800000000)
  region size 2048K, 5 young (10240K), 5 survivors (10240K)
 Metaspace       used 26740K, committed 27072K, reserved 1114112K
  class space    used 2875K, committed 3072K, reserved 1048576K
}
Event: 5,754 GC heap before
{Heap before GC invocations=13 (full 2):
 garbage-first heap   total 155648K, used 78399K [0x000000070aa00000, 0x0000000800000000)
  region size 2048K, 10 young (20480K), 5 survivors (10240K)
 Metaspace       used 26933K, committed 27328K, reserved 1114112K
  class space    used 2881K, committed 3072K, reserved 1048576K
}
Event: 5,756 GC heap after
{Heap after GC invocations=14 (full 2):
 garbage-first heap   total 311296K, used 65727K [0x000000070aa00000, 0x0000000800000000)
  region size 2048K, 2 young (4096K), 2 survivors (4096K)
 Metaspace       used 26933K, committed 27328K, reserved 1114112K
  class space    used 2881K, committed 3072K, reserved 1048576K
}
Event: 5,832 GC heap before
{Heap before GC invocations=14 (full 2):
 garbage-first heap   total 311296K, used 155839K [0x000000070aa00000, 0x0000000800000000)
  region size 2048K, 20 young (40960K), 2 survivors (4096K)
 Metaspace       used 27303K, committed 27648K, reserved 1114112K
  class space    used 2888K, committed 3072K, reserved 1048576K
}
Event: 5,834 GC heap after
{Heap after GC invocations=15 (full 2):
 garbage-first heap   total 311296K, used 70833K [0x000000070aa00000, 0x0000000800000000)
  region size 2048K, 4 young (8192K), 4 survivors (8192K)
 Metaspace       used 27303K, committed 27648K, reserved 1114112K
  class space    used 2888K, committed 3072K, reserved 1048576K
}
Event: 12,226 GC heap before
{Heap before GC invocations=16 (full 2):
 garbage-first heap   total 311296K, used 304305K [0x000000070aa00000, 0x0000000800000000)
  region size 2048K, 58 young (118784K), 4 survivors (8192K)
 Metaspace       used 28546K, committed 28928K, reserved 1114112K
  class space    used 2965K, committed 3136K, reserved 1048576K
}

