# JRE version: OpenJDK Runtime Environment Temurin-17.0.18+8 (17.0.18+8) (build 17.0.18+8)
# Java VM: OpenJDK 64-Bit Server VM Temurin-17.0.18+8 (17.0.18+8, mixed mode, tiered, serial gc, linux-amd64)
Heap:
 def new generation   total 75648K, used 12171K [0x00007f32a7c00000, 0x00007f32ace10000, 0x00007f32f98a0000)
  eden space 67264K,   9% used [0x00007f32a7c00000, 0x00007f32a828c3e8, 0x00007f32abdb0000)
  from space 8384K,  65% used [0x00007f32ac5e0000, 0x00007f32acb369b8, 0x00007f32ace10000)
  to   space 8384K,   0% used [0x00007f32abdb0000, 0x00007f32abdb0000, 0x00007f32ac5e0000)
 tenured generation   total 167936K, used 79963K [0x00007f32f98a0000, 0x00007f3303ca0000, 0x00007f339d200000)
   the space 167936K,  47% used [0x00007f32f98a0000, 0x00007f32fe6b6e18, 0x00007f32fe6b7000, 0x00007f3303ca0000)
 Metaspace       used 43244K, committed 43392K, reserved 65536K
GC Heap History (20 events):
Event: 201,418 GC heap before
{Heap before GC invocations=21 (full 2):
 def new generation   total 75648K, used 72251K [0x00007f32a7c00000, 0x00007f32ace10000, 0x00007f32f98a0000)
  eden space 67264K, 100% used [0x00007f32a7c00000, 0x00007f32abdb0000, 0x00007f32abdb0000)
  from space 8384K,  59% used [0x00007f32ac5e0000, 0x00007f32acabecd8, 0x00007f32ace10000)
  to   space 8384K,   0% used [0x00007f32abdb0000, 0x00007f32abdb0000, 0x00007f32ac5e0000)
 tenured generation   total 167936K, used 70513K [0x00007f32f98a0000, 0x00007f3303ca0000, 0x00007f339d200000)
   the space 167936K,  41% used [0x00007f32f98a0000, 0x00007f32fdd7c748, 0x00007f32fdd7c800, 0x00007f3303ca0000)
 Metaspace       used 43153K, committed 43264K, reserved 65536K
}
Event: 201,423 GC heap after
{Heap after GC invocations=22 (full 2):
 def new generation   total 75648K, used 4533K [0x00007f32a7c00000, 0x00007f32ace10000, 0x00007f32f98a0000)
  eden space 67264K,   0% used [0x00007f32a7c00000, 0x00007f32a7c00000, 0x00007f32abdb0000)
  from space 8384K,  54% used [0x00007f32abdb0000, 0x00007f32ac21d598, 0x00007f32ac5e0000)
  to   space 8384K,   0% used [0x00007f32ac5e0000, 0x00007f32ac5e0000, 0x00007f32ace10000)
 tenured generation   total 167936K, used 71565K [0x00007f32f98a0000, 0x00007f3303ca0000, 0x00007f339d200000)
   the space 167936K,  42% used [0x00007f32f98a0000, 0x00007f32fde835f0, 0x00007f32fde83600, 0x00007f3303ca0000)
 Metaspace       used 43153K, committed 43264K, reserved 65536K
}
Event: 226,823 GC heap before
{Heap before GC invocations=22 (full 2):
 def new generation   total 75648K, used 71797K [0x00007f32a7c00000, 0x00007f32ace10000, 0x00007f32f98a0000)
  eden space 67264K, 100% used [0x00007f32a7c00000, 0x00007f32abdb0000, 0x00007f32abdb0000)
  from space 8384K,  54% used [0x00007f32abdb0000, 0x00007f32ac21d598, 0x00007f32ac5e0000)
  to   space 8384K,   0% used [0x00007f32ac5e0000, 0x00007f32ac5e0000, 0x00007f32ace10000)
 tenured generation   total 167936K, used 71565K [0x00007f32f98a0000, 0x00007f3303ca0000, 0x00007f339d200000)
   the space 167936K,  42% used [0x00007f32f98a0000, 0x00007f32fde835f0, 0x00007f32fde83600, 0x00007f3303ca0000)
 Metaspace       used 43154K, committed 43264K, reserved 65536K
}
Event: 226,828 GC heap after
{Heap after GC invocations=23 (full 2):
 def new generation   total 75648K, used 4867K [0x00007f32a7c00000, 0x00007f32ace10000, 0x00007f32f98a0000)
  eden space 67264K,   0% used [0x00007f32a7c00000, 0x00007f32a7c00000, 0x00007f32abdb0000)
  from space 8384K,  58% used [0x00007f32ac5e0000, 0x00007f32acaa0da8, 0x00007f32ace10000)
  to   space 8384K,   0% used [0x00007f32abdb0000, 0x00007f32abdb0000, 0x00007f32ac5e0000)
 tenured generation   total 167936K, used 72600K [0x00007f32f98a0000, 0x00007f3303ca0000, 0x00007f339d200000)
   the space 167936K,  43% used [0x00007f32f98a0000, 0x00007f32fdf86398, 0x00007f32fdf86400, 0x00007f3303ca0000)
 Metaspace       used 43154K, committed 43264K, reserved 65536K
}
Event: 252,698 GC heap before
{Heap before GC invocations=23 (full 2):
 def new generation   total 75648K, used 72131K [0x00007f32a7c00000, 0x00007f32ace10000, 0x00007f32f98a0000)
  eden space 67264K, 100% used [0x00007f32a7c00000, 0x00007f32abdb0000, 0x00007f32abdb0000)
  from space 8384K,  58% used [0x00007f32ac5e0000, 0x00007f32acaa0da8, 0x00007f32ace10000)
  to   space 8384K,   0% used [0x00007f32abdb0000, 0x00007f32abdb0000, 0x00007f32ac5e0000)
 tenured generation   total 167936K, used 72600K [0x00007f32f98a0000, 0x00007f3303ca0000, 0x00007f339d200000)
   the space 167936K,  43% used [0x00007f32f98a0000, 0x00007f32fdf86398, 0x00007f32fdf86400, 0x00007f3303ca0000)
 Metaspace       used 43155K, committed 43264K, reserved 65536K
}
Event: 252,702 GC heap after
{Heap after GC invocations=24 (full 2):
 def new generation   total 75648K, used 5235K [0x00007f32a7c00000, 0x00007f32ace10000, 0x00007f32f98a0000)
  eden space 67264K,   0% used [0x00007f32a7c00000, 0x00007f32a7c00000, 0x00007f32abdb0000)
  from space 8384K,  62% used [0x00007f32abdb0000, 0x00007f32ac2ccc80, 0x00007f32ac5e0000)
  to   space 8384K,   0% used [0x00007f32ac5e0000, 0x00007f32ac5e0000, 0x00007f32ace10000)
 tenured generation   total 167936K, used 73386K [0x00007f32f98a0000, 0x00007f3303ca0000, 0x00007f339d200000)
   the space 167936K,  43% used [0x00007f32f98a0000, 0x00007f32fe04a9e0, 0x00007f32fe04aa00, 0x00007f3303ca0000)
 Metaspace       used 43155K, committed 43264K, reserved 65536K
}
Event: 275,098 GC heap before
{Heap before GC invocations=24 (full 2):
 def new generation   total 75648K, used 72499K [0x00007f32a7c00000, 0x00007f32ace10000, 0x00007f32f98a0000)
  eden space 67264K, 100% used [0x00007f32a7c00000, 0x00007f32abdb0000, 0x00007f32abdb0000)
  from space 8384K,  62% used [0x00007f32abdb0000, 0x00007f32ac2ccc80, 0x00007f32ac5e0000)
  to   space 8384K,   0% used [0x00007f32ac5e0000, 0x00007f32ac5e0000, 0x00007f32ace10000)
 tenured generation   total 167936K, used 73386K [0x00007f32f98a0000, 0x00007f3303ca0000, 0x00007f339d200000)
   the space 167936K,  43% used [0x00007f32f98a0000, 0x00007f32fe04a9e0, 0x00007f32fe04aa00, 0x00007f3303ca0000)
 Metaspace       used 43183K, committed 43328K, reserved 65536K
}
Event: 275,109 GC heap after
{Heap after GC invocations=25 (full 2):
 def new generation   total 75648K, used 3879K [0x00007f32a7c00000, 0x00007f32ace10000, 0x00007f32f98a0000)
  eden space 67264K,   0% used [0x00007f32a7c00000, 0x00007f32a7c00000, 0x00007f32abdb0000)
  from space 8384K,  46% used [0x00007f32ac5e0000, 0x00007f32ac9a9dd0, 0x00007f32ace10000)
  to   space 8384K,   0% used [0x00007f32abdb0000, 0x00007f32abdb0000, 0x00007f32ac5e0000)
 tenured generation   total 167936K, used 75232K [0x00007f32f98a0000, 0x00007f3303ca0000, 0x00007f339d200000)
   the space 167936K,  44% used [0x00007f32f98a0000, 0x00007f32fe218320, 0x00007f32fe218400, 0x00007f3303ca0000)
 Metaspace       used 43183K, committed 43328K, reserved 65536K
}
Event: 301,348 GC heap before
{Heap before GC invocations=25 (full 2):
 def new generation   total 75648K, used 71143K [0x00007f32a7c00000, 0x00007f32ace10000, 0x00007f32f98a0000)
  eden space 67264K, 100% used [0x00007f32a7c00000, 0x00007f32abdb0000, 0x00007f32abdb0000)
  from space 8384K,  46% used [0x00007f32ac5e0000, 0x00007f32ac9a9dd0, 0x00007f32ace10000)
  to   space 8384K,   0% used [0x00007f32abdb0000, 0x00007f32abdb0000, 0x00007f32ac5e0000)
 tenured generation   total 167936K, used 75232K [0x00007f32f98a0000, 0x00007f3303ca0000, 0x00007f339d200000)
   the space 167936K,  44% used [0x00007f32f98a0000, 0x00007f32fe218320, 0x00007f32fe218400, 0x00007f3303ca0000)
 Metaspace       used 43199K, committed 43328K, reserved 65536K
}
Event: 301,352 GC heap after
{Heap after GC invocations=26 (full 2):
 def new generation   total 75648K, used 5088K [0x00007f32a7c00000, 0x00007f32ace10000, 0x00007f32f98a0000)
  eden space 67264K,   0% used [0x00007f32a7c00000, 0x00007f32a7c00000, 0x00007f32abdb0000)
  from space 8384K,  60% used [0x00007f32abdb0000, 0x00007f32ac2a8330, 0x00007f32ac5e0000)
  to   space 8384K,   0% used [0x00007f32ac5e0000, 0x00007f32ac5e0000, 0x00007f32ace10000)
 tenured generation   total 167936K, used 75232K [0x00007f32f98a0000, 0x00007f3303ca0000, 0x00007f339d200000)
   the space 167936K,  44% used [0x00007f32f98a0000, 0x00007f32fe218320, 0x00007f32fe218400, 0x00007f3303ca0000)
 Metaspace       used 43199K, committed 43328K, reserved 65536K
}
Event: 323,857 GC heap before
{Heap before GC invocations=26 (full 2):
 def new generation   total 75648K, used 72352K [0x00007f32a7c00000, 0x00007f32ace10000, 0x00007f32f98a0000)
  eden space 67264K, 100% used [0x00007f32a7c00000, 0x00007f32abdb0000, 0x00007f32abdb0000)
  from space 8384K,  60% used [0x00007f32abdb0000, 0x00007f32ac2a8330, 0x00007f32ac5e0000)
  to   space 8384K,   0% used [0x00007f32ac5e0000, 0x00007f32ac5e0000, 0x00007f32ace10000)
 tenured generation   total 167936K, used 75232K [0x00007f32f98a0000, 0x00007f3303ca0000, 0x00007f339d200000)
   the space 167936K,  44% used [0x00007f32f98a0000, 0x00007f32fe218320, 0x00007f32fe218400, 0x00007f3303ca0000)
 Metaspace       used 43210K, committed 43328K, reserved 65536K
}
Event: 323,862 GC heap after
{Heap after GC invocations=27 (full 2):
 def new generation   total 75648K, used 4468K [0x00007f32a7c00000, 0x00007f32ace10000, 0x00007f32f98a0000)
  eden space 67264K,   0% used [0x00007f32a7c00000, 0x00007f32a7c00000, 0x00007f32abdb0000)
  from space 8384K,  53% used [0x00007f32ac5e0000, 0x00007f32aca3d328, 0x00007f32ace10000)
  to   space 8384K,   0% used [0x00007f32abdb0000, 0x00007f32abdb0000, 0x00007f32ac5e0000)
 tenured generation   total 167936K, used 76307K [0x00007f32f98a0000, 0x00007f3303ca0000, 0x00007f339d200000)
   the space 167936K,  45% used [0x00007f32f98a0000, 0x00007f32fe324c08, 0x00007f32fe324e00, 0x00007f3303ca0000)
 Metaspace       used 43210K, committed 43328K, reserved 65536K
}
Event: 349,588 GC heap before
{Heap before GC invocations=27 (full 2):
 def new generation   total 75648K, used 71732K [0x00007f32a7c00000, 0x00007f32ace10000, 0x00007f32f98a0000)
  eden space 67264K, 100% used [0x00007f32a7c00000, 0x00007f32abdb0000, 0x00007f32abdb0000)
  from space 8384K,  53% used [0x00007f32ac5e0000, 0x00007f32aca3d328, 0x00007f32ace10000)
  to   space 8384K,   0% used [0x00007f32abdb0000, 0x00007f32abdb0000, 0x00007f32ac5e0000)
 tenured generation   total 167936K, used 76307K [0x00007f32f98a0000, 0x00007f3303ca0000, 0x00007f339d200000)
   the space 167936K,  45% used [0x00007f32f98a0000, 0x00007f32fe324c08, 0x00007f32fe324e00, 0x00007f3303ca0000)
 Metaspace       used 43218K, committed 43328K, reserved 65536K
}
Event: 349,595 GC heap after
{Heap after GC invocations=28 (full 2):
 def new generation   total 75648K, used 4669K [0x00007f32a7c00000, 0x00007f32ace10000, 0x00007f32f98a0000)
  eden space 67264K,   0% used [0x00007f32a7c00000, 0x00007f32a7c00000, 0x00007f32abdb0000)
  from space 8384K,  55% used [0x00007f32abdb0000, 0x00007f32ac23f720, 0x00007f32ac5e0000)
  to   space 8384K,   0% used [0x00007f32ac5e0000, 0x00007f32ac5e0000, 0x00007f32ace10000)
 tenured generation   total 167936K, used 77330K [0x00007f32f98a0000, 0x00007f3303ca0000, 0x00007f339d200000)
   the space 167936K,  46% used [0x00007f32f98a0000, 0x00007f32fe424818, 0x00007f32fe424a00, 0x00007f3303ca0000)
 Metaspace       used 43218K, committed 43328K, reserved 65536K
}
Event: 374,590 GC heap before
{Heap before GC invocations=28 (full 2):
 def new generation   total 75648K, used 71933K [0x00007f32a7c00000, 0x00007f32ace10000, 0x00007f32f98a0000)
  eden space 67264K, 100% used [0x00007f32a7c00000, 0x00007f32abdb0000, 0x00007f32abdb0000)
  from space 8384K,  55% used [0x00007f32abdb0000, 0x00007f32ac23f720, 0x00007f32ac5e0000)
  to   space 8384K,   0% used [0x00007f32ac5e0000, 0x00007f32ac5e0000, 0x00007f32ace10000)
 tenured generation   total 167936K, used 77330K [0x00007f32f98a0000, 0x00007f3303ca0000, 0x00007f339d200000)
   the space 167936K,  46% used [0x00007f32f98a0000, 0x00007f32fe424818, 0x00007f32fe424a00, 0x00007f3303ca0000)
 Metaspace       used 43223K, committed 43392K, reserved 65536K
}
Event: 374,595 GC heap after
{Heap after GC invocations=29 (full 2):
 def new generation   total 75648K, used 4783K [0x00007f32a7c00000, 0x00007f32ace10000, 0x00007f32f98a0000)
  eden space 67264K,   0% used [0x00007f32a7c00000, 0x00007f32a7c00000, 0x00007f32abdb0000)
  from space 8384K,  57% used [0x00007f32ac5e0000, 0x00007f32aca8bfb0, 0x00007f32ace10000)
  to   space 8384K,   0% used [0x00007f32abdb0000, 0x00007f32abdb0000, 0x00007f32ac5e0000)
 tenured generation   total 167936K, used 78191K [0x00007f32f98a0000, 0x00007f3303ca0000, 0x00007f339d200000)
   the space 167936K,  46% used [0x00007f32f98a0000, 0x00007f32fe4fbd58, 0x00007f32fe4fbe00, 0x00007f3303ca0000)
 Metaspace       used 43223K, committed 43392K, reserved 65536K
}
Event: 395,055 GC heap before
{Heap before GC invocations=29 (full 2):
 def new generation   total 75648K, used 72047K [0x00007f32a7c00000, 0x00007f32ace10000, 0x00007f32f98a0000)
  eden space 67264K, 100% used [0x00007f32a7c00000, 0x00007f32abdb0000, 0x00007f32abdb0000)
  from space 8384K,  57% used [0x00007f32ac5e0000, 0x00007f32aca8bfb0, 0x00007f32ace10000)
  to   space 8384K,   0% used [0x00007f32abdb0000, 0x00007f32abdb0000, 0x00007f32ac5e0000)
 tenured generation   total 167936K, used 78191K [0x00007f32f98a0000, 0x00007f3303ca0000, 0x00007f339d200000)
   the space 167936K,  46% used [0x00007f32f98a0000, 0x00007f32fe4fbd58, 0x00007f32fe4fbe00, 0x00007f3303ca0000)
 Metaspace       used 43230K, committed 43392K, reserved 65536K
}
Event: 395,060 GC heap after
{Heap after GC invocations=30 (full 2):
 def new generation   total 75648K, used 4956K [0x00007f32a7c00000, 0x00007f32ace10000, 0x00007f32f98a0000)
  eden space 67264K,   0% used [0x00007f32a7c00000, 0x00007f32a7c00000, 0x00007f32abdb0000)
  from space 8384K,  59% used [0x00007f32abdb0000, 0x00007f32ac2872e0, 0x00007f32ac5e0000)
  to   space 8384K,   0% used [0x00007f32ac5e0000, 0x00007f32ac5e0000, 0x00007f32ace10000)
 tenured generation   total 167936K, used 79150K [0x00007f32f98a0000, 0x00007f3303ca0000, 0x00007f339d200000)
   the space 167936K,  47% used [0x00007f32f98a0000, 0x00007f32fe5eb860, 0x00007f32fe5eba00, 0x00007f3303ca0000)
 Metaspace       used 43230K, committed 43392K, reserved 65536K
}
Event: 418,242 GC heap before
{Heap before GC invocations=30 (full 2):
 def new generation   total 75648K, used 72220K [0x00007f32a7c00000, 0x00007f32ace10000, 0x00007f32f98a0000)
  eden space 67264K, 100% used [0x00007f32a7c00000, 0x00007f32abdb0000, 0x00007f32abdb0000)
  from space 8384K,  59% used [0x00007f32abdb0000, 0x00007f32ac2872e0, 0x00007f32ac5e0000)
  to   space 8384K,   0% used [0x00007f32ac5e0000, 0x00007f32ac5e0000, 0x00007f32ace10000)
 tenured generation   total 167936K, used 79150K [0x00007f32f98a0000, 0x00007f3303ca0000, 0x00007f339d200000)
   the space 167936K,  47% used [0x00007f32f98a0000, 0x00007f32fe5eb860, 0x00007f32fe5eba00, 0x00007f3303ca0000)
 Metaspace       used 43230K, committed 43392K, reserved 65536K
}
Event: 418,247 GC heap after
{Heap after GC invocations=31 (full 2):
 def new generation   total 75648K, used 5466K [0x00007f32a7c00000, 0x00007f32ace10000, 0x00007f32f98a0000)
  eden space 67264K,   0% used [0x00007f32a7c00000, 0x00007f32a7c00000, 0x00007f32abdb0000)
  from space 8384K,  65% used [0x00007f32ac5e0000, 0x00007f32acb369b8, 0x00007f32ace10000)
  to   space 8384K,   0% used [0x00007f32abdb0000, 0x00007f32abdb0000, 0x00007f32ac5e0000)
 tenured generation   total 167936K, used 79963K [0x00007f32f98a0000, 0x00007f3303ca0000, 0x00007f339d200000)
   the space 167936K,  47% used [0x00007f32f98a0000, 0x00007f32fe6b6e18, 0x00007f32fe6b7000, 0x00007f3303ca0000)
 Metaspace       used 43230K, committed 43392K, reserved 65536K
}

