# JRE version: OpenJDK Runtime Environment Temurin-21.0.9+10 (21.0.9+10) (build 21.0.9+10-LTS)
# Java VM: OpenJDK 64-Bit Server VM Temurin-21.0.9+10 (21.0.9+10-LTS, mixed mode, sharing, tiered, compressed oops, compressed class ptrs, g1 gc, linux-amd64)
Heap:
 garbage-first heap   total 335872K, used 91866K [0x000000070aa00000, 0x0000000800000000)
  region size 2048K, 1 young (2048K), 0 survivors (0K)
 Metaspace       used 30114K, committed 30528K, reserved 1114112K
  class space    used 3023K, committed 3200K, reserved 1048576K
GC Heap History (20 events):
Event: 70,066 GC heap before
{Heap before GC invocations=24 (full 2):
 garbage-first heap   total 376832K, used 301161K [0x000000070aa00000, 0x0000000800000000)
  region size 2048K, 110 young (225280K), 8 survivors (16384K)
 Metaspace       used 29270K, committed 29632K, reserved 1114112K
  class space    used 2954K, committed 3136K, reserved 1048576K
}
Event: 70,071 GC heap after
{Heap after GC invocations=25 (full 2):
 garbage-first heap   total 376832K, used 96123K [0x000000070aa00000, 0x0000000800000000)
  region size 2048K, 7 young (14336K), 7 survivors (14336K)
 Metaspace       used 29270K, committed 29632K, reserved 1114112K
  class space    used 2954K, committed 3136K, reserved 1048576K
}
Event: 90,153 GC heap before
{Heap before GC invocations=25 (full 2):
 garbage-first heap   total 376832K, used 313211K [0x000000070aa00000, 0x0000000800000000)
  region size 2048K, 110 young (225280K), 7 survivors (14336K)
 Metaspace       used 29311K, committed 29696K, reserved 1114112K
  class space    used 2956K, committed 3136K, reserved 1048576K
}
Event: 90,163 GC heap after
{Heap after GC invocations=26 (full 2):
 garbage-first heap   total 376832K, used 102298K [0x000000070aa00000, 0x0000000800000000)
  region size 2048K, 10 young (20480K), 10 survivors (20480K)
 Metaspace       used 29311K, committed 29696K, reserved 1114112K
  class space    used 2956K, committed 3136K, reserved 1048576K
}
Event: 100,841 GC heap before
{Heap before GC invocations=26 (full 2):
 garbage-first heap   total 376832K, used 364442K [0x000000070aa00000, 0x0000000800000000)
  region size 2048K, 110 young (225280K), 10 survivors (20480K)
 Metaspace       used 29337K, committed 29696K, reserved 1114112K
  class space    used 2956K, committed 3136K, reserved 1048576K
}
Event: 100,848 GC heap after
{Heap after GC invocations=27 (full 2):
 garbage-first heap   total 403456K, used 114776K [0x000000070aa00000, 0x0000000800000000)
  region size 2048K, 13 young (26624K), 13 survivors (26624K)
 Metaspace       used 29337K, committed 29696K, reserved 1114112K
  class space    used 2956K, committed 3136K, reserved 1048576K
}
Event: 109,544 GC heap before
{Heap before GC invocations=27 (full 2):
 garbage-first heap   total 403456K, used 352344K [0x000000070aa00000, 0x0000000800000000)
  region size 2048K, 118 young (241664K), 13 survivors (26624K)
 Metaspace       used 29350K, committed 29696K, reserved 1114112K
  class space    used 2956K, committed 3136K, reserved 1048576K
}
Event: 109,552 GC heap after
{Heap after GC invocations=28 (full 2):
 garbage-first heap   total 403456K, used 128807K [0x000000070aa00000, 0x0000000800000000)
  region size 2048K, 15 young (30720K), 15 survivors (30720K)
 Metaspace       used 29350K, committed 29696K, reserved 1114112K
  class space    used 2956K, committed 3136K, reserved 1048576K
}
Event: 121,694 GC heap before
{Heap before GC invocations=28 (full 2):
 garbage-first heap   total 403456K, used 397095K [0x000000070aa00000, 0x0000000800000000)
  region size 2048K, 118 young (241664K), 15 survivors (30720K)
 Metaspace       used 29406K, committed 29760K, reserved 1114112K
  class space    used 2961K, committed 3136K, reserved 1048576K
}
Event: 121,701 GC heap after
{Heap after GC invocations=29 (full 2):
 garbage-first heap   total 446464K, used 143428K [0x000000070aa00000, 0x0000000800000000)
  region size 2048K, 10 young (20480K), 10 survivors (20480K)
 Metaspace       used 29406K, committed 29760K, reserved 1114112K
  class space    used 2961K, committed 3136K, reserved 1048576K
}
Event: 147,829 GC heap before
{Heap before GC invocations=29 (full 2):
 garbage-first heap   total 446464K, used 399428K [0x000000070aa00000, 0x0000000800000000)
  region size 2048K, 127 young (260096K), 10 survivors (20480K)
 Metaspace       used 29838K, committed 30272K, reserved 1114112K
  class space    used 2999K, committed 3200K, reserved 1048576K
}
Event: 147,834 GC heap after
{Heap after GC invocations=30 (full 2):
 garbage-first heap   total 446464K, used 145406K [0x000000070aa00000, 0x0000000800000000)
  region size 2048K, 10 young (20480K), 10 survivors (20480K)
 Metaspace       used 29838K, committed 30272K, reserved 1114112K
  class space    used 2999K, committed 3200K, reserved 1048576K
}
Event: 172,188 GC heap before
{Heap before GC invocations=30 (full 2):
 garbage-first heap   total 446464K, used 391166K [0x000000070aa00000, 0x0000000800000000)
  region size 2048K, 130 young (266240K), 10 survivors (20480K)
 Metaspace       used 29918K, committed 30336K, reserved 1114112K
  class space    used 3002K, committed 3200K, reserved 1048576K
}
Event: 172,196 GC heap after
{Heap after GC invocations=31 (full 2):
 garbage-first heap   total 446464K, used 149281K [0x000000070aa00000, 0x0000000800000000)
  region size 2048K, 6 young (12288K), 6 survivors (12288K)
 Metaspace       used 29918K, committed 30336K, reserved 1114112K
  class space    used 3002K, committed 3200K, reserved 1048576K
}
Event: 176,677 GC heap before
{Heap before GC invocations=31 (full 2):
 garbage-first heap   total 446464K, used 202529K [0x000000070aa00000, 0x0000000800000000)
  region size 2048K, 33 young (67584K), 6 survivors (12288K)
 Metaspace       used 29920K, committed 30336K, reserved 1114112K
  class space    used 3002K, committed 3200K, reserved 1048576K
}
Event: 176,707 GC heap after
{Heap after GC invocations=32 (full 3):
 garbage-first heap   total 342016K, used 91827K [0x000000070aa00000, 0x0000000800000000)
  region size 2048K, 0 young (0K), 0 survivors (0K)
 Metaspace       used 29920K, committed 30336K, reserved 1114112K
  class space    used 3002K, committed 3200K, reserved 1048576K
}
Event: 176,716 GC heap before
{Heap before GC invocations=32 (full 3):
 garbage-first heap   total 342016K, used 91827K [0x000000070aa00000, 0x0000000800000000)
  region size 2048K, 1 young (2048K), 0 survivors (0K)
 Metaspace       used 30011K, committed 30400K, reserved 1114112K
  class space    used 3016K, committed 3200K, reserved 1048576K
}
Event: 176,743 GC heap after
{Heap after GC invocations=33 (full 4):
 garbage-first heap   total 335872K, used 91844K [0x000000070aa00000, 0x0000000800000000)
  region size 2048K, 0 young (0K), 0 survivors (0K)
 Metaspace       used 30011K, committed 30400K, reserved 1114112K
  class space    used 3016K, committed 3200K, reserved 1048576K
}
Event: 213,343 GC heap before
{Heap before GC invocations=33 (full 4):
 garbage-first heap   total 335872K, used 124612K [0x000000070aa00000, 0x0000000800000000)
  region size 2048K, 8 young (16384K), 0 survivors (0K)
 Metaspace       used 30102K, committed 30528K, reserved 1114112K
  class space    used 3022K, committed 3200K, reserved 1048576K
}
Event: 213,376 GC heap after
{Heap after GC invocations=34 (full 5):
 garbage-first heap   total 335872K, used 91866K [0x000000070aa00000, 0x0000000800000000)
  region size 2048K, 0 young (0K), 0 survivors (0K)
 Metaspace       used 30102K, committed 30528K, reserved 1114112K
  class space    used 3022K, committed 3200K, reserved 1048576K
}

