# JRE version: OpenJDK Runtime Environment Temurin-21.0.9+10 (21.0.9+10) (build 21.0.9+10-LTS)
# Java VM: OpenJDK 64-Bit Server VM Temurin-21.0.9+10 (21.0.9+10-LTS, mixed mode, sharing, tiered, compressed oops, compressed class ptrs, g1 gc, linux-amd64)
GC Precious Log:
 CardTable entry size: 512
 Card Set container configuration: InlinePtr #cards 4 size 8 Array Of Cards #cards 16 size 48 Howl #buckets 8 coarsen threshold 3686 Howl Bitmap #cards 512 size 80 coarsen threshold 460 Card regions per heap region 1 cards per card region 4096
 CPUs: 20 total, 20 available
 Memory: 15701M
 Large Page Support: Disabled
 NUMA Support: Disabled
 Compressed Oops: Enabled (Zero based)
 Heap Region Size: 2M
 Heap Min Capacity: 8M
 Heap Initial Capacity: 246M
 Heap Max Capacity: 3926M
 Pre-touch: Disabled
 Parallel Workers: 15
 Concurrent Workers: 4
 Concurrent Refinement Workers: 15
 Periodic GC: Disabled
Heap:
 garbage-first heap   total 333824K, used 308637K [0x000000070aa00000, 0x0000000800000000)
  region size 2048K, 95 young (194560K), 9 survivors (18432K)
 Metaspace       used 35268K, committed 35584K, reserved 1114112K
  class space    used 3716K, committed 3840K, reserved 1048576K
GC Heap History (20 events):
Event: 1,909 GC heap after
{Heap after GC invocations=2 (full 0):
 garbage-first heap   total 253952K, used 22216K [0x000000070aa00000, 0x0000000800000000)
  region size 2048K, 4 young (8192K), 4 survivors (8192K)
 Metaspace       used 21130K, committed 21376K, reserved 1114112K
  class space    used 2282K, committed 2368K, reserved 1048576K
}
Event: 1,951 GC heap before
{Heap before GC invocations=2 (full 0):
 garbage-first heap   total 253952K, used 71368K [0x000000070aa00000, 0x0000000800000000)
  region size 2048K, 11 young (22528K), 4 survivors (8192K)
 Metaspace       used 21273K, committed 21504K, reserved 1114112K
  class space    used 2287K, committed 2368K, reserved 1048576K
}
Event: 1,954 GC heap after
{Heap after GC invocations=3 (full 0):
 garbage-first heap   total 253952K, used 23622K [0x000000070aa00000, 0x0000000800000000)
  region size 2048K, 5 young (10240K), 5 survivors (10240K)
 Metaspace       used 21273K, committed 21504K, reserved 1114112K
  class space    used 2287K, committed 2368K, reserved 1048576K
}
Event: 4,792 GC heap before
{Heap before GC invocations=4 (full 0):
 garbage-first heap   total 256000K, used 250950K [0x000000070aa00000, 0x0000000800000000)
  region size 2048K, 27 young (55296K), 5 survivors (10240K)
 Metaspace       used 23136K, committed 23424K, reserved 1114112K
  class space    used 2524K, committed 2688K, reserved 1048576K
}
Event: 4,796 GC heap after
{Heap after GC invocations=5 (full 0):
 garbage-first heap   total 268288K, used 25394K [0x000000070aa00000, 0x0000000800000000)
  region size 2048K, 6 young (12288K), 6 survivors (12288K)
 Metaspace       used 23136K, committed 23424K, reserved 1114112K
  class space    used 2524K, committed 2688K, reserved 1048576K
}
Event: 8,119 GC heap before
{Heap before GC invocations=5 (full 0):
 garbage-first heap   total 268288K, used 68402K [0x000000070aa00000, 0x0000000800000000)
  region size 2048K, 10 young (20480K), 6 survivors (12288K)
 Metaspace       used 23548K, committed 23808K, reserved 1114112K
  class space    used 2555K, committed 2688K, reserved 1048576K
}
Event: 8,137 GC heap after
{Heap after GC invocations=6 (full 1):
 garbage-first heap   total 110592K, used 24121K [0x000000070aa00000, 0x0000000800000000)
  region size 2048K, 0 young (0K), 0 survivors (0K)
 Metaspace       used 23548K, committed 23808K, reserved 1114112K
  class space    used 2555K, committed 2688K, reserved 1048576K
}
Event: 8,687 GC heap before
{Heap before GC invocations=6 (full 1):
 garbage-first heap   total 110592K, used 85561K [0x000000070aa00000, 0x0000000800000000)
  region size 2048K, 30 young (61440K), 0 survivors (0K)
 Metaspace       used 26534K, committed 26880K, reserved 1114112K
  class space    used 2869K, committed 3072K, reserved 1048576K
}
Event: 8,690 GC heap after
{Heap after GC invocations=7 (full 1):
 garbage-first heap   total 112640K, used 40912K [0x000000070aa00000, 0x0000000800000000)
  region size 2048K, 4 young (8192K), 4 survivors (8192K)
 Metaspace       used 26534K, committed 26880K, reserved 1114112K
  class space    used 2869K, committed 3072K, reserved 1048576K
}
Event: 8,692 GC heap before
{Heap before GC invocations=7 (full 1):
 garbage-first heap   total 112640K, used 40912K [0x000000070aa00000, 0x0000000800000000)
  region size 2048K, 5 young (10240K), 4 survivors (8192K)
 Metaspace       used 26580K, committed 26944K, reserved 1114112K
  class space    used 2873K, committed 3072K, reserved 1048576K
}
Event: 8,705 GC heap after
{Heap after GC invocations=8 (full 2):
 garbage-first heap   total 112640K, used 40899K [0x000000070aa00000, 0x0000000800000000)
  region size 2048K, 0 young (0K), 0 survivors (0K)
 Metaspace       used 26580K, committed 26944K, reserved 1114112K
  class space    used 2873K, committed 3072K, reserved 1048576K
}
Event: 8,712 GC heap before
{Heap before GC invocations=8 (full 2):
 garbage-first heap   total 112640K, used 40899K [0x000000070aa00000, 0x0000000800000000)
  region size 2048K, 1 young (2048K), 0 survivors (0K)
 Metaspace       used 26643K, committed 27008K, reserved 1114112K
  class space    used 2880K, committed 3072K, reserved 1048576K
}
Event: 8,713 GC heap after
{Heap after GC invocations=9 (full 2):
 garbage-first heap   total 112640K, used 42482K [0x000000070aa00000, 0x0000000800000000)
  region size 2048K, 1 young (2048K), 1 survivors (2048K)
 Metaspace       used 26643K, committed 27008K, reserved 1114112K
  class space    used 2880K, committed 3072K, reserved 1048576K
}
Event: 8,715 GC heap before
{Heap before GC invocations=9 (full 2):
 garbage-first heap   total 112640K, used 60914K [0x000000070aa00000, 0x0000000800000000)
  region size 2048K, 2 young (4096K), 1 survivors (2048K)
 Metaspace       used 26645K, committed 27008K, reserved 1114112K
  class space    used 2880K, committed 3072K, reserved 1048576K
}
Event: 8,716 GC heap after
{Heap after GC invocations=10 (full 2):
 garbage-first heap   total 315392K, used 41592K [0x000000070aa00000, 0x0000000800000000)
  region size 2048K, 1 young (2048K), 1 survivors (2048K)
 Metaspace       used 26645K, committed 27008K, reserved 1114112K
  class space    used 2880K, committed 3072K, reserved 1048576K
}
Event: 9,068 GC heap before
{Heap before GC invocations=10 (full 2):
 garbage-first heap   total 315392K, used 219768K [0x000000070aa00000, 0x0000000800000000)
  region size 2048K, 42 young (86016K), 1 survivors (2048K)
 Metaspace       used 27231K, committed 27584K, reserved 1114112K
  class space    used 2906K, committed 3072K, reserved 1048576K
}
Event: 9,071 GC heap after
{Heap after GC invocations=11 (full 2):
 garbage-first heap   total 315392K, used 65848K [0x000000070aa00000, 0x0000000800000000)
  region size 2048K, 10 young (20480K), 10 survivors (20480K)
 Metaspace       used 27231K, committed 27584K, reserved 1114112K
  class space    used 2906K, committed 3072K, reserved 1048576K
}
Event: 9,201 GC heap before
{Heap before GC invocations=11 (full 2):
 garbage-first heap   total 315392K, used 198968K [0x000000070aa00000, 0x0000000800000000)
  region size 2048K, 33 young (67584K), 10 survivors (20480K)
 Metaspace       used 27560K, committed 27904K, reserved 1114112K
  class space    used 2907K, committed 3072K, reserved 1048576K
}
Event: 9,205 GC heap after
{Heap after GC invocations=12 (full 2):
 garbage-first heap   total 315392K, used 66973K [0x000000070aa00000, 0x0000000800000000)
  region size 2048K, 5 young (10240K), 5 survivors (10240K)
 Metaspace       used 27560K, committed 27904K, reserved 1114112K
  class space    used 2907K, committed 3072K, reserved 1048576K
}
Event: 40,709 GC heap before
{Heap before GC invocations=12 (full 2):
 garbage-first heap   total 315392K, used 306589K [0x000000070aa00000, 0x0000000800000000)
  region size 2048K, 91 young (186368K), 5 survivors (10240K)
 Metaspace       used 35268K, committed 35584K, reserved 1114112K
  class space    used 3716K, committed 3840K, reserved 1048576K
}

