# JRE version: OpenJDK Runtime Environment Temurin-21.0.9+10 (21.0.9+10) (build 21.0.9+10-LTS)
# Java VM: OpenJDK 64-Bit Server VM Temurin-21.0.9+10 (21.0.9+10-LTS, mixed mode, sharing, tiered, compressed oops, compressed class ptrs, g1 gc, linux-amd64)
Heap:
 garbage-first heap   total 358400K, used 274418K [0x000000070aa00000, 0x0000000800000000)
  region size 2048K, 81 young (165888K), 9 survivors (18432K)
 Metaspace       used 32641K, committed 33024K, reserved 1114112K
  class space    used 3164K, committed 3328K, reserved 1048576K
GC Heap History (20 events):
Event: 435,630 GC heap before
{Heap before GC invocations=68 (full 14):
 garbage-first heap   total 352256K, used 299240K [0x000000070aa00000, 0x0000000800000000)
  region size 2048K, 103 young (210944K), 8 survivors (16384K)
 Metaspace       used 32591K, committed 32960K, reserved 1114112K
  class space    used 3161K, committed 3328K, reserved 1048576K
}
Event: 435,655 GC heap after
{Heap after GC invocations=69 (full 14):
 garbage-first heap   total 352256K, used 107164K [0x000000070aa00000, 0x0000000800000000)
  region size 2048K, 8 young (16384K), 8 survivors (16384K)
 Metaspace       used 32591K, committed 32960K, reserved 1114112K
  class space    used 3161K, committed 3328K, reserved 1048576K
}
Event: 478,807 GC heap before
{Heap before GC invocations=69 (full 14):
 garbage-first heap   total 352256K, used 301724K [0x000000070aa00000, 0x0000000800000000)
  region size 2048K, 103 young (210944K), 8 survivors (16384K)
 Metaspace       used 32593K, committed 32960K, reserved 1114112K
  class space    used 3161K, committed 3328K, reserved 1048576K
}
Event: 478,829 GC heap after
{Heap after GC invocations=70 (full 14):
 garbage-first heap   total 352256K, used 109077K [0x000000070aa00000, 0x0000000800000000)
  region size 2048K, 8 young (16384K), 8 survivors (16384K)
 Metaspace       used 32593K, committed 32960K, reserved 1114112K
  class space    used 3161K, committed 3328K, reserved 1048576K
}
Event: 526,888 GC heap before
{Heap before GC invocations=70 (full 14):
 garbage-first heap   total 352256K, used 303637K [0x000000070aa00000, 0x0000000800000000)
  region size 2048K, 103 young (210944K), 8 survivors (16384K)
 Metaspace       used 32594K, committed 32960K, reserved 1114112K
  class space    used 3161K, committed 3328K, reserved 1048576K
}
Event: 526,909 GC heap after
{Heap after GC invocations=71 (full 14):
 garbage-first heap   total 352256K, used 112150K [0x000000070aa00000, 0x0000000800000000)
  region size 2048K, 8 young (16384K), 8 survivors (16384K)
 Metaspace       used 32594K, committed 32960K, reserved 1114112K
  class space    used 3161K, committed 3328K, reserved 1048576K
}
Event: 581,845 GC heap before
{Heap before GC invocations=71 (full 14):
 garbage-first heap   total 352256K, used 306710K [0x000000070aa00000, 0x0000000800000000)
  region size 2048K, 103 young (210944K), 8 survivors (16384K)
 Metaspace       used 32596K, committed 32960K, reserved 1114112K
  class space    used 3161K, committed 3328K, reserved 1048576K
}
Event: 581,866 GC heap after
{Heap after GC invocations=72 (full 14):
 garbage-first heap   total 352256K, used 115366K [0x000000070aa00000, 0x0000000800000000)
  region size 2048K, 8 young (16384K), 8 survivors (16384K)
 Metaspace       used 32596K, committed 32960K, reserved 1114112K
  class space    used 3161K, committed 3328K, reserved 1048576K
}
Event: 638,386 GC heap before
{Heap before GC invocations=72 (full 14):
 garbage-first heap   total 352256K, used 309926K [0x000000070aa00000, 0x0000000800000000)
  region size 2048K, 103 young (210944K), 8 survivors (16384K)
 Metaspace       used 32599K, committed 32960K, reserved 1114112K
  class space    used 3161K, committed 3328K, reserved 1048576K
}
Event: 638,410 GC heap after
{Heap after GC invocations=73 (full 14):
 garbage-first heap   total 352256K, used 118772K [0x000000070aa00000, 0x0000000800000000)
  region size 2048K, 9 young (18432K), 9 survivors (18432K)
 Metaspace       used 32599K, committed 32960K, reserved 1114112K
  class space    used 3161K, committed 3328K, reserved 1048576K
}
Event: 693,818 GC heap before
{Heap before GC invocations=73 (full 14):
 garbage-first heap   total 352256K, used 311284K [0x000000070aa00000, 0x0000000800000000)
  region size 2048K, 103 young (210944K), 9 survivors (18432K)
 Metaspace       used 32601K, committed 32960K, reserved 1114112K
  class space    used 3161K, committed 3328K, reserved 1048576K
}
Event: 693,847 GC heap after
{Heap after GC invocations=74 (full 14):
 garbage-first heap   total 352256K, used 121803K [0x000000070aa00000, 0x0000000800000000)
  region size 2048K, 8 young (16384K), 8 survivors (16384K)
 Metaspace       used 32601K, committed 32960K, reserved 1114112K
  class space    used 3161K, committed 3328K, reserved 1048576K
}
Event: 749,164 GC heap before
{Heap before GC invocations=74 (full 14):
 garbage-first heap   total 352256K, used 316363K [0x000000070aa00000, 0x0000000800000000)
  region size 2048K, 103 young (210944K), 8 survivors (16384K)
 Metaspace       used 32601K, committed 32960K, reserved 1114112K
  class space    used 3161K, committed 3328K, reserved 1048576K
}
Event: 749,189 GC heap after
{Heap after GC invocations=75 (full 14):
 garbage-first heap   total 352256K, used 123733K [0x000000070aa00000, 0x0000000800000000)
  region size 2048K, 8 young (16384K), 8 survivors (16384K)
 Metaspace       used 32601K, committed 32960K, reserved 1114112K
  class space    used 3161K, committed 3328K, reserved 1048576K
}
Event: 806,318 GC heap before
{Heap before GC invocations=75 (full 14):
 garbage-first heap   total 352256K, used 318293K [0x000000070aa00000, 0x0000000800000000)
  region size 2048K, 103 young (210944K), 8 survivors (16384K)
 Metaspace       used 32601K, committed 32960K, reserved 1114112K
  class space    used 3161K, committed 3328K, reserved 1048576K
}
Event: 806,345 GC heap after
{Heap after GC invocations=76 (full 14):
 garbage-first heap   total 352256K, used 129399K [0x000000070aa00000, 0x0000000800000000)
  region size 2048K, 9 young (18432K), 9 survivors (18432K)
 Metaspace       used 32601K, committed 32960K, reserved 1114112K
  class space    used 3161K, committed 3328K, reserved 1048576K
}
Event: 860,818 GC heap before
{Heap before GC invocations=77 (full 14):
 garbage-first heap   total 352256K, used 321911K [0x000000070aa00000, 0x0000000800000000)
  region size 2048K, 103 young (210944K), 9 survivors (18432K)
 Metaspace       used 32603K, committed 32960K, reserved 1114112K
  class space    used 3161K, committed 3328K, reserved 1048576K
}
Event: 860,843 GC heap after
{Heap after GC invocations=78 (full 14):
 garbage-first heap   total 354304K, used 132793K [0x000000070aa00000, 0x0000000800000000)
  region size 2048K, 9 young (18432K), 9 survivors (18432K)
 Metaspace       used 32603K, committed 32960K, reserved 1114112K
  class space    used 3161K, committed 3328K, reserved 1048576K
}
Event: 922,164 GC heap before
{Heap before GC invocations=78 (full 14):
 garbage-first heap   total 354304K, used 323257K [0x000000070aa00000, 0x0000000800000000)
  region size 2048K, 102 young (208896K), 9 survivors (18432K)
 Metaspace       used 32604K, committed 32960K, reserved 1114112K
  class space    used 3161K, committed 3328K, reserved 1048576K
}
Event: 922,192 GC heap after
{Heap after GC invocations=79 (full 14):
 garbage-first heap   total 358400K, used 129010K [0x000000070aa00000, 0x0000000800000000)
  region size 2048K, 9 young (18432K), 9 survivors (18432K)
 Metaspace       used 32604K, committed 32960K, reserved 1114112K
  class space    used 3161K, committed 3328K, reserved 1048576K
}

