# JRE version: OpenJDK Runtime Environment Temurin-21.0.9+10 (21.0.9+10) (build 21.0.9+10-LTS)
# Java VM: OpenJDK 64-Bit Server VM Temurin-21.0.9+10 (21.0.9+10-LTS, mixed mode, sharing, tiered, compressed oops, compressed class ptrs, g1 gc, linux-amd64)
Heap:
 garbage-first heap   total 321536K, used 85044K [0x000000070aa00000, 0x0000000800000000)
  region size 2048K, 1 young (2048K), 0 survivors (0K)
 Metaspace       used 29484K, committed 29888K, reserved 1114112K
  class space    used 2967K, committed 3136K, reserved 1048576K
GC Heap History (20 events):
Event: 17,903 GC heap before
{Heap before GC invocations=14 (full 2):
 garbage-first heap   total 165888K, used 102812K [0x000000070aa00000, 0x0000000800000000)
  region size 2048K, 19 young (38912K), 5 survivors (10240K)
 Metaspace       used 27990K, committed 28288K, reserved 1114112K
  class space    used 2934K, committed 3072K, reserved 1048576K
}
Event: 17,907 GC heap after
{Heap after GC invocations=15 (full 2):
 garbage-first heap   total 165888K, used 63623K [0x000000070aa00000, 0x0000000800000000)
  region size 2048K, 5 young (10240K), 5 survivors (10240K)
 Metaspace       used 27990K, committed 28288K, reserved 1114112K
  class space    used 2934K, committed 3072K, reserved 1048576K
}
Event: 18,193 GC heap before
{Heap before GC invocations=15 (full 2):
 garbage-first heap   total 165888K, used 98439K [0x000000070aa00000, 0x0000000800000000)
  region size 2048K, 15 young (30720K), 5 survivors (10240K)
 Metaspace       used 28105K, committed 28416K, reserved 1114112K
  class space    used 2940K, committed 3072K, reserved 1048576K
}
Event: 18,197 GC heap after
{Heap after GC invocations=16 (full 2):
 garbage-first heap   total 329728K, used 67727K [0x000000070aa00000, 0x0000000800000000)
  region size 2048K, 3 young (6144K), 3 survivors (6144K)
 Metaspace       used 28105K, committed 28416K, reserved 1114112K
  class space    used 2940K, committed 3072K, reserved 1048576K
}
Event: 26,482 GC heap before
{Heap before GC invocations=16 (full 2):
 garbage-first heap   total 329728K, used 243855K [0x000000070aa00000, 0x0000000800000000)
  region size 2048K, 56 young (114688K), 3 survivors (6144K)
 Metaspace       used 28752K, committed 29056K, reserved 1114112K
  class space    used 2947K, committed 3072K, reserved 1048576K
}
Event: 26,488 GC heap after
{Heap after GC invocations=17 (full 2):
 garbage-first heap   total 329728K, used 73447K [0x000000070aa00000, 0x0000000800000000)
  region size 2048K, 6 young (12288K), 6 survivors (12288K)
 Metaspace       used 28752K, committed 29056K, reserved 1114112K
  class space    used 2947K, committed 3072K, reserved 1048576K
}
Event: 30,976 GC heap before
{Heap before GC invocations=17 (full 2):
 garbage-first heap   total 329728K, used 235239K [0x000000070aa00000, 0x0000000800000000)
  region size 2048K, 47 young (96256K), 6 survivors (12288K)
 Metaspace       used 28958K, committed 29248K, reserved 1114112K
  class space    used 2947K, committed 3072K, reserved 1048576K
}
Event: 30,980 GC heap after
{Heap after GC invocations=18 (full 2):
 garbage-first heap   total 329728K, used 78781K [0x000000070aa00000, 0x0000000800000000)
  region size 2048K, 9 young (18432K), 9 survivors (18432K)
 Metaspace       used 28958K, committed 29248K, reserved 1114112K
  class space    used 2947K, committed 3072K, reserved 1048576K
}
Event: 38,966 GC heap before
{Heap before GC invocations=18 (full 2):
 garbage-first heap   total 329728K, used 304061K [0x000000070aa00000, 0x0000000800000000)
  region size 2048K, 96 young (196608K), 9 survivors (18432K)
 Metaspace       used 29158K, committed 29568K, reserved 1114112K
  class space    used 2952K, committed 3136K, reserved 1048576K
}
Event: 38,971 GC heap after
{Heap after GC invocations=19 (full 2):
 garbage-first heap   total 339968K, used 89329K [0x000000070aa00000, 0x0000000800000000)
  region size 2048K, 10 young (20480K), 10 survivors (20480K)
 Metaspace       used 29158K, committed 29568K, reserved 1114112K
  class space    used 2952K, committed 3136K, reserved 1048576K
}
Event: 46,664 GC heap before
{Heap before GC invocations=19 (full 2):
 garbage-first heap   total 339968K, used 328945K [0x000000070aa00000, 0x0000000800000000)
  region size 2048K, 99 young (202752K), 10 survivors (20480K)
 Metaspace       used 29218K, committed 29568K, reserved 1114112K
  class space    used 2952K, committed 3136K, reserved 1048576K
}
Event: 46,671 GC heap after
{Heap after GC invocations=20 (full 2):
 garbage-first heap   total 370688K, used 103288K [0x000000070aa00000, 0x0000000800000000)
  region size 2048K, 9 young (18432K), 9 survivors (18432K)
 Metaspace       used 29218K, committed 29568K, reserved 1114112K
  class space    used 2952K, committed 3136K, reserved 1048576K
}
Event: 56,248 GC heap before
{Heap before GC invocations=20 (full 2):
 garbage-first heap   total 370688K, used 332664K [0x000000070aa00000, 0x0000000800000000)
  region size 2048K, 108 young (221184K), 9 survivors (18432K)
 Metaspace       used 29246K, committed 29632K, reserved 1114112K
  class space    used 2952K, committed 3136K, reserved 1048576K
}
Event: 56,254 GC heap after
{Heap after GC invocations=21 (full 2):
 garbage-first heap   total 374784K, used 121022K [0x000000070aa00000, 0x0000000800000000)
  region size 2048K, 11 young (22528K), 11 survivors (22528K)
 Metaspace       used 29246K, committed 29632K, reserved 1114112K
  class space    used 2952K, committed 3136K, reserved 1048576K
}
Event: 67,163 GC heap before
{Heap before GC invocations=21 (full 2):
 garbage-first heap   total 374784K, used 352446K [0x000000070aa00000, 0x0000000800000000)
  region size 2048K, 106 young (217088K), 11 survivors (22528K)
 Metaspace       used 29298K, committed 29632K, reserved 1114112K
  class space    used 2953K, committed 3136K, reserved 1048576K
}
Event: 67,170 GC heap after
{Heap after GC invocations=22 (full 2):
 garbage-first heap   total 393216K, used 133842K [0x000000070aa00000, 0x0000000800000000)
  region size 2048K, 10 young (20480K), 10 survivors (20480K)
 Metaspace       used 29298K, committed 29632K, reserved 1114112K
  class space    used 2953K, committed 3136K, reserved 1048576K
}
Event: 81,263 GC heap before
{Heap before GC invocations=22 (full 2):
 garbage-first heap   total 393216K, used 389842K [0x000000070aa00000, 0x0000000800000000)
  region size 2048K, 105 young (215040K), 10 survivors (20480K)
 Metaspace       used 29454K, committed 29760K, reserved 1114112K
  class space    used 2966K, committed 3136K, reserved 1048576K
}
Event: 81,270 GC heap after
{Heap after GC invocations=23 (full 2):
 garbage-first heap   total 423936K, used 142135K [0x000000070aa00000, 0x0000000800000000)
  region size 2048K, 7 young (14336K), 7 survivors (14336K)
 Metaspace       used 29454K, committed 29760K, reserved 1114112K
  class space    used 2966K, committed 3136K, reserved 1048576K
}
Event: 90,869 GC heap before
{Heap before GC invocations=23 (full 2):
 garbage-first heap   total 423936K, used 219959K [0x000000070aa00000, 0x0000000800000000)
  region size 2048K, 46 young (94208K), 7 survivors (14336K)
 Metaspace       used 29472K, committed 29824K, reserved 1114112K
  class space    used 2966K, committed 3136K, reserved 1048576K
}
Event: 90,910 GC heap after
{Heap after GC invocations=24 (full 3):
 garbage-first heap   total 321536K, used 85044K [0x000000070aa00000, 0x0000000800000000)
  region size 2048K, 0 young (0K), 0 survivors (0K)
 Metaspace       used 29472K, committed 29824K, reserved 1114112K
  class space    used 2966K, committed 3136K, reserved 1048576K
}

