# JRE version: OpenJDK Runtime Environment Temurin-21.0.9+10 (21.0.9+10) (build 21.0.9+10-LTS)
# Java VM: OpenJDK 64-Bit Server VM Temurin-21.0.9+10 (21.0.9+10-LTS, mixed mode, sharing, tiered, compressed oops, compressed class ptrs, g1 gc, linux-amd64)
GC Precious Log:
 CardTable entry size: 512
 Card Set container configuration: InlinePtr #cards 4 size 8 Array Of Cards #cards 16 size 48 Howl #buckets 8 coarsen threshold 3686 Howl Bitmap #cards 512 size 80 coarsen threshold 460 Card regions per heap region 1 cards per card region 4096
 CPUs: 20 total, 20 available
 Memory: 15701M
 Large Page Support: Disabled
 NUMA Support: Disabled
 Compressed Oops: Enabled (Zero based)
 Heap Region Size: 2M
 Heap Min Capacity: 8M
 Heap Initial Capacity: 246M
 Heap Max Capacity: 3926M
 Pre-touch: Disabled
 Parallel Workers: 15
 Concurrent Workers: 4
 Concurrent Refinement Workers: 15
 Periodic GC: Disabled
Heap:
 garbage-first heap   total 176128K, used 166305K [0x000000070aa00000, 0x0000000800000000)
  region size 2048K, 12 young (24576K), 6 survivors (12288K)
 Metaspace       used 23699K, committed 24064K, reserved 1114112K
  class space    used 2578K, committed 2752K, reserved 1048576K
GC Heap History (9 events):
Event: 2,180 GC heap before
{Heap before GC invocations=0 (full 0):
 garbage-first heap   total 253952K, used 35882K [0x000000070aa00000, 0x0000000800000000)
  region size 2048K, 11 young (22528K), 0 survivors (0K)
 Metaspace       used 16032K, committed 16320K, reserved 1114112K
  class space    used 1604K, committed 1728K, reserved 1048576K
}
Event: 2,183 GC heap after
{Heap after GC invocations=1 (full 0):
 garbage-first heap   total 253952K, used 17221K [0x000000070aa00000, 0x0000000800000000)
  region size 2048K, 2 young (4096K), 2 survivors (4096K)
 Metaspace       used 16032K, committed 16320K, reserved 1114112K
  class space    used 1604K, committed 1728K, reserved 1048576K
}
Event: 2,511 GC heap before
{Heap before GC invocations=1 (full 0):
 garbage-first heap   total 253952K, used 90949K [0x000000070aa00000, 0x0000000800000000)
  region size 2048K, 30 young (61440K), 2 survivors (4096K)
 Metaspace       used 21063K, committed 21312K, reserved 1114112K
  class space    used 2268K, committed 2368K, reserved 1048576K
}
Event: 2,514 GC heap after
{Heap after GC invocations=2 (full 0):
 garbage-first heap   total 253952K, used 22049K [0x000000070aa00000, 0x0000000800000000)
  region size 2048K, 4 young (8192K), 4 survivors (8192K)
 Metaspace       used 21063K, committed 21312K, reserved 1114112K
  class space    used 2268K, committed 2368K, reserved 1048576K
}
Event: 2,618 GC heap before
{Heap before GC invocations=2 (full 0):
 garbage-first heap   total 253952K, used 99873K [0x000000070aa00000, 0x0000000800000000)
  region size 2048K, 25 young (51200K), 4 survivors (8192K)
 Metaspace       used 21290K, committed 21504K, reserved 1114112K
  class space    used 2277K, committed 2368K, reserved 1048576K
}
Event: 2,621 GC heap after
{Heap after GC invocations=3 (full 0):
 garbage-first heap   total 253952K, used 24097K [0x000000070aa00000, 0x0000000800000000)
  region size 2048K, 5 young (10240K), 5 survivors (10240K)
 Metaspace       used 21290K, committed 21504K, reserved 1114112K
  class space    used 2277K, committed 2368K, reserved 1048576K
}
Event: 3,899 GC heap before
{Heap before GC invocations=4 (full 0):
 garbage-first heap   total 126976K, used 124449K [0x000000070aa00000, 0x0000000800000000)
  region size 2048K, 9 young (18432K), 5 survivors (10240K)
 Metaspace       used 23049K, committed 23424K, reserved 1114112K
  class space    used 2510K, committed 2688K, reserved 1048576K
}
Event: 3,904 GC heap after
{Heap after GC invocations=5 (full 0):
 garbage-first heap   total 139264K, used 24993K [0x000000070aa00000, 0x0000000800000000)
  region size 2048K, 6 young (12288K), 6 survivors (12288K)
 Metaspace       used 23049K, committed 23424K, reserved 1114112K
  class space    used 2510K, committed 2688K, reserved 1048576K
}
Event: 10,761 GC heap before
{Heap before GC invocations=5 (full 0):
 garbage-first heap   total 176128K, used 164257K [0x000000070aa00000, 0x0000000800000000)
  region size 2048K, 12 young (24576K), 6 survivors (12288K)
 Metaspace       used 23699K, committed 24064K, reserved 1114112K
  class space    used 2578K, committed 2752K, reserved 1048576K
}

