# JRE version: OpenJDK Runtime Environment Temurin-21.0.9+10 (21.0.9+10) (build 21.0.9+10-LTS)
# Java VM: OpenJDK 64-Bit Server VM Temurin-21.0.9+10 (21.0.9+10-LTS, mixed mode, sharing, tiered, compressed oops, compressed class ptrs, g1 gc, linux-amd64)
Heap:
 garbage-first heap   total 245760K, used 144807K [0x000000070aa00000, 0x0000000800000000)
  region size 2048K, 35 young (71680K), 3 survivors (6144K)
 Metaspace       used 30332K, committed 30720K, reserved 1114112K
  class space    used 3024K, committed 3200K, reserved 1048576K
GC Heap History (20 events):
Event: 797,910 GC heap before
{Heap before GC invocations=50 (full 8):
 garbage-first heap   total 245760K, used 217548K [0x000000070aa00000, 0x0000000800000000)
  region size 2048K, 72 young (147456K), 4 survivors (8192K)
 Metaspace       used 30292K, committed 30656K, reserved 1114112K
  class space    used 3022K, committed 3200K, reserved 1048576K
}
Event: 797,918 GC heap after
{Heap after GC invocations=51 (full 8):
 garbage-first heap   total 245760K, used 77577K [0x000000070aa00000, 0x0000000800000000)
  region size 2048K, 3 young (6144K), 3 survivors (6144K)
 Metaspace       used 30292K, committed 30656K, reserved 1114112K
  class space    used 3022K, committed 3200K, reserved 1048576K
}
Event: 847,010 GC heap before
{Heap before GC invocations=51 (full 8):
 garbage-first heap   total 245760K, used 218889K [0x000000070aa00000, 0x0000000800000000)
  region size 2048K, 72 young (147456K), 3 survivors (6144K)
 Metaspace       used 30292K, committed 30656K, reserved 1114112K
  class space    used 3022K, committed 3200K, reserved 1048576K
}
Event: 847,017 GC heap after
{Heap after GC invocations=52 (full 8):
 garbage-first heap   total 245760K, used 78667K [0x000000070aa00000, 0x0000000800000000)
  region size 2048K, 3 young (6144K), 3 survivors (6144K)
 Metaspace       used 30292K, committed 30656K, reserved 1114112K
  class space    used 3022K, committed 3200K, reserved 1048576K
}
Event: 891,910 GC heap before
{Heap before GC invocations=52 (full 8):
 garbage-first heap   total 245760K, used 219979K [0x000000070aa00000, 0x0000000800000000)
  region size 2048K, 72 young (147456K), 3 survivors (6144K)
 Metaspace       used 30303K, committed 30720K, reserved 1114112K
  class space    used 3022K, committed 3200K, reserved 1048576K
}
Event: 891,920 GC heap after
{Heap after GC invocations=53 (full 8):
 garbage-first heap   total 245760K, used 79158K [0x000000070aa00000, 0x0000000800000000)
  region size 2048K, 3 young (6144K), 3 survivors (6144K)
 Metaspace       used 30303K, committed 30720K, reserved 1114112K
  class space    used 3022K, committed 3200K, reserved 1048576K
}
Event: 938,010 GC heap before
{Heap before GC invocations=53 (full 8):
 garbage-first heap   total 245760K, used 220470K [0x000000070aa00000, 0x0000000800000000)
  region size 2048K, 72 young (147456K), 3 survivors (6144K)
 Metaspace       used 30305K, committed 30720K, reserved 1114112K
  class space    used 3022K, committed 3200K, reserved 1048576K
}
Event: 938,017 GC heap after
{Heap after GC invocations=54 (full 8):
 garbage-first heap   total 245760K, used 78886K [0x000000070aa00000, 0x0000000800000000)
  region size 2048K, 3 young (6144K), 3 survivors (6144K)
 Metaspace       used 30305K, committed 30720K, reserved 1114112K
  class space    used 3022K, committed 3200K, reserved 1048576K
}
Event: 983,910 GC heap before
{Heap before GC invocations=54 (full 8):
 garbage-first heap   total 245760K, used 220198K [0x000000070aa00000, 0x0000000800000000)
  region size 2048K, 72 young (147456K), 3 survivors (6144K)
 Metaspace       used 30317K, committed 30720K, reserved 1114112K
  class space    used 3022K, committed 3200K, reserved 1048576K
}
Event: 983,916 GC heap after
{Heap after GC invocations=55 (full 8):
 garbage-first heap   total 245760K, used 78561K [0x000000070aa00000, 0x0000000800000000)
  region size 2048K, 3 young (6144K), 3 survivors (6144K)
 Metaspace       used 30317K, committed 30720K, reserved 1114112K
  class space    used 3022K, committed 3200K, reserved 1048576K
}
Event: 1031,710 GC heap before
{Heap before GC invocations=55 (full 8):
 garbage-first heap   total 245760K, used 219873K [0x000000070aa00000, 0x0000000800000000)
  region size 2048K, 72 young (147456K), 3 survivors (6144K)
 Metaspace       used 30317K, committed 30720K, reserved 1114112K
  class space    used 3022K, committed 3200K, reserved 1048576K
}
Event: 1031,716 GC heap after
{Heap after GC invocations=56 (full 8):
 garbage-first heap   total 245760K, used 79498K [0x000000070aa00000, 0x0000000800000000)
  region size 2048K, 3 young (6144K), 3 survivors (6144K)
 Metaspace       used 30317K, committed 30720K, reserved 1114112K
  class space    used 3022K, committed 3200K, reserved 1048576K
}
Event: 1074,082 GC heap before
{Heap before GC invocations=56 (full 8):
 garbage-first heap   total 245760K, used 220810K [0x000000070aa00000, 0x0000000800000000)
  region size 2048K, 72 young (147456K), 3 survivors (6144K)
 Metaspace       used 30317K, committed 30720K, reserved 1114112K
  class space    used 3022K, committed 3200K, reserved 1048576K
}
Event: 1074,088 GC heap after
{Heap after GC invocations=57 (full 8):
 garbage-first heap   total 245760K, used 79582K [0x000000070aa00000, 0x0000000800000000)
  region size 2048K, 3 young (6144K), 3 survivors (6144K)
 Metaspace       used 30317K, committed 30720K, reserved 1114112K
  class space    used 3022K, committed 3200K, reserved 1048576K
}
Event: 1121,409 GC heap before
{Heap before GC invocations=57 (full 8):
 garbage-first heap   total 245760K, used 220894K [0x000000070aa00000, 0x0000000800000000)
  region size 2048K, 72 young (147456K), 3 survivors (6144K)
 Metaspace       used 30318K, committed 30720K, reserved 1114112K
  class space    used 3022K, committed 3200K, reserved 1048576K
}
Event: 1121,415 GC heap after
{Heap after GC invocations=58 (full 8):
 garbage-first heap   total 245760K, used 80021K [0x000000070aa00000, 0x0000000800000000)
  region size 2048K, 3 young (6144K), 3 survivors (6144K)
 Metaspace       used 30318K, committed 30720K, reserved 1114112K
  class space    used 3022K, committed 3200K, reserved 1048576K
}
Event: 1168,940 GC heap before
{Heap before GC invocations=58 (full 8):
 garbage-first heap   total 245760K, used 221333K [0x000000070aa00000, 0x0000000800000000)
  region size 2048K, 72 young (147456K), 3 survivors (6144K)
 Metaspace       used 30318K, committed 30720K, reserved 1114112K
  class space    used 3022K, committed 3200K, reserved 1048576K
}
Event: 1168,945 GC heap after
{Heap after GC invocations=59 (full 8):
 garbage-first heap   total 245760K, used 80968K [0x000000070aa00000, 0x0000000800000000)
  region size 2048K, 3 young (6144K), 3 survivors (6144K)
 Metaspace       used 30318K, committed 30720K, reserved 1114112K
  class space    used 3022K, committed 3200K, reserved 1048576K
}
Event: 1215,061 GC heap before
{Heap before GC invocations=59 (full 8):
 garbage-first heap   total 245760K, used 222280K [0x000000070aa00000, 0x0000000800000000)
  region size 2048K, 72 young (147456K), 3 survivors (6144K)
 Metaspace       used 30318K, committed 30720K, reserved 1114112K
  class space    used 3022K, committed 3200K, reserved 1048576K
}
Event: 1215,066 GC heap after
{Heap after GC invocations=60 (full 8):
 garbage-first heap   total 245760K, used 81319K [0x000000070aa00000, 0x0000000800000000)
  region size 2048K, 3 young (6144K), 3 survivors (6144K)
 Metaspace       used 30318K, committed 30720K, reserved 1114112K
  class space    used 3022K, committed 3200K, reserved 1048576K
}

