# JRE version: OpenJDK Runtime Environment Temurin-21.0.9+10 (21.0.9+10) (build 21.0.9+10-LTS)
# Java VM: OpenJDK 64-Bit Server VM Temurin-21.0.9+10 (21.0.9+10-LTS, mixed mode, sharing, tiered, compressed oops, compressed class ptrs, g1 gc, linux-amd64)
GC Precious Log:
 CardTable entry size: 512
 Card Set container configuration: InlinePtr #cards 4 size 8 Array Of Cards #cards 16 size 48 Howl #buckets 8 coarsen threshold 3686 Howl Bitmap #cards 512 size 80 coarsen threshold 460 Card regions per heap region 1 cards per card region 4096
 CPUs: 20 total, 20 available
 Memory: 15701M
 Large Page Support: Disabled
 NUMA Support: Disabled
 Compressed Oops: Enabled (Zero based)
 Heap Region Size: 2M
 Heap Min Capacity: 8M
 Heap Initial Capacity: 246M
 Heap Max Capacity: 3926M
 Pre-touch: Disabled
 Parallel Workers: 15
 Concurrent Workers: 4
 Concurrent Refinement Workers: 15
 Periodic GC: Disabled
Heap:
 garbage-first heap   total 231424K, used 112928K [0x000000070aa00000, 0x0000000800000000)
  region size 2048K, 13 young (26624K), 6 survivors (12288K)
 Metaspace       used 23919K, committed 24256K, reserved 1114112K
  class space    used 2592K, committed 2752K, reserved 1048576K
GC Heap History (9 events):
Event: 1,786 GC heap before
{Heap before GC invocations=0 (full 0):
 garbage-first heap   total 253952K, used 35882K [0x000000070aa00000, 0x0000000800000000)
  region size 2048K, 11 young (22528K), 0 survivors (0K)
 Metaspace       used 16003K, committed 16256K, reserved 1114112K
  class space    used 1603K, committed 1728K, reserved 1048576K
}
Event: 1,789 GC heap after
{Heap after GC invocations=1 (full 0):
 garbage-first heap   total 253952K, used 17275K [0x000000070aa00000, 0x0000000800000000)
  region size 2048K, 2 young (4096K), 2 survivors (4096K)
 Metaspace       used 16003K, committed 16256K, reserved 1114112K
  class space    used 1603K, committed 1728K, reserved 1048576K
}
Event: 2,128 GC heap before
{Heap before GC invocations=1 (full 0):
 garbage-first heap   total 253952K, used 88955K [0x000000070aa00000, 0x0000000800000000)
  region size 2048K, 29 young (59392K), 2 survivors (4096K)
 Metaspace       used 21125K, committed 21376K, reserved 1114112K
  class space    used 2282K, committed 2368K, reserved 1048576K
}
Event: 2,132 GC heap after
{Heap after GC invocations=2 (full 0):
 garbage-first heap   total 253952K, used 22309K [0x000000070aa00000, 0x0000000800000000)
  region size 2048K, 4 young (8192K), 4 survivors (8192K)
 Metaspace       used 21125K, committed 21376K, reserved 1114112K
  class space    used 2282K, committed 2368K, reserved 1048576K
}
Event: 2,160 GC heap before
{Heap before GC invocations=2 (full 0):
 garbage-first heap   total 253952K, used 71461K [0x000000070aa00000, 0x0000000800000000)
  region size 2048K, 11 young (22528K), 4 survivors (8192K)
 Metaspace       used 21283K, committed 21504K, reserved 1114112K
  class space    used 2287K, committed 2368K, reserved 1048576K
}
Event: 2,163 GC heap after
{Heap after GC invocations=3 (full 0):
 garbage-first heap   total 253952K, used 23880K [0x000000070aa00000, 0x0000000800000000)
  region size 2048K, 5 young (10240K), 5 survivors (10240K)
 Metaspace       used 21283K, committed 21504K, reserved 1114112K
  class space    used 2287K, committed 2368K, reserved 1048576K
}
Event: 3,798 GC heap before
{Heap before GC invocations=4 (full 0):
 garbage-first heap   total 219136K, used 216392K [0x000000070aa00000, 0x0000000800000000)
  region size 2048K, 27 young (55296K), 5 survivors (10240K)
 Metaspace       used 23126K, committed 23424K, reserved 1114112K
  class space    used 2524K, committed 2688K, reserved 1048576K
}
Event: 3,803 GC heap after
{Heap after GC invocations=5 (full 0):
 garbage-first heap   total 231424K, used 25472K [0x000000070aa00000, 0x0000000800000000)
  region size 2048K, 6 young (12288K), 6 survivors (12288K)
 Metaspace       used 23126K, committed 23424K, reserved 1114112K
  class space    used 2524K, committed 2688K, reserved 1048576K
}
Event: 14,782 GC heap before
{Heap before GC invocations=5 (full 0):
 garbage-first heap   total 231424K, used 109440K [0x000000070aa00000, 0x0000000800000000)
  region size 2048K, 13 young (26624K), 6 survivors (12288K)
 Metaspace       used 23919K, committed 24256K, reserved 1114112K
  class space    used 2592K, committed 2752K, reserved 1048576K
}

