# JRE version: OpenJDK Runtime Environment Temurin-21.0.9+10 (21.0.9+10) (build 21.0.9+10-LTS)
# Java VM: OpenJDK 64-Bit Server VM Temurin-21.0.9+10 (21.0.9+10-LTS, mixed mode, tiered, serial gc, linux-amd64)
GC Precious Log:
 CardTable entry size: 512
 CPUs: 20 total, 20 available
 Memory: 15701M
 Large Page Support: Disabled
 NUMA Support: Disabled
 Compressed Oops: Disabled
 Heap Min Capacity: 8M
 Heap Initial Capacity: 246M
 Heap Max Capacity: 3926M
 Pre-touch: Disabled
Heap:
 def new generation   total 75648K, used 71249K [0x00007f2330000000, 0x00007f2335210000, 0x00007f2381ca0000)
  eden space 67264K, 100% used [0x00007f2330000000, 0x00007f23341b0000, 0x00007f23341b0000)
  from space 8384K,  47% used [0x00007f23341b0000, 0x00007f2334594630, 0x00007f23349e0000)
  to   space 8384K,   2% used [0x00007f23349e0000, 0x00007f2334a183a0, 0x00007f2335210000)
 tenured generation   total 167936K, used 21923K [0x00007f2381ca0000, 0x00007f238c0a0000, 0x00007f2425600000)
   the space 167936K,  13% used [0x00007f2381ca0000, 0x00007f2383208f80, 0x00007f2383209000, 0x00007f238c0a0000)
 Metaspace       used 35113K, committed 35264K, reserved 65536K
GC Heap History (15 events):
Event: 0,734 GC heap before
{Heap before GC invocations=0 (full 0):
 def new generation   total 75584K, used 29574K [0x00007f2330000000, 0x00007f2335200000, 0x00007f2381ca0000)
  eden space 67200K,  44% used [0x00007f2330000000, 0x00007f2331ce1ae0, 0x00007f23341a0000)
  from space 8384K,   0% used [0x00007f23341a0000, 0x00007f23341a0000, 0x00007f23349d0000)
  to   space 8384K,   0% used [0x00007f23349d0000, 0x00007f23349d0000, 0x00007f2335200000)
 tenured generation   total 167936K, used 0K [0x00007f2381ca0000, 0x00007f238c0a0000, 0x00007f2425600000)
   the space 167936K,   0% used [0x00007f2381ca0000, 0x00007f2381ca0000, 0x00007f2381ca0200, 0x00007f238c0a0000)
 Metaspace       used 21403K, committed 21504K, reserved 65536K
}
Event: 0,746 GC heap after
{Heap after GC invocations=1 (full 1):
 def new generation   total 75648K, used 0K [0x00007f2330000000, 0x00007f2335210000, 0x00007f2381ca0000)
  eden space 67264K,   0% used [0x00007f2330000000, 0x00007f2330000000, 0x00007f23341b0000)
  from space 8384K,   0% used [0x00007f23341b0000, 0x00007f23341b0000, 0x00007f23349e0000)
  to   space 8384K,   0% used [0x00007f23349e0000, 0x00007f23349e0000, 0x00007f2335210000)
 tenured generation   total 167936K, used 5259K [0x00007f2381ca0000, 0x00007f238c0a0000, 0x00007f2425600000)
   the space 167936K,   3% used [0x00007f2381ca0000, 0x00007f23821c2f60, 0x00007f23821c3000, 0x00007f238c0a0000)
 Metaspace       used 21403K, committed 21504K, reserved 65536K
}
Event: 1,568 GC heap before
{Heap before GC invocations=1 (full 1):
 def new generation   total 75648K, used 67264K [0x00007f2330000000, 0x00007f2335210000, 0x00007f2381ca0000)
  eden space 67264K, 100% used [0x00007f2330000000, 0x00007f23341b0000, 0x00007f23341b0000)
  from space 8384K,   0% used [0x00007f23341b0000, 0x00007f23341b0000, 0x00007f23349e0000)
  to   space 8384K,   0% used [0x00007f23349e0000, 0x00007f23349e0000, 0x00007f2335210000)
 tenured generation   total 167936K, used 5259K [0x00007f2381ca0000, 0x00007f238c0a0000, 0x00007f2425600000)
   the space 167936K,   3% used [0x00007f2381ca0000, 0x00007f23821c2f60, 0x00007f23821c3000, 0x00007f238c0a0000)
 Metaspace       used 29773K, committed 29888K, reserved 65536K
}
Event: 1,578 GC heap after
{Heap after GC invocations=2 (full 1):
 def new generation   total 75648K, used 6519K [0x00007f2330000000, 0x00007f2335210000, 0x00007f2381ca0000)
  eden space 67264K,   0% used [0x00007f2330000000, 0x00007f2330000000, 0x00007f23341b0000)
  from space 8384K,  77% used [0x00007f23349e0000, 0x00007f233503dc10, 0x00007f2335210000)
  to   space 8384K,   0% used [0x00007f23341b0000, 0x00007f23341b0000, 0x00007f23349e0000)
 tenured generation   total 167936K, used 15499K [0x00007f2381ca0000, 0x00007f238c0a0000, 0x00007f2425600000)
   the space 167936K,   9% used [0x00007f2381ca0000, 0x00007f2382bc2f78, 0x00007f2382bc3000, 0x00007f238c0a0000)
 Metaspace       used 29773K, committed 29888K, reserved 65536K
}
Event: 1,726 GC heap before
{Heap before GC invocations=2 (full 1):
 def new generation   total 75648K, used 61687K [0x00007f2330000000, 0x00007f2335210000, 0x00007f2381ca0000)
  eden space 67264K,  82% used [0x00007f2330000000, 0x00007f23335e00b0, 0x00007f23341b0000)
  from space 8384K,  77% used [0x00007f23349e0000, 0x00007f233503dc10, 0x00007f2335210000)
  to   space 8384K,   0% used [0x00007f23341b0000, 0x00007f23341b0000, 0x00007f23349e0000)
 tenured generation   total 167936K, used 15499K [0x00007f2381ca0000, 0x00007f238c0a0000, 0x00007f2425600000)
   the space 167936K,   9% used [0x00007f2381ca0000, 0x00007f2382bc2f78, 0x00007f2382bc3000, 0x00007f238c0a0000)
 Metaspace       used 30456K, committed 30592K, reserved 65536K
}
Event: 1,732 GC heap after
{Heap after GC invocations=3 (full 1):
 def new generation   total 75648K, used 1684K [0x00007f2330000000, 0x00007f2335210000, 0x00007f2381ca0000)
  eden space 67264K,   0% used [0x00007f2330000000, 0x00007f2330000000, 0x00007f23341b0000)
  from space 8384K,  20% used [0x00007f23341b0000, 0x00007f23343550b0, 0x00007f23349e0000)
  to   space 8384K,   0% used [0x00007f23349e0000, 0x00007f23349e0000, 0x00007f2335210000)
 tenured generation   total 167936K, used 21923K [0x00007f2381ca0000, 0x00007f238c0a0000, 0x00007f2425600000)
   the space 167936K,  13% used [0x00007f2381ca0000, 0x00007f2383208f80, 0x00007f2383209000, 0x00007f238c0a0000)
 Metaspace       used 30456K, committed 30592K, reserved 65536K
}
Event: 1,795 GC heap before
{Heap before GC invocations=3 (full 1):
 def new generation   total 75648K, used 68948K [0x00007f2330000000, 0x00007f2335210000, 0x00007f2381ca0000)
  eden space 67264K, 100% used [0x00007f2330000000, 0x00007f23341b0000, 0x00007f23341b0000)
  from space 8384K,  20% used [0x00007f23341b0000, 0x00007f23343550b0, 0x00007f23349e0000)
  to   space 8384K,   0% used [0x00007f23349e0000, 0x00007f23349e0000, 0x00007f2335210000)
 tenured generation   total 167936K, used 21923K [0x00007f2381ca0000, 0x00007f238c0a0000, 0x00007f2425600000)
   the space 167936K,  13% used [0x00007f2381ca0000, 0x00007f2383208f80, 0x00007f2383209000, 0x00007f238c0a0000)
 Metaspace       used 30578K, committed 30656K, reserved 65536K
}
Event: 1,797 GC heap after
{Heap after GC invocations=4 (full 1):
 def new generation   total 75648K, used 3102K [0x00007f2330000000, 0x00007f2335210000, 0x00007f2381ca0000)
  eden space 67264K,   0% used [0x00007f2330000000, 0x00007f2330000000, 0x00007f23341b0000)
  from space 8384K,  37% used [0x00007f23349e0000, 0x00007f2334ce7bf8, 0x00007f2335210000)
  to   space 8384K,   0% used [0x00007f23341b0000, 0x00007f23341b0000, 0x00007f23349e0000)
 tenured generation   total 167936K, used 21923K [0x00007f2381ca0000, 0x00007f238c0a0000, 0x00007f2425600000)
   the space 167936K,  13% used [0x00007f2381ca0000, 0x00007f2383208f80, 0x00007f2383209000, 0x00007f238c0a0000)
 Metaspace       used 30578K, committed 30656K, reserved 65536K
}
Event: 2,504 GC heap before
{Heap before GC invocations=4 (full 1):
 def new generation   total 75648K, used 67514K [0x00007f2330000000, 0x00007f2335210000, 0x00007f2381ca0000)
  eden space 67264K,  95% used [0x00007f2330000000, 0x00007f2333ee6f58, 0x00007f23341b0000)
  from space 8384K,  37% used [0x00007f23349e0000, 0x00007f2334ce7bf8, 0x00007f2335210000)
  to   space 8384K,   0% used [0x00007f23341b0000, 0x00007f23341b0000, 0x00007f23349e0000)
 tenured generation   total 167936K, used 21923K [0x00007f2381ca0000, 0x00007f238c0a0000, 0x00007f2425600000)
   the space 167936K,  13% used [0x00007f2381ca0000, 0x00007f2383208f80, 0x00007f2383209000, 0x00007f238c0a0000)
 Metaspace       used 32326K, committed 32448K, reserved 65536K
}
Event: 2,507 GC heap after
{Heap after GC invocations=5 (full 1):
 def new generation   total 75648K, used 3751K [0x00007f2330000000, 0x00007f2335210000, 0x00007f2381ca0000)
  eden space 67264K,   0% used [0x00007f2330000000, 0x00007f2330000000, 0x00007f23341b0000)
  from space 8384K,  44% used [0x00007f23341b0000, 0x00007f2334559f00, 0x00007f23349e0000)
  to   space 8384K,   0% used [0x00007f23349e0000, 0x00007f23349e0000, 0x00007f2335210000)
 tenured generation   total 167936K, used 21923K [0x00007f2381ca0000, 0x00007f238c0a0000, 0x00007f2425600000)
   the space 167936K,  13% used [0x00007f2381ca0000, 0x00007f2383208f80, 0x00007f2383209000, 0x00007f238c0a0000)
 Metaspace       used 32326K, committed 32448K, reserved 65536K
}
Event: 3,048 GC heap before
{Heap before GC invocations=5 (full 1):
 def new generation   total 75648K, used 57698K [0x00007f2330000000, 0x00007f2335210000, 0x00007f2381ca0000)
  eden space 67264K,  80% used [0x00007f2330000000, 0x00007f23334aeb40, 0x00007f23341b0000)
  from space 8384K,  44% used [0x00007f23341b0000, 0x00007f2334559f00, 0x00007f23349e0000)
  to   space 8384K,   0% used [0x00007f23349e0000, 0x00007f23349e0000, 0x00007f2335210000)
 tenured generation   total 167936K, used 21923K [0x00007f2381ca0000, 0x00007f238c0a0000, 0x00007f2425600000)
   the space 167936K,  13% used [0x00007f2381ca0000, 0x00007f2383208f80, 0x00007f2383209000, 0x00007f238c0a0000)
 Metaspace       used 32396K, committed 32512K, reserved 65536K
}
Event: 3,050 GC heap after
{Heap after GC invocations=6 (full 1):
 def new generation   total 75648K, used 4048K [0x00007f2330000000, 0x00007f2335210000, 0x00007f2381ca0000)
  eden space 67264K,   0% used [0x00007f2330000000, 0x00007f2330000000, 0x00007f23341b0000)
  from space 8384K,  48% used [0x00007f23349e0000, 0x00007f2334dd40c0, 0x00007f2335210000)
  to   space 8384K,   0% used [0x00007f23341b0000, 0x00007f23341b0000, 0x00007f23349e0000)
 tenured generation   total 167936K, used 21923K [0x00007f2381ca0000, 0x00007f238c0a0000, 0x00007f2425600000)
   the space 167936K,  13% used [0x00007f2381ca0000, 0x00007f2383208f80, 0x00007f2383209000, 0x00007f238c0a0000)
 Metaspace       used 32396K, committed 32512K, reserved 65536K
}
Event: 3,056 GC heap before
{Heap before GC invocations=6 (full 1):
 def new generation   total 75648K, used 55841K [0x00007f2330000000, 0x00007f2335210000, 0x00007f2381ca0000)
  eden space 67264K,  77% used [0x00007f2330000000, 0x00007f2333294650, 0x00007f23341b0000)
  from space 8384K,  48% used [0x00007f23349e0000, 0x00007f2334dd40c0, 0x00007f2335210000)
  to   space 8384K,   0% used [0x00007f23341b0000, 0x00007f23341b0000, 0x00007f23349e0000)
 tenured generation   total 167936K, used 21923K [0x00007f2381ca0000, 0x00007f238c0a0000, 0x00007f2425600000)
   the space 167936K,  13% used [0x00007f2381ca0000, 0x00007f2383208f80, 0x00007f2383209000, 0x00007f238c0a0000)
 Metaspace       used 32396K, committed 32512K, reserved 65536K
}
Event: 3,057 GC heap after
{Heap after GC invocations=7 (full 1):
 def new generation   total 75648K, used 3985K [0x00007f2330000000, 0x00007f2335210000, 0x00007f2381ca0000)
  eden space 67264K,   0% used [0x00007f2330000000, 0x00007f2330000000, 0x00007f23341b0000)
  from space 8384K,  47% used [0x00007f23341b0000, 0x00007f2334594630, 0x00007f23349e0000)
  to   space 8384K,   0% used [0x00007f23349e0000, 0x00007f23349e0000, 0x00007f2335210000)
 tenured generation   total 167936K, used 21923K [0x00007f2381ca0000, 0x00007f238c0a0000, 0x00007f2425600000)
   the space 167936K,  13% used [0x00007f2381ca0000, 0x00007f2383208f80, 0x00007f2383209000, 0x00007f238c0a0000)
 Metaspace       used 32396K, committed 32512K, reserved 65536K
}
Event: 10,707 GC heap before
{Heap before GC invocations=7 (full 1):
 def new generation   total 75648K, used 71249K [0x00007f2330000000, 0x00007f2335210000, 0x00007f2381ca0000)
  eden space 67264K, 100% used [0x00007f2330000000, 0x00007f23341b0000, 0x00007f23341b0000)
  from space 8384K,  47% used [0x00007f23341b0000, 0x00007f2334594630, 0x00007f23349e0000)
  to   space 8384K,   0% used [0x00007f23349e0000, 0x00007f23349e0000, 0x00007f2335210000)
 tenured generation   total 167936K, used 21923K [0x00007f2381ca0000, 0x00007f238c0a0000, 0x00007f2425600000)
   the space 167936K,  13% used [0x00007f2381ca0000, 0x00007f2383208f80, 0x00007f2383209000, 0x00007f238c0a0000)
 Metaspace       used 35113K, committed 35264K, reserved 65536K
}

