# JRE version: OpenJDK Runtime Environment Temurin-17.0.18+8 (17.0.18+8) (build 17.0.18+8)
# Java VM: OpenJDK 64-Bit Server VM Temurin-17.0.18+8 (17.0.18+8, mixed mode, tiered, serial gc, linux-amd64)
Heap:
 def new generation   total 75648K, used 24750K [0x00007f0b0fc00000, 0x00007f0b14e10000, 0x00007f0b618a0000)
  eden space 67264K,  30% used [0x00007f0b0fc00000, 0x00007f0b11001b78, 0x00007f0b13db0000)
  from space 8384K,  50% used [0x00007f0b13db0000, 0x00007f0b141d9e18, 0x00007f0b145e0000)
  to   space 8384K,   0% used [0x00007f0b145e0000, 0x00007f0b145e0000, 0x00007f0b14e10000)
 tenured generation   total 167936K, used 112593K [0x00007f0b618a0000, 0x00007f0b6bca0000, 0x00007f0c05200000)
   the space 167936K,  67% used [0x00007f0b618a0000, 0x00007f0b68694478, 0x00007f0b68694600, 0x00007f0b6bca0000)
 Metaspace       used 43544K, committed 43648K, reserved 65536K
GC Heap History (20 events):
Event: 128,270 GC heap before
{Heap before GC invocations=22 (full 2):
 def new generation   total 75648K, used 73437K [0x00007f0b0fc00000, 0x00007f0b14e10000, 0x00007f0b618a0000)
  eden space 67264K, 100% used [0x00007f0b0fc00000, 0x00007f0b13db0000, 0x00007f0b13db0000)
  from space 8384K,  73% used [0x00007f0b13db0000, 0x00007f0b143b7408, 0x00007f0b145e0000)
  to   space 8384K,   0% used [0x00007f0b145e0000, 0x00007f0b145e0000, 0x00007f0b14e10000)
 tenured generation   total 167936K, used 89035K [0x00007f0b618a0000, 0x00007f0b6bca0000, 0x00007f0c05200000)
   the space 167936K,  53% used [0x00007f0b618a0000, 0x00007f0b66f92c98, 0x00007f0b66f92e00, 0x00007f0b6bca0000)
 Metaspace       used 43455K, committed 43584K, reserved 65536K
}
Event: 128,276 GC heap after
{Heap after GC invocations=23 (full 2):
 def new generation   total 75648K, used 4245K [0x00007f0b0fc00000, 0x00007f0b14e10000, 0x00007f0b618a0000)
  eden space 67264K,   0% used [0x00007f0b0fc00000, 0x00007f0b0fc00000, 0x00007f0b13db0000)
  from space 8384K,  50% used [0x00007f0b145e0000, 0x00007f0b14a05730, 0x00007f0b14e10000)
  to   space 8384K,   0% used [0x00007f0b13db0000, 0x00007f0b13db0000, 0x00007f0b145e0000)
 tenured generation   total 167936K, used 93047K [0x00007f0b618a0000, 0x00007f0b6bca0000, 0x00007f0c05200000)
   the space 167936K,  55% used [0x00007f0b618a0000, 0x00007f0b6737df00, 0x00007f0b6737e000, 0x00007f0b6bca0000)
 Metaspace       used 43455K, committed 43584K, reserved 65536K
}
Event: 144,775 GC heap before
{Heap before GC invocations=23 (full 2):
 def new generation   total 75648K, used 71509K [0x00007f0b0fc00000, 0x00007f0b14e10000, 0x00007f0b618a0000)
  eden space 67264K, 100% used [0x00007f0b0fc00000, 0x00007f0b13db0000, 0x00007f0b13db0000)
  from space 8384K,  50% used [0x00007f0b145e0000, 0x00007f0b14a05730, 0x00007f0b14e10000)
  to   space 8384K,   0% used [0x00007f0b13db0000, 0x00007f0b13db0000, 0x00007f0b145e0000)
 tenured generation   total 167936K, used 93047K [0x00007f0b618a0000, 0x00007f0b6bca0000, 0x00007f0c05200000)
   the space 167936K,  55% used [0x00007f0b618a0000, 0x00007f0b6737df00, 0x00007f0b6737e000, 0x00007f0b6bca0000)
 Metaspace       used 43459K, committed 43584K, reserved 65536K
}
Event: 144,779 GC heap after
{Heap after GC invocations=24 (full 2):
 def new generation   total 75648K, used 3956K [0x00007f0b0fc00000, 0x00007f0b14e10000, 0x00007f0b618a0000)
  eden space 67264K,   0% used [0x00007f0b0fc00000, 0x00007f0b0fc00000, 0x00007f0b13db0000)
  from space 8384K,  47% used [0x00007f0b13db0000, 0x00007f0b1418d0f8, 0x00007f0b145e0000)
  to   space 8384K,   0% used [0x00007f0b145e0000, 0x00007f0b145e0000, 0x00007f0b14e10000)
 tenured generation   total 167936K, used 95170K [0x00007f0b618a0000, 0x00007f0b6bca0000, 0x00007f0c05200000)
   the space 167936K,  56% used [0x00007f0b618a0000, 0x00007f0b67590ab8, 0x00007f0b67590c00, 0x00007f0b6bca0000)
 Metaspace       used 43459K, committed 43584K, reserved 65536K
}
Event: 156,589 GC heap before
{Heap before GC invocations=24 (full 2):
 def new generation   total 75648K, used 71220K [0x00007f0b0fc00000, 0x00007f0b14e10000, 0x00007f0b618a0000)
  eden space 67264K, 100% used [0x00007f0b0fc00000, 0x00007f0b13db0000, 0x00007f0b13db0000)
  from space 8384K,  47% used [0x00007f0b13db0000, 0x00007f0b1418d0f8, 0x00007f0b145e0000)
  to   space 8384K,   0% used [0x00007f0b145e0000, 0x00007f0b145e0000, 0x00007f0b14e10000)
 tenured generation   total 167936K, used 95170K [0x00007f0b618a0000, 0x00007f0b6bca0000, 0x00007f0c05200000)
   the space 167936K,  56% used [0x00007f0b618a0000, 0x00007f0b67590ab8, 0x00007f0b67590c00, 0x00007f0b6bca0000)
 Metaspace       used 43491K, committed 43648K, reserved 65536K
}
Event: 156,593 GC heap after
{Heap after GC invocations=25 (full 2):
 def new generation   total 75648K, used 7200K [0x00007f0b0fc00000, 0x00007f0b14e10000, 0x00007f0b618a0000)
  eden space 67264K,   0% used [0x00007f0b0fc00000, 0x00007f0b0fc00000, 0x00007f0b13db0000)
  from space 8384K,  85% used [0x00007f0b145e0000, 0x00007f0b14ce83e8, 0x00007f0b14e10000)
  to   space 8384K,   0% used [0x00007f0b13db0000, 0x00007f0b13db0000, 0x00007f0b145e0000)
 tenured generation   total 167936K, used 95170K [0x00007f0b618a0000, 0x00007f0b6bca0000, 0x00007f0c05200000)
   the space 167936K,  56% used [0x00007f0b618a0000, 0x00007f0b67590ab8, 0x00007f0b67590c00, 0x00007f0b6bca0000)
 Metaspace       used 43491K, committed 43648K, reserved 65536K
}
Event: 173,618 GC heap before
{Heap before GC invocations=25 (full 2):
 def new generation   total 75648K, used 74464K [0x00007f0b0fc00000, 0x00007f0b14e10000, 0x00007f0b618a0000)
  eden space 67264K, 100% used [0x00007f0b0fc00000, 0x00007f0b13db0000, 0x00007f0b13db0000)
  from space 8384K,  85% used [0x00007f0b145e0000, 0x00007f0b14ce83e8, 0x00007f0b14e10000)
  to   space 8384K,   0% used [0x00007f0b13db0000, 0x00007f0b13db0000, 0x00007f0b145e0000)
 tenured generation   total 167936K, used 95170K [0x00007f0b618a0000, 0x00007f0b6bca0000, 0x00007f0c05200000)
   the space 167936K,  56% used [0x00007f0b618a0000, 0x00007f0b67590ab8, 0x00007f0b67590c00, 0x00007f0b6bca0000)
 Metaspace       used 43491K, committed 43648K, reserved 65536K
}
Event: 173,623 GC heap after
{Heap after GC invocations=26 (full 2):
 def new generation   total 75648K, used 5620K [0x00007f0b0fc00000, 0x00007f0b14e10000, 0x00007f0b618a0000)
  eden space 67264K,   0% used [0x00007f0b0fc00000, 0x00007f0b0fc00000, 0x00007f0b13db0000)
  from space 8384K,  67% used [0x00007f0b13db0000, 0x00007f0b1432d098, 0x00007f0b145e0000)
  to   space 8384K,   0% used [0x00007f0b145e0000, 0x00007f0b145e0000, 0x00007f0b14e10000)
 tenured generation   total 167936K, used 98750K [0x00007f0b618a0000, 0x00007f0b6bca0000, 0x00007f0c05200000)
   the space 167936K,  58% used [0x00007f0b618a0000, 0x00007f0b6790fbb0, 0x00007f0b6790fc00, 0x00007f0b6bca0000)
 Metaspace       used 43491K, committed 43648K, reserved 65536K
}
Event: 190,746 GC heap before
{Heap before GC invocations=26 (full 2):
 def new generation   total 75648K, used 72884K [0x00007f0b0fc00000, 0x00007f0b14e10000, 0x00007f0b618a0000)
  eden space 67264K, 100% used [0x00007f0b0fc00000, 0x00007f0b13db0000, 0x00007f0b13db0000)
  from space 8384K,  67% used [0x00007f0b13db0000, 0x00007f0b1432d098, 0x00007f0b145e0000)
  to   space 8384K,   0% used [0x00007f0b145e0000, 0x00007f0b145e0000, 0x00007f0b14e10000)
 tenured generation   total 167936K, used 98750K [0x00007f0b618a0000, 0x00007f0b6bca0000, 0x00007f0c05200000)
   the space 167936K,  58% used [0x00007f0b618a0000, 0x00007f0b6790fbb0, 0x00007f0b6790fc00, 0x00007f0b6bca0000)
 Metaspace       used 43491K, committed 43648K, reserved 65536K
}
Event: 190,754 GC heap after
{Heap after GC invocations=27 (full 2):
 def new generation   total 75648K, used 3738K [0x00007f0b0fc00000, 0x00007f0b14e10000, 0x00007f0b618a0000)
  eden space 67264K,   0% used [0x00007f0b0fc00000, 0x00007f0b0fc00000, 0x00007f0b13db0000)
  from space 8384K,  44% used [0x00007f0b145e0000, 0x00007f0b14986820, 0x00007f0b14e10000)
  to   space 8384K,   0% used [0x00007f0b13db0000, 0x00007f0b13db0000, 0x00007f0b145e0000)
 tenured generation   total 167936K, used 102334K [0x00007f0b618a0000, 0x00007f0b6bca0000, 0x00007f0c05200000)
   the space 167936K,  60% used [0x00007f0b618a0000, 0x00007f0b67c8f8c8, 0x00007f0b67c8fa00, 0x00007f0b6bca0000)
 Metaspace       used 43491K, committed 43648K, reserved 65536K
}
Event: 206,012 GC heap before
{Heap before GC invocations=27 (full 2):
 def new generation   total 75648K, used 71002K [0x00007f0b0fc00000, 0x00007f0b14e10000, 0x00007f0b618a0000)
  eden space 67264K, 100% used [0x00007f0b0fc00000, 0x00007f0b13db0000, 0x00007f0b13db0000)
  from space 8384K,  44% used [0x00007f0b145e0000, 0x00007f0b14986820, 0x00007f0b14e10000)
  to   space 8384K,   0% used [0x00007f0b13db0000, 0x00007f0b13db0000, 0x00007f0b145e0000)
 tenured generation   total 167936K, used 102334K [0x00007f0b618a0000, 0x00007f0b6bca0000, 0x00007f0c05200000)
   the space 167936K,  60% used [0x00007f0b618a0000, 0x00007f0b67c8f8c8, 0x00007f0b67c8fa00, 0x00007f0b6bca0000)
 Metaspace       used 43498K, committed 43648K, reserved 65536K
}
Event: 206,016 GC heap after
{Heap after GC invocations=28 (full 2):
 def new generation   total 75648K, used 5601K [0x00007f0b0fc00000, 0x00007f0b14e10000, 0x00007f0b618a0000)
  eden space 67264K,   0% used [0x00007f0b0fc00000, 0x00007f0b0fc00000, 0x00007f0b13db0000)
  from space 8384K,  66% used [0x00007f0b13db0000, 0x00007f0b143286f8, 0x00007f0b145e0000)
  to   space 8384K,   0% used [0x00007f0b145e0000, 0x00007f0b145e0000, 0x00007f0b14e10000)
 tenured generation   total 167936K, used 102334K [0x00007f0b618a0000, 0x00007f0b6bca0000, 0x00007f0c05200000)
   the space 167936K,  60% used [0x00007f0b618a0000, 0x00007f0b67c8f8c8, 0x00007f0b67c8fa00, 0x00007f0b6bca0000)
 Metaspace       used 43498K, committed 43648K, reserved 65536K
}
Event: 219,097 GC heap before
{Heap before GC invocations=28 (full 2):
 def new generation   total 75648K, used 72865K [0x00007f0b0fc00000, 0x00007f0b14e10000, 0x00007f0b618a0000)
  eden space 67264K, 100% used [0x00007f0b0fc00000, 0x00007f0b13db0000, 0x00007f0b13db0000)
  from space 8384K,  66% used [0x00007f0b13db0000, 0x00007f0b143286f8, 0x00007f0b145e0000)
  to   space 8384K,   0% used [0x00007f0b145e0000, 0x00007f0b145e0000, 0x00007f0b14e10000)
 tenured generation   total 167936K, used 102334K [0x00007f0b618a0000, 0x00007f0b6bca0000, 0x00007f0c05200000)
   the space 167936K,  60% used [0x00007f0b618a0000, 0x00007f0b67c8f8c8, 0x00007f0b67c8fa00, 0x00007f0b6bca0000)
 Metaspace       used 43523K, committed 43648K, reserved 65536K
}
Event: 219,101 GC heap after
{Heap after GC invocations=29 (full 2):
 def new generation   total 75648K, used 6400K [0x00007f0b0fc00000, 0x00007f0b14e10000, 0x00007f0b618a0000)
  eden space 67264K,   0% used [0x00007f0b0fc00000, 0x00007f0b0fc00000, 0x00007f0b13db0000)
  from space 8384K,  76% used [0x00007f0b145e0000, 0x00007f0b14c20298, 0x00007f0b14e10000)
  to   space 8384K,   0% used [0x00007f0b13db0000, 0x00007f0b13db0000, 0x00007f0b145e0000)
 tenured generation   total 167936K, used 104037K [0x00007f0b618a0000, 0x00007f0b6bca0000, 0x00007f0c05200000)
   the space 167936K,  61% used [0x00007f0b618a0000, 0x00007f0b67e397c8, 0x00007f0b67e39800, 0x00007f0b6bca0000)
 Metaspace       used 43523K, committed 43648K, reserved 65536K
}
Event: 234,420 GC heap before
{Heap before GC invocations=29 (full 2):
 def new generation   total 75648K, used 73664K [0x00007f0b0fc00000, 0x00007f0b14e10000, 0x00007f0b618a0000)
  eden space 67264K, 100% used [0x00007f0b0fc00000, 0x00007f0b13db0000, 0x00007f0b13db0000)
  from space 8384K,  76% used [0x00007f0b145e0000, 0x00007f0b14c20298, 0x00007f0b14e10000)
  to   space 8384K,   0% used [0x00007f0b13db0000, 0x00007f0b13db0000, 0x00007f0b145e0000)
 tenured generation   total 167936K, used 104037K [0x00007f0b618a0000, 0x00007f0b6bca0000, 0x00007f0c05200000)
   the space 167936K,  61% used [0x00007f0b618a0000, 0x00007f0b67e397c8, 0x00007f0b67e39800, 0x00007f0b6bca0000)
 Metaspace       used 43523K, committed 43648K, reserved 65536K
}
Event: 234,425 GC heap after
{Heap after GC invocations=30 (full 2):
 def new generation   total 75648K, used 5081K [0x00007f0b0fc00000, 0x00007f0b14e10000, 0x00007f0b618a0000)
  eden space 67264K,   0% used [0x00007f0b0fc00000, 0x00007f0b0fc00000, 0x00007f0b13db0000)
  from space 8384K,  60% used [0x00007f0b13db0000, 0x00007f0b142a6568, 0x00007f0b145e0000)
  to   space 8384K,   0% used [0x00007f0b145e0000, 0x00007f0b145e0000, 0x00007f0b14e10000)
 tenured generation   total 167936K, used 107549K [0x00007f0b618a0000, 0x00007f0b6bca0000, 0x00007f0c05200000)
   the space 167936K,  64% used [0x00007f0b618a0000, 0x00007f0b681a7458, 0x00007f0b681a7600, 0x00007f0b6bca0000)
 Metaspace       used 43523K, committed 43648K, reserved 65536K
}
Event: 250,263 GC heap before
{Heap before GC invocations=30 (full 2):
 def new generation   total 75648K, used 72345K [0x00007f0b0fc00000, 0x00007f0b14e10000, 0x00007f0b618a0000)
  eden space 67264K, 100% used [0x00007f0b0fc00000, 0x00007f0b13db0000, 0x00007f0b13db0000)
  from space 8384K,  60% used [0x00007f0b13db0000, 0x00007f0b142a6568, 0x00007f0b145e0000)
  to   space 8384K,   0% used [0x00007f0b145e0000, 0x00007f0b145e0000, 0x00007f0b14e10000)
 tenured generation   total 167936K, used 107549K [0x00007f0b618a0000, 0x00007f0b6bca0000, 0x00007f0c05200000)
   the space 167936K,  64% used [0x00007f0b618a0000, 0x00007f0b681a7458, 0x00007f0b681a7600, 0x00007f0b6bca0000)
 Metaspace       used 43526K, committed 43648K, reserved 65536K
}
Event: 250,269 GC heap after
{Heap after GC invocations=31 (full 2):
 def new generation   total 75648K, used 4322K [0x00007f0b0fc00000, 0x00007f0b14e10000, 0x00007f0b618a0000)
  eden space 67264K,   0% used [0x00007f0b0fc00000, 0x00007f0b0fc00000, 0x00007f0b13db0000)
  from space 8384K,  51% used [0x00007f0b145e0000, 0x00007f0b14a18890, 0x00007f0b14e10000)
  to   space 8384K,   0% used [0x00007f0b13db0000, 0x00007f0b13db0000, 0x00007f0b145e0000)
 tenured generation   total 167936K, used 110400K [0x00007f0b618a0000, 0x00007f0b6bca0000, 0x00007f0c05200000)
   the space 167936K,  65% used [0x00007f0b618a0000, 0x00007f0b68470398, 0x00007f0b68470400, 0x00007f0b6bca0000)
 Metaspace       used 43526K, committed 43648K, reserved 65536K
}
Event: 265,985 GC heap before
{Heap before GC invocations=31 (full 2):
 def new generation   total 75648K, used 71586K [0x00007f0b0fc00000, 0x00007f0b14e10000, 0x00007f0b618a0000)
  eden space 67264K, 100% used [0x00007f0b0fc00000, 0x00007f0b13db0000, 0x00007f0b13db0000)
  from space 8384K,  51% used [0x00007f0b145e0000, 0x00007f0b14a18890, 0x00007f0b14e10000)
  to   space 8384K,   0% used [0x00007f0b13db0000, 0x00007f0b13db0000, 0x00007f0b145e0000)
 tenured generation   total 167936K, used 110400K [0x00007f0b618a0000, 0x00007f0b6bca0000, 0x00007f0c05200000)
   the space 167936K,  65% used [0x00007f0b618a0000, 0x00007f0b68470398, 0x00007f0b68470400, 0x00007f0b6bca0000)
 Metaspace       used 43531K, committed 43648K, reserved 65536K
}
Event: 265,992 GC heap after
{Heap after GC invocations=32 (full 2):
 def new generation   total 75648K, used 4263K [0x00007f0b0fc00000, 0x00007f0b14e10000, 0x00007f0b618a0000)
  eden space 67264K,   0% used [0x00007f0b0fc00000, 0x00007f0b0fc00000, 0x00007f0b13db0000)
  from space 8384K,  50% used [0x00007f0b13db0000, 0x00007f0b141d9e18, 0x00007f0b145e0000)
  to   space 8384K,   0% used [0x00007f0b145e0000, 0x00007f0b145e0000, 0x00007f0b14e10000)
 tenured generation   total 167936K, used 112593K [0x00007f0b618a0000, 0x00007f0b6bca0000, 0x00007f0c05200000)
   the space 167936K,  67% used [0x00007f0b618a0000, 0x00007f0b68694478, 0x00007f0b68694600, 0x00007f0b6bca0000)
 Metaspace       used 43531K, committed 43648K, reserved 65536K
}

