# JRE version: OpenJDK Runtime Environment Temurin-21.0.9+10 (21.0.9+10) (build 21.0.9+10-LTS)
# Java VM: OpenJDK 64-Bit Server VM Temurin-21.0.9+10 (21.0.9+10-LTS, mixed mode, sharing, tiered, compressed oops, compressed class ptrs, g1 gc, linux-amd64)
Heap:
 garbage-first heap   total 274432K, used 76254K [0x000000070aa00000, 0x0000000800000000)
  region size 2048K, 1 young (2048K), 0 survivors (0K)
 Metaspace       used 28885K, committed 29248K, reserved 1114112K
  class space    used 2949K, committed 3136K, reserved 1048576K
GC Heap History (20 events):
Event: 15,271 GC heap before
{Heap before GC invocations=13 (full 1):
 garbage-first heap   total 161792K, used 98279K [0x000000070aa00000, 0x0000000800000000)
  region size 2048K, 7 young (14336K), 2 survivors (4096K)
 Metaspace       used 26991K, committed 27392K, reserved 1114112K
  class space    used 2880K, committed 3072K, reserved 1048576K
}
Event: 15,274 GC heap after
{Heap after GC invocations=14 (full 1):
 garbage-first heap   total 161792K, used 85629K [0x000000070aa00000, 0x0000000800000000)
  region size 2048K, 3 young (6144K), 3 survivors (6144K)
 Metaspace       used 26991K, committed 27392K, reserved 1114112K
  class space    used 2880K, committed 3072K, reserved 1048576K
}
Event: 15,274 GC heap before
{Heap before GC invocations=14 (full 1):
 garbage-first heap   total 161792K, used 85629K [0x000000070aa00000, 0x0000000800000000)
  region size 2048K, 3 young (6144K), 3 survivors (6144K)
 Metaspace       used 26991K, committed 27392K, reserved 1114112K
  class space    used 2880K, committed 3072K, reserved 1048576K
}
Event: 15,292 GC heap after
{Heap after GC invocations=15 (full 2):
 garbage-first heap   total 161792K, used 81912K [0x000000070aa00000, 0x0000000800000000)
  region size 2048K, 0 young (0K), 0 survivors (0K)
 Metaspace       used 26991K, committed 27392K, reserved 1114112K
  class space    used 2880K, committed 3072K, reserved 1048576K
}
Event: 15,294 GC heap before
{Heap before GC invocations=15 (full 2):
 garbage-first heap   total 161792K, used 81912K [0x000000070aa00000, 0x0000000800000000)
  region size 2048K, 1 young (2048K), 0 survivors (0K)
 Metaspace       used 27007K, committed 27392K, reserved 1114112K
  class space    used 2881K, committed 3072K, reserved 1048576K
}
Event: 15,294 GC heap after
{Heap after GC invocations=16 (full 2):
 garbage-first heap   total 161792K, used 82577K [0x000000070aa00000, 0x0000000800000000)
  region size 2048K, 1 young (2048K), 1 survivors (2048K)
 Metaspace       used 27007K, committed 27392K, reserved 1114112K
  class space    used 2881K, committed 3072K, reserved 1048576K
}
Event: 15,347 GC heap before
{Heap before GC invocations=17 (full 2):
 garbage-first heap   total 161792K, used 156305K [0x000000070aa00000, 0x0000000800000000)
  region size 2048K, 6 young (12288K), 1 survivors (2048K)
 Metaspace       used 27142K, committed 27520K, reserved 1114112K
  class space    used 2893K, committed 3072K, reserved 1048576K
}
Event: 15,349 GC heap after
{Heap after GC invocations=18 (full 2):
 garbage-first heap   total 493568K, used 84484K [0x000000070aa00000, 0x0000000800000000)
  region size 2048K, 3 young (6144K), 3 survivors (6144K)
 Metaspace       used 27142K, committed 27520K, reserved 1114112K
  class space    used 2893K, committed 3072K, reserved 1048576K
}
Event: 49,318 GC heap before
{Heap before GC invocations=18 (full 2):
 garbage-first heap   total 493568K, used 442884K [0x000000070aa00000, 0x0000000800000000)
  region size 2048K, 124 young (253952K), 3 survivors (6144K)
 Metaspace       used 28466K, committed 28800K, reserved 1114112K
  class space    used 2913K, committed 3072K, reserved 1048576K
}
Event: 49,323 GC heap after
{Heap after GC invocations=19 (full 2):
 garbage-first heap   total 493568K, used 88249K [0x000000070aa00000, 0x0000000800000000)
  region size 2048K, 5 young (10240K), 5 survivors (10240K)
 Metaspace       used 28466K, committed 28800K, reserved 1114112K
  class space    used 2913K, committed 3072K, reserved 1048576K
}
Event: 75,914 GC heap before
{Heap before GC invocations=19 (full 2):
 garbage-first heap   total 493568K, used 372921K [0x000000070aa00000, 0x0000000800000000)
  region size 2048K, 144 young (294912K), 5 survivors (10240K)
 Metaspace       used 28733K, committed 29056K, reserved 1114112K
  class space    used 2935K, committed 3072K, reserved 1048576K
}
Event: 75,921 GC heap after
{Heap after GC invocations=20 (full 2):
 garbage-first heap   total 493568K, used 97000K [0x000000070aa00000, 0x0000000800000000)
  region size 2048K, 9 young (18432K), 9 survivors (18432K)
 Metaspace       used 28733K, committed 29056K, reserved 1114112K
  class space    used 2935K, committed 3072K, reserved 1048576K
}
Event: 128,764 GC heap before
{Heap before GC invocations=20 (full 2):
 garbage-first heap   total 493568K, used 373480K [0x000000070aa00000, 0x0000000800000000)
  region size 2048K, 144 young (294912K), 9 survivors (18432K)
 Metaspace       used 28761K, committed 29120K, reserved 1114112K
  class space    used 2936K, committed 3072K, reserved 1048576K
}
Event: 128,780 GC heap after
{Heap after GC invocations=21 (full 2):
 garbage-first heap   total 493568K, used 102578K [0x000000070aa00000, 0x0000000800000000)
  region size 2048K, 12 young (24576K), 12 survivors (24576K)
 Metaspace       used 28761K, committed 29120K, reserved 1114112K
  class space    used 2936K, committed 3072K, reserved 1048576K
}
Event: 151,916 GC heap before
{Heap before GC invocations=21 (full 2):
 garbage-first heap   total 493568K, used 247986K [0x000000070aa00000, 0x0000000800000000)
  region size 2048K, 84 young (172032K), 12 survivors (24576K)
 Metaspace       used 28785K, committed 29120K, reserved 1114112K
  class space    used 2936K, committed 3072K, reserved 1048576K
}
Event: 151,939 GC heap after
{Heap after GC invocations=22 (full 3):
 garbage-first heap   total 294912K, used 76217K [0x000000070aa00000, 0x0000000800000000)
  region size 2048K, 0 young (0K), 0 survivors (0K)
 Metaspace       used 28785K, committed 29120K, reserved 1114112K
  class space    used 2936K, committed 3072K, reserved 1048576K
}
Event: 151,941 GC heap before
{Heap before GC invocations=22 (full 3):
 garbage-first heap   total 294912K, used 76217K [0x000000070aa00000, 0x0000000800000000)
  region size 2048K, 1 young (2048K), 0 survivors (0K)
 Metaspace       used 28858K, committed 29248K, reserved 1114112K
  class space    used 2947K, committed 3136K, reserved 1048576K
}
Event: 151,959 GC heap after
{Heap after GC invocations=23 (full 4):
 garbage-first heap   total 280576K, used 76210K [0x000000070aa00000, 0x0000000800000000)
  region size 2048K, 0 young (0K), 0 survivors (0K)
 Metaspace       used 28858K, committed 29248K, reserved 1114112K
  class space    used 2947K, committed 3136K, reserved 1048576K
}
Event: 154,238 GC heap before
{Heap before GC invocations=23 (full 4):
 garbage-first heap   total 280576K, used 84402K [0x000000070aa00000, 0x0000000800000000)
  region size 2048K, 5 young (10240K), 0 survivors (0K)
 Metaspace       used 28873K, committed 29248K, reserved 1114112K
  class space    used 2948K, committed 3136K, reserved 1048576K
}
Event: 154,261 GC heap after
{Heap after GC invocations=24 (full 5):
 garbage-first heap   total 274432K, used 76254K [0x000000070aa00000, 0x0000000800000000)
  region size 2048K, 0 young (0K), 0 survivors (0K)
 Metaspace       used 28873K, committed 29248K, reserved 1114112K
  class space    used 2948K, committed 3136K, reserved 1048576K
}

