# JRE version: OpenJDK Runtime Environment Temurin-21.0.9+10 (21.0.9+10) (build 21.0.9+10-LTS)
# Java VM: OpenJDK 64-Bit Server VM Temurin-21.0.9+10 (21.0.9+10-LTS, mixed mode, sharing, tiered, compressed oops, compressed class ptrs, g1 gc, linux-amd64)
Heap:
 garbage-first heap   total 260096K, used 95884K [0x000000070aa00000, 0x0000000800000000)
  region size 2048K, 2 young (4096K), 0 survivors (0K)
 Metaspace       used 29746K, committed 30080K, reserved 1114112K
  class space    used 2986K, committed 3136K, reserved 1048576K
GC Heap History (20 events):
Event: 351,768 GC heap before
{Heap before GC invocations=32 (full 6):
 garbage-first heap   total 258048K, used 235223K [0x000000070aa00000, 0x0000000800000000)
  region size 2048K, 75 young (153600K), 6 survivors (12288K)
 Metaspace       used 29681K, committed 30016K, reserved 1114112K
  class space    used 2985K, committed 3136K, reserved 1048576K
}
Event: 351,786 GC heap after
{Heap after GC invocations=33 (full 6):
 garbage-first heap   total 258048K, used 95970K [0x000000070aa00000, 0x0000000800000000)
  region size 2048K, 7 young (14336K), 7 survivors (14336K)
 Metaspace       used 29681K, committed 30016K, reserved 1114112K
  class space    used 2985K, committed 3136K, reserved 1048576K
}
Event: 383,119 GC heap before
{Heap before GC invocations=33 (full 6):
 garbage-first heap   total 258048K, used 235234K [0x000000070aa00000, 0x0000000800000000)
  region size 2048K, 75 young (153600K), 7 survivors (14336K)
 Metaspace       used 29730K, committed 30080K, reserved 1114112K
  class space    used 2985K, committed 3136K, reserved 1048576K
}
Event: 383,141 GC heap after
{Heap after GC invocations=34 (full 6):
 garbage-first heap   total 258048K, used 98364K [0x000000070aa00000, 0x0000000800000000)
  region size 2048K, 7 young (14336K), 7 survivors (14336K)
 Metaspace       used 29730K, committed 30080K, reserved 1114112K
  class space    used 2985K, committed 3136K, reserved 1048576K
}
Event: 412,620 GC heap before
{Heap before GC invocations=34 (full 6):
 garbage-first heap   total 258048K, used 237628K [0x000000070aa00000, 0x0000000800000000)
  region size 2048K, 75 young (153600K), 7 survivors (14336K)
 Metaspace       used 29730K, committed 30080K, reserved 1114112K
  class space    used 2985K, committed 3136K, reserved 1048576K
}
Event: 412,640 GC heap after
{Heap after GC invocations=35 (full 6):
 garbage-first heap   total 258048K, used 99381K [0x000000070aa00000, 0x0000000800000000)
  region size 2048K, 6 young (12288K), 6 survivors (12288K)
 Metaspace       used 29730K, committed 30080K, reserved 1114112K
  class space    used 2985K, committed 3136K, reserved 1048576K
}
Event: 445,518 GC heap before
{Heap before GC invocations=35 (full 6):
 garbage-first heap   total 258048K, used 238645K [0x000000070aa00000, 0x0000000800000000)
  region size 2048K, 74 young (151552K), 6 survivors (12288K)
 Metaspace       used 29731K, committed 30080K, reserved 1114112K
  class space    used 2985K, committed 3136K, reserved 1048576K
}
Event: 445,534 GC heap after
{Heap after GC invocations=36 (full 6):
 garbage-first heap   total 258048K, used 101343K [0x000000070aa00000, 0x0000000800000000)
  region size 2048K, 7 young (14336K), 7 survivors (14336K)
 Metaspace       used 29731K, committed 30080K, reserved 1114112K
  class space    used 2985K, committed 3136K, reserved 1048576K
}
Event: 479,119 GC heap before
{Heap before GC invocations=36 (full 6):
 garbage-first heap   total 258048K, used 238559K [0x000000070aa00000, 0x0000000800000000)
  region size 2048K, 74 young (151552K), 7 survivors (14336K)
 Metaspace       used 29731K, committed 30080K, reserved 1114112K
  class space    used 2985K, committed 3136K, reserved 1048576K
}
Event: 479,139 GC heap after
{Heap after GC invocations=37 (full 6):
 garbage-first heap   total 260096K, used 103687K [0x000000070aa00000, 0x0000000800000000)
  region size 2048K, 6 young (12288K), 6 survivors (12288K)
 Metaspace       used 29731K, committed 30080K, reserved 1114112K
  class space    used 2985K, committed 3136K, reserved 1048576K
}
Event: 513,664 GC heap before
{Heap before GC invocations=37 (full 6):
 garbage-first heap   total 260096K, used 240903K [0x000000070aa00000, 0x0000000800000000)
  region size 2048K, 73 young (149504K), 6 survivors (12288K)
 Metaspace       used 29732K, committed 30080K, reserved 1114112K
  class space    used 2985K, committed 3136K, reserved 1048576K
}
Event: 513,680 GC heap after
{Heap after GC invocations=38 (full 6):
 garbage-first heap   total 260096K, used 104531K [0x000000070aa00000, 0x0000000800000000)
  region size 2048K, 7 young (14336K), 7 survivors (14336K)
 Metaspace       used 29732K, committed 30080K, reserved 1114112K
  class space    used 2985K, committed 3136K, reserved 1048576K
}
Event: 548,369 GC heap before
{Heap before GC invocations=38 (full 6):
 garbage-first heap   total 260096K, used 239699K [0x000000070aa00000, 0x0000000800000000)
  region size 2048K, 73 young (149504K), 7 survivors (14336K)
 Metaspace       used 29732K, committed 30080K, reserved 1114112K
  class space    used 2985K, committed 3136K, reserved 1048576K
}
Event: 548,386 GC heap after
{Heap after GC invocations=39 (full 6):
 garbage-first heap   total 260096K, used 105737K [0x000000070aa00000, 0x0000000800000000)
  region size 2048K, 6 young (12288K), 6 survivors (12288K)
 Metaspace       used 29732K, committed 30080K, reserved 1114112K
  class space    used 2985K, committed 3136K, reserved 1048576K
}
Event: 583,219 GC heap before
{Heap before GC invocations=39 (full 6):
 garbage-first heap   total 260096K, used 240905K [0x000000070aa00000, 0x0000000800000000)
  region size 2048K, 72 young (147456K), 6 survivors (12288K)
 Metaspace       used 29732K, committed 30080K, reserved 1114112K
  class space    used 2985K, committed 3136K, reserved 1048576K
}
Event: 583,239 GC heap after
{Heap after GC invocations=40 (full 6):
 garbage-first heap   total 260096K, used 107723K [0x000000070aa00000, 0x0000000800000000)
  region size 2048K, 5 young (10240K), 5 survivors (10240K)
 Metaspace       used 29732K, committed 30080K, reserved 1114112K
  class space    used 2985K, committed 3136K, reserved 1048576K
}
Event: 616,571 GC heap before
{Heap before GC invocations=40 (full 6):
 garbage-first heap   total 260096K, used 240843K [0x000000070aa00000, 0x0000000800000000)
  region size 2048K, 70 young (143360K), 5 survivors (10240K)
 Metaspace       used 29733K, committed 30080K, reserved 1114112K
  class space    used 2985K, committed 3136K, reserved 1048576K
}
Event: 616,590 GC heap after
{Heap after GC invocations=41 (full 6):
 garbage-first heap   total 260096K, used 108740K [0x000000070aa00000, 0x0000000800000000)
  region size 2048K, 5 young (10240K), 5 survivors (10240K)
 Metaspace       used 29733K, committed 30080K, reserved 1114112K
  class space    used 2985K, committed 3136K, reserved 1048576K
}
Event: 643,640 GC heap before
{Heap before GC invocations=41 (full 6):
 garbage-first heap   total 260096K, used 215236K [0x000000070aa00000, 0x0000000800000000)
  region size 2048K, 58 young (118784K), 5 survivors (10240K)
 Metaspace       used 29734K, committed 30080K, reserved 1114112K
  class space    used 2985K, committed 3136K, reserved 1048576K
}
Event: 643,712 GC heap after
{Heap after GC invocations=42 (full 7):
 garbage-first heap   total 260096K, used 93836K [0x000000070aa00000, 0x0000000800000000)
  region size 2048K, 0 young (0K), 0 survivors (0K)
 Metaspace       used 29734K, committed 30080K, reserved 1114112K
  class space    used 2985K, committed 3136K, reserved 1048576K
}

