# JRE version: OpenJDK Runtime Environment Temurin-21.0.4+7 (21.0.4+7) (build 21.0.4+7-LTS)
# Java VM: OpenJDK 64-Bit Server VM Temurin-21.0.4+7 (21.0.4+7-LTS, mixed mode, sharing, tiered, compressed oops, compressed class ptrs, g1 gc, windows-amd64)
GC Precious Log:
 CardTable entry size: 512
 Card Set container configuration: InlinePtr #cards 4 size 8 Array Of Cards #cards 16 size 48 Howl #buckets 8 coarsen threshold 3686 Howl Bitmap #cards 512 size 80 coarsen threshold 460 Card regions per heap region 1 cards per card region 4096
 CPUs: 20 total, 20 available
 Memory: 16108M
 Large Page Support: Disabled
 NUMA Support: Disabled
 Compressed Oops: Enabled (Zero based)
 Heap Region Size: 2M
 Heap Min Capacity: 8M
 Heap Initial Capacity: 252M
 Heap Max Capacity: 4028M
 Pre-touch: Disabled
 Parallel Workers: 15
 Concurrent Workers: 4
 Concurrent Refinement Workers: 15
 Periodic GC: Disabled
Heap:
 garbage-first heap   total 452608K, used 224338K [0x0000000704400000, 0x0000000800000000)
  region size 2048K, 15 young (30720K), 5 survivors (10240K)
 Metaspace       used 21106K, committed 21440K, reserved 1114112K
  class space    used 2278K, committed 2432K, reserved 1048576K
GC Heap History (20 events):
Event: 3.788 GC heap before
{Heap before GC invocations=2 (full 0):
 garbage-first heap   total 258048K, used 193028K [0x0000000704400000, 0x0000000800000000)
  region size 2048K, 43 young (88064K), 2 survivors (4096K)
 Metaspace       used 20311K, committed 20608K, reserved 1114112K
  class space    used 2229K, committed 2368K, reserved 1048576K
}
Event: 3.791 GC heap after
{Heap after GC invocations=3 (full 0):
 garbage-first heap   total 258048K, used 24215K [0x0000000704400000, 0x0000000800000000)
  region size 2048K, 4 young (8192K), 4 survivors (8192K)
 Metaspace       used 20311K, committed 20608K, reserved 1114112K
  class space    used 2229K, committed 2368K, reserved 1048576K
}
Event: 3.823 GC heap before
{Heap before GC invocations=3 (full 0):
 garbage-first heap   total 258048K, used 122519K [0x0000000704400000, 0x0000000800000000)
  region size 2048K, 8 young (16384K), 4 survivors (8192K)
 Metaspace       used 20369K, committed 20672K, reserved 1114112K
  class space    used 2229K, committed 2368K, reserved 1048576K
}
Event: 3.825 GC heap after
{Heap after GC invocations=4 (full 0):
 garbage-first heap   total 258048K, used 24207K [0x0000000704400000, 0x0000000800000000)
  region size 2048K, 4 young (8192K), 4 survivors (8192K)
 Metaspace       used 20369K, committed 20672K, reserved 1114112K
  class space    used 2229K, committed 2368K, reserved 1048576K
}
Event: 9.306 GC heap before
{Heap before GC invocations=4 (full 0):
 garbage-first heap   total 258048K, used 177807K [0x0000000704400000, 0x0000000800000000)
  region size 2048K, 34 young (69632K), 4 survivors (8192K)
 Metaspace       used 20865K, committed 21184K, reserved 1114112K
  class space    used 2275K, committed 2432K, reserved 1048576K
}
Event: 9.308 GC heap after
{Heap after GC invocations=5 (full 0):
 garbage-first heap   total 258048K, used 28294K [0x0000000704400000, 0x0000000800000000)
  region size 2048K, 5 young (10240K), 5 survivors (10240K)
 Metaspace       used 20865K, committed 21184K, reserved 1114112K
  class space    used 2275K, committed 2432K, reserved 1048576K
}
Event: 9.349 GC heap before
{Heap before GC invocations=5 (full 0):
 garbage-first heap   total 258048K, used 142982K [0x0000000704400000, 0x0000000800000000)
  region size 2048K, 16 young (32768K), 5 survivors (10240K)
 Metaspace       used 20865K, committed 21184K, reserved 1114112K
  class space    used 2275K, committed 2432K, reserved 1048576K
}
Event: 9.351 GC heap after
{Heap after GC invocations=6 (full 0):
 garbage-first heap   total 258048K, used 29764K [0x0000000704400000, 0x0000000800000000)
  region size 2048K, 5 young (10240K), 5 survivors (10240K)
 Metaspace       used 20865K, committed 21184K, reserved 1114112K
  class space    used 2275K, committed 2432K, reserved 1048576K
}
Event: 9.378 GC heap before
{Heap before GC invocations=6 (full 0):
 garbage-first heap   total 258048K, used 134212K [0x0000000704400000, 0x0000000800000000)
  region size 2048K, 11 young (22528K), 5 survivors (10240K)
 Metaspace       used 20867K, committed 21184K, reserved 1114112K
  class space    used 2275K, committed 2432K, reserved 1048576K
}
Event: 9.380 GC heap after
{Heap after GC invocations=7 (full 0):
 garbage-first heap   total 258048K, used 28911K [0x0000000704400000, 0x0000000800000000)
  region size 2048K, 4 young (8192K), 4 survivors (8192K)
 Metaspace       used 20867K, committed 21184K, reserved 1114112K
  class space    used 2275K, committed 2432K, reserved 1048576K
}
Event: 9.401 GC heap before
{Heap before GC invocations=7 (full 0):
 garbage-first heap   total 258048K, used 129263K [0x0000000704400000, 0x0000000800000000)
  region size 2048K, 10 young (20480K), 4 survivors (8192K)
 Metaspace       used 20867K, committed 21184K, reserved 1114112K
  class space    used 2275K, committed 2432K, reserved 1048576K
}
Event: 9.403 GC heap after
{Heap after GC invocations=8 (full 0):
 garbage-first heap   total 258048K, used 28869K [0x0000000704400000, 0x0000000800000000)
  region size 2048K, 4 young (8192K), 4 survivors (8192K)
 Metaspace       used 20867K, committed 21184K, reserved 1114112K
  class space    used 2275K, committed 2432K, reserved 1048576K
}
Event: 9.419 GC heap before
{Heap before GC invocations=8 (full 0):
 garbage-first heap   total 258048K, used 131269K [0x0000000704400000, 0x0000000800000000)
  region size 2048K, 9 young (18432K), 4 survivors (8192K)
 Metaspace       used 20867K, committed 21184K, reserved 1114112K
  class space    used 2275K, committed 2432K, reserved 1048576K
}
Event: 9.421 GC heap after
{Heap after GC invocations=9 (full 0):
 garbage-first heap   total 452608K, used 31128K [0x0000000704400000, 0x0000000800000000)
  region size 2048K, 4 young (8192K), 4 survivors (8192K)
 Metaspace       used 20867K, committed 21184K, reserved 1114112K
  class space    used 2275K, committed 2432K, reserved 1048576K
}
Event: 9.466 GC heap before
{Heap before GC invocations=9 (full 0):
 garbage-first heap   total 452608K, used 223640K [0x0000000704400000, 0x0000000800000000)
  region size 2048K, 12 young (24576K), 4 survivors (8192K)
 Metaspace       used 20867K, committed 21184K, reserved 1114112K
  class space    used 2275K, committed 2432K, reserved 1048576K
}
Event: 9.470 GC heap after
{Heap after GC invocations=10 (full 0):
 garbage-first heap   total 452608K, used 32195K [0x0000000704400000, 0x0000000800000000)
  region size 2048K, 5 young (10240K), 5 survivors (10240K)
 Metaspace       used 20867K, committed 21184K, reserved 1114112K
  class space    used 2275K, committed 2432K, reserved 1048576K
}
Event: 9.506 GC heap before
{Heap before GC invocations=10 (full 0):
 garbage-first heap   total 452608K, used 224707K [0x0000000704400000, 0x0000000800000000)
  region size 2048K, 13 young (26624K), 5 survivors (10240K)
 Metaspace       used 20867K, committed 21184K, reserved 1114112K
  class space    used 2275K, committed 2432K, reserved 1048576K
}
Event: 9.510 GC heap after
{Heap after GC invocations=11 (full 0):
 garbage-first heap   total 452608K, used 33409K [0x0000000704400000, 0x0000000800000000)
  region size 2048K, 5 young (10240K), 5 survivors (10240K)
 Metaspace       used 20867K, committed 21184K, reserved 1114112K
  class space    used 2275K, committed 2432K, reserved 1048576K
}
Event: 9.547 GC heap before
{Heap before GC invocations=11 (full 0):
 garbage-first heap   total 452608K, used 215681K [0x0000000704400000, 0x0000000800000000)
  region size 2048K, 11 young (22528K), 5 survivors (10240K)
 Metaspace       used 20867K, committed 21184K, reserved 1114112K
  class space    used 2275K, committed 2432K, reserved 1048576K
}
Event: 9.550 GC heap after
{Heap after GC invocations=12 (full 0):
 garbage-first heap   total 452608K, used 33874K [0x0000000704400000, 0x0000000800000000)
  region size 2048K, 5 young (10240K), 5 survivors (10240K)
 Metaspace       used 20867K, committed 21184K, reserved 1114112K
  class space    used 2275K, committed 2432K, reserved 1048576K
}

