# JRE version: OpenJDK Runtime Environment Temurin-17.0.18+8 (17.0.18+8) (build 17.0.18+8)
# Java VM: OpenJDK 64-Bit Server VM Temurin-17.0.18+8 (17.0.18+8, mixed mode, tiered, serial gc, linux-amd64)
Heap:
 def new generation   total 75648K, used 25843K [0x00007efb83c00000, 0x00007efb88e10000, 0x00007efbd58a0000)
  eden space 67264K,  38% used [0x00007efb83c00000, 0x00007efb8553ce10, 0x00007efb87db0000)
  from space 8384K,   0% used [0x00007efb885e0000, 0x00007efb885e0000, 0x00007efb88e10000)
  to   space 8384K,   0% used [0x00007efb87db0000, 0x00007efb87db0000, 0x00007efb885e0000)
 tenured generation   total 167936K, used 28354K [0x00007efbd58a0000, 0x00007efbdfca0000, 0x00007efc79200000)
   the space 167936K,  16% used [0x00007efbd58a0000, 0x00007efbd7450a40, 0x00007efbd7450c00, 0x00007efbdfca0000)
 Metaspace       used 38858K, committed 38976K, reserved 65536K
GC Heap History (18 events):
Event: 1,789 GC heap before
{Heap before GC invocations=0 (full 0):
 def new generation   total 75584K, used 32316K [0x00007efb83c00000, 0x00007efb88e00000, 0x00007efbd58a0000)
  eden space 67200K,  48% used [0x00007efb83c00000, 0x00007efb85b8f120, 0x00007efb87da0000)
  from space 8384K,   0% used [0x00007efb87da0000, 0x00007efb87da0000, 0x00007efb885d0000)
  to   space 8384K,   0% used [0x00007efb885d0000, 0x00007efb885d0000, 0x00007efb88e00000)
 tenured generation   total 167936K, used 0K [0x00007efbd58a0000, 0x00007efbdfca0000, 0x00007efc79200000)
   the space 167936K,   0% used [0x00007efbd58a0000, 0x00007efbd58a0000, 0x00007efbd58a0200, 0x00007efbdfca0000)
 Metaspace       used 21455K, committed 21504K, reserved 65536K
}
Event: 1,801 GC heap after
{Heap after GC invocations=1 (full 1):
 def new generation   total 75648K, used 0K [0x00007efb83c00000, 0x00007efb88e10000, 0x00007efbd58a0000)
  eden space 67264K,   0% used [0x00007efb83c00000, 0x00007efb83c00000, 0x00007efb87db0000)
  from space 8384K,   0% used [0x00007efb87db0000, 0x00007efb87db0000, 0x00007efb885e0000)
  to   space 8384K,   0% used [0x00007efb885e0000, 0x00007efb885e0000, 0x00007efb88e10000)
 tenured generation   total 167936K, used 5553K [0x00007efbd58a0000, 0x00007efbdfca0000, 0x00007efc79200000)
   the space 167936K,   3% used [0x00007efbd58a0000, 0x00007efbd5e0c4c0, 0x00007efbd5e0c600, 0x00007efbdfca0000)
 Metaspace       used 21455K, committed 21504K, reserved 65536K
}
Event: 2,070 GC heap before
{Heap before GC invocations=1 (full 1):
 def new generation   total 75648K, used 67264K [0x00007efb83c00000, 0x00007efb88e10000, 0x00007efbd58a0000)
  eden space 67264K, 100% used [0x00007efb83c00000, 0x00007efb87db0000, 0x00007efb87db0000)
  from space 8384K,   0% used [0x00007efb87db0000, 0x00007efb87db0000, 0x00007efb885e0000)
  to   space 8384K,   0% used [0x00007efb885e0000, 0x00007efb885e0000, 0x00007efb88e10000)
 tenured generation   total 167936K, used 5553K [0x00007efbd58a0000, 0x00007efbdfca0000, 0x00007efc79200000)
   the space 167936K,   3% used [0x00007efbd58a0000, 0x00007efbd5e0c4c0, 0x00007efbd5e0c600, 0x00007efbdfca0000)
 Metaspace       used 27665K, committed 27776K, reserved 65536K
}
Event: 2,082 GC heap after
{Heap after GC invocations=2 (full 1):
 def new generation   total 75648K, used 6029K [0x00007efb83c00000, 0x00007efb88e10000, 0x00007efbd58a0000)
  eden space 67264K,   0% used [0x00007efb83c00000, 0x00007efb83c00000, 0x00007efb87db0000)
  from space 8384K,  71% used [0x00007efb885e0000, 0x00007efb88bc3528, 0x00007efb88e10000)
  to   space 8384K,   0% used [0x00007efb87db0000, 0x00007efb87db0000, 0x00007efb885e0000)
 tenured generation   total 167936K, used 15793K [0x00007efbd58a0000, 0x00007efbdfca0000, 0x00007efc79200000)
   the space 167936K,   9% used [0x00007efbd58a0000, 0x00007efbd680c4d8, 0x00007efbd680c600, 0x00007efbdfca0000)
 Metaspace       used 27665K, committed 27776K, reserved 65536K
}
Event: 2,229 GC heap before
{Heap before GC invocations=2 (full 1):
 def new generation   total 75648K, used 57613K [0x00007efb83c00000, 0x00007efb88e10000, 0x00007efbd58a0000)
  eden space 67264K,  76% used [0x00007efb83c00000, 0x00007efb86e60038, 0x00007efb87db0000)
  from space 8384K,  71% used [0x00007efb885e0000, 0x00007efb88bc3528, 0x00007efb88e10000)
  to   space 8384K,   0% used [0x00007efb87db0000, 0x00007efb87db0000, 0x00007efb885e0000)
 tenured generation   total 167936K, used 15793K [0x00007efbd58a0000, 0x00007efbdfca0000, 0x00007efc79200000)
   the space 167936K,   9% used [0x00007efbd58a0000, 0x00007efbd680c4d8, 0x00007efbd680c600, 0x00007efbdfca0000)
 Metaspace       used 28264K, committed 28416K, reserved 65536K
}
Event: 2,235 GC heap after
{Heap after GC invocations=3 (full 1):
 def new generation   total 75648K, used 1524K [0x00007efb83c00000, 0x00007efb88e10000, 0x00007efbd58a0000)
  eden space 67264K,   0% used [0x00007efb83c00000, 0x00007efb83c00000, 0x00007efb87db0000)
  from space 8384K,  18% used [0x00007efb87db0000, 0x00007efb87f2d128, 0x00007efb885e0000)
  to   space 8384K,   0% used [0x00007efb885e0000, 0x00007efb885e0000, 0x00007efb88e10000)
 tenured generation   total 167936K, used 21698K [0x00007efbd58a0000, 0x00007efbdfca0000, 0x00007efc79200000)
   the space 167936K,  12% used [0x00007efbd58a0000, 0x00007efbd6dd0b00, 0x00007efbd6dd0c00, 0x00007efbdfca0000)
 Metaspace       used 28264K, committed 28416K, reserved 65536K
}
Event: 2,317 GC heap before
{Heap before GC invocations=3 (full 1):
 def new generation   total 75648K, used 68788K [0x00007efb83c00000, 0x00007efb88e10000, 0x00007efbd58a0000)
  eden space 67264K, 100% used [0x00007efb83c00000, 0x00007efb87db0000, 0x00007efb87db0000)
  from space 8384K,  18% used [0x00007efb87db0000, 0x00007efb87f2d128, 0x00007efb885e0000)
  to   space 8384K,   0% used [0x00007efb885e0000, 0x00007efb885e0000, 0x00007efb88e10000)
 tenured generation   total 167936K, used 21698K [0x00007efbd58a0000, 0x00007efbdfca0000, 0x00007efc79200000)
   the space 167936K,  12% used [0x00007efbd58a0000, 0x00007efbd6dd0b00, 0x00007efbd6dd0c00, 0x00007efbdfca0000)
 Metaspace       used 28379K, committed 28480K, reserved 65536K
}
Event: 2,318 GC heap after
{Heap after GC invocations=4 (full 1):
 def new generation   total 75648K, used 2927K [0x00007efb83c00000, 0x00007efb88e10000, 0x00007efbd58a0000)
  eden space 67264K,   0% used [0x00007efb83c00000, 0x00007efb83c00000, 0x00007efb87db0000)
  from space 8384K,  34% used [0x00007efb885e0000, 0x00007efb888bbe90, 0x00007efb88e10000)
  to   space 8384K,   0% used [0x00007efb87db0000, 0x00007efb87db0000, 0x00007efb885e0000)
 tenured generation   total 167936K, used 21698K [0x00007efbd58a0000, 0x00007efbdfca0000, 0x00007efc79200000)
   the space 167936K,  12% used [0x00007efbd58a0000, 0x00007efbd6dd0b00, 0x00007efbd6dd0c00, 0x00007efbdfca0000)
 Metaspace       used 28379K, committed 28480K, reserved 65536K
}
Event: 3,069 GC heap before
{Heap before GC invocations=4 (full 1):
 def new generation   total 75648K, used 66073K [0x00007efb83c00000, 0x00007efb88e10000, 0x00007efbd58a0000)
  eden space 67264K,  93% used [0x00007efb83c00000, 0x00007efb879aa950, 0x00007efb87db0000)
  from space 8384K,  34% used [0x00007efb885e0000, 0x00007efb888bbe90, 0x00007efb88e10000)
  to   space 8384K,   0% used [0x00007efb87db0000, 0x00007efb87db0000, 0x00007efb885e0000)
 tenured generation   total 167936K, used 21698K [0x00007efbd58a0000, 0x00007efbdfca0000, 0x00007efc79200000)
   the space 167936K,  12% used [0x00007efbd58a0000, 0x00007efbd6dd0b00, 0x00007efbd6dd0c00, 0x00007efbdfca0000)
 Metaspace       used 30159K, committed 30272K, reserved 65536K
}
Event: 3,072 GC heap after
{Heap after GC invocations=5 (full 1):
 def new generation   total 75648K, used 3620K [0x00007efb83c00000, 0x00007efb88e10000, 0x00007efbd58a0000)
  eden space 67264K,   0% used [0x00007efb83c00000, 0x00007efb83c00000, 0x00007efb87db0000)
  from space 8384K,  43% used [0x00007efb87db0000, 0x00007efb881390a0, 0x00007efb885e0000)
  to   space 8384K,   0% used [0x00007efb885e0000, 0x00007efb885e0000, 0x00007efb88e10000)
 tenured generation   total 167936K, used 21698K [0x00007efbd58a0000, 0x00007efbdfca0000, 0x00007efc79200000)
   the space 167936K,  12% used [0x00007efbd58a0000, 0x00007efbd6dd0b00, 0x00007efbd6dd0c00, 0x00007efbdfca0000)
 Metaspace       used 30159K, committed 30272K, reserved 65536K
}
Event: 4,609 GC heap before
{Heap before GC invocations=5 (full 1):
 def new generation   total 75648K, used 57435K [0x00007efb83c00000, 0x00007efb88e10000, 0x00007efbd58a0000)
  eden space 67264K,  80% used [0x00007efb83c00000, 0x00007efb8708dd98, 0x00007efb87db0000)
  from space 8384K,  43% used [0x00007efb87db0000, 0x00007efb881390a0, 0x00007efb885e0000)
  to   space 8384K,   0% used [0x00007efb885e0000, 0x00007efb885e0000, 0x00007efb88e10000)
 tenured generation   total 167936K, used 21698K [0x00007efbd58a0000, 0x00007efbdfca0000, 0x00007efc79200000)
   the space 167936K,  12% used [0x00007efbd58a0000, 0x00007efbd6dd0b00, 0x00007efbd6dd0c00, 0x00007efbdfca0000)
 Metaspace       used 30262K, committed 30400K, reserved 65536K
}
Event: 4,611 GC heap after
{Heap after GC invocations=6 (full 1):
 def new generation   total 75648K, used 3915K [0x00007efb83c00000, 0x00007efb88e10000, 0x00007efbd58a0000)
  eden space 67264K,   0% used [0x00007efb83c00000, 0x00007efb83c00000, 0x00007efb87db0000)
  from space 8384K,  46% used [0x00007efb885e0000, 0x00007efb889b2f28, 0x00007efb88e10000)
  to   space 8384K,   0% used [0x00007efb87db0000, 0x00007efb87db0000, 0x00007efb885e0000)
 tenured generation   total 167936K, used 21698K [0x00007efbd58a0000, 0x00007efbdfca0000, 0x00007efc79200000)
   the space 167936K,  12% used [0x00007efbd58a0000, 0x00007efbd6dd0b00, 0x00007efbd6dd0c00, 0x00007efbdfca0000)
 Metaspace       used 30262K, committed 30400K, reserved 65536K
}
Event: 4,619 GC heap before
{Heap before GC invocations=6 (full 1):
 def new generation   total 75648K, used 55632K [0x00007efb83c00000, 0x00007efb88e10000, 0x00007efbd58a0000)
  eden space 67264K,  76% used [0x00007efb83c00000, 0x00007efb86e81480, 0x00007efb87db0000)
  from space 8384K,  46% used [0x00007efb885e0000, 0x00007efb889b2f28, 0x00007efb88e10000)
  to   space 8384K,   0% used [0x00007efb87db0000, 0x00007efb87db0000, 0x00007efb885e0000)
 tenured generation   total 167936K, used 21698K [0x00007efbd58a0000, 0x00007efbdfca0000, 0x00007efc79200000)
   the space 167936K,  12% used [0x00007efbd58a0000, 0x00007efbd6dd0b00, 0x00007efbd6dd0c00, 0x00007efbdfca0000)
 Metaspace       used 30262K, committed 30400K, reserved 65536K
}
Event: 4,621 GC heap after
{Heap after GC invocations=7 (full 1):
 def new generation   total 75648K, used 3852K [0x00007efb83c00000, 0x00007efb88e10000, 0x00007efbd58a0000)
  eden space 67264K,   0% used [0x00007efb83c00000, 0x00007efb83c00000, 0x00007efb87db0000)
  from space 8384K,  45% used [0x00007efb87db0000, 0x00007efb881732d8, 0x00007efb885e0000)
  to   space 8384K,   0% used [0x00007efb885e0000, 0x00007efb885e0000, 0x00007efb88e10000)
 tenured generation   total 167936K, used 21698K [0x00007efbd58a0000, 0x00007efbdfca0000, 0x00007efc79200000)
   the space 167936K,  12% used [0x00007efbd58a0000, 0x00007efbd6dd0b00, 0x00007efbd6dd0c00, 0x00007efbdfca0000)
 Metaspace       used 30262K, committed 30400K, reserved 65536K
}
Event: 13,118 GC heap before
{Heap before GC invocations=7 (full 1):
 def new generation   total 75648K, used 71116K [0x00007efb83c00000, 0x00007efb88e10000, 0x00007efbd58a0000)
  eden space 67264K, 100% used [0x00007efb83c00000, 0x00007efb87db0000, 0x00007efb87db0000)
  from space 8384K,  45% used [0x00007efb87db0000, 0x00007efb881732d8, 0x00007efb885e0000)
  to   space 8384K,   0% used [0x00007efb885e0000, 0x00007efb885e0000, 0x00007efb88e10000)
 tenured generation   total 167936K, used 21698K [0x00007efbd58a0000, 0x00007efbdfca0000, 0x00007efc79200000)
   the space 167936K,  12% used [0x00007efbd58a0000, 0x00007efbd6dd0b00, 0x00007efbd6dd0c00, 0x00007efbdfca0000)
 Metaspace       used 34514K, committed 34688K, reserved 65536K
}
Event: 13,123 GC heap after
{Heap after GC invocations=8 (full 1):
 def new generation   total 75648K, used 6625K [0x00007efb83c00000, 0x00007efb88e10000, 0x00007efbd58a0000)
  eden space 67264K,   0% used [0x00007efb83c00000, 0x00007efb83c00000, 0x00007efb87db0000)
  from space 8384K,  79% used [0x00007efb885e0000, 0x00007efb88c58420, 0x00007efb88e10000)
  to   space 8384K,   0% used [0x00007efb87db0000, 0x00007efb87db0000, 0x00007efb885e0000)
 tenured generation   total 167936K, used 21698K [0x00007efbd58a0000, 0x00007efbdfca0000, 0x00007efc79200000)
   the space 167936K,  12% used [0x00007efbd58a0000, 0x00007efbd6dd0b00, 0x00007efbd6dd0c00, 0x00007efbdfca0000)
 Metaspace       used 34514K, committed 34688K, reserved 65536K
}
Event: 13,154 GC heap before
{Heap before GC invocations=8 (full 1):
 def new generation   total 75648K, used 9964K [0x00007efb83c00000, 0x00007efb88e10000, 0x00007efbd58a0000)
  eden space 67264K,   4% used [0x00007efb83c00000, 0x00007efb83f42cc0, 0x00007efb87db0000)
  from space 8384K,  79% used [0x00007efb885e0000, 0x00007efb88c58420, 0x00007efb88e10000)
  to   space 8384K,   0% used [0x00007efb87db0000, 0x00007efb87db0000, 0x00007efb885e0000)
 tenured generation   total 167936K, used 21698K [0x00007efbd58a0000, 0x00007efbdfca0000, 0x00007efc79200000)
   the space 167936K,  12% used [0x00007efbd58a0000, 0x00007efbd6dd0b00, 0x00007efbd6dd0c00, 0x00007efbdfca0000)
 Metaspace       used 35745K, committed 35840K, reserved 65536K
}
Event: 13,176 GC heap after
{Heap after GC invocations=9 (full 2):
 def new generation   total 75648K, used 0K [0x00007efb83c00000, 0x00007efb88e10000, 0x00007efbd58a0000)
  eden space 67264K,   0% used [0x00007efb83c00000, 0x00007efb83c00000, 0x00007efb87db0000)
  from space 8384K,   0% used [0x00007efb885e0000, 0x00007efb885e0000, 0x00007efb88e10000)
  to   space 8384K,   0% used [0x00007efb87db0000, 0x00007efb87db0000, 0x00007efb885e0000)
 tenured generation   total 167936K, used 28354K [0x00007efbd58a0000, 0x00007efbdfca0000, 0x00007efc79200000)
   the space 167936K,  16% used [0x00007efbd58a0000, 0x00007efbd7450a40, 0x00007efbd7450c00, 0x00007efbdfca0000)
 Metaspace       used 35745K, committed 35840K, reserved 65536K
}

