# JRE version: OpenJDK Runtime Environment Temurin-17.0.18+8 (17.0.18+8) (build 17.0.18+8)
# Java VM: OpenJDK 64-Bit Server VM Temurin-17.0.18+8 (17.0.18+8, mixed mode, tiered, serial gc, linux-amd64)
Heap:
 def new generation   total 75648K, used 31735K [0x00007f1ac3c00000, 0x00007f1ac8e10000, 0x00007f1b158a0000)
  eden space 67264K,  43% used [0x00007f1ac3c00000, 0x00007f1ac588ab70, 0x00007f1ac7db0000)
  from space 8384K,  29% used [0x00007f1ac7db0000, 0x00007f1ac8023228, 0x00007f1ac85e0000)
  to   space 8384K,   0% used [0x00007f1ac85e0000, 0x00007f1ac85e0000, 0x00007f1ac8e10000)
 tenured generation   total 167936K, used 28445K [0x00007f1b158a0000, 0x00007f1b1fca0000, 0x00007f1bb9200000)
   the space 167936K,  16% used [0x00007f1b158a0000, 0x00007f1b174674c0, 0x00007f1b17467600, 0x00007f1b1fca0000)
 Metaspace       used 39204K, committed 39360K, reserved 65536K
GC Heap History (20 events):
Event: 3,154 GC heap before
{Heap before GC invocations=2 (full 1):
 def new generation   total 75648K, used 67575K [0x00007f1ac3c00000, 0x00007f1ac8e10000, 0x00007f1b158a0000)
  eden space 67264K,  91% used [0x00007f1ac3c00000, 0x00007f1ac77ecdb0, 0x00007f1ac7db0000)
  from space 8384K,  74% used [0x00007f1ac85e0000, 0x00007f1ac8bf1218, 0x00007f1ac8e10000)
  to   space 8384K,   0% used [0x00007f1ac7db0000, 0x00007f1ac7db0000, 0x00007f1ac85e0000)
 tenured generation   total 167936K, used 15775K [0x00007f1b158a0000, 0x00007f1b1fca0000, 0x00007f1bb9200000)
   the space 167936K,   9% used [0x00007f1b158a0000, 0x00007f1b16807ec8, 0x00007f1b16808000, 0x00007f1b1fca0000)
 Metaspace       used 28268K, committed 28416K, reserved 65536K
}
Event: 3,163 GC heap after
{Heap after GC invocations=3 (full 1):
 def new generation   total 75648K, used 1538K [0x00007f1ac3c00000, 0x00007f1ac8e10000, 0x00007f1b158a0000)
  eden space 67264K,   0% used [0x00007f1ac3c00000, 0x00007f1ac3c00000, 0x00007f1ac7db0000)
  from space 8384K,  18% used [0x00007f1ac7db0000, 0x00007f1ac7f30ba8, 0x00007f1ac85e0000)
  to   space 8384K,   0% used [0x00007f1ac85e0000, 0x00007f1ac85e0000, 0x00007f1ac8e10000)
 tenured generation   total 167936K, used 21731K [0x00007f1b158a0000, 0x00007f1b1fca0000, 0x00007f1bb9200000)
   the space 167936K,  12% used [0x00007f1b158a0000, 0x00007f1b16dd8ed8, 0x00007f1b16dd9000, 0x00007f1b1fca0000)
 Metaspace       used 28268K, committed 28416K, reserved 65536K
}
Event: 3,401 GC heap before
{Heap before GC invocations=3 (full 1):
 def new generation   total 75648K, used 60916K [0x00007f1ac3c00000, 0x00007f1ac8e10000, 0x00007f1b158a0000)
  eden space 67264K,  88% used [0x00007f1ac3c00000, 0x00007f1ac75fc6a8, 0x00007f1ac7db0000)
  from space 8384K,  18% used [0x00007f1ac7db0000, 0x00007f1ac7f30ba8, 0x00007f1ac85e0000)
  to   space 8384K,   0% used [0x00007f1ac85e0000, 0x00007f1ac85e0000, 0x00007f1ac8e10000)
 tenured generation   total 167936K, used 21731K [0x00007f1b158a0000, 0x00007f1b1fca0000, 0x00007f1bb9200000)
   the space 167936K,  12% used [0x00007f1b158a0000, 0x00007f1b16dd8ed8, 0x00007f1b16dd9000, 0x00007f1b1fca0000)
 Metaspace       used 29693K, committed 29824K, reserved 65536K
}
Event: 3,404 GC heap after
{Heap after GC invocations=4 (full 1):
 def new generation   total 75648K, used 3449K [0x00007f1ac3c00000, 0x00007f1ac8e10000, 0x00007f1b158a0000)
  eden space 67264K,   0% used [0x00007f1ac3c00000, 0x00007f1ac3c00000, 0x00007f1ac7db0000)
  from space 8384K,  41% used [0x00007f1ac85e0000, 0x00007f1ac893e768, 0x00007f1ac8e10000)
  to   space 8384K,   0% used [0x00007f1ac7db0000, 0x00007f1ac7db0000, 0x00007f1ac85e0000)
 tenured generation   total 167936K, used 21731K [0x00007f1b158a0000, 0x00007f1b1fca0000, 0x00007f1bb9200000)
   the space 167936K,  12% used [0x00007f1b158a0000, 0x00007f1b16dd8ed8, 0x00007f1b16dd9000, 0x00007f1b1fca0000)
 Metaspace       used 29693K, committed 29824K, reserved 65536K
}
Event: 7,480 GC heap before
{Heap before GC invocations=4 (full 1):
 def new generation   total 75648K, used 57057K [0x00007f1ac3c00000, 0x00007f1ac8e10000, 0x00007f1b158a0000)
  eden space 67264K,  79% used [0x00007f1ac3c00000, 0x00007f1ac7059da0, 0x00007f1ac7db0000)
  from space 8384K,  41% used [0x00007f1ac85e0000, 0x00007f1ac893e768, 0x00007f1ac8e10000)
  to   space 8384K,   0% used [0x00007f1ac7db0000, 0x00007f1ac7db0000, 0x00007f1ac85e0000)
 tenured generation   total 167936K, used 21731K [0x00007f1b158a0000, 0x00007f1b1fca0000, 0x00007f1bb9200000)
   the space 167936K,  12% used [0x00007f1b158a0000, 0x00007f1b16dd8ed8, 0x00007f1b16dd9000, 0x00007f1b1fca0000)
 Metaspace       used 30202K, committed 30272K, reserved 65536K
}
Event: 7,482 GC heap after
{Heap after GC invocations=5 (full 1):
 def new generation   total 75648K, used 3570K [0x00007f1ac3c00000, 0x00007f1ac8e10000, 0x00007f1b158a0000)
  eden space 67264K,   0% used [0x00007f1ac3c00000, 0x00007f1ac3c00000, 0x00007f1ac7db0000)
  from space 8384K,  42% used [0x00007f1ac7db0000, 0x00007f1ac812cb80, 0x00007f1ac85e0000)
  to   space 8384K,   0% used [0x00007f1ac85e0000, 0x00007f1ac85e0000, 0x00007f1ac8e10000)
 tenured generation   total 167936K, used 21731K [0x00007f1b158a0000, 0x00007f1b1fca0000, 0x00007f1bb9200000)
   the space 167936K,  12% used [0x00007f1b158a0000, 0x00007f1b16dd8ed8, 0x00007f1b16dd9000, 0x00007f1b1fca0000)
 Metaspace       used 30202K, committed 30272K, reserved 65536K
}
Event: 7,990 GC heap before
{Heap before GC invocations=5 (full 1):
 def new generation   total 75648K, used 55740K [0x00007f1ac3c00000, 0x00007f1ac8e10000, 0x00007f1b158a0000)
  eden space 67264K,  77% used [0x00007f1ac3c00000, 0x00007f1ac6ef2698, 0x00007f1ac7db0000)
  from space 8384K,  42% used [0x00007f1ac7db0000, 0x00007f1ac812cb80, 0x00007f1ac85e0000)
  to   space 8384K,   0% used [0x00007f1ac85e0000, 0x00007f1ac85e0000, 0x00007f1ac8e10000)
 tenured generation   total 167936K, used 21731K [0x00007f1b158a0000, 0x00007f1b1fca0000, 0x00007f1bb9200000)
   the space 167936K,  12% used [0x00007f1b158a0000, 0x00007f1b16dd8ed8, 0x00007f1b16dd9000, 0x00007f1b1fca0000)
 Metaspace       used 30262K, committed 30400K, reserved 65536K
}
Event: 7,993 GC heap after
{Heap after GC invocations=6 (full 1):
 def new generation   total 75648K, used 3885K [0x00007f1ac3c00000, 0x00007f1ac8e10000, 0x00007f1b158a0000)
  eden space 67264K,   0% used [0x00007f1ac3c00000, 0x00007f1ac3c00000, 0x00007f1ac7db0000)
  from space 8384K,  46% used [0x00007f1ac85e0000, 0x00007f1ac89ab710, 0x00007f1ac8e10000)
  to   space 8384K,   0% used [0x00007f1ac7db0000, 0x00007f1ac7db0000, 0x00007f1ac85e0000)
 tenured generation   total 167936K, used 21731K [0x00007f1b158a0000, 0x00007f1b1fca0000, 0x00007f1bb9200000)
   the space 167936K,  12% used [0x00007f1b158a0000, 0x00007f1b16dd8ed8, 0x00007f1b16dd9000, 0x00007f1b1fca0000)
 Metaspace       used 30262K, committed 30400K, reserved 65536K
}
Event: 8,001 GC heap before
{Heap before GC invocations=6 (full 1):
 def new generation   total 75648K, used 55584K [0x00007f1ac3c00000, 0x00007f1ac8e10000, 0x00007f1b158a0000)
  eden space 67264K,  76% used [0x00007f1ac3c00000, 0x00007f1ac6e7cb90, 0x00007f1ac7db0000)
  from space 8384K,  46% used [0x00007f1ac85e0000, 0x00007f1ac89ab710, 0x00007f1ac8e10000)
  to   space 8384K,   0% used [0x00007f1ac7db0000, 0x00007f1ac7db0000, 0x00007f1ac85e0000)
 tenured generation   total 167936K, used 21731K [0x00007f1b158a0000, 0x00007f1b1fca0000, 0x00007f1bb9200000)
   the space 167936K,  12% used [0x00007f1b158a0000, 0x00007f1b16dd8ed8, 0x00007f1b16dd9000, 0x00007f1b1fca0000)
 Metaspace       used 30262K, committed 30400K, reserved 65536K
}
Event: 8,003 GC heap after
{Heap after GC invocations=7 (full 1):
 def new generation   total 75648K, used 3822K [0x00007f1ac3c00000, 0x00007f1ac8e10000, 0x00007f1b158a0000)
  eden space 67264K,   0% used [0x00007f1ac3c00000, 0x00007f1ac3c00000, 0x00007f1ac7db0000)
  from space 8384K,  45% used [0x00007f1ac7db0000, 0x00007f1ac816bb30, 0x00007f1ac85e0000)
  to   space 8384K,   0% used [0x00007f1ac85e0000, 0x00007f1ac85e0000, 0x00007f1ac8e10000)
 tenured generation   total 167936K, used 21731K [0x00007f1b158a0000, 0x00007f1b1fca0000, 0x00007f1bb9200000)
   the space 167936K,  12% used [0x00007f1b158a0000, 0x00007f1b16dd8ed8, 0x00007f1b16dd9000, 0x00007f1b1fca0000)
 Metaspace       used 30262K, committed 30400K, reserved 65536K
}
Event: 8,548 GC heap before
{Heap before GC invocations=7 (full 1):
 def new generation   total 75648K, used 60267K [0x00007f1ac3c00000, 0x00007f1ac8e10000, 0x00007f1b158a0000)
  eden space 67264K,  83% used [0x00007f1ac3c00000, 0x00007f1ac731f178, 0x00007f1ac7db0000)
  from space 8384K,  45% used [0x00007f1ac7db0000, 0x00007f1ac816bb30, 0x00007f1ac85e0000)
  to   space 8384K,   0% used [0x00007f1ac85e0000, 0x00007f1ac85e0000, 0x00007f1ac8e10000)
 tenured generation   total 167936K, used 21731K [0x00007f1b158a0000, 0x00007f1b1fca0000, 0x00007f1bb9200000)
   the space 167936K,  12% used [0x00007f1b158a0000, 0x00007f1b16dd8ed8, 0x00007f1b16dd9000, 0x00007f1b1fca0000)
 Metaspace       used 31219K, committed 31296K, reserved 65536K
}
Event: 8,550 GC heap after
{Heap after GC invocations=8 (full 1):
 def new generation   total 75648K, used 4075K [0x00007f1ac3c00000, 0x00007f1ac8e10000, 0x00007f1b158a0000)
  eden space 67264K,   0% used [0x00007f1ac3c00000, 0x00007f1ac3c00000, 0x00007f1ac7db0000)
  from space 8384K,  48% used [0x00007f1ac85e0000, 0x00007f1ac89daf60, 0x00007f1ac8e10000)
  to   space 8384K,   0% used [0x00007f1ac7db0000, 0x00007f1ac7db0000, 0x00007f1ac85e0000)
 tenured generation   total 167936K, used 21731K [0x00007f1b158a0000, 0x00007f1b1fca0000, 0x00007f1bb9200000)
   the space 167936K,  12% used [0x00007f1b158a0000, 0x00007f1b16dd8ed8, 0x00007f1b16dd9000, 0x00007f1b1fca0000)
 Metaspace       used 31219K, committed 31296K, reserved 65536K
}
Event: 8,811 GC heap before
{Heap before GC invocations=8 (full 1):
 def new generation   total 75648K, used 68032K [0x00007f1ac3c00000, 0x00007f1ac8e10000, 0x00007f1b158a0000)
  eden space 67264K,  95% used [0x00007f1ac3c00000, 0x00007f1ac7a753b8, 0x00007f1ac7db0000)
  from space 8384K,  48% used [0x00007f1ac85e0000, 0x00007f1ac89daf60, 0x00007f1ac8e10000)
  to   space 8384K,   0% used [0x00007f1ac7db0000, 0x00007f1ac7db0000, 0x00007f1ac85e0000)
 tenured generation   total 167936K, used 21731K [0x00007f1b158a0000, 0x00007f1b1fca0000, 0x00007f1bb9200000)
   the space 167936K,  12% used [0x00007f1b158a0000, 0x00007f1b16dd8ed8, 0x00007f1b16dd9000, 0x00007f1b1fca0000)
 Metaspace       used 35738K, committed 35840K, reserved 65536K
}
Event: 8,838 GC heap after
{Heap after GC invocations=9 (full 2):
 def new generation   total 75648K, used 0K [0x00007f1ac3c00000, 0x00007f1ac8e10000, 0x00007f1b158a0000)
  eden space 67264K,   0% used [0x00007f1ac3c00000, 0x00007f1ac3c00000, 0x00007f1ac7db0000)
  from space 8384K,   0% used [0x00007f1ac85e0000, 0x00007f1ac85e0000, 0x00007f1ac8e10000)
  to   space 8384K,   0% used [0x00007f1ac7db0000, 0x00007f1ac7db0000, 0x00007f1ac85e0000)
 tenured generation   total 167936K, used 28445K [0x00007f1b158a0000, 0x00007f1b1fca0000, 0x00007f1bb9200000)
   the space 167936K,  16% used [0x00007f1b158a0000, 0x00007f1b174674c0, 0x00007f1b17467600, 0x00007f1b1fca0000)
 Metaspace       used 35738K, committed 35840K, reserved 65536K
}
Event: 10,051 GC heap before
{Heap before GC invocations=9 (full 2):
 def new generation   total 75648K, used 57668K [0x00007f1ac3c00000, 0x00007f1ac8e10000, 0x00007f1b158a0000)
  eden space 67264K,  85% used [0x00007f1ac3c00000, 0x00007f1ac7451250, 0x00007f1ac7db0000)
  from space 8384K,   0% used [0x00007f1ac85e0000, 0x00007f1ac85e0000, 0x00007f1ac8e10000)
  to   space 8384K,   0% used [0x00007f1ac7db0000, 0x00007f1ac7db0000, 0x00007f1ac85e0000)
 tenured generation   total 167936K, used 28445K [0x00007f1b158a0000, 0x00007f1b1fca0000, 0x00007f1bb9200000)
   the space 167936K,  16% used [0x00007f1b158a0000, 0x00007f1b174674c0, 0x00007f1b17467600, 0x00007f1b1fca0000)
 Metaspace       used 37960K, committed 38080K, reserved 65536K
}
Event: 10,055 GC heap after
{Heap after GC invocations=10 (full 2):
 def new generation   total 75648K, used 757K [0x00007f1ac3c00000, 0x00007f1ac8e10000, 0x00007f1b158a0000)
  eden space 67264K,   0% used [0x00007f1ac3c00000, 0x00007f1ac3c00000, 0x00007f1ac7db0000)
  from space 8384K,   9% used [0x00007f1ac7db0000, 0x00007f1ac7e6d590, 0x00007f1ac85e0000)
  to   space 8384K,   0% used [0x00007f1ac85e0000, 0x00007f1ac85e0000, 0x00007f1ac8e10000)
 tenured generation   total 167936K, used 28445K [0x00007f1b158a0000, 0x00007f1b1fca0000, 0x00007f1bb9200000)
   the space 167936K,  16% used [0x00007f1b158a0000, 0x00007f1b174674c0, 0x00007f1b17467600, 0x00007f1b1fca0000)
 Metaspace       used 37960K, committed 38080K, reserved 65536K
}
Event: 38,101 GC heap before
{Heap before GC invocations=10 (full 2):
 def new generation   total 75648K, used 52432K [0x00007f1ac3c00000, 0x00007f1ac8e10000, 0x00007f1b158a0000)
  eden space 67264K,  76% used [0x00007f1ac3c00000, 0x00007f1ac6e76c20, 0x00007f1ac7db0000)
  from space 8384K,   9% used [0x00007f1ac7db0000, 0x00007f1ac7e6d590, 0x00007f1ac85e0000)
  to   space 8384K,   0% used [0x00007f1ac85e0000, 0x00007f1ac85e0000, 0x00007f1ac8e10000)
 tenured generation   total 167936K, used 28445K [0x00007f1b158a0000, 0x00007f1b1fca0000, 0x00007f1bb9200000)
   the space 167936K,  16% used [0x00007f1b158a0000, 0x00007f1b174674c0, 0x00007f1b17467600, 0x00007f1b1fca0000)
 Metaspace       used 38899K, committed 38976K, reserved 65536K
}
Event: 38,104 GC heap after
{Heap after GC invocations=11 (full 2):
 def new generation   total 75648K, used 1727K [0x00007f1ac3c00000, 0x00007f1ac8e10000, 0x00007f1b158a0000)
  eden space 67264K,   0% used [0x00007f1ac3c00000, 0x00007f1ac3c00000, 0x00007f1ac7db0000)
  from space 8384K,  20% used [0x00007f1ac85e0000, 0x00007f1ac878ff60, 0x00007f1ac8e10000)
  to   space 8384K,   0% used [0x00007f1ac7db0000, 0x00007f1ac7db0000, 0x00007f1ac85e0000)
 tenured generation   total 167936K, used 28445K [0x00007f1b158a0000, 0x00007f1b1fca0000, 0x00007f1bb9200000)
   the space 167936K,  16% used [0x00007f1b158a0000, 0x00007f1b174674c0, 0x00007f1b17467600, 0x00007f1b1fca0000)
 Metaspace       used 38899K, committed 38976K, reserved 65536K
}
Event: 231,217 GC heap before
{Heap before GC invocations=11 (full 2):
 def new generation   total 75648K, used 68991K [0x00007f1ac3c00000, 0x00007f1ac8e10000, 0x00007f1b158a0000)
  eden space 67264K, 100% used [0x00007f1ac3c00000, 0x00007f1ac7db0000, 0x00007f1ac7db0000)
  from space 8384K,  20% used [0x00007f1ac85e0000, 0x00007f1ac878ff60, 0x00007f1ac8e10000)
  to   space 8384K,   0% used [0x00007f1ac7db0000, 0x00007f1ac7db0000, 0x00007f1ac85e0000)
 tenured generation   total 167936K, used 28445K [0x00007f1b158a0000, 0x00007f1b1fca0000, 0x00007f1bb9200000)
   the space 167936K,  16% used [0x00007f1b158a0000, 0x00007f1b174674c0, 0x00007f1b17467600, 0x00007f1b1fca0000)
 Metaspace       used 39167K, committed 39296K, reserved 65536K
}
Event: 231,220 GC heap after
{Heap after GC invocations=12 (full 2):
 def new generation   total 75648K, used 2508K [0x00007f1ac3c00000, 0x00007f1ac8e10000, 0x00007f1b158a0000)
  eden space 67264K,   0% used [0x00007f1ac3c00000, 0x00007f1ac3c00000, 0x00007f1ac7db0000)
  from space 8384K,  29% used [0x00007f1ac7db0000, 0x00007f1ac8023228, 0x00007f1ac85e0000)
  to   space 8384K,   0% used [0x00007f1ac85e0000, 0x00007f1ac85e0000, 0x00007f1ac8e10000)
 tenured generation   total 167936K, used 28445K [0x00007f1b158a0000, 0x00007f1b1fca0000, 0x00007f1bb9200000)
   the space 167936K,  16% used [0x00007f1b158a0000, 0x00007f1b174674c0, 0x00007f1b17467600, 0x00007f1b1fca0000)
 Metaspace       used 39167K, committed 39296K, reserved 65536K
}

