# JRE version: OpenJDK Runtime Environment Temurin-21.0.9+10 (21.0.9+10) (build 21.0.9+10-LTS)
# Java VM: OpenJDK 64-Bit Server VM Temurin-21.0.9+10 (21.0.9+10-LTS, mixed mode, sharing, tiered, compressed oops, compressed class ptrs, g1 gc, linux-amd64)
Heap:
 garbage-first heap   total 643072K, used 188906K [0x000000070aa00000, 0x0000000800000000)
  region size 2048K, 2 young (4096K), 0 survivors (0K)
 Metaspace       used 30446K, committed 30784K, reserved 1114112K
  class space    used 3016K, committed 3200K, reserved 1048576K
GC Heap History (20 events):
Event: 120,314 GC heap before
{Heap before GC invocations=40 (full 6):
 garbage-first heap   total 452608K, used 188158K [0x000000070aa00000, 0x0000000800000000)
  region size 2048K, 1 young (2048K), 0 survivors (0K)
 Metaspace       used 29928K, committed 30336K, reserved 1114112K
  class space    used 3009K, committed 3200K, reserved 1048576K
}
Event: 120,314 GC heap after
{Heap after GC invocations=41 (full 6):
 garbage-first heap   total 452608K, used 192781K [0x000000070aa00000, 0x0000000800000000)
  region size 2048K, 3 young (6144K), 3 survivors (6144K)
 Metaspace       used 29928K, committed 30336K, reserved 1114112K
  class space    used 3009K, committed 3200K, reserved 1048576K
}
Event: 135,321 GC heap before
{Heap before GC invocations=42 (full 6):
 garbage-first heap   total 452608K, used 438541K [0x000000070aa00000, 0x0000000800000000)
  region size 2048K, 82 young (167936K), 3 survivors (6144K)
 Metaspace       used 30114K, committed 30464K, reserved 1114112K
  class space    used 3009K, committed 3200K, reserved 1048576K
}
Event: 135,324 GC heap after
{Heap after GC invocations=43 (full 6):
 garbage-first heap   total 462848K, used 197670K [0x000000070aa00000, 0x0000000800000000)
  region size 2048K, 5 young (10240K), 5 survivors (10240K)
 Metaspace       used 30114K, committed 30464K, reserved 1114112K
  class space    used 3009K, committed 3200K, reserved 1048576K
}
Event: 152,299 GC heap before
{Heap before GC invocations=43 (full 6):
 garbage-first heap   total 462848K, used 443430K [0x000000070aa00000, 0x0000000800000000)
  region size 2048K, 107 young (219136K), 5 survivors (10240K)
 Metaspace       used 30225K, committed 30656K, reserved 1114112K
  class space    used 3014K, committed 3200K, reserved 1048576K
}
Event: 152,303 GC heap after
{Heap after GC invocations=44 (full 6):
 garbage-first heap   total 477184K, used 208157K [0x000000070aa00000, 0x0000000800000000)
  region size 2048K, 10 young (20480K), 10 survivors (20480K)
 Metaspace       used 30225K, committed 30656K, reserved 1114112K
  class space    used 3014K, committed 3200K, reserved 1048576K
}
Event: 164,578 GC heap before
{Heap before GC invocations=44 (full 6):
 garbage-first heap   total 477184K, used 423197K [0x000000070aa00000, 0x0000000800000000)
  region size 2048K, 115 young (235520K), 10 survivors (20480K)
 Metaspace       used 30259K, committed 30656K, reserved 1114112K
  class space    used 3014K, committed 3200K, reserved 1048576K
}
Event: 164,582 GC heap after
{Heap after GC invocations=45 (full 6):
 garbage-first heap   total 477184K, used 222770K [0x000000070aa00000, 0x0000000800000000)
  region size 2048K, 14 young (28672K), 14 survivors (28672K)
 Metaspace       used 30259K, committed 30656K, reserved 1114112K
  class space    used 3014K, committed 3200K, reserved 1048576K
}
Event: 176,990 GC heap before
{Heap before GC invocations=46 (full 6):
 garbage-first heap   total 477184K, used 441906K [0x000000070aa00000, 0x0000000800000000)
  region size 2048K, 112 young (229376K), 14 survivors (28672K)
 Metaspace       used 30291K, committed 30720K, reserved 1114112K
  class space    used 3014K, committed 3200K, reserved 1048576K
}
Event: 176,996 GC heap after
{Heap after GC invocations=47 (full 6):
 garbage-first heap   total 1073152K, used 235421K [0x000000070aa00000, 0x0000000800000000)
  region size 2048K, 8 young (16384K), 8 survivors (16384K)
 Metaspace       used 30291K, committed 30720K, reserved 1114112K
  class space    used 3014K, committed 3200K, reserved 1048576K
}
Event: 218,873 GC heap before
{Heap before GC invocations=47 (full 6):
 garbage-first heap   total 1073152K, used 862109K [0x000000070aa00000, 0x0000000800000000)
  region size 2048K, 314 young (643072K), 8 survivors (16384K)
 Metaspace       used 30342K, committed 30720K, reserved 1114112K
  class space    used 3014K, committed 3200K, reserved 1048576K
}
Event: 218,881 GC heap after
{Heap after GC invocations=48 (full 6):
 garbage-first heap   total 1073152K, used 265280K [0x000000070aa00000, 0x0000000800000000)
  region size 2048K, 24 young (49152K), 24 survivors (49152K)
 Metaspace       used 30342K, committed 30720K, reserved 1114112K
  class space    used 3014K, committed 3200K, reserved 1048576K
}
Event: 333,349 GC heap before
{Heap before GC invocations=48 (full 6):
 garbage-first heap   total 1073152K, used 859200K [0x000000070aa00000, 0x0000000800000000)
  region size 2048K, 314 young (643072K), 24 survivors (49152K)
 Metaspace       used 30374K, committed 30784K, reserved 1114112K
  class space    used 3014K, committed 3200K, reserved 1048576K
}
Event: 333,370 GC heap after
{Heap after GC invocations=49 (full 6):
 garbage-first heap   total 1073152K, used 249696K [0x000000070aa00000, 0x0000000800000000)
  region size 2048K, 13 young (26624K), 13 survivors (26624K)
 Metaspace       used 30374K, committed 30784K, reserved 1114112K
  class space    used 3014K, committed 3200K, reserved 1048576K
}
Event: 439,208 GC heap before
{Heap before GC invocations=49 (full 6):
 garbage-first heap   total 1073152K, used 714592K [0x000000070aa00000, 0x0000000800000000)
  region size 2048K, 241 young (493568K), 13 survivors (26624K)
 Metaspace       used 30430K, committed 30784K, reserved 1114112K
  class space    used 3014K, committed 3200K, reserved 1048576K
}
Event: 439,252 GC heap after
{Heap after GC invocations=50 (full 7):
 garbage-first heap   total 663552K, used 186818K [0x000000070aa00000, 0x0000000800000000)
  region size 2048K, 0 young (0K), 0 survivors (0K)
 Metaspace       used 30430K, committed 30784K, reserved 1114112K
  class space    used 3014K, committed 3200K, reserved 1048576K
}
Event: 439,253 GC heap before
{Heap before GC invocations=50 (full 7):
 garbage-first heap   total 663552K, used 186818K [0x000000070aa00000, 0x0000000800000000)
  region size 2048K, 1 young (2048K), 0 survivors (0K)
 Metaspace       used 30430K, committed 30784K, reserved 1114112K
  class space    used 3014K, committed 3200K, reserved 1048576K
}
Event: 439,279 GC heap after
{Heap after GC invocations=51 (full 8):
 garbage-first heap   total 643072K, used 186818K [0x000000070aa00000, 0x0000000800000000)
  region size 2048K, 0 young (0K), 0 survivors (0K)
 Metaspace       used 30430K, committed 30784K, reserved 1114112K
  class space    used 3014K, committed 3200K, reserved 1048576K
}
Event: 443,142 GC heap before
{Heap before GC invocations=51 (full 8):
 garbage-first heap   total 643072K, used 195010K [0x000000070aa00000, 0x0000000800000000)
  region size 2048K, 5 young (10240K), 0 survivors (0K)
 Metaspace       used 30434K, committed 30784K, reserved 1114112K
  class space    used 3014K, committed 3200K, reserved 1048576K
}
Event: 443,178 GC heap after
{Heap after GC invocations=52 (full 9):
 garbage-first heap   total 643072K, used 186858K [0x000000070aa00000, 0x0000000800000000)
  region size 2048K, 0 young (0K), 0 survivors (0K)
 Metaspace       used 30434K, committed 30784K, reserved 1114112K
  class space    used 3014K, committed 3200K, reserved 1048576K
}

