# JRE version: OpenJDK Runtime Environment Temurin-21.0.9+10 (21.0.9+10) (build 21.0.9+10-LTS)
# Java VM: OpenJDK 64-Bit Server VM Temurin-21.0.9+10 (21.0.9+10-LTS, mixed mode, sharing, tiered, compressed oops, compressed class ptrs, g1 gc, linux-amd64)
Heap:
 garbage-first heap   total 526336K, used 356347K [0x000000070aa00000, 0x0000000800000000)
  region size 2048K, 48 young (98304K), 9 survivors (18432K)
 Metaspace       used 30634K, committed 31040K, reserved 1114112K
  class space    used 3036K, committed 3200K, reserved 1048576K
GC Heap History (20 events):
Event: 2381,727 GC heap before
{Heap before GC invocations=92 (full 10):
 garbage-first heap   total 526336K, used 484695K [0x000000070aa00000, 0x0000000800000000)
  region size 2048K, 132 young (270336K), 13 survivors (26624K)
 Metaspace       used 30606K, committed 30976K, reserved 1114112K
  class space    used 3034K, committed 3200K, reserved 1048576K
}
Event: 2381,770 GC heap after
{Heap after GC invocations=93 (full 10):
 garbage-first heap   total 526336K, used 246670K [0x000000070aa00000, 0x0000000800000000)
  region size 2048K, 12 young (24576K), 12 survivors (24576K)
 Metaspace       used 30606K, committed 30976K, reserved 1114112K
  class space    used 3034K, committed 3200K, reserved 1048576K
}
Event: 2450,026 GC heap before
{Heap before GC invocations=94 (full 10):
 garbage-first heap   total 526336K, used 480142K [0x000000070aa00000, 0x0000000800000000)
  region size 2048K, 126 young (258048K), 12 survivors (24576K)
 Metaspace       used 30606K, committed 30976K, reserved 1114112K
  class space    used 3034K, committed 3200K, reserved 1048576K
}
Event: 2450,063 GC heap after
{Heap after GC invocations=95 (full 10):
 garbage-first heap   total 526336K, used 251065K [0x000000070aa00000, 0x0000000800000000)
  region size 2048K, 10 young (20480K), 10 survivors (20480K)
 Metaspace       used 30606K, committed 30976K, reserved 1114112K
  class space    used 3034K, committed 3200K, reserved 1048576K
}
Event: 2510,677 GC heap before
{Heap before GC invocations=95 (full 10):
 garbage-first heap   total 526336K, used 480441K [0x000000070aa00000, 0x0000000800000000)
  region size 2048K, 122 young (249856K), 10 survivors (20480K)
 Metaspace       used 30607K, committed 30976K, reserved 1114112K
  class space    used 3034K, committed 3200K, reserved 1048576K
}
Event: 2510,706 GC heap after
{Heap after GC invocations=96 (full 10):
 garbage-first heap   total 526336K, used 253295K [0x000000070aa00000, 0x0000000800000000)
  region size 2048K, 9 young (18432K), 9 survivors (18432K)
 Metaspace       used 30607K, committed 30976K, reserved 1114112K
  class space    used 3034K, committed 3200K, reserved 1048576K
}
Event: 2570,101 GC heap before
{Heap before GC invocations=96 (full 10):
 garbage-first heap   total 526336K, used 482671K [0x000000070aa00000, 0x0000000800000000)
  region size 2048K, 121 young (247808K), 9 survivors (18432K)
 Metaspace       used 30609K, committed 30976K, reserved 1114112K
  class space    used 3034K, committed 3200K, reserved 1048576K
}
Event: 2570,127 GC heap after
{Heap after GC invocations=97 (full 10):
 garbage-first heap   total 526336K, used 259350K [0x000000070aa00000, 0x0000000800000000)
  region size 2048K, 12 young (24576K), 12 survivors (24576K)
 Metaspace       used 30609K, committed 30976K, reserved 1114112K
  class space    used 3034K, committed 3200K, reserved 1048576K
}
Event: 2628,177 GC heap before
{Heap before GC invocations=98 (full 10):
 garbage-first heap   total 526336K, used 482582K [0x000000070aa00000, 0x0000000800000000)
  region size 2048K, 121 young (247808K), 12 survivors (24576K)
 Metaspace       used 30611K, committed 30976K, reserved 1114112K
  class space    used 3034K, committed 3200K, reserved 1048576K
}
Event: 2628,211 GC heap after
{Heap after GC invocations=99 (full 10):
 garbage-first heap   total 526336K, used 261777K [0x000000070aa00000, 0x0000000800000000)
  region size 2048K, 9 young (18432K), 9 survivors (18432K)
 Metaspace       used 30611K, committed 30976K, reserved 1114112K
  class space    used 3034K, committed 3200K, reserved 1048576K
}
Event: 2689,277 GC heap before
{Heap before GC invocations=99 (full 10):
 garbage-first heap   total 526336K, used 485009K [0x000000070aa00000, 0x0000000800000000)
  region size 2048K, 118 young (241664K), 9 survivors (18432K)
 Metaspace       used 30618K, committed 30976K, reserved 1114112K
  class space    used 3034K, committed 3200K, reserved 1048576K
}
Event: 2689,302 GC heap after
{Heap after GC invocations=100 (full 10):
 garbage-first heap   total 526336K, used 262840K [0x000000070aa00000, 0x0000000800000000)
  region size 2048K, 9 young (18432K), 9 survivors (18432K)
 Metaspace       used 30618K, committed 30976K, reserved 1114112K
  class space    used 3034K, committed 3200K, reserved 1048576K
}
Event: 2755,517 GC heap before
{Heap before GC invocations=100 (full 10):
 garbage-first heap   total 526336K, used 484024K [0x000000070aa00000, 0x0000000800000000)
  region size 2048K, 117 young (239616K), 9 survivors (18432K)
 Metaspace       used 30619K, committed 30976K, reserved 1114112K
  class space    used 3034K, committed 3200K, reserved 1048576K
}
Event: 2755,540 GC heap after
{Heap after GC invocations=101 (full 10):
 garbage-first heap   total 526336K, used 267887K [0x000000070aa00000, 0x0000000800000000)
  region size 2048K, 9 young (18432K), 9 survivors (18432K)
 Metaspace       used 30619K, committed 30976K, reserved 1114112K
  class space    used 3034K, committed 3200K, reserved 1048576K
}
Event: 2827,826 GC heap before
{Heap before GC invocations=102 (full 10):
 garbage-first heap   total 526336K, used 484975K [0x000000070aa00000, 0x0000000800000000)
  region size 2048K, 115 young (235520K), 9 survivors (18432K)
 Metaspace       used 30619K, committed 30976K, reserved 1114112K
  class space    used 3034K, committed 3200K, reserved 1048576K
}
Event: 2827,854 GC heap after
{Heap after GC invocations=103 (full 10):
 garbage-first heap   total 526336K, used 273641K [0x000000070aa00000, 0x0000000800000000)
  region size 2048K, 10 young (20480K), 10 survivors (20480K)
 Metaspace       used 30619K, committed 30976K, reserved 1114112K
  class space    used 3034K, committed 3200K, reserved 1048576K
}
Event: 2898,447 GC heap before
{Heap before GC invocations=103 (full 10):
 garbage-first heap   total 526336K, used 482537K [0x000000070aa00000, 0x0000000800000000)
  region size 2048K, 112 young (229376K), 10 survivors (20480K)
 Metaspace       used 30619K, committed 30976K, reserved 1114112K
  class space    used 3034K, committed 3200K, reserved 1048576K
}
Event: 2898,476 GC heap after
{Heap after GC invocations=104 (full 10):
 garbage-first heap   total 526336K, used 275155K [0x000000070aa00000, 0x0000000800000000)
  region size 2048K, 10 young (20480K), 10 survivors (20480K)
 Metaspace       used 30619K, committed 30976K, reserved 1114112K
  class space    used 3034K, committed 3200K, reserved 1048576K
}
Event: 2958,618 GC heap before
{Heap before GC invocations=104 (full 10):
 garbage-first heap   total 526336K, used 482003K [0x000000070aa00000, 0x0000000800000000)
  region size 2048K, 111 young (227328K), 10 survivors (20480K)
 Metaspace       used 30620K, committed 30976K, reserved 1114112K
  class space    used 3034K, committed 3200K, reserved 1048576K
}
Event: 2958,647 GC heap after
{Heap after GC invocations=105 (full 10):
 garbage-first heap   total 526336K, used 278523K [0x000000070aa00000, 0x0000000800000000)
  region size 2048K, 9 young (18432K), 9 survivors (18432K)
 Metaspace       used 30620K, committed 30976K, reserved 1114112K
  class space    used 3034K, committed 3200K, reserved 1048576K
}

