# JRE version: OpenJDK Runtime Environment Temurin-21.0.9+10 (21.0.9+10) (build 21.0.9+10-LTS)
# Java VM: OpenJDK 64-Bit Server VM Temurin-21.0.9+10 (21.0.9+10-LTS, mixed mode, sharing, tiered, compressed oops, compressed class ptrs, g1 gc, linux-amd64)
Heap:
 garbage-first heap   total 96256K, used 23839K [0x000000070aa00000, 0x0000000800000000)
  region size 2048K, 1 young (2048K), 0 survivors (0K)
 Metaspace       used 22934K, committed 23232K, reserved 1114112K
  class space    used 2470K, committed 2560K, reserved 1048576K
GC Heap History (8 events):
Event: 2,691 GC heap before
{Heap before GC invocations=0 (full 0):
 garbage-first heap   total 253952K, used 35882K [0x000000070aa00000, 0x0000000800000000)
  region size 2048K, 11 young (22528K), 0 survivors (0K)
 Metaspace       used 15792K, committed 16128K, reserved 1114112K
  class space    used 1566K, committed 1728K, reserved 1048576K
}
Event: 2,695 GC heap after
{Heap after GC invocations=1 (full 0):
 garbage-first heap   total 253952K, used 17162K [0x000000070aa00000, 0x0000000800000000)
  region size 2048K, 2 young (4096K), 2 survivors (4096K)
 Metaspace       used 15792K, committed 16128K, reserved 1114112K
  class space    used 1566K, committed 1728K, reserved 1048576K
}
Event: 3,414 GC heap before
{Heap before GC invocations=1 (full 0):
 garbage-first heap   total 253952K, used 90890K [0x000000070aa00000, 0x0000000800000000)
  region size 2048K, 29 young (59392K), 2 survivors (4096K)
 Metaspace       used 21082K, committed 21312K, reserved 1114112K
  class space    used 2267K, committed 2368K, reserved 1048576K
}
Event: 3,420 GC heap after
{Heap after GC invocations=2 (full 0):
 garbage-first heap   total 253952K, used 22017K [0x000000070aa00000, 0x0000000800000000)
  region size 2048K, 4 young (8192K), 4 survivors (8192K)
 Metaspace       used 21082K, committed 21312K, reserved 1114112K
  class space    used 2267K, committed 2368K, reserved 1048576K
}
Event: 3,708 GC heap before
{Heap before GC invocations=2 (full 0):
 garbage-first heap   total 253952K, used 101889K [0x000000070aa00000, 0x0000000800000000)
  region size 2048K, 26 young (53248K), 4 survivors (8192K)
 Metaspace       used 21314K, committed 21504K, reserved 1114112K
  class space    used 2277K, committed 2368K, reserved 1048576K
}
Event: 3,716 GC heap after
{Heap after GC invocations=3 (full 0):
 garbage-first heap   total 253952K, used 24273K [0x000000070aa00000, 0x0000000800000000)
  region size 2048K, 6 young (12288K), 6 survivors (12288K)
 Metaspace       used 21314K, committed 21504K, reserved 1114112K
  class space    used 2277K, committed 2368K, reserved 1048576K
}
Event: 25,693 GC heap before
{Heap before GC invocations=4 (full 0):
 garbage-first heap   total 96256K, used 67281K [0x000000070aa00000, 0x0000000800000000)
  region size 2048K, 10 young (20480K), 6 survivors (12288K)
 Metaspace       used 22922K, committed 23168K, reserved 1114112K
  class space    used 2469K, committed 2560K, reserved 1048576K
}
Event: 25,706 GC heap after
{Heap after GC invocations=5 (full 1):
 garbage-first heap   total 96256K, used 23839K [0x000000070aa00000, 0x0000000800000000)
  region size 2048K, 0 young (0K), 0 survivors (0K)
 Metaspace       used 22922K, committed 23168K, reserved 1114112K
  class space    used 2469K, committed 2560K, reserved 1048576K
}

