# JRE version: OpenJDK Runtime Environment Temurin-17.0.18+8 (17.0.18+8) (build 17.0.18+8)
# Java VM: OpenJDK 64-Bit Server VM Temurin-17.0.18+8 (17.0.18+8, mixed mode, tiered, serial gc, linux-amd64)
Heap:
 def new generation   total 75648K, used 60726K [0x00007fa9dbc00000, 0x00007fa9e0e10000, 0x00007faa2d8a0000)
  eden space 67264K,  84% used [0x00007fa9dbc00000, 0x00007fa9df3ca298, 0x00007fa9dfdb0000)
  from space 8384K,  42% used [0x00007fa9dfdb0000, 0x00007fa9e01336d8, 0x00007fa9e05e0000)
  to   space 8384K,   0% used [0x00007fa9e05e0000, 0x00007fa9e05e0000, 0x00007fa9e0e10000)
 tenured generation   total 167936K, used 21882K [0x00007faa2d8a0000, 0x00007faa37ca0000, 0x00007faad1200000)
   the space 167936K,  13% used [0x00007faa2d8a0000, 0x00007faa2edfe970, 0x00007faa2edfea00, 0x00007faa37ca0000)
 Metaspace       used 30577K, committed 30656K, reserved 65536K
GC Heap History (14 events):
Event: 2,105 GC heap before
{Heap before GC invocations=0 (full 0):
 def new generation   total 75584K, used 45257K [0x00007fa9dbc00000, 0x00007fa9e0e00000, 0x00007faa2d8a0000)
  eden space 67200K,  67% used [0x00007fa9dbc00000, 0x00007fa9de832778, 0x00007fa9dfda0000)
  from space 8384K,   0% used [0x00007fa9dfda0000, 0x00007fa9dfda0000, 0x00007fa9e05d0000)
  to   space 8384K,   0% used [0x00007fa9e05d0000, 0x00007fa9e05d0000, 0x00007fa9e0e00000)
 tenured generation   total 167936K, used 0K [0x00007faa2d8a0000, 0x00007faa37ca0000, 0x00007faad1200000)
   the space 167936K,   0% used [0x00007faa2d8a0000, 0x00007faa2d8a0000, 0x00007faa2d8a0200, 0x00007faa37ca0000)
 Metaspace       used 21425K, committed 21504K, reserved 65536K
}
Event: 2,119 GC heap after
{Heap after GC invocations=1 (full 1):
 def new generation   total 75648K, used 0K [0x00007fa9dbc00000, 0x00007fa9e0e10000, 0x00007faa2d8a0000)
  eden space 67264K,   0% used [0x00007fa9dbc00000, 0x00007fa9dbc00000, 0x00007fa9dfdb0000)
  from space 8384K,   0% used [0x00007fa9dfdb0000, 0x00007fa9dfdb0000, 0x00007fa9e05e0000)
  to   space 8384K,   0% used [0x00007fa9e05e0000, 0x00007fa9e05e0000, 0x00007fa9e0e10000)
 tenured generation   total 167936K, used 15675K [0x00007faa2d8a0000, 0x00007faa37ca0000, 0x00007faad1200000)
   the space 167936K,   9% used [0x00007faa2d8a0000, 0x00007faa2e7eed88, 0x00007faa2e7eee00, 0x00007faa37ca0000)
 Metaspace       used 21425K, committed 21504K, reserved 65536K
}
Event: 2,416 GC heap before
{Heap before GC invocations=1 (full 1):
 def new generation   total 75648K, used 67264K [0x00007fa9dbc00000, 0x00007fa9e0e10000, 0x00007faa2d8a0000)
  eden space 67264K, 100% used [0x00007fa9dbc00000, 0x00007fa9dfdb0000, 0x00007fa9dfdb0000)
  from space 8384K,   0% used [0x00007fa9dfdb0000, 0x00007fa9dfdb0000, 0x00007fa9e05e0000)
  to   space 8384K,   0% used [0x00007fa9e05e0000, 0x00007fa9e05e0000, 0x00007fa9e0e10000)
 tenured generation   total 167936K, used 15675K [0x00007faa2d8a0000, 0x00007faa37ca0000, 0x00007faad1200000)
   the space 167936K,   9% used [0x00007faa2d8a0000, 0x00007faa2e7eed88, 0x00007faa2e7eee00, 0x00007faa37ca0000)
 Metaspace       used 27847K, committed 27904K, reserved 65536K
}
Event: 2,424 GC heap after
{Heap after GC invocations=2 (full 1):
 def new generation   total 75648K, used 6704K [0x00007fa9dbc00000, 0x00007fa9e0e10000, 0x00007faa2d8a0000)
  eden space 67264K,   0% used [0x00007fa9dbc00000, 0x00007fa9dbc00000, 0x00007fa9dfdb0000)
  from space 8384K,  79% used [0x00007fa9e05e0000, 0x00007fa9e0c6c008, 0x00007fa9e0e10000)
  to   space 8384K,   0% used [0x00007fa9dfdb0000, 0x00007fa9dfdb0000, 0x00007fa9e05e0000)
 tenured generation   total 167936K, used 15675K [0x00007faa2d8a0000, 0x00007faa37ca0000, 0x00007faad1200000)
   the space 167936K,   9% used [0x00007faa2d8a0000, 0x00007faa2e7eed88, 0x00007faa2e7eee00, 0x00007faa37ca0000)
 Metaspace       used 27847K, committed 27904K, reserved 65536K
}
Event: 2,658 GC heap before
{Heap before GC invocations=2 (full 1):
 def new generation   total 75648K, used 57968K [0x00007fa9dbc00000, 0x00007fa9e0e10000, 0x00007faa2d8a0000)
  eden space 67264K,  76% used [0x00007fa9dbc00000, 0x00007fa9dee102a8, 0x00007fa9dfdb0000)
  from space 8384K,  79% used [0x00007fa9e05e0000, 0x00007fa9e0c6c008, 0x00007fa9e0e10000)
  to   space 8384K,   0% used [0x00007fa9dfdb0000, 0x00007fa9dfdb0000, 0x00007fa9e05e0000)
 tenured generation   total 167936K, used 15675K [0x00007faa2d8a0000, 0x00007faa37ca0000, 0x00007faad1200000)
   the space 167936K,   9% used [0x00007faa2d8a0000, 0x00007faa2e7eed88, 0x00007faa2e7eee00, 0x00007faa37ca0000)
 Metaspace       used 28176K, committed 28288K, reserved 65536K
}
Event: 2,663 GC heap after
{Heap after GC invocations=3 (full 1):
 def new generation   total 75648K, used 1257K [0x00007fa9dbc00000, 0x00007fa9e0e10000, 0x00007faa2d8a0000)
  eden space 67264K,   0% used [0x00007fa9dbc00000, 0x00007fa9dbc00000, 0x00007fa9dfdb0000)
  from space 8384K,  14% used [0x00007fa9dfdb0000, 0x00007fa9dfeea570, 0x00007fa9e05e0000)
  to   space 8384K,   0% used [0x00007fa9e05e0000, 0x00007fa9e05e0000, 0x00007fa9e0e10000)
 tenured generation   total 167936K, used 21882K [0x00007faa2d8a0000, 0x00007faa37ca0000, 0x00007faad1200000)
   the space 167936K,  13% used [0x00007faa2d8a0000, 0x00007faa2edfe970, 0x00007faa2edfea00, 0x00007faa37ca0000)
 Metaspace       used 28176K, committed 28288K, reserved 65536K
}
Event: 2,803 GC heap before
{Heap before GC invocations=3 (full 1):
 def new generation   total 75648K, used 60460K [0x00007fa9dbc00000, 0x00007fa9e0e10000, 0x00007faa2d8a0000)
  eden space 67264K,  88% used [0x00007fa9dbc00000, 0x00007fa9df5d0c40, 0x00007fa9dfdb0000)
  from space 8384K,  14% used [0x00007fa9dfdb0000, 0x00007fa9dfeea570, 0x00007fa9e05e0000)
  to   space 8384K,   0% used [0x00007fa9e05e0000, 0x00007fa9e05e0000, 0x00007fa9e0e10000)
 tenured generation   total 167936K, used 21882K [0x00007faa2d8a0000, 0x00007faa37ca0000, 0x00007faad1200000)
   the space 167936K,  13% used [0x00007faa2d8a0000, 0x00007faa2edfe970, 0x00007faa2edfea00, 0x00007faa37ca0000)
 Metaspace       used 29605K, committed 29696K, reserved 65536K
}
Event: 2,805 GC heap after
{Heap after GC invocations=4 (full 1):
 def new generation   total 75648K, used 3186K [0x00007fa9dbc00000, 0x00007fa9e0e10000, 0x00007faa2d8a0000)
  eden space 67264K,   0% used [0x00007fa9dbc00000, 0x00007fa9dbc00000, 0x00007fa9dfdb0000)
  from space 8384K,  38% used [0x00007fa9e05e0000, 0x00007fa9e08fcbd0, 0x00007fa9e0e10000)
  to   space 8384K,   0% used [0x00007fa9dfdb0000, 0x00007fa9dfdb0000, 0x00007fa9e05e0000)
 tenured generation   total 167936K, used 21882K [0x00007faa2d8a0000, 0x00007faa37ca0000, 0x00007faad1200000)
   the space 167936K,  13% used [0x00007faa2d8a0000, 0x00007faa2edfe970, 0x00007faa2edfea00, 0x00007faa37ca0000)
 Metaspace       used 29605K, committed 29696K, reserved 65536K
}
Event: 3,695 GC heap before
{Heap before GC invocations=4 (full 1):
 def new generation   total 75648K, used 56790K [0x00007fa9dbc00000, 0x00007fa9e0e10000, 0x00007faa2d8a0000)
  eden space 67264K,  79% used [0x00007fa9dbc00000, 0x00007fa9df058f78, 0x00007fa9dfdb0000)
  from space 8384K,  38% used [0x00007fa9e05e0000, 0x00007fa9e08fcbd0, 0x00007fa9e0e10000)
  to   space 8384K,   0% used [0x00007fa9dfdb0000, 0x00007fa9dfdb0000, 0x00007fa9e05e0000)
 tenured generation   total 167936K, used 21882K [0x00007faa2d8a0000, 0x00007faa37ca0000, 0x00007faad1200000)
   the space 167936K,  13% used [0x00007faa2d8a0000, 0x00007faa2edfe970, 0x00007faa2edfea00, 0x00007faa37ca0000)
 Metaspace       used 30083K, committed 30208K, reserved 65536K
}
Event: 3,697 GC heap after
{Heap after GC invocations=5 (full 1):
 def new generation   total 75648K, used 3344K [0x00007fa9dbc00000, 0x00007fa9e0e10000, 0x00007faa2d8a0000)
  eden space 67264K,   0% used [0x00007fa9dbc00000, 0x00007fa9dbc00000, 0x00007fa9dfdb0000)
  from space 8384K,  39% used [0x00007fa9dfdb0000, 0x00007fa9e00f4070, 0x00007fa9e05e0000)
  to   space 8384K,   0% used [0x00007fa9e05e0000, 0x00007fa9e05e0000, 0x00007fa9e0e10000)
 tenured generation   total 167936K, used 21882K [0x00007faa2d8a0000, 0x00007faa37ca0000, 0x00007faad1200000)
   the space 167936K,  13% used [0x00007faa2d8a0000, 0x00007faa2edfe970, 0x00007faa2edfea00, 0x00007faa37ca0000)
 Metaspace       used 30083K, committed 30208K, reserved 65536K
}
Event: 4,348 GC heap before
{Heap before GC invocations=5 (full 1):
 def new generation   total 75648K, used 56852K [0x00007fa9dbc00000, 0x00007fa9e0e10000, 0x00007faa2d8a0000)
  eden space 67264K,  79% used [0x00007fa9dbc00000, 0x00007fa9df041318, 0x00007fa9dfdb0000)
  from space 8384K,  39% used [0x00007fa9dfdb0000, 0x00007fa9e00f4070, 0x00007fa9e05e0000)
  to   space 8384K,   0% used [0x00007fa9e05e0000, 0x00007fa9e05e0000, 0x00007fa9e0e10000)
 tenured generation   total 167936K, used 21882K [0x00007faa2d8a0000, 0x00007faa37ca0000, 0x00007faad1200000)
   the space 167936K,  13% used [0x00007faa2d8a0000, 0x00007faa2edfe970, 0x00007faa2edfea00, 0x00007faa37ca0000)
 Metaspace       used 30174K, committed 30272K, reserved 65536K
}
Event: 4,349 GC heap after
{Heap after GC invocations=6 (full 1):
 def new generation   total 75648K, used 3660K [0x00007fa9dbc00000, 0x00007fa9e0e10000, 0x00007faa2d8a0000)
  eden space 67264K,   0% used [0x00007fa9dbc00000, 0x00007fa9dbc00000, 0x00007fa9dfdb0000)
  from space 8384K,  43% used [0x00007fa9e05e0000, 0x00007fa9e09732b8, 0x00007fa9e0e10000)
  to   space 8384K,   0% used [0x00007fa9dfdb0000, 0x00007fa9dfdb0000, 0x00007fa9e05e0000)
 tenured generation   total 167936K, used 21882K [0x00007faa2d8a0000, 0x00007faa37ca0000, 0x00007faad1200000)
   the space 167936K,  13% used [0x00007faa2d8a0000, 0x00007faa2edfe970, 0x00007faa2edfea00, 0x00007faa37ca0000)
 Metaspace       used 30174K, committed 30272K, reserved 65536K
}
Event: 4,357 GC heap before
{Heap before GC invocations=6 (full 1):
 def new generation   total 75648K, used 55356K [0x00007fa9dbc00000, 0x00007fa9e0e10000, 0x00007faa2d8a0000)
  eden space 67264K,  76% used [0x00007fa9dbc00000, 0x00007fa9dee7be40, 0x00007fa9dfdb0000)
  from space 8384K,  43% used [0x00007fa9e05e0000, 0x00007fa9e09732b8, 0x00007fa9e0e10000)
  to   space 8384K,   0% used [0x00007fa9dfdb0000, 0x00007fa9dfdb0000, 0x00007fa9e05e0000)
 tenured generation   total 167936K, used 21882K [0x00007faa2d8a0000, 0x00007faa37ca0000, 0x00007faad1200000)
   the space 167936K,  13% used [0x00007faa2d8a0000, 0x00007faa2edfe970, 0x00007faa2edfea00, 0x00007faa37ca0000)
 Metaspace       used 30174K, committed 30272K, reserved 65536K
}
Event: 4,358 GC heap after
{Heap after GC invocations=7 (full 1):
 def new generation   total 75648K, used 3597K [0x00007fa9dbc00000, 0x00007fa9e0e10000, 0x00007faa2d8a0000)
  eden space 67264K,   0% used [0x00007fa9dbc00000, 0x00007fa9dbc00000, 0x00007fa9dfdb0000)
  from space 8384K,  42% used [0x00007fa9dfdb0000, 0x00007fa9e01336d8, 0x00007fa9e05e0000)
  to   space 8384K,   0% used [0x00007fa9e05e0000, 0x00007fa9e05e0000, 0x00007fa9e0e10000)
 tenured generation   total 167936K, used 21882K [0x00007faa2d8a0000, 0x00007faa37ca0000, 0x00007faad1200000)
   the space 167936K,  13% used [0x00007faa2d8a0000, 0x00007faa2edfe970, 0x00007faa2edfea00, 0x00007faa37ca0000)
 Metaspace       used 30174K, committed 30272K, reserved 65536K
}

