# JRE version: OpenJDK Runtime Environment Temurin-17.0.18+8 (17.0.18+8) (build 17.0.18+8)
# Java VM: OpenJDK 64-Bit Server VM Temurin-17.0.18+8 (17.0.18+8, mixed mode, tiered, serial gc, linux-amd64)
Heap:
 def new generation   total 75648K, used 36140K [0x00007f150fc00000, 0x00007f1514e10000, 0x00007f15618a0000)
  eden space 67264K,  49% used [0x00007f150fc00000, 0x00007f1511c85b10, 0x00007f1513db0000)
  from space 8384K,  33% used [0x00007f1513db0000, 0x00007f1514075758, 0x00007f15145e0000)
  to   space 8384K,   0% used [0x00007f15145e0000, 0x00007f15145e0000, 0x00007f1514e10000)
 tenured generation   total 167936K, used 119996K [0x00007f15618a0000, 0x00007f156bca0000, 0x00007f1605200000)
   the space 167936K,  71% used [0x00007f15618a0000, 0x00007f1568dcf2a8, 0x00007f1568dcf400, 0x00007f156bca0000)
 Metaspace       used 43685K, committed 43840K, reserved 65536K
GC Heap History (20 events):
Event: 273,006 GC heap before
{Heap before GC invocations=32 (full 2):
 def new generation   total 75648K, used 72059K [0x00007f150fc00000, 0x00007f1514e10000, 0x00007f15618a0000)
  eden space 67264K, 100% used [0x00007f150fc00000, 0x00007f1513db0000, 0x00007f1513db0000)
  from space 8384K,  57% used [0x00007f1513db0000, 0x00007f151425eda0, 0x00007f15145e0000)
  to   space 8384K,   0% used [0x00007f15145e0000, 0x00007f15145e0000, 0x00007f1514e10000)
 tenured generation   total 167936K, used 98294K [0x00007f15618a0000, 0x00007f156bca0000, 0x00007f1605200000)
   the space 167936K,  58% used [0x00007f15618a0000, 0x00007f156789dab8, 0x00007f156789dc00, 0x00007f156bca0000)
 Metaspace       used 43641K, committed 43776K, reserved 65536K
}
Event: 273,009 GC heap after
{Heap after GC invocations=33 (full 2):
 def new generation   total 75648K, used 6337K [0x00007f150fc00000, 0x00007f1514e10000, 0x00007f15618a0000)
  eden space 67264K,   0% used [0x00007f150fc00000, 0x00007f150fc00000, 0x00007f1513db0000)
  from space 8384K,  75% used [0x00007f15145e0000, 0x00007f1514c10748, 0x00007f1514e10000)
  to   space 8384K,   0% used [0x00007f1513db0000, 0x00007f1513db0000, 0x00007f15145e0000)
 tenured generation   total 167936K, used 99638K [0x00007f15618a0000, 0x00007f156bca0000, 0x00007f1605200000)
   the space 167936K,  59% used [0x00007f15618a0000, 0x00007f15679ed930, 0x00007f15679eda00, 0x00007f156bca0000)
 Metaspace       used 43641K, committed 43776K, reserved 65536K
}
Event: 290,650 GC heap before
{Heap before GC invocations=33 (full 2):
 def new generation   total 75648K, used 73601K [0x00007f150fc00000, 0x00007f1514e10000, 0x00007f15618a0000)
  eden space 67264K, 100% used [0x00007f150fc00000, 0x00007f1513db0000, 0x00007f1513db0000)
  from space 8384K,  75% used [0x00007f15145e0000, 0x00007f1514c10748, 0x00007f1514e10000)
  to   space 8384K,   0% used [0x00007f1513db0000, 0x00007f1513db0000, 0x00007f15145e0000)
 tenured generation   total 167936K, used 99638K [0x00007f15618a0000, 0x00007f156bca0000, 0x00007f1605200000)
   the space 167936K,  59% used [0x00007f15618a0000, 0x00007f15679ed930, 0x00007f15679eda00, 0x00007f156bca0000)
 Metaspace       used 43641K, committed 43776K, reserved 65536K
}
Event: 290,654 GC heap after
{Heap after GC invocations=34 (full 2):
 def new generation   total 75648K, used 4693K [0x00007f150fc00000, 0x00007f1514e10000, 0x00007f15618a0000)
  eden space 67264K,   0% used [0x00007f150fc00000, 0x00007f150fc00000, 0x00007f1513db0000)
  from space 8384K,  55% used [0x00007f1513db0000, 0x00007f15142454e0, 0x00007f15145e0000)
  to   space 8384K,   0% used [0x00007f15145e0000, 0x00007f15145e0000, 0x00007f1514e10000)
 tenured generation   total 167936K, used 103052K [0x00007f15618a0000, 0x00007f156bca0000, 0x00007f1605200000)
   the space 167936K,  61% used [0x00007f15618a0000, 0x00007f1567d43188, 0x00007f1567d43200, 0x00007f156bca0000)
 Metaspace       used 43641K, committed 43776K, reserved 65536K
}
Event: 309,650 GC heap before
{Heap before GC invocations=34 (full 2):
 def new generation   total 75648K, used 71957K [0x00007f150fc00000, 0x00007f1514e10000, 0x00007f15618a0000)
  eden space 67264K, 100% used [0x00007f150fc00000, 0x00007f1513db0000, 0x00007f1513db0000)
  from space 8384K,  55% used [0x00007f1513db0000, 0x00007f15142454e0, 0x00007f15145e0000)
  to   space 8384K,   0% used [0x00007f15145e0000, 0x00007f15145e0000, 0x00007f1514e10000)
 tenured generation   total 167936K, used 103052K [0x00007f15618a0000, 0x00007f156bca0000, 0x00007f1605200000)
   the space 167936K,  61% used [0x00007f15618a0000, 0x00007f1567d43188, 0x00007f1567d43200, 0x00007f156bca0000)
 Metaspace       used 43642K, committed 43776K, reserved 65536K
}
Event: 309,654 GC heap after
{Heap after GC invocations=35 (full 2):
 def new generation   total 75648K, used 3223K [0x00007f150fc00000, 0x00007f1514e10000, 0x00007f15618a0000)
  eden space 67264K,   0% used [0x00007f150fc00000, 0x00007f150fc00000, 0x00007f1513db0000)
  from space 8384K,  38% used [0x00007f15145e0000, 0x00007f1514905fe8, 0x00007f1514e10000)
  to   space 8384K,   0% used [0x00007f1513db0000, 0x00007f1513db0000, 0x00007f15145e0000)
 tenured generation   total 167936K, used 105938K [0x00007f15618a0000, 0x00007f156bca0000, 0x00007f1605200000)
   the space 167936K,  63% used [0x00007f15618a0000, 0x00007f1568014a80, 0x00007f1568014c00, 0x00007f156bca0000)
 Metaspace       used 43642K, committed 43776K, reserved 65536K
}
Event: 322,834 GC heap before
{Heap before GC invocations=35 (full 2):
 def new generation   total 75648K, used 70487K [0x00007f150fc00000, 0x00007f1514e10000, 0x00007f15618a0000)
  eden space 67264K, 100% used [0x00007f150fc00000, 0x00007f1513db0000, 0x00007f1513db0000)
  from space 8384K,  38% used [0x00007f15145e0000, 0x00007f1514905fe8, 0x00007f1514e10000)
  to   space 8384K,   0% used [0x00007f1513db0000, 0x00007f1513db0000, 0x00007f15145e0000)
 tenured generation   total 167936K, used 105938K [0x00007f15618a0000, 0x00007f156bca0000, 0x00007f1605200000)
   the space 167936K,  63% used [0x00007f15618a0000, 0x00007f1568014a80, 0x00007f1568014c00, 0x00007f156bca0000)
 Metaspace       used 43652K, committed 43776K, reserved 65536K
}
Event: 322,837 GC heap after
{Heap after GC invocations=36 (full 2):
 def new generation   total 75648K, used 6257K [0x00007f150fc00000, 0x00007f1514e10000, 0x00007f15618a0000)
  eden space 67264K,   0% used [0x00007f150fc00000, 0x00007f150fc00000, 0x00007f1513db0000)
  from space 8384K,  74% used [0x00007f1513db0000, 0x00007f15143cc7f8, 0x00007f15145e0000)
  to   space 8384K,   0% used [0x00007f15145e0000, 0x00007f15145e0000, 0x00007f1514e10000)
 tenured generation   total 167936K, used 105938K [0x00007f15618a0000, 0x00007f156bca0000, 0x00007f1605200000)
   the space 167936K,  63% used [0x00007f15618a0000, 0x00007f1568014a80, 0x00007f1568014c00, 0x00007f156bca0000)
 Metaspace       used 43652K, committed 43776K, reserved 65536K
}
Event: 341,900 GC heap before
{Heap before GC invocations=36 (full 2):
 def new generation   total 75648K, used 73521K [0x00007f150fc00000, 0x00007f1514e10000, 0x00007f15618a0000)
  eden space 67264K, 100% used [0x00007f150fc00000, 0x00007f1513db0000, 0x00007f1513db0000)
  from space 8384K,  74% used [0x00007f1513db0000, 0x00007f15143cc7f8, 0x00007f15145e0000)
  to   space 8384K,   0% used [0x00007f15145e0000, 0x00007f15145e0000, 0x00007f1514e10000)
 tenured generation   total 167936K, used 105938K [0x00007f15618a0000, 0x00007f156bca0000, 0x00007f1605200000)
   the space 167936K,  63% used [0x00007f15618a0000, 0x00007f1568014a80, 0x00007f1568014c00, 0x00007f156bca0000)
 Metaspace       used 43652K, committed 43776K, reserved 65536K
}
Event: 341,903 GC heap after
{Heap after GC invocations=37 (full 2):
 def new generation   total 75648K, used 5031K [0x00007f150fc00000, 0x00007f1514e10000, 0x00007f15618a0000)
  eden space 67264K,   0% used [0x00007f150fc00000, 0x00007f150fc00000, 0x00007f1513db0000)
  from space 8384K,  60% used [0x00007f15145e0000, 0x00007f1514ac9dd0, 0x00007f1514e10000)
  to   space 8384K,   0% used [0x00007f1513db0000, 0x00007f1513db0000, 0x00007f15145e0000)
 tenured generation   total 167936K, used 108803K [0x00007f15618a0000, 0x00007f156bca0000, 0x00007f1605200000)
   the space 167936K,  64% used [0x00007f15618a0000, 0x00007f15682e0d68, 0x00007f15682e0e00, 0x00007f156bca0000)
 Metaspace       used 43652K, committed 43776K, reserved 65536K
}
Event: 361,149 GC heap before
{Heap before GC invocations=37 (full 2):
 def new generation   total 75648K, used 72295K [0x00007f150fc00000, 0x00007f1514e10000, 0x00007f15618a0000)
  eden space 67264K, 100% used [0x00007f150fc00000, 0x00007f1513db0000, 0x00007f1513db0000)
  from space 8384K,  60% used [0x00007f15145e0000, 0x00007f1514ac9dd0, 0x00007f1514e10000)
  to   space 8384K,   0% used [0x00007f1513db0000, 0x00007f1513db0000, 0x00007f15145e0000)
 tenured generation   total 167936K, used 108803K [0x00007f15618a0000, 0x00007f156bca0000, 0x00007f1605200000)
   the space 167936K,  64% used [0x00007f15618a0000, 0x00007f15682e0d68, 0x00007f15682e0e00, 0x00007f156bca0000)
 Metaspace       used 43652K, committed 43776K, reserved 65536K
}
Event: 361,152 GC heap after
{Heap after GC invocations=38 (full 2):
 def new generation   total 75648K, used 3268K [0x00007f150fc00000, 0x00007f1514e10000, 0x00007f15618a0000)
  eden space 67264K,   0% used [0x00007f150fc00000, 0x00007f150fc00000, 0x00007f1513db0000)
  from space 8384K,  38% used [0x00007f1513db0000, 0x00007f15140e11b8, 0x00007f15145e0000)
  to   space 8384K,   0% used [0x00007f15145e0000, 0x00007f15145e0000, 0x00007f1514e10000)
 tenured generation   total 167936K, used 112159K [0x00007f15618a0000, 0x00007f156bca0000, 0x00007f1605200000)
   the space 167936K,  66% used [0x00007f15618a0000, 0x00007f1568627d28, 0x00007f1568627e00, 0x00007f156bca0000)
 Metaspace       used 43652K, committed 43776K, reserved 65536K
}
Event: 375,849 GC heap before
{Heap before GC invocations=38 (full 2):
 def new generation   total 75648K, used 70532K [0x00007f150fc00000, 0x00007f1514e10000, 0x00007f15618a0000)
  eden space 67264K, 100% used [0x00007f150fc00000, 0x00007f1513db0000, 0x00007f1513db0000)
  from space 8384K,  38% used [0x00007f1513db0000, 0x00007f15140e11b8, 0x00007f15145e0000)
  to   space 8384K,   0% used [0x00007f15145e0000, 0x00007f15145e0000, 0x00007f1514e10000)
 tenured generation   total 167936K, used 112159K [0x00007f15618a0000, 0x00007f156bca0000, 0x00007f1605200000)
   the space 167936K,  66% used [0x00007f15618a0000, 0x00007f1568627d28, 0x00007f1568627e00, 0x00007f156bca0000)
 Metaspace       used 43660K, committed 43840K, reserved 65536K
}
Event: 375,851 GC heap after
{Heap after GC invocations=39 (full 2):
 def new generation   total 75648K, used 4769K [0x00007f150fc00000, 0x00007f1514e10000, 0x00007f15618a0000)
  eden space 67264K,   0% used [0x00007f150fc00000, 0x00007f150fc00000, 0x00007f1513db0000)
  from space 8384K,  56% used [0x00007f15145e0000, 0x00007f1514a88410, 0x00007f1514e10000)
  to   space 8384K,   0% used [0x00007f1513db0000, 0x00007f1513db0000, 0x00007f15145e0000)
 tenured generation   total 167936K, used 112159K [0x00007f15618a0000, 0x00007f156bca0000, 0x00007f1605200000)
   the space 167936K,  66% used [0x00007f15618a0000, 0x00007f1568627d28, 0x00007f1568627e00, 0x00007f156bca0000)
 Metaspace       used 43660K, committed 43840K, reserved 65536K
}
Event: 392,823 GC heap before
{Heap before GC invocations=39 (full 2):
 def new generation   total 75648K, used 72033K [0x00007f150fc00000, 0x00007f1514e10000, 0x00007f15618a0000)
  eden space 67264K, 100% used [0x00007f150fc00000, 0x00007f1513db0000, 0x00007f1513db0000)
  from space 8384K,  56% used [0x00007f15145e0000, 0x00007f1514a88410, 0x00007f1514e10000)
  to   space 8384K,   0% used [0x00007f1513db0000, 0x00007f1513db0000, 0x00007f15145e0000)
 tenured generation   total 167936K, used 112159K [0x00007f15618a0000, 0x00007f156bca0000, 0x00007f1605200000)
   the space 167936K,  66% used [0x00007f15618a0000, 0x00007f1568627d28, 0x00007f1568627e00, 0x00007f156bca0000)
 Metaspace       used 43662K, committed 43840K, reserved 65536K
}
Event: 392,827 GC heap after
{Heap after GC invocations=40 (full 2):
 def new generation   total 75648K, used 6521K [0x00007f150fc00000, 0x00007f1514e10000, 0x00007f15618a0000)
  eden space 67264K,   0% used [0x00007f150fc00000, 0x00007f150fc00000, 0x00007f1513db0000)
  from space 8384K,  77% used [0x00007f1513db0000, 0x00007f151440e688, 0x00007f15145e0000)
  to   space 8384K,   0% used [0x00007f15145e0000, 0x00007f15145e0000, 0x00007f1514e10000)
 tenured generation   total 167936K, used 113512K [0x00007f15618a0000, 0x00007f156bca0000, 0x00007f1605200000)
   the space 167936K,  67% used [0x00007f15618a0000, 0x00007f156877a148, 0x00007f156877a200, 0x00007f156bca0000)
 Metaspace       used 43662K, committed 43840K, reserved 65536K
}
Event: 411,765 GC heap before
{Heap before GC invocations=40 (full 2):
 def new generation   total 75648K, used 73785K [0x00007f150fc00000, 0x00007f1514e10000, 0x00007f15618a0000)
  eden space 67264K, 100% used [0x00007f150fc00000, 0x00007f1513db0000, 0x00007f1513db0000)
  from space 8384K,  77% used [0x00007f1513db0000, 0x00007f151440e688, 0x00007f15145e0000)
  to   space 8384K,   0% used [0x00007f15145e0000, 0x00007f15145e0000, 0x00007f1514e10000)
 tenured generation   total 167936K, used 113512K [0x00007f15618a0000, 0x00007f156bca0000, 0x00007f1605200000)
   the space 167936K,  67% used [0x00007f15618a0000, 0x00007f156877a148, 0x00007f156877a200, 0x00007f156bca0000)
 Metaspace       used 43670K, committed 43840K, reserved 65536K
}
Event: 411,769 GC heap after
{Heap after GC invocations=41 (full 2):
 def new generation   total 75648K, used 4500K [0x00007f150fc00000, 0x00007f1514e10000, 0x00007f15618a0000)
  eden space 67264K,   0% used [0x00007f150fc00000, 0x00007f150fc00000, 0x00007f1513db0000)
  from space 8384K,  53% used [0x00007f15145e0000, 0x00007f1514a450e8, 0x00007f1514e10000)
  to   space 8384K,   0% used [0x00007f1513db0000, 0x00007f1513db0000, 0x00007f15145e0000)
 tenured generation   total 167936K, used 116874K [0x00007f15618a0000, 0x00007f156bca0000, 0x00007f1605200000)
   the space 167936K,  69% used [0x00007f15618a0000, 0x00007f1568ac2b80, 0x00007f1568ac2c00, 0x00007f156bca0000)
 Metaspace       used 43670K, committed 43840K, reserved 65536K
}
Event: 429,822 GC heap before
{Heap before GC invocations=41 (full 2):
 def new generation   total 75648K, used 71764K [0x00007f150fc00000, 0x00007f1514e10000, 0x00007f15618a0000)
  eden space 67264K, 100% used [0x00007f150fc00000, 0x00007f1513db0000, 0x00007f1513db0000)
  from space 8384K,  53% used [0x00007f15145e0000, 0x00007f1514a450e8, 0x00007f1514e10000)
  to   space 8384K,   0% used [0x00007f1513db0000, 0x00007f1513db0000, 0x00007f15145e0000)
 tenured generation   total 167936K, used 116874K [0x00007f15618a0000, 0x00007f156bca0000, 0x00007f1605200000)
   the space 167936K,  69% used [0x00007f15618a0000, 0x00007f1568ac2b80, 0x00007f1568ac2c00, 0x00007f156bca0000)
 Metaspace       used 43670K, committed 43840K, reserved 65536K
}
Event: 429,825 GC heap after
{Heap after GC invocations=42 (full 2):
 def new generation   total 75648K, used 2837K [0x00007f150fc00000, 0x00007f1514e10000, 0x00007f15618a0000)
  eden space 67264K,   0% used [0x00007f150fc00000, 0x00007f150fc00000, 0x00007f1513db0000)
  from space 8384K,  33% used [0x00007f1513db0000, 0x00007f1514075758, 0x00007f15145e0000)
  to   space 8384K,   0% used [0x00007f15145e0000, 0x00007f15145e0000, 0x00007f1514e10000)
 tenured generation   total 167936K, used 119996K [0x00007f15618a0000, 0x00007f156bca0000, 0x00007f1605200000)
   the space 167936K,  71% used [0x00007f15618a0000, 0x00007f1568dcf2a8, 0x00007f1568dcf400, 0x00007f156bca0000)
 Metaspace       used 43670K, committed 43840K, reserved 65536K
}

