# JRE version: OpenJDK Runtime Environment Temurin-17.0.18+8 (17.0.18+8) (build 17.0.18+8)
# Java VM: OpenJDK 64-Bit Server VM Temurin-17.0.18+8 (17.0.18+8, mixed mode, tiered, serial gc, linux-amd64)
Heap:
 def new generation   total 75648K, used 63095K [0x00007f7697c00000, 0x00007f769ce10000, 0x00007f76e98a0000)
  eden space 67264K,  88% used [0x00007f7697c00000, 0x00007f769b5f8c98, 0x00007f769bdb0000)
  from space 8384K,  44% used [0x00007f769bdb0000, 0x00007f769c155180, 0x00007f769c5e0000)
  to   space 8384K,   0% used [0x00007f769c5e0000, 0x00007f769c5e0000, 0x00007f769ce10000)
 tenured generation   total 167936K, used 21768K [0x00007f76e98a0000, 0x00007f76f3ca0000, 0x00007f778d200000)
   the space 167936K,  12% used [0x00007f76e98a0000, 0x00007f76eade21a8, 0x00007f76eade2200, 0x00007f76f3ca0000)
 Metaspace       used 30495K, committed 30592K, reserved 65536K
GC Heap History (14 events):
Event: 2,491 GC heap before
{Heap before GC invocations=0 (full 0):
 def new generation   total 75584K, used 43900K [0x00007f7697c00000, 0x00007f769ce00000, 0x00007f76e98a0000)
  eden space 67200K,  65% used [0x00007f7697c00000, 0x00007f769a6df0c0, 0x00007f769bda0000)
  from space 8384K,   0% used [0x00007f769bda0000, 0x00007f769bda0000, 0x00007f769c5d0000)
  to   space 8384K,   0% used [0x00007f769c5d0000, 0x00007f769c5d0000, 0x00007f769ce00000)
 tenured generation   total 167936K, used 0K [0x00007f76e98a0000, 0x00007f76f3ca0000, 0x00007f778d200000)
   the space 167936K,   0% used [0x00007f76e98a0000, 0x00007f76e98a0000, 0x00007f76e98a0200, 0x00007f76f3ca0000)
 Metaspace       used 21415K, committed 21504K, reserved 65536K
}
Event: 2,512 GC heap after
{Heap after GC invocations=1 (full 1):
 def new generation   total 75648K, used 0K [0x00007f7697c00000, 0x00007f769ce10000, 0x00007f76e98a0000)
  eden space 67264K,   0% used [0x00007f7697c00000, 0x00007f7697c00000, 0x00007f769bdb0000)
  from space 8384K,   0% used [0x00007f769bdb0000, 0x00007f769bdb0000, 0x00007f769c5e0000)
  to   space 8384K,   0% used [0x00007f769c5e0000, 0x00007f769c5e0000, 0x00007f769ce10000)
 tenured generation   total 167936K, used 15693K [0x00007f76e98a0000, 0x00007f76f3ca0000, 0x00007f778d200000)
   the space 167936K,   9% used [0x00007f76e98a0000, 0x00007f76ea7f36d8, 0x00007f76ea7f3800, 0x00007f76f3ca0000)
 Metaspace       used 21415K, committed 21504K, reserved 65536K
}
Event: 2,867 GC heap before
{Heap before GC invocations=1 (full 1):
 def new generation   total 75648K, used 67264K [0x00007f7697c00000, 0x00007f769ce10000, 0x00007f76e98a0000)
  eden space 67264K, 100% used [0x00007f7697c00000, 0x00007f769bdb0000, 0x00007f769bdb0000)
  from space 8384K,   0% used [0x00007f769bdb0000, 0x00007f769bdb0000, 0x00007f769c5e0000)
  to   space 8384K,   0% used [0x00007f769c5e0000, 0x00007f769c5e0000, 0x00007f769ce10000)
 tenured generation   total 167936K, used 15693K [0x00007f76e98a0000, 0x00007f76f3ca0000, 0x00007f778d200000)
   the space 167936K,   9% used [0x00007f76e98a0000, 0x00007f76ea7f36d8, 0x00007f76ea7f3800, 0x00007f76f3ca0000)
 Metaspace       used 27832K, committed 27904K, reserved 65536K
}
Event: 2,876 GC heap after
{Heap after GC invocations=2 (full 1):
 def new generation   total 75648K, used 6541K [0x00007f7697c00000, 0x00007f769ce10000, 0x00007f76e98a0000)
  eden space 67264K,   0% used [0x00007f7697c00000, 0x00007f7697c00000, 0x00007f769bdb0000)
  from space 8384K,  78% used [0x00007f769c5e0000, 0x00007f769cc435c0, 0x00007f769ce10000)
  to   space 8384K,   0% used [0x00007f769bdb0000, 0x00007f769bdb0000, 0x00007f769c5e0000)
 tenured generation   total 167936K, used 15693K [0x00007f76e98a0000, 0x00007f76f3ca0000, 0x00007f778d200000)
   the space 167936K,   9% used [0x00007f76e98a0000, 0x00007f76ea7f36d8, 0x00007f76ea7f3800, 0x00007f76f3ca0000)
 Metaspace       used 27832K, committed 27904K, reserved 65536K
}
Event: 3,020 GC heap before
{Heap before GC invocations=2 (full 1):
 def new generation   total 75648K, used 59279K [0x00007f7697c00000, 0x00007f769ce10000, 0x00007f76e98a0000)
  eden space 67264K,  78% used [0x00007f7697c00000, 0x00007f769af80668, 0x00007f769bdb0000)
  from space 8384K,  78% used [0x00007f769c5e0000, 0x00007f769cc435c0, 0x00007f769ce10000)
  to   space 8384K,   0% used [0x00007f769bdb0000, 0x00007f769bdb0000, 0x00007f769c5e0000)
 tenured generation   total 167936K, used 15693K [0x00007f76e98a0000, 0x00007f76f3ca0000, 0x00007f778d200000)
   the space 167936K,   9% used [0x00007f76e98a0000, 0x00007f76ea7f36d8, 0x00007f76ea7f3800, 0x00007f76f3ca0000)
 Metaspace       used 28170K, committed 28288K, reserved 65536K
}
Event: 3,026 GC heap after
{Heap after GC invocations=3 (full 1):
 def new generation   total 75648K, used 1387K [0x00007f7697c00000, 0x00007f769ce10000, 0x00007f76e98a0000)
  eden space 67264K,   0% used [0x00007f7697c00000, 0x00007f7697c00000, 0x00007f769bdb0000)
  from space 8384K,  16% used [0x00007f769bdb0000, 0x00007f769bf0ac18, 0x00007f769c5e0000)
  to   space 8384K,   0% used [0x00007f769c5e0000, 0x00007f769c5e0000, 0x00007f769ce10000)
 tenured generation   total 167936K, used 21768K [0x00007f76e98a0000, 0x00007f76f3ca0000, 0x00007f778d200000)
   the space 167936K,  12% used [0x00007f76e98a0000, 0x00007f76eade21a8, 0x00007f76eade2200, 0x00007f76f3ca0000)
 Metaspace       used 28170K, committed 28288K, reserved 65536K
}
Event: 3,202 GC heap before
{Heap before GC invocations=3 (full 1):
 def new generation   total 75648K, used 61389K [0x00007f7697c00000, 0x00007f769ce10000, 0x00007f76e98a0000)
  eden space 67264K,  89% used [0x00007f7697c00000, 0x00007f769b698898, 0x00007f769bdb0000)
  from space 8384K,  16% used [0x00007f769bdb0000, 0x00007f769bf0ac18, 0x00007f769c5e0000)
  to   space 8384K,   0% used [0x00007f769c5e0000, 0x00007f769c5e0000, 0x00007f769ce10000)
 tenured generation   total 167936K, used 21768K [0x00007f76e98a0000, 0x00007f76f3ca0000, 0x00007f778d200000)
   the space 167936K,  12% used [0x00007f76e98a0000, 0x00007f76eade21a8, 0x00007f76eade2200, 0x00007f76f3ca0000)
 Metaspace       used 29586K, committed 29696K, reserved 65536K
}
Event: 3,205 GC heap after
{Heap after GC invocations=4 (full 1):
 def new generation   total 75648K, used 3321K [0x00007f7697c00000, 0x00007f769ce10000, 0x00007f76e98a0000)
  eden space 67264K,   0% used [0x00007f7697c00000, 0x00007f7697c00000, 0x00007f769bdb0000)
  from space 8384K,  39% used [0x00007f769c5e0000, 0x00007f769c91e7b8, 0x00007f769ce10000)
  to   space 8384K,   0% used [0x00007f769bdb0000, 0x00007f769bdb0000, 0x00007f769c5e0000)
 tenured generation   total 167936K, used 21768K [0x00007f76e98a0000, 0x00007f76f3ca0000, 0x00007f778d200000)
   the space 167936K,  12% used [0x00007f76e98a0000, 0x00007f76eade21a8, 0x00007f76eade2200, 0x00007f76f3ca0000)
 Metaspace       used 29586K, committed 29696K, reserved 65536K
}
Event: 4,101 GC heap before
{Heap before GC invocations=4 (full 1):
 def new generation   total 75648K, used 56939K [0x00007f7697c00000, 0x00007f769ce10000, 0x00007f76e98a0000)
  eden space 67264K,  79% used [0x00007f7697c00000, 0x00007f769b05c4c8, 0x00007f769bdb0000)
  from space 8384K,  39% used [0x00007f769c5e0000, 0x00007f769c91e7b8, 0x00007f769ce10000)
  to   space 8384K,   0% used [0x00007f769bdb0000, 0x00007f769bdb0000, 0x00007f769c5e0000)
 tenured generation   total 167936K, used 21768K [0x00007f76e98a0000, 0x00007f76f3ca0000, 0x00007f778d200000)
   the space 167936K,  12% used [0x00007f76e98a0000, 0x00007f76eade21a8, 0x00007f76eade2200, 0x00007f76f3ca0000)
 Metaspace       used 30062K, committed 30208K, reserved 65536K
}
Event: 4,104 GC heap after
{Heap after GC invocations=5 (full 1):
 def new generation   total 75648K, used 3478K [0x00007f7697c00000, 0x00007f769ce10000, 0x00007f76e98a0000)
  eden space 67264K,   0% used [0x00007f7697c00000, 0x00007f7697c00000, 0x00007f769bdb0000)
  from space 8384K,  41% used [0x00007f769bdb0000, 0x00007f769c115ad8, 0x00007f769c5e0000)
  to   space 8384K,   0% used [0x00007f769c5e0000, 0x00007f769c5e0000, 0x00007f769ce10000)
 tenured generation   total 167936K, used 21768K [0x00007f76e98a0000, 0x00007f76f3ca0000, 0x00007f778d200000)
   the space 167936K,  12% used [0x00007f76e98a0000, 0x00007f76eade21a8, 0x00007f76eade2200, 0x00007f76f3ca0000)
 Metaspace       used 30062K, committed 30208K, reserved 65536K
}
Event: 4,677 GC heap before
{Heap before GC invocations=5 (full 1):
 def new generation   total 75648K, used 57101K [0x00007f7697c00000, 0x00007f769ce10000, 0x00007f76e98a0000)
  eden space 67264K,  79% used [0x00007f7697c00000, 0x00007f769b05dc68, 0x00007f769bdb0000)
  from space 8384K,  41% used [0x00007f769bdb0000, 0x00007f769c115ad8, 0x00007f769c5e0000)
  to   space 8384K,   0% used [0x00007f769c5e0000, 0x00007f769c5e0000, 0x00007f769ce10000)
 tenured generation   total 167936K, used 21768K [0x00007f76e98a0000, 0x00007f76f3ca0000, 0x00007f778d200000)
   the space 167936K,  12% used [0x00007f76e98a0000, 0x00007f76eade21a8, 0x00007f76eade2200, 0x00007f76f3ca0000)
 Metaspace       used 30136K, committed 30272K, reserved 65536K
}
Event: 4,679 GC heap after
{Heap after GC invocations=6 (full 1):
 def new generation   total 75648K, used 3795K [0x00007f7697c00000, 0x00007f769ce10000, 0x00007f76e98a0000)
  eden space 67264K,   0% used [0x00007f7697c00000, 0x00007f7697c00000, 0x00007f769bdb0000)
  from space 8384K,  45% used [0x00007f769c5e0000, 0x00007f769c994d60, 0x00007f769ce10000)
  to   space 8384K,   0% used [0x00007f769bdb0000, 0x00007f769bdb0000, 0x00007f769c5e0000)
 tenured generation   total 167936K, used 21768K [0x00007f76e98a0000, 0x00007f76f3ca0000, 0x00007f778d200000)
   the space 167936K,  12% used [0x00007f76e98a0000, 0x00007f76eade21a8, 0x00007f76eade2200, 0x00007f76f3ca0000)
 Metaspace       used 30136K, committed 30272K, reserved 65536K
}
Event: 4,687 GC heap before
{Heap before GC invocations=6 (full 1):
 def new generation   total 75648K, used 55480K [0x00007f7697c00000, 0x00007f769ce10000, 0x00007f76e98a0000)
  eden space 67264K,  76% used [0x00007f7697c00000, 0x00007f769ae793d0, 0x00007f769bdb0000)
  from space 8384K,  45% used [0x00007f769c5e0000, 0x00007f769c994d60, 0x00007f769ce10000)
  to   space 8384K,   0% used [0x00007f769bdb0000, 0x00007f769bdb0000, 0x00007f769c5e0000)
 tenured generation   total 167936K, used 21768K [0x00007f76e98a0000, 0x00007f76f3ca0000, 0x00007f778d200000)
   the space 167936K,  12% used [0x00007f76e98a0000, 0x00007f76eade21a8, 0x00007f76eade2200, 0x00007f76f3ca0000)
 Metaspace       used 30136K, committed 30272K, reserved 65536K
}
Event: 4,689 GC heap after
{Heap after GC invocations=7 (full 1):
 def new generation   total 75648K, used 3732K [0x00007f7697c00000, 0x00007f769ce10000, 0x00007f76e98a0000)
  eden space 67264K,   0% used [0x00007f7697c00000, 0x00007f7697c00000, 0x00007f769bdb0000)
  from space 8384K,  44% used [0x00007f769bdb0000, 0x00007f769c155180, 0x00007f769c5e0000)
  to   space 8384K,   0% used [0x00007f769c5e0000, 0x00007f769c5e0000, 0x00007f769ce10000)
 tenured generation   total 167936K, used 21768K [0x00007f76e98a0000, 0x00007f76f3ca0000, 0x00007f778d200000)
   the space 167936K,  12% used [0x00007f76e98a0000, 0x00007f76eade21a8, 0x00007f76eade2200, 0x00007f76f3ca0000)
 Metaspace       used 30136K, committed 30272K, reserved 65536K
}

