# JRE version: OpenJDK Runtime Environment Temurin-21.0.9+10 (21.0.9+10) (build 21.0.9+10-LTS)
# Java VM: OpenJDK 64-Bit Server VM Temurin-21.0.9+10 (21.0.9+10-LTS, mixed mode, sharing, tiered, compressed oops, compressed class ptrs, g1 gc, linux-amd64)
Heap:
 garbage-first heap   total 444416K, used 130959K [0x000000070aa00000, 0x0000000800000000)
  region size 2048K, 2 young (4096K), 0 survivors (0K)
 Metaspace       used 38919K, committed 39296K, reserved 1114112K
  class space    used 3995K, committed 4160K, reserved 1048576K
GC Heap History (20 events):
Event: 139,215 GC heap before
{Heap before GC invocations=52 (full 10):
 garbage-first heap   total 352256K, used 119628K [0x000000070aa00000, 0x0000000800000000)
  region size 2048K, 1 young (2048K), 0 survivors (0K)
 Metaspace       used 29802K, committed 30144K, reserved 1114112K
  class space    used 2989K, committed 3136K, reserved 1048576K
}
Event: 139,217 GC heap after
{Heap after GC invocations=53 (full 10):
 garbage-first heap   total 1056768K, used 121358K [0x000000070aa00000, 0x0000000800000000)
  region size 2048K, 1 young (2048K), 1 survivors (2048K)
 Metaspace       used 29802K, committed 30144K, reserved 1114112K
  class space    used 2989K, committed 3136K, reserved 1048576K
}
Event: 199,170 GC heap before
{Heap before GC invocations=54 (full 10):
 garbage-first heap   total 471040K, used 412174K [0x000000070aa00000, 0x0000000800000000)
  region size 2048K, 138 young (282624K), 1 survivors (2048K)
 Metaspace       used 29822K, committed 30208K, reserved 1114112K
  class space    used 2989K, committed 3136K, reserved 1048576K
}
Event: 199,180 GC heap after
{Heap after GC invocations=55 (full 10):
 garbage-first heap   total 471040K, used 133930K [0x000000070aa00000, 0x0000000800000000)
  region size 2048K, 7 young (14336K), 7 survivors (14336K)
 Metaspace       used 29822K, committed 30208K, reserved 1114112K
  class space    used 2989K, committed 3136K, reserved 1048576K
}
Event: 258,761 GC heap before
{Heap before GC invocations=55 (full 10):
 garbage-first heap   total 471040K, used 359210K [0x000000070aa00000, 0x0000000800000000)
  region size 2048K, 117 young (239616K), 7 survivors (14336K)
 Metaspace       used 29840K, committed 30208K, reserved 1114112K
  class space    used 2989K, committed 3136K, reserved 1048576K
}
Event: 258,781 GC heap after
{Heap after GC invocations=56 (full 10):
 garbage-first heap   total 471040K, used 141919K [0x000000070aa00000, 0x0000000800000000)
  region size 2048K, 11 young (22528K), 11 survivors (22528K)
 Metaspace       used 29840K, committed 30208K, reserved 1114112K
  class space    used 2989K, committed 3136K, reserved 1048576K
}
Event: 321,375 GC heap before
{Heap before GC invocations=56 (full 10):
 garbage-first heap   total 471040K, used 373343K [0x000000070aa00000, 0x0000000800000000)
  region size 2048K, 124 young (253952K), 11 survivors (22528K)
 Metaspace       used 29844K, committed 30208K, reserved 1114112K
  class space    used 2989K, committed 3136K, reserved 1048576K
}
Event: 321,405 GC heap after
{Heap after GC invocations=57 (full 10):
 garbage-first heap   total 471040K, used 145784K [0x000000070aa00000, 0x0000000800000000)
  region size 2048K, 7 young (14336K), 7 survivors (14336K)
 Metaspace       used 29844K, committed 30208K, reserved 1114112K
  class space    used 2989K, committed 3136K, reserved 1048576K
}
Event: 389,025 GC heap before
{Heap before GC invocations=58 (full 10):
 garbage-first heap   total 471040K, used 385400K [0x000000070aa00000, 0x0000000800000000)
  region size 2048K, 124 young (253952K), 7 survivors (14336K)
 Metaspace       used 29845K, committed 30208K, reserved 1114112K
  class space    used 2989K, committed 3136K, reserved 1048576K
}
Event: 389,056 GC heap after
{Heap after GC invocations=59 (full 10):
 garbage-first heap   total 471040K, used 152269K [0x000000070aa00000, 0x0000000800000000)
  region size 2048K, 11 young (22528K), 11 survivors (22528K)
 Metaspace       used 29845K, committed 30208K, reserved 1114112K
  class space    used 2989K, committed 3136K, reserved 1048576K
}
Event: 444,967 GC heap before
{Heap before GC invocations=59 (full 10):
 garbage-first heap   total 471040K, used 342733K [0x000000070aa00000, 0x0000000800000000)
  region size 2048K, 105 young (215040K), 11 survivors (22528K)
 Metaspace       used 29853K, committed 30208K, reserved 1114112K
  class space    used 2989K, committed 3136K, reserved 1048576K
}
Event: 445,007 GC heap after
{Heap after GC invocations=60 (full 11):
 garbage-first heap   total 450560K, used 125523K [0x000000070aa00000, 0x0000000800000000)
  region size 2048K, 0 young (0K), 0 survivors (0K)
 Metaspace       used 29853K, committed 30208K, reserved 1114112K
  class space    used 2989K, committed 3136K, reserved 1048576K
}
Event: 445,008 GC heap before
{Heap before GC invocations=60 (full 11):
 garbage-first heap   total 450560K, used 125523K [0x000000070aa00000, 0x0000000800000000)
  region size 2048K, 1 young (2048K), 0 survivors (0K)
 Metaspace       used 29853K, committed 30208K, reserved 1114112K
  class space    used 2989K, committed 3136K, reserved 1048576K
}
Event: 445,009 GC heap after
{Heap after GC invocations=61 (full 11):
 garbage-first heap   total 450560K, used 127924K [0x000000070aa00000, 0x0000000800000000)
  region size 2048K, 2 young (4096K), 2 survivors (4096K)
 Metaspace       used 29853K, committed 30208K, reserved 1114112K
  class space    used 2989K, committed 3136K, reserved 1048576K
}
Event: 445,009 GC heap before
{Heap before GC invocations=61 (full 11):
 garbage-first heap   total 450560K, used 127924K [0x000000070aa00000, 0x0000000800000000)
  region size 2048K, 3 young (6144K), 2 survivors (4096K)
 Metaspace       used 29853K, committed 30208K, reserved 1114112K
  class space    used 2989K, committed 3136K, reserved 1048576K
}
Event: 445,035 GC heap after
{Heap after GC invocations=62 (full 12):
 garbage-first heap   total 444416K, used 125303K [0x000000070aa00000, 0x0000000800000000)
  region size 2048K, 0 young (0K), 0 survivors (0K)
 Metaspace       used 29853K, committed 30208K, reserved 1114112K
  class space    used 2989K, committed 3136K, reserved 1048576K
}
Event: 446,234 GC heap before
{Heap before GC invocations=62 (full 12):
 garbage-first heap   total 444416K, used 135543K [0x000000070aa00000, 0x0000000800000000)
  region size 2048K, 6 young (12288K), 0 survivors (0K)
 Metaspace       used 30518K, committed 30912K, reserved 1114112K
  class space    used 3071K, committed 3264K, reserved 1048576K
}
Event: 446,235 GC heap after
{Heap after GC invocations=63 (full 12):
 garbage-first heap   total 444416K, used 126186K [0x000000070aa00000, 0x0000000800000000)
  region size 2048K, 1 young (2048K), 1 survivors (2048K)
 Metaspace       used 30518K, committed 30912K, reserved 1114112K
  class space    used 3071K, committed 3264K, reserved 1048576K
}
Event: 478,830 GC heap before
{Heap before GC invocations=64 (full 12):
 garbage-first heap   total 444416K, used 287978K [0x000000070aa00000, 0x0000000800000000)
  region size 2048K, 28 young (57344K), 1 survivors (2048K)
 Metaspace       used 38925K, committed 39296K, reserved 1114112K
  class space    used 3996K, committed 4160K, reserved 1048576K
}
Event: 478,866 GC heap after
{Heap after GC invocations=65 (full 13):
 garbage-first heap   total 444416K, used 128911K [0x000000070aa00000, 0x0000000800000000)
  region size 2048K, 0 young (0K), 0 survivors (0K)
 Metaspace       used 38918K, committed 39296K, reserved 1114112K
  class space    used 3994K, committed 4160K, reserved 1048576K
}

