# JRE version: OpenJDK Runtime Environment Temurin-21.0.9+10 (21.0.9+10) (build 21.0.9+10-LTS)
# Java VM: OpenJDK 64-Bit Server VM Temurin-21.0.9+10 (21.0.9+10-LTS, mixed mode, sharing, tiered, compressed oops, compressed class ptrs, g1 gc, linux-amd64)
Heap:
 garbage-first heap   total 376832K, used 99990K [0x000000070aa00000, 0x0000000800000000)
  region size 2048K, 2 young (4096K), 0 survivors (0K)
 Metaspace       used 29999K, committed 30336K, reserved 1114112K
  class space    used 2993K, committed 3136K, reserved 1048576K
GC Heap History (20 events):
Event: 14,976 GC heap before
{Heap before GC invocations=18 (full 1):
 garbage-first heap   total 161792K, used 137901K [0x000000070aa00000, 0x0000000800000000)
  region size 2048K, 27 young (55296K), 4 survivors (8192K)
 Metaspace       used 26763K, committed 27136K, reserved 1114112K
  class space    used 2887K, committed 3072K, reserved 1048576K
}
Event: 14,981 GC heap after
{Heap after GC invocations=19 (full 1):
 garbage-first heap   total 161792K, used 97845K [0x000000070aa00000, 0x0000000800000000)
  region size 2048K, 4 young (8192K), 4 survivors (8192K)
 Metaspace       used 26763K, committed 27136K, reserved 1114112K
  class space    used 2887K, committed 3072K, reserved 1048576K
}
Event: 14,988 GC heap before
{Heap before GC invocations=19 (full 1):
 garbage-first heap   total 161792K, used 99893K [0x000000070aa00000, 0x0000000800000000)
  region size 2048K, 6 young (12288K), 4 survivors (8192K)
 Metaspace       used 26904K, committed 27264K, reserved 1114112K
  class space    used 2903K, committed 3072K, reserved 1048576K
}
Event: 15,022 GC heap after
{Heap after GC invocations=20 (full 2):
 garbage-first heap   total 161792K, used 88070K [0x000000070aa00000, 0x0000000800000000)
  region size 2048K, 0 young (0K), 0 survivors (0K)
 Metaspace       used 26904K, committed 27264K, reserved 1114112K
  class space    used 2903K, committed 3072K, reserved 1048576K
}
Event: 15,034 GC heap before
{Heap before GC invocations=20 (full 2):
 garbage-first heap   total 161792K, used 88070K [0x000000070aa00000, 0x0000000800000000)
  region size 2048K, 1 young (2048K), 0 survivors (0K)
 Metaspace       used 27042K, committed 27392K, reserved 1114112K
  class space    used 2914K, committed 3072K, reserved 1048576K
}
Event: 15,036 GC heap after
{Heap after GC invocations=21 (full 2):
 garbage-first heap   total 161792K, used 89384K [0x000000070aa00000, 0x0000000800000000)
  region size 2048K, 1 young (2048K), 1 survivors (2048K)
 Metaspace       used 27042K, committed 27392K, reserved 1114112K
  class space    used 2914K, committed 3072K, reserved 1048576K
}
Event: 15,262 GC heap before
{Heap before GC invocations=22 (full 2):
 garbage-first heap   total 245760K, used 238888K [0x000000070aa00000, 0x0000000800000000)
  region size 2048K, 26 young (53248K), 1 survivors (2048K)
 Metaspace       used 27421K, committed 27712K, reserved 1114112K
  class space    used 2941K, committed 3072K, reserved 1048576K
}
Event: 15,267 GC heap after
{Heap after GC invocations=23 (full 2):
 garbage-first heap   total 661504K, used 98299K [0x000000070aa00000, 0x0000000800000000)
  region size 2048K, 4 young (8192K), 4 survivors (8192K)
 Metaspace       used 27421K, committed 27712K, reserved 1114112K
  class space    used 2941K, committed 3072K, reserved 1048576K
}
Event: 30,984 GC heap before
{Heap before GC invocations=23 (full 2):
 garbage-first heap   total 661504K, used 657403K [0x000000070aa00000, 0x0000000800000000)
  region size 2048K, 190 young (389120K), 4 survivors (8192K)
 Metaspace       used 29230K, committed 29568K, reserved 1114112K
  class space    used 2954K, committed 3136K, reserved 1048576K
}
Event: 30,990 GC heap after
{Heap after GC invocations=24 (full 2):
 garbage-first heap   total 700416K, used 125287K [0x000000070aa00000, 0x0000000800000000)
  region size 2048K, 18 young (36864K), 18 survivors (36864K)
 Metaspace       used 29230K, committed 29568K, reserved 1114112K
  class space    used 2954K, committed 3136K, reserved 1048576K
}
Event: 39,886 GC heap before
{Heap before GC invocations=24 (full 2):
 garbage-first heap   total 700416K, used 483687K [0x000000070aa00000, 0x0000000800000000)
  region size 2048K, 87 young (178176K), 18 survivors (36864K)
 Metaspace       used 29353K, committed 29696K, reserved 1114112K
  class space    used 2956K, committed 3136K, reserved 1048576K
}
Event: 39,891 GC heap after
{Heap after GC invocations=25 (full 2):
 garbage-first heap   total 700416K, used 131038K [0x000000070aa00000, 0x0000000800000000)
  region size 2048K, 7 young (14336K), 7 survivors (14336K)
 Metaspace       used 29353K, committed 29696K, reserved 1114112K
  class space    used 2956K, committed 3136K, reserved 1048576K
}
Event: 69,250 GC heap before
{Heap before GC invocations=25 (full 2):
 garbage-first heap   total 700416K, used 612318K [0x000000070aa00000, 0x0000000800000000)
  region size 2048K, 205 young (419840K), 7 survivors (14336K)
 Metaspace       used 29555K, committed 29888K, reserved 1114112K
  class space    used 2971K, committed 3136K, reserved 1048576K
}
Event: 69,255 GC heap after
{Heap after GC invocations=26 (full 2):
 garbage-first heap   total 700416K, used 153074K [0x000000070aa00000, 0x0000000800000000)
  region size 2048K, 18 young (36864K), 18 survivors (36864K)
 Metaspace       used 29555K, committed 29888K, reserved 1114112K
  class space    used 2971K, committed 3136K, reserved 1048576K
}
Event: 97,746 GC heap before
{Heap before GC invocations=26 (full 2):
 garbage-first heap   total 700416K, used 544242K [0x000000070aa00000, 0x0000000800000000)
  region size 2048K, 205 young (419840K), 18 survivors (36864K)
 Metaspace       used 29712K, committed 30080K, reserved 1114112K
  class space    used 2979K, committed 3136K, reserved 1048576K
}
Event: 97,752 GC heap after
{Heap after GC invocations=27 (full 2):
 garbage-first heap   total 700416K, used 166321K [0x000000070aa00000, 0x0000000800000000)
  region size 2048K, 23 young (47104K), 23 survivors (47104K)
 Metaspace       used 29712K, committed 30080K, reserved 1114112K
  class space    used 2979K, committed 3136K, reserved 1048576K
}
Event: 114,236 GC heap before
{Heap before GC invocations=27 (full 2):
 garbage-first heap   total 700416K, used 555441K [0x000000070aa00000, 0x0000000800000000)
  region size 2048K, 205 young (419840K), 23 survivors (47104K)
 Metaspace       used 29757K, committed 30080K, reserved 1114112K
  class space    used 2981K, committed 3136K, reserved 1048576K
}
Event: 114,245 GC heap after
{Heap after GC invocations=28 (full 2):
 garbage-first heap   total 700416K, used 176172K [0x000000070aa00000, 0x0000000800000000)
  region size 2048K, 26 young (53248K), 26 survivors (53248K)
 Metaspace       used 29757K, committed 30080K, reserved 1114112K
  class space    used 2981K, committed 3136K, reserved 1048576K
}
Event: 123,212 GC heap before
{Heap before GC invocations=28 (full 2):
 garbage-first heap   total 700416K, used 299052K [0x000000070aa00000, 0x0000000800000000)
  region size 2048K, 60 young (122880K), 26 survivors (53248K)
 Metaspace       used 29986K, committed 30272K, reserved 1114112K
  class space    used 2992K, committed 3136K, reserved 1048576K
}
Event: 123,242 GC heap after
{Heap after GC invocations=29 (full 3):
 garbage-first heap   total 376832K, used 97942K [0x000000070aa00000, 0x0000000800000000)
  region size 2048K, 0 young (0K), 0 survivors (0K)
 Metaspace       used 29986K, committed 30272K, reserved 1114112K
  class space    used 2992K, committed 3136K, reserved 1048576K
}

