# JRE version: OpenJDK Runtime Environment Temurin-17.0.18+8 (17.0.18+8) (build 17.0.18+8)
# Java VM: OpenJDK 64-Bit Server VM Temurin-17.0.18+8 (17.0.18+8, mixed mode, tiered, serial gc, linux-amd64)
Heap:
 def new generation   total 75648K, used 18600K [0x00007f3367c00000, 0x00007f336ce10000, 0x00007f33b98a0000)
  eden space 67264K,  19% used [0x00007f3367c00000, 0x00007f33688a5ec8, 0x00007f336bdb0000)
  from space 8384K,  67% used [0x00007f336c5e0000, 0x00007f336cb64408, 0x00007f336ce10000)
  to   space 8384K,   0% used [0x00007f336bdb0000, 0x00007f336bdb0000, 0x00007f336c5e0000)
 tenured generation   total 167936K, used 84374K [0x00007f33b98a0000, 0x00007f33c3ca0000, 0x00007f345d200000)
   the space 167936K,  50% used [0x00007f33b98a0000, 0x00007f33beb059b0, 0x00007f33beb05a00, 0x00007f33c3ca0000)
 Metaspace       used 43461K, committed 43584K, reserved 65536K
GC Heap History (20 events):
Event: 14,407 GC heap before
{Heap before GC invocations=13 (full 1):
 def new generation   total 75648K, used 75647K [0x00007f3367c00000, 0x00007f336ce10000, 0x00007f33b98a0000)
  eden space 67264K, 100% used [0x00007f3367c00000, 0x00007f336bdb0000, 0x00007f336bdb0000)
  from space 8384K,  99% used [0x00007f336bdb0000, 0x00007f336c5dfff0, 0x00007f336c5e0000)
  to   space 8384K,   0% used [0x00007f336c5e0000, 0x00007f336c5e0000, 0x00007f336ce10000)
 tenured generation   total 167936K, used 60953K [0x00007f33b98a0000, 0x00007f33c3ca0000, 0x00007f345d200000)
   the space 167936K,  36% used [0x00007f33b98a0000, 0x00007f33bd426780, 0x00007f33bd426800, 0x00007f33c3ca0000)
 Metaspace       used 35380K, committed 35456K, reserved 65536K
}
Event: 14,411 GC heap after
{Heap after GC invocations=14 (full 1):
 def new generation   total 75648K, used 7428K [0x00007f3367c00000, 0x00007f336ce10000, 0x00007f33b98a0000)
  eden space 67264K,   0% used [0x00007f3367c00000, 0x00007f3367c00000, 0x00007f336bdb0000)
  from space 8384K,  88% used [0x00007f336c5e0000, 0x00007f336cd212e0, 0x00007f336ce10000)
  to   space 8384K,   0% used [0x00007f336bdb0000, 0x00007f336bdb0000, 0x00007f336c5e0000)
 tenured generation   total 167936K, used 64913K [0x00007f33b98a0000, 0x00007f33c3ca0000, 0x00007f345d200000)
   the space 167936K,  38% used [0x00007f33b98a0000, 0x00007f33bd804510, 0x00007f33bd804600, 0x00007f33c3ca0000)
 Metaspace       used 35380K, committed 35456K, reserved 65536K
}
Event: 17,025 GC heap before
{Heap before GC invocations=14 (full 1):
 def new generation   total 75648K, used 74692K [0x00007f3367c00000, 0x00007f336ce10000, 0x00007f33b98a0000)
  eden space 67264K, 100% used [0x00007f3367c00000, 0x00007f336bdb0000, 0x00007f336bdb0000)
  from space 8384K,  88% used [0x00007f336c5e0000, 0x00007f336cd212e0, 0x00007f336ce10000)
  to   space 8384K,   0% used [0x00007f336bdb0000, 0x00007f336bdb0000, 0x00007f336c5e0000)
 tenured generation   total 167936K, used 64913K [0x00007f33b98a0000, 0x00007f33c3ca0000, 0x00007f345d200000)
   the space 167936K,  38% used [0x00007f33b98a0000, 0x00007f33bd804510, 0x00007f33bd804600, 0x00007f33c3ca0000)
 Metaspace       used 35593K, committed 35712K, reserved 65536K
}
Event: 17,029 GC heap after
{Heap after GC invocations=15 (full 1):
 def new generation   total 75648K, used 805K [0x00007f3367c00000, 0x00007f336ce10000, 0x00007f33b98a0000)
  eden space 67264K,   0% used [0x00007f3367c00000, 0x00007f3367c00000, 0x00007f336bdb0000)
  from space 8384K,   9% used [0x00007f336bdb0000, 0x00007f336be79760, 0x00007f336c5e0000)
  to   space 8384K,   0% used [0x00007f336c5e0000, 0x00007f336c5e0000, 0x00007f336ce10000)
 tenured generation   total 167936K, used 72269K [0x00007f33b98a0000, 0x00007f33c3ca0000, 0x00007f345d200000)
   the space 167936K,  43% used [0x00007f33b98a0000, 0x00007f33bdf335c0, 0x00007f33bdf33600, 0x00007f33c3ca0000)
 Metaspace       used 35593K, committed 35712K, reserved 65536K
}
Event: 17,708 GC heap before
{Heap before GC invocations=15 (full 1):
 def new generation   total 75648K, used 8260K [0x00007f3367c00000, 0x00007f336ce10000, 0x00007f33b98a0000)
  eden space 67264K,  11% used [0x00007f3367c00000, 0x00007f3368347938, 0x00007f336bdb0000)
  from space 8384K,   9% used [0x00007f336bdb0000, 0x00007f336be79760, 0x00007f336c5e0000)
  to   space 8384K,   0% used [0x00007f336c5e0000, 0x00007f336c5e0000, 0x00007f336ce10000)
 tenured generation   total 167936K, used 72269K [0x00007f33b98a0000, 0x00007f33c3ca0000, 0x00007f345d200000)
   the space 167936K,  43% used [0x00007f33b98a0000, 0x00007f33bdf335c0, 0x00007f33bdf33600, 0x00007f33c3ca0000)
 Metaspace       used 35775K, committed 35840K, reserved 65536K
}
Event: 17,729 GC heap after
{Heap after GC invocations=16 (full 2):
 def new generation   total 75648K, used 0K [0x00007f3367c00000, 0x00007f336ce10000, 0x00007f33b98a0000)
  eden space 67264K,   0% used [0x00007f3367c00000, 0x00007f3367c00000, 0x00007f336bdb0000)
  from space 8384K,   0% used [0x00007f336bdb0000, 0x00007f336bdb0000, 0x00007f336c5e0000)
  to   space 8384K,   0% used [0x00007f336c5e0000, 0x00007f336c5e0000, 0x00007f336ce10000)
 tenured generation   total 167936K, used 73261K [0x00007f33b98a0000, 0x00007f33c3ca0000, 0x00007f345d200000)
   the space 167936K,  43% used [0x00007f33b98a0000, 0x00007f33be02b478, 0x00007f33be02b600, 0x00007f33c3ca0000)
 Metaspace       used 35775K, committed 35840K, reserved 65536K
}
Event: 28,019 GC heap before
{Heap before GC invocations=16 (full 2):
 def new generation   total 75648K, used 67264K [0x00007f3367c00000, 0x00007f336ce10000, 0x00007f33b98a0000)
  eden space 67264K, 100% used [0x00007f3367c00000, 0x00007f336bdb0000, 0x00007f336bdb0000)
  from space 8384K,   0% used [0x00007f336bdb0000, 0x00007f336bdb0000, 0x00007f336c5e0000)
  to   space 8384K,   0% used [0x00007f336c5e0000, 0x00007f336c5e0000, 0x00007f336ce10000)
 tenured generation   total 167936K, used 73261K [0x00007f33b98a0000, 0x00007f33c3ca0000, 0x00007f345d200000)
   the space 167936K,  43% used [0x00007f33b98a0000, 0x00007f33be02b478, 0x00007f33be02b600, 0x00007f33c3ca0000)
 Metaspace       used 43102K, committed 43200K, reserved 65536K
}
Event: 28,023 GC heap after
{Heap after GC invocations=17 (full 2):
 def new generation   total 75648K, used 5272K [0x00007f3367c00000, 0x00007f336ce10000, 0x00007f33b98a0000)
  eden space 67264K,   0% used [0x00007f3367c00000, 0x00007f3367c00000, 0x00007f336bdb0000)
  from space 8384K,  62% used [0x00007f336c5e0000, 0x00007f336cb062d0, 0x00007f336ce10000)
  to   space 8384K,   0% used [0x00007f336bdb0000, 0x00007f336bdb0000, 0x00007f336c5e0000)
 tenured generation   total 167936K, used 73261K [0x00007f33b98a0000, 0x00007f33c3ca0000, 0x00007f345d200000)
   the space 167936K,  43% used [0x00007f33b98a0000, 0x00007f33be02b478, 0x00007f33be02b600, 0x00007f33c3ca0000)
 Metaspace       used 43102K, committed 43200K, reserved 65536K
}
Event: 49,318 GC heap before
{Heap before GC invocations=17 (full 2):
 def new generation   total 75648K, used 72536K [0x00007f3367c00000, 0x00007f336ce10000, 0x00007f33b98a0000)
  eden space 67264K, 100% used [0x00007f3367c00000, 0x00007f336bdb0000, 0x00007f336bdb0000)
  from space 8384K,  62% used [0x00007f336c5e0000, 0x00007f336cb062d0, 0x00007f336ce10000)
  to   space 8384K,   0% used [0x00007f336bdb0000, 0x00007f336bdb0000, 0x00007f336c5e0000)
 tenured generation   total 167936K, used 73261K [0x00007f33b98a0000, 0x00007f33c3ca0000, 0x00007f345d200000)
   the space 167936K,  43% used [0x00007f33b98a0000, 0x00007f33be02b478, 0x00007f33be02b600, 0x00007f33c3ca0000)
 Metaspace       used 43214K, committed 43392K, reserved 65536K
}
Event: 49,323 GC heap after
{Heap after GC invocations=18 (full 2):
 def new generation   total 75648K, used 1280K [0x00007f3367c00000, 0x00007f336ce10000, 0x00007f33b98a0000)
  eden space 67264K,   0% used [0x00007f3367c00000, 0x00007f3367c00000, 0x00007f336bdb0000)
  from space 8384K,  15% used [0x00007f336bdb0000, 0x00007f336bef02d0, 0x00007f336c5e0000)
  to   space 8384K,   0% used [0x00007f336c5e0000, 0x00007f336c5e0000, 0x00007f336ce10000)
 tenured generation   total 167936K, used 78417K [0x00007f33b98a0000, 0x00007f33c3ca0000, 0x00007f345d200000)
   the space 167936K,  46% used [0x00007f33b98a0000, 0x00007f33be5347d8, 0x00007f33be534800, 0x00007f33c3ca0000)
 Metaspace       used 43214K, committed 43392K, reserved 65536K
}
Event: 69,719 GC heap before
{Heap before GC invocations=18 (full 2):
 def new generation   total 75648K, used 68544K [0x00007f3367c00000, 0x00007f336ce10000, 0x00007f33b98a0000)
  eden space 67264K, 100% used [0x00007f3367c00000, 0x00007f336bdb0000, 0x00007f336bdb0000)
  from space 8384K,  15% used [0x00007f336bdb0000, 0x00007f336bef02d0, 0x00007f336c5e0000)
  to   space 8384K,   0% used [0x00007f336c5e0000, 0x00007f336c5e0000, 0x00007f336ce10000)
 tenured generation   total 167936K, used 78417K [0x00007f33b98a0000, 0x00007f33c3ca0000, 0x00007f345d200000)
   the space 167936K,  46% used [0x00007f33b98a0000, 0x00007f33be5347d8, 0x00007f33be534800, 0x00007f33c3ca0000)
 Metaspace       used 43281K, committed 43456K, reserved 65536K
}
Event: 69,720 GC heap after
{Heap after GC invocations=19 (full 2):
 def new generation   total 75648K, used 2850K [0x00007f3367c00000, 0x00007f336ce10000, 0x00007f33b98a0000)
  eden space 67264K,   0% used [0x00007f3367c00000, 0x00007f3367c00000, 0x00007f336bdb0000)
  from space 8384K,  34% used [0x00007f336c5e0000, 0x00007f336c8a8a90, 0x00007f336ce10000)
  to   space 8384K,   0% used [0x00007f336bdb0000, 0x00007f336bdb0000, 0x00007f336c5e0000)
 tenured generation   total 167936K, used 78417K [0x00007f33b98a0000, 0x00007f33c3ca0000, 0x00007f345d200000)
   the space 167936K,  46% used [0x00007f33b98a0000, 0x00007f33be5347d8, 0x00007f33be534800, 0x00007f33c3ca0000)
 Metaspace       used 43281K, committed 43456K, reserved 65536K
}
Event: 83,869 GC heap before
{Heap before GC invocations=19 (full 2):
 def new generation   total 75648K, used 70114K [0x00007f3367c00000, 0x00007f336ce10000, 0x00007f33b98a0000)
  eden space 67264K, 100% used [0x00007f3367c00000, 0x00007f336bdb0000, 0x00007f336bdb0000)
  from space 8384K,  34% used [0x00007f336c5e0000, 0x00007f336c8a8a90, 0x00007f336ce10000)
  to   space 8384K,   0% used [0x00007f336bdb0000, 0x00007f336bdb0000, 0x00007f336c5e0000)
 tenured generation   total 167936K, used 78417K [0x00007f33b98a0000, 0x00007f33c3ca0000, 0x00007f345d200000)
   the space 167936K,  46% used [0x00007f33b98a0000, 0x00007f33be5347d8, 0x00007f33be534800, 0x00007f33c3ca0000)
 Metaspace       used 43408K, committed 43520K, reserved 65536K
}
Event: 83,872 GC heap after
{Heap after GC invocations=20 (full 2):
 def new generation   total 75648K, used 5995K [0x00007f3367c00000, 0x00007f336ce10000, 0x00007f33b98a0000)
  eden space 67264K,   0% used [0x00007f3367c00000, 0x00007f3367c00000, 0x00007f336bdb0000)
  from space 8384K,  71% used [0x00007f336bdb0000, 0x00007f336c38ad48, 0x00007f336c5e0000)
  to   space 8384K,   0% used [0x00007f336c5e0000, 0x00007f336c5e0000, 0x00007f336ce10000)
 tenured generation   total 167936K, used 78417K [0x00007f33b98a0000, 0x00007f33c3ca0000, 0x00007f345d200000)
   the space 167936K,  46% used [0x00007f33b98a0000, 0x00007f33be5347d8, 0x00007f33be534800, 0x00007f33c3ca0000)
 Metaspace       used 43408K, committed 43520K, reserved 65536K
}
Event: 104,569 GC heap before
{Heap before GC invocations=20 (full 2):
 def new generation   total 75648K, used 73259K [0x00007f3367c00000, 0x00007f336ce10000, 0x00007f33b98a0000)
  eden space 67264K, 100% used [0x00007f3367c00000, 0x00007f336bdb0000, 0x00007f336bdb0000)
  from space 8384K,  71% used [0x00007f336bdb0000, 0x00007f336c38ad48, 0x00007f336c5e0000)
  to   space 8384K,   0% used [0x00007f336c5e0000, 0x00007f336c5e0000, 0x00007f336ce10000)
 tenured generation   total 167936K, used 78417K [0x00007f33b98a0000, 0x00007f33c3ca0000, 0x00007f345d200000)
   the space 167936K,  46% used [0x00007f33b98a0000, 0x00007f33be5347d8, 0x00007f33be534800, 0x00007f33c3ca0000)
 Metaspace       used 43411K, committed 43520K, reserved 65536K
}
Event: 104,573 GC heap after
{Heap after GC invocations=21 (full 2):
 def new generation   total 75648K, used 5109K [0x00007f3367c00000, 0x00007f336ce10000, 0x00007f33b98a0000)
  eden space 67264K,   0% used [0x00007f3367c00000, 0x00007f3367c00000, 0x00007f336bdb0000)
  from space 8384K,  60% used [0x00007f336c5e0000, 0x00007f336cadd6e8, 0x00007f336ce10000)
  to   space 8384K,   0% used [0x00007f336bdb0000, 0x00007f336bdb0000, 0x00007f336c5e0000)
 tenured generation   total 167936K, used 80836K [0x00007f33b98a0000, 0x00007f33c3ca0000, 0x00007f345d200000)
   the space 167936K,  48% used [0x00007f33b98a0000, 0x00007f33be791170, 0x00007f33be791200, 0x00007f33c3ca0000)
 Metaspace       used 43411K, committed 43520K, reserved 65536K
}
Event: 126,184 GC heap before
{Heap before GC invocations=21 (full 2):
 def new generation   total 75648K, used 72373K [0x00007f3367c00000, 0x00007f336ce10000, 0x00007f33b98a0000)
  eden space 67264K, 100% used [0x00007f3367c00000, 0x00007f336bdb0000, 0x00007f336bdb0000)
  from space 8384K,  60% used [0x00007f336c5e0000, 0x00007f336cadd6e8, 0x00007f336ce10000)
  to   space 8384K,   0% used [0x00007f336bdb0000, 0x00007f336bdb0000, 0x00007f336c5e0000)
 tenured generation   total 167936K, used 80836K [0x00007f33b98a0000, 0x00007f33c3ca0000, 0x00007f345d200000)
   the space 167936K,  48% used [0x00007f33b98a0000, 0x00007f33be791170, 0x00007f33be791200, 0x00007f33c3ca0000)
 Metaspace       used 43412K, committed 43584K, reserved 65536K
}
Event: 126,188 GC heap after
{Heap after GC invocations=22 (full 2):
 def new generation   total 75648K, used 2865K [0x00007f3367c00000, 0x00007f336ce10000, 0x00007f33b98a0000)
  eden space 67264K,   0% used [0x00007f3367c00000, 0x00007f3367c00000, 0x00007f336bdb0000)
  from space 8384K,  34% used [0x00007f336bdb0000, 0x00007f336c07c570, 0x00007f336c5e0000)
  to   space 8384K,   0% used [0x00007f336c5e0000, 0x00007f336c5e0000, 0x00007f336ce10000)
 tenured generation   total 167936K, used 84374K [0x00007f33b98a0000, 0x00007f33c3ca0000, 0x00007f345d200000)
   the space 167936K,  50% used [0x00007f33b98a0000, 0x00007f33beb059b0, 0x00007f33beb05a00, 0x00007f33c3ca0000)
 Metaspace       used 43412K, committed 43584K, reserved 65536K
}
Event: 141,268 GC heap before
{Heap before GC invocations=22 (full 2):
 def new generation   total 75648K, used 70129K [0x00007f3367c00000, 0x00007f336ce10000, 0x00007f33b98a0000)
  eden space 67264K, 100% used [0x00007f3367c00000, 0x00007f336bdb0000, 0x00007f336bdb0000)
  from space 8384K,  34% used [0x00007f336bdb0000, 0x00007f336c07c570, 0x00007f336c5e0000)
  to   space 8384K,   0% used [0x00007f336c5e0000, 0x00007f336c5e0000, 0x00007f336ce10000)
 tenured generation   total 167936K, used 84374K [0x00007f33b98a0000, 0x00007f33c3ca0000, 0x00007f345d200000)
   the space 167936K,  50% used [0x00007f33b98a0000, 0x00007f33beb059b0, 0x00007f33beb05a00, 0x00007f33c3ca0000)
 Metaspace       used 43446K, committed 43584K, reserved 65536K
}
Event: 141,271 GC heap after
{Heap after GC invocations=23 (full 2):
 def new generation   total 75648K, used 5649K [0x00007f3367c00000, 0x00007f336ce10000, 0x00007f33b98a0000)
  eden space 67264K,   0% used [0x00007f3367c00000, 0x00007f3367c00000, 0x00007f336bdb0000)
  from space 8384K,  67% used [0x00007f336c5e0000, 0x00007f336cb64408, 0x00007f336ce10000)
  to   space 8384K,   0% used [0x00007f336bdb0000, 0x00007f336bdb0000, 0x00007f336c5e0000)
 tenured generation   total 167936K, used 84374K [0x00007f33b98a0000, 0x00007f33c3ca0000, 0x00007f345d200000)
   the space 167936K,  50% used [0x00007f33b98a0000, 0x00007f33beb059b0, 0x00007f33beb05a00, 0x00007f33c3ca0000)
 Metaspace       used 43446K, committed 43584K, reserved 65536K
}

