# JRE version: OpenJDK Runtime Environment Temurin-21.0.9+10 (21.0.9+10) (build 21.0.9+10-LTS)
# Java VM: OpenJDK 64-Bit Server VM Temurin-21.0.9+10 (21.0.9+10-LTS, mixed mode, sharing, tiered, compressed oops, compressed class ptrs, g1 gc, linux-amd64)
GC Precious Log:
 CardTable entry size: 512
 Card Set container configuration: InlinePtr #cards 4 size 8 Array Of Cards #cards 16 size 48 Howl #buckets 8 coarsen threshold 3686 Howl Bitmap #cards 512 size 80 coarsen threshold 460 Card regions per heap region 1 cards per card region 4096
 CPUs: 20 total, 20 available
 Memory: 15701M
 Large Page Support: Disabled
 NUMA Support: Disabled
 Compressed Oops: Enabled (Zero based)
 Heap Region Size: 2M
 Heap Min Capacity: 8M
 Heap Initial Capacity: 246M
 Heap Max Capacity: 3926M
 Pre-touch: Disabled
 Parallel Workers: 15
 Concurrent Workers: 4
 Concurrent Refinement Workers: 15
 Periodic GC: Disabled
Heap:
 garbage-first heap   total 217088K, used 80605K [0x000000070aa00000, 0x0000000800000000)
  region size 2048K, 11 young (22528K), 3 survivors (6144K)
 Metaspace       used 30564K, committed 30912K, reserved 1114112K
  class space    used 3338K, committed 3456K, reserved 1048576K
GC Heap History (11 events):
Event: 1,831 GC heap before
{Heap before GC invocations=0 (full 0):
 garbage-first heap   total 253952K, used 35882K [0x000000070aa00000, 0x0000000800000000)
  region size 2048K, 11 young (22528K), 0 survivors (0K)
 Metaspace       used 15742K, committed 16000K, reserved 1114112K
  class space    used 1557K, committed 1664K, reserved 1048576K
}
Event: 1,833 GC heap after
{Heap after GC invocations=1 (full 0):
 garbage-first heap   total 253952K, used 17106K [0x000000070aa00000, 0x0000000800000000)
  region size 2048K, 2 young (4096K), 2 survivors (4096K)
 Metaspace       used 15742K, committed 16000K, reserved 1114112K
  class space    used 1557K, committed 1664K, reserved 1048576K
}
Event: 2,161 GC heap before
{Heap before GC invocations=1 (full 0):
 garbage-first heap   total 253952K, used 92882K [0x000000070aa00000, 0x0000000800000000)
  region size 2048K, 30 young (61440K), 2 survivors (4096K)
 Metaspace       used 21039K, committed 21312K, reserved 1114112K
  class space    used 2261K, committed 2368K, reserved 1048576K
}
Event: 2,164 GC heap after
{Heap after GC invocations=2 (full 0):
 garbage-first heap   total 253952K, used 22046K [0x000000070aa00000, 0x0000000800000000)
  region size 2048K, 4 young (8192K), 4 survivors (8192K)
 Metaspace       used 21039K, committed 21312K, reserved 1114112K
  class space    used 2261K, committed 2368K, reserved 1048576K
}
Event: 2,266 GC heap before
{Heap before GC invocations=2 (full 0):
 garbage-first heap   total 253952K, used 99870K [0x000000070aa00000, 0x0000000800000000)
  region size 2048K, 25 young (51200K), 4 survivors (8192K)
 Metaspace       used 21257K, committed 21504K, reserved 1114112K
  class space    used 2270K, committed 2368K, reserved 1048576K
}
Event: 2,269 GC heap after
{Heap after GC invocations=3 (full 0):
 garbage-first heap   total 253952K, used 24615K [0x000000070aa00000, 0x0000000800000000)
  region size 2048K, 6 young (12288K), 6 survivors (12288K)
 Metaspace       used 21257K, committed 21504K, reserved 1114112K
  class space    used 2270K, committed 2368K, reserved 1048576K
}
Event: 3,473 GC heap before
{Heap before GC invocations=4 (full 0):
 garbage-first heap   total 169984K, used 165927K [0x000000070aa00000, 0x0000000800000000)
  region size 2048K, 12 young (24576K), 6 survivors (12288K)
 Metaspace       used 22980K, committed 23232K, reserved 1114112K
  class space    used 2500K, committed 2624K, reserved 1048576K
}
Event: 3,478 GC heap after
{Heap after GC invocations=5 (full 0):
 garbage-first heap   total 182272K, used 25282K [0x000000070aa00000, 0x0000000800000000)
  region size 2048K, 6 young (12288K), 6 survivors (12288K)
 Metaspace       used 22980K, committed 23232K, reserved 1114112K
  class space    used 2500K, committed 2624K, reserved 1048576K
}
Event: 4,243 GC heap before
{Heap before GC invocations=5 (full 0):
 garbage-first heap   total 200704K, used 197314K [0x000000070aa00000, 0x0000000800000000)
  region size 2048K, 18 young (36864K), 6 survivors (12288K)
 Metaspace       used 28375K, committed 28736K, reserved 1114112K
  class space    used 3104K, committed 3264K, reserved 1048576K
}
Event: 4,250 GC heap after
{Heap after GC invocations=6 (full 0):
 garbage-first heap   total 217088K, used 27357K [0x000000070aa00000, 0x0000000800000000)
  region size 2048K, 3 young (6144K), 3 survivors (6144K)
 Metaspace       used 28375K, committed 28736K, reserved 1114112K
  class space    used 3104K, committed 3264K, reserved 1048576K
}
Event: 8,669 GC heap before
{Heap before GC invocations=6 (full 0):
 garbage-first heap   total 217088K, used 76509K [0x000000070aa00000, 0x0000000800000000)
  region size 2048K, 11 young (22528K), 3 survivors (6144K)
 Metaspace       used 30564K, committed 30912K, reserved 1114112K
  class space    used 3338K, committed 3456K, reserved 1048576K
}

