# JRE version: OpenJDK Runtime Environment Temurin-21.0.9+10 (21.0.9+10) (build 21.0.9+10-LTS)
# Java VM: OpenJDK 64-Bit Server VM Temurin-21.0.9+10 (21.0.9+10-LTS, mixed mode, sharing, tiered, compressed oops, compressed class ptrs, g1 gc, linux-amd64)
Heap:
 garbage-first heap   total 417792K, used 345902K [0x000000070aa00000, 0x0000000800000000)
  region size 2048K, 79 young (161792K), 10 survivors (20480K)
 Metaspace       used 30509K, committed 30912K, reserved 1114112K
  class space    used 3042K, committed 3264K, reserved 1048576K
GC Heap History (20 events):
Event: 369,311 GC heap before
{Heap before GC invocations=28 (full 6):
 garbage-first heap   total 417792K, used 182980K [0x000000070aa00000, 0x0000000800000000)
  region size 2048K, 4 young (8192K), 0 survivors (0K)
 Metaspace       used 30293K, committed 30720K, reserved 1114112K
  class space    used 3038K, committed 3264K, reserved 1048576K
}
Event: 369,313 GC heap after
{Heap after GC invocations=29 (full 6):
 garbage-first heap   total 417792K, used 174788K [0x000000070aa00000, 0x0000000800000000)
  region size 2048K, 3 young (6144K), 3 survivors (6144K)
 Metaspace       used 30293K, committed 30720K, reserved 1114112K
  class space    used 3038K, committed 3264K, reserved 1048576K
}
Event: 370,183 GC heap before
{Heap before GC invocations=29 (full 6):
 garbage-first heap   total 417792K, used 221892K [0x000000070aa00000, 0x0000000800000000)
  region size 2048K, 25 young (51200K), 3 survivors (6144K)
 Metaspace       used 30300K, committed 30720K, reserved 1114112K
  class space    used 3038K, committed 3264K, reserved 1048576K
}
Event: 370,184 GC heap after
{Heap after GC invocations=30 (full 6):
 garbage-first heap   total 417792K, used 180901K [0x000000070aa00000, 0x0000000800000000)
  region size 2048K, 6 young (12288K), 6 survivors (12288K)
 Metaspace       used 30300K, committed 30720K, reserved 1114112K
  class space    used 3038K, committed 3264K, reserved 1048576K
}
Event: 371,073 GC heap before
{Heap before GC invocations=30 (full 6):
 garbage-first heap   total 417792K, used 209573K [0x000000070aa00000, 0x0000000800000000)
  region size 2048K, 12 young (24576K), 6 survivors (12288K)
 Metaspace       used 30304K, committed 30784K, reserved 1114112K
  class space    used 3038K, committed 3264K, reserved 1048576K
}
Event: 371,075 GC heap after
{Heap after GC invocations=31 (full 6):
 garbage-first heap   total 417792K, used 181514K [0x000000070aa00000, 0x0000000800000000)
  region size 2048K, 6 young (12288K), 6 survivors (12288K)
 Metaspace       used 30304K, committed 30784K, reserved 1114112K
  class space    used 3038K, committed 3264K, reserved 1048576K
}
Event: 371,078 GC heap before
{Heap before GC invocations=31 (full 6):
 garbage-first heap   total 417792K, used 199946K [0x000000070aa00000, 0x0000000800000000)
  region size 2048K, 7 young (14336K), 6 survivors (12288K)
 Metaspace       used 30304K, committed 30784K, reserved 1114112K
  class space    used 3038K, committed 3264K, reserved 1048576K
}
Event: 371,079 GC heap after
{Heap after GC invocations=32 (full 6):
 garbage-first heap   total 417792K, used 180376K [0x000000070aa00000, 0x0000000800000000)
  region size 2048K, 5 young (10240K), 5 survivors (10240K)
 Metaspace       used 30304K, committed 30784K, reserved 1114112K
  class space    used 3038K, committed 3264K, reserved 1048576K
}
Event: 388,439 GC heap before
{Heap before GC invocations=32 (full 6):
 garbage-first heap   total 417792K, used 362648K [0x000000070aa00000, 0x0000000800000000)
  region size 2048K, 85 young (174080K), 5 survivors (10240K)
 Metaspace       used 30425K, committed 30848K, reserved 1114112K
  class space    used 3040K, committed 3264K, reserved 1048576K
}
Event: 388,442 GC heap after
{Heap after GC invocations=33 (full 6):
 garbage-first heap   total 417792K, used 182082K [0x000000070aa00000, 0x0000000800000000)
  region size 2048K, 6 young (12288K), 6 survivors (12288K)
 Metaspace       used 30425K, committed 30848K, reserved 1114112K
  class space    used 3040K, committed 3264K, reserved 1048576K
}
Event: 412,488 GC heap before
{Heap before GC invocations=33 (full 6):
 garbage-first heap   total 417792K, used 354114K [0x000000070aa00000, 0x0000000800000000)
  region size 2048K, 90 young (184320K), 6 survivors (12288K)
 Metaspace       used 30425K, committed 30848K, reserved 1114112K
  class space    used 3040K, committed 3264K, reserved 1048576K
}
Event: 412,495 GC heap after
{Heap after GC invocations=34 (full 6):
 garbage-first heap   total 417792K, used 183805K [0x000000070aa00000, 0x0000000800000000)
  region size 2048K, 7 young (14336K), 7 survivors (14336K)
 Metaspace       used 30425K, committed 30848K, reserved 1114112K
  class space    used 3040K, committed 3264K, reserved 1048576K
}
Event: 429,425 GC heap before
{Heap before GC invocations=34 (full 6):
 garbage-first heap   total 417792K, used 361981K [0x000000070aa00000, 0x0000000800000000)
  region size 2048K, 94 young (192512K), 7 survivors (14336K)
 Metaspace       used 30429K, committed 30848K, reserved 1114112K
  class space    used 3040K, committed 3264K, reserved 1048576K
}
Event: 429,434 GC heap after
{Heap after GC invocations=35 (full 6):
 garbage-first heap   total 417792K, used 188406K [0x000000070aa00000, 0x0000000800000000)
  region size 2048K, 7 young (14336K), 7 survivors (14336K)
 Metaspace       used 30429K, committed 30848K, reserved 1114112K
  class space    used 3040K, committed 3264K, reserved 1048576K
}
Event: 452,685 GC heap before
{Heap before GC invocations=35 (full 6):
 garbage-first heap   total 417792K, used 366582K [0x000000070aa00000, 0x0000000800000000)
  region size 2048K, 94 young (192512K), 7 survivors (14336K)
 Metaspace       used 30483K, committed 30912K, reserved 1114112K
  class space    used 3040K, committed 3264K, reserved 1048576K
}
Event: 452,697 GC heap after
{Heap after GC invocations=36 (full 6):
 garbage-first heap   total 417792K, used 197102K [0x000000070aa00000, 0x0000000800000000)
  region size 2048K, 10 young (20480K), 10 survivors (20480K)
 Metaspace       used 30483K, committed 30912K, reserved 1114112K
  class space    used 3040K, committed 3264K, reserved 1048576K
}
Event: 482,988 GC heap before
{Heap before GC invocations=36 (full 6):
 garbage-first heap   total 417792K, used 369134K [0x000000070aa00000, 0x0000000800000000)
  region size 2048K, 94 young (192512K), 10 survivors (20480K)
 Metaspace       used 30484K, committed 30912K, reserved 1114112K
  class space    used 3040K, committed 3264K, reserved 1048576K
}
Event: 483,002 GC heap after
{Heap after GC invocations=37 (full 6):
 garbage-first heap   total 417792K, used 202446K [0x000000070aa00000, 0x0000000800000000)
  region size 2048K, 7 young (14336K), 7 survivors (14336K)
 Metaspace       used 30484K, committed 30912K, reserved 1114112K
  class space    used 3040K, committed 3264K, reserved 1048576K
}
Event: 501,588 GC heap before
{Heap before GC invocations=37 (full 6):
 garbage-first heap   total 417792K, used 374478K [0x000000070aa00000, 0x0000000800000000)
  region size 2048K, 91 young (186368K), 7 survivors (14336K)
 Metaspace       used 30485K, committed 30912K, reserved 1114112K
  class space    used 3040K, committed 3264K, reserved 1048576K
}
Event: 501,599 GC heap after
{Heap after GC invocations=38 (full 6):
 garbage-first heap   total 417792K, used 208686K [0x000000070aa00000, 0x0000000800000000)
  region size 2048K, 10 young (20480K), 10 survivors (20480K)
 Metaspace       used 30485K, committed 30912K, reserved 1114112K
  class space    used 3040K, committed 3264K, reserved 1048576K
}

