# JRE version: OpenJDK Runtime Environment Temurin-21.0.9+10 (21.0.9+10) (build 21.0.9+10-LTS)
# Java VM: OpenJDK 64-Bit Server VM Temurin-21.0.9+10 (21.0.9+10-LTS, mixed mode, sharing, tiered, compressed oops, compressed class ptrs, g1 gc, linux-amd64)
Heap:
 garbage-first heap   total 602112K, used 167961K [0x000000070aa00000, 0x0000000800000000)
  region size 2048K, 2 young (4096K), 0 survivors (0K)
 Metaspace       used 37452K, committed 37952K, reserved 1114112K
  class space    used 3790K, committed 4032K, reserved 1048576K
GC Heap History (20 events):
Event: 118,755 GC heap before
{Heap before GC invocations=61 (full 6):
 garbage-first heap   total 933888K, used 325583K [0x000000070aa00000, 0x0000000800000000)
  region size 2048K, 11 young (22528K), 9 survivors (18432K)
 Metaspace       used 36730K, committed 37120K, reserved 1114112K
  class space    used 3746K, committed 3904K, reserved 1048576K
}
Event: 118,757 GC heap after
{Heap after GC invocations=62 (full 6):
 garbage-first heap   total 933888K, used 319524K [0x000000070aa00000, 0x0000000800000000)
  region size 2048K, 10 young (20480K), 10 survivors (20480K)
 Metaspace       used 36730K, committed 37120K, reserved 1114112K
  class space    used 3746K, committed 3904K, reserved 1048576K
}
Event: 142,505 GC heap before
{Heap before GC invocations=63 (full 6):
 garbage-first heap   total 933888K, used 808996K [0x000000070aa00000, 0x0000000800000000)
  region size 2048K, 198 young (405504K), 10 survivors (20480K)
 Metaspace       used 37154K, committed 37632K, reserved 1114112K
  class space    used 3787K, committed 4032K, reserved 1048576K
}
Event: 142,510 GC heap after
{Heap after GC invocations=64 (full 6):
 garbage-first heap   total 933888K, used 329571K [0x000000070aa00000, 0x0000000800000000)
  region size 2048K, 16 young (32768K), 16 survivors (32768K)
 Metaspace       used 37154K, committed 37632K, reserved 1114112K
  class space    used 3787K, committed 4032K, reserved 1048576K
}
Event: 175,107 GC heap before
{Heap before GC invocations=64 (full 6):
 garbage-first heap   total 933888K, used 812899K [0x000000070aa00000, 0x0000000800000000)
  region size 2048K, 212 young (434176K), 16 survivors (32768K)
 Metaspace       used 37257K, committed 37760K, reserved 1114112K
  class space    used 3789K, committed 4032K, reserved 1048576K
}
Event: 175,116 GC heap after
{Heap after GC invocations=65 (full 6):
 garbage-first heap   total 933888K, used 305269K [0x000000070aa00000, 0x0000000800000000)
  region size 2048K, 18 young (36864K), 18 survivors (36864K)
 Metaspace       used 37257K, committed 37760K, reserved 1114112K
  class space    used 3789K, committed 4032K, reserved 1048576K
}
Event: 182,649 GC heap before
{Heap before GC invocations=65 (full 6):
 garbage-first heap   total 933888K, used 467061K [0x000000070aa00000, 0x0000000800000000)
  region size 2048K, 90 young (184320K), 18 survivors (36864K)
 Metaspace       used 37260K, committed 37760K, reserved 1114112K
  class space    used 3789K, committed 4032K, reserved 1048576K
}
Event: 182,656 GC heap after
{Heap after GC invocations=66 (full 6):
 garbage-first heap   total 933888K, used 309355K [0x000000070aa00000, 0x0000000800000000)
  region size 2048K, 14 young (28672K), 14 survivors (28672K)
 Metaspace       used 37260K, committed 37760K, reserved 1114112K
  class space    used 3789K, committed 4032K, reserved 1048576K
}
Event: 183,847 GC heap before
{Heap before GC invocations=66 (full 6):
 garbage-first heap   total 933888K, used 340075K [0x000000070aa00000, 0x0000000800000000)
  region size 2048K, 28 young (57344K), 14 survivors (28672K)
 Metaspace       used 37261K, committed 37760K, reserved 1114112K
  class space    used 3789K, committed 4032K, reserved 1048576K
}
Event: 183,852 GC heap after
{Heap after GC invocations=67 (full 6):
 garbage-first heap   total 933888K, used 311127K [0x000000070aa00000, 0x0000000800000000)
  region size 2048K, 15 young (30720K), 15 survivors (30720K)
 Metaspace       used 37261K, committed 37760K, reserved 1114112K
  class space    used 3789K, committed 4032K, reserved 1048576K
}
Event: 209,906 GC heap before
{Heap before GC invocations=68 (full 6):
 garbage-first heap   total 901120K, used 767831K [0x000000070aa00000, 0x0000000800000000)
  region size 2048K, 233 young (477184K), 15 survivors (30720K)
 Metaspace       used 37289K, committed 37760K, reserved 1114112K
  class space    used 3789K, committed 4032K, reserved 1048576K
}
Event: 209,915 GC heap after
{Heap after GC invocations=69 (full 6):
 garbage-first heap   total 901120K, used 278730K [0x000000070aa00000, 0x0000000800000000)
  region size 2048K, 22 young (45056K), 22 survivors (45056K)
 Metaspace       used 37289K, committed 37760K, reserved 1114112K
  class space    used 3789K, committed 4032K, reserved 1048576K
}
Event: 257,101 GC heap before
{Heap before GC invocations=69 (full 6):
 garbage-first heap   total 901120K, used 786634K [0x000000070aa00000, 0x0000000800000000)
  region size 2048K, 248 young (507904K), 22 survivors (45056K)
 Metaspace       used 37364K, committed 37824K, reserved 1114112K
  class space    used 3789K, committed 4032K, reserved 1048576K
}
Event: 257,114 GC heap after
{Heap after GC invocations=70 (full 6):
 garbage-first heap   total 901120K, used 209339K [0x000000070aa00000, 0x0000000800000000)
  region size 2048K, 17 young (34816K), 17 survivors (34816K)
 Metaspace       used 37364K, committed 37824K, reserved 1114112K
  class space    used 3789K, committed 4032K, reserved 1048576K
}
Event: 367,752 GC heap before
{Heap before GC invocations=70 (full 6):
 garbage-first heap   total 901120K, used 715195K [0x000000070aa00000, 0x0000000800000000)
  region size 2048K, 264 young (540672K), 17 survivors (34816K)
 Metaspace       used 37438K, committed 37952K, reserved 1114112K
  class space    used 3789K, committed 4032K, reserved 1048576K
}
Event: 367,772 GC heap after
{Heap after GC invocations=71 (full 6):
 garbage-first heap   total 901120K, used 213970K [0x000000070aa00000, 0x0000000800000000)
  region size 2048K, 20 young (40960K), 20 survivors (40960K)
 Metaspace       used 37438K, committed 37952K, reserved 1114112K
  class space    used 3789K, committed 4032K, reserved 1048576K
}
Event: 500,113 GC heap before
{Heap before GC invocations=71 (full 6):
 garbage-first heap   total 901120K, used 713682K [0x000000070aa00000, 0x0000000800000000)
  region size 2048K, 264 young (540672K), 20 survivors (40960K)
 Metaspace       used 37440K, committed 37952K, reserved 1114112K
  class space    used 3789K, committed 4032K, reserved 1048576K
}
Event: 500,147 GC heap after
{Heap after GC invocations=72 (full 6):
 garbage-first heap   total 901120K, used 221359K [0x000000070aa00000, 0x0000000800000000)
  region size 2048K, 15 young (30720K), 15 survivors (30720K)
 Metaspace       used 37440K, committed 37952K, reserved 1114112K
  class space    used 3789K, committed 4032K, reserved 1048576K
}
Event: 527,591 GC heap before
{Heap before GC invocations=73 (full 6):
 garbage-first heap   total 751616K, used 340143K [0x000000070aa00000, 0x0000000800000000)
  region size 2048K, 74 young (151552K), 15 survivors (30720K)
 Metaspace       used 37441K, committed 37952K, reserved 1114112K
  class space    used 3789K, committed 4032K, reserved 1048576K
}
Event: 527,630 GC heap after
{Heap after GC invocations=74 (full 7):
 garbage-first heap   total 602112K, used 165913K [0x000000070aa00000, 0x0000000800000000)
  region size 2048K, 0 young (0K), 0 survivors (0K)
 Metaspace       used 37441K, committed 37952K, reserved 1114112K
  class space    used 3789K, committed 4032K, reserved 1048576K
}

