# JRE version: OpenJDK Runtime Environment Temurin-17.0.18+8 (17.0.18+8) (build 17.0.18+8)
# Java VM: OpenJDK 64-Bit Server VM Temurin-17.0.18+8 (17.0.18+8, mixed mode, tiered, serial gc, linux-amd64)
Heap:
 def new generation   total 75648K, used 38894K [0x00007fc9a3c00000, 0x00007fc9a8e10000, 0x00007fc9f58a0000)
  eden space 67264K,  56% used [0x00007fc9a3c00000, 0x00007fc9a613eb30, 0x00007fc9a7db0000)
  from space 8384K,   9% used [0x00007fc9a7db0000, 0x00007fc9a7e6ccf8, 0x00007fc9a85e0000)
  to   space 8384K,   0% used [0x00007fc9a85e0000, 0x00007fc9a85e0000, 0x00007fc9a8e10000)
 tenured generation   total 167936K, used 28456K [0x00007fc9f58a0000, 0x00007fc9ffca0000, 0x00007fca99200000)
   the space 167936K,  16% used [0x00007fc9f58a0000, 0x00007fc9f746a0e0, 0x00007fc9f746a200, 0x00007fc9ffca0000)
 Metaspace       used 38298K, committed 38400K, reserved 65536K
GC Heap History (20 events):
Event: 1,956 GC heap before
{Heap before GC invocations=0 (full 0):
 def new generation   total 75584K, used 32322K [0x00007fc9a3c00000, 0x00007fc9a8e00000, 0x00007fc9f58a0000)
  eden space 67200K,  48% used [0x00007fc9a3c00000, 0x00007fc9a5b90bb0, 0x00007fc9a7da0000)
  from space 8384K,   0% used [0x00007fc9a7da0000, 0x00007fc9a7da0000, 0x00007fc9a85d0000)
  to   space 8384K,   0% used [0x00007fc9a85d0000, 0x00007fc9a85d0000, 0x00007fc9a8e00000)
 tenured generation   total 167936K, used 0K [0x00007fc9f58a0000, 0x00007fc9ffca0000, 0x00007fca99200000)
   the space 167936K,   0% used [0x00007fc9f58a0000, 0x00007fc9f58a0000, 0x00007fc9f58a0200, 0x00007fc9ffca0000)
 Metaspace       used 21456K, committed 21504K, reserved 65536K
}
Event: 1,978 GC heap after
{Heap after GC invocations=1 (full 1):
 def new generation   total 75648K, used 0K [0x00007fc9a3c00000, 0x00007fc9a8e10000, 0x00007fc9f58a0000)
  eden space 67264K,   0% used [0x00007fc9a3c00000, 0x00007fc9a3c00000, 0x00007fc9a7db0000)
  from space 8384K,   0% used [0x00007fc9a7db0000, 0x00007fc9a7db0000, 0x00007fc9a85e0000)
  to   space 8384K,   0% used [0x00007fc9a85e0000, 0x00007fc9a85e0000, 0x00007fc9a8e10000)
 tenured generation   total 167936K, used 5552K [0x00007fc9f58a0000, 0x00007fc9ffca0000, 0x00007fca99200000)
   the space 167936K,   3% used [0x00007fc9f58a0000, 0x00007fc9f5e0c1e0, 0x00007fc9f5e0c200, 0x00007fc9ffca0000)
 Metaspace       used 21456K, committed 21504K, reserved 65536K
}
Event: 2,360 GC heap before
{Heap before GC invocations=1 (full 1):
 def new generation   total 75648K, used 67264K [0x00007fc9a3c00000, 0x00007fc9a8e10000, 0x00007fc9f58a0000)
  eden space 67264K, 100% used [0x00007fc9a3c00000, 0x00007fc9a7db0000, 0x00007fc9a7db0000)
  from space 8384K,   0% used [0x00007fc9a7db0000, 0x00007fc9a7db0000, 0x00007fc9a85e0000)
  to   space 8384K,   0% used [0x00007fc9a85e0000, 0x00007fc9a85e0000, 0x00007fc9a8e10000)
 tenured generation   total 167936K, used 5552K [0x00007fc9f58a0000, 0x00007fc9ffca0000, 0x00007fca99200000)
   the space 167936K,   3% used [0x00007fc9f58a0000, 0x00007fc9f5e0c1e0, 0x00007fc9f5e0c200, 0x00007fc9ffca0000)
 Metaspace       used 27674K, committed 27776K, reserved 65536K
}
Event: 2,379 GC heap after
{Heap after GC invocations=2 (full 1):
 def new generation   total 75648K, used 6054K [0x00007fc9a3c00000, 0x00007fc9a8e10000, 0x00007fc9f58a0000)
  eden space 67264K,   0% used [0x00007fc9a3c00000, 0x00007fc9a3c00000, 0x00007fc9a7db0000)
  from space 8384K,  72% used [0x00007fc9a85e0000, 0x00007fc9a8bc9980, 0x00007fc9a8e10000)
  to   space 8384K,   0% used [0x00007fc9a7db0000, 0x00007fc9a7db0000, 0x00007fc9a85e0000)
 tenured generation   total 167936K, used 15792K [0x00007fc9f58a0000, 0x00007fc9ffca0000, 0x00007fca99200000)
   the space 167936K,   9% used [0x00007fc9f58a0000, 0x00007fc9f680c1f8, 0x00007fc9f680c200, 0x00007fc9ffca0000)
 Metaspace       used 27674K, committed 27776K, reserved 65536K
}
Event: 2,694 GC heap before
{Heap before GC invocations=2 (full 1):
 def new generation   total 75648K, used 72599K [0x00007fc9a3c00000, 0x00007fc9a8e10000, 0x00007fc9f58a0000)
  eden space 67264K,  98% used [0x00007fc9a3c00000, 0x00007fc9a7cfc5f8, 0x00007fc9a7db0000)
  from space 8384K,  72% used [0x00007fc9a85e0000, 0x00007fc9a8bc9980, 0x00007fc9a8e10000)
  to   space 8384K,   0% used [0x00007fc9a7db0000, 0x00007fc9a7db0000, 0x00007fc9a85e0000)
 tenured generation   total 167936K, used 15792K [0x00007fc9f58a0000, 0x00007fc9ffca0000, 0x00007fca99200000)
   the space 167936K,   9% used [0x00007fc9f58a0000, 0x00007fc9f680c1f8, 0x00007fc9f680c200, 0x00007fc9ffca0000)
 Metaspace       used 28269K, committed 28416K, reserved 65536K
}
Event: 2,704 GC heap after
{Heap after GC invocations=3 (full 1):
 def new generation   total 75648K, used 1588K [0x00007fc9a3c00000, 0x00007fc9a8e10000, 0x00007fc9f58a0000)
  eden space 67264K,   0% used [0x00007fc9a3c00000, 0x00007fc9a3c00000, 0x00007fc9a7db0000)
  from space 8384K,  18% used [0x00007fc9a7db0000, 0x00007fc9a7f3d3a0, 0x00007fc9a85e0000)
  to   space 8384K,   0% used [0x00007fc9a85e0000, 0x00007fc9a85e0000, 0x00007fc9a8e10000)
 tenured generation   total 167936K, used 21705K [0x00007fc9f58a0000, 0x00007fc9ffca0000, 0x00007fca99200000)
   the space 167936K,  12% used [0x00007fc9f58a0000, 0x00007fc9f6dd2480, 0x00007fc9f6dd2600, 0x00007fc9ffca0000)
 Metaspace       used 28269K, committed 28416K, reserved 65536K
}
Event: 2,888 GC heap before
{Heap before GC invocations=3 (full 1):
 def new generation   total 75648K, used 62265K [0x00007fc9a3c00000, 0x00007fc9a8e10000, 0x00007fc9f58a0000)
  eden space 67264K,  90% used [0x00007fc9a3c00000, 0x00007fc9a77410a0, 0x00007fc9a7db0000)
  from space 8384K,  18% used [0x00007fc9a7db0000, 0x00007fc9a7f3d3a0, 0x00007fc9a85e0000)
  to   space 8384K,   0% used [0x00007fc9a85e0000, 0x00007fc9a85e0000, 0x00007fc9a8e10000)
 tenured generation   total 167936K, used 21705K [0x00007fc9f58a0000, 0x00007fc9ffca0000, 0x00007fca99200000)
   the space 167936K,  12% used [0x00007fc9f58a0000, 0x00007fc9f6dd2480, 0x00007fc9f6dd2600, 0x00007fc9ffca0000)
 Metaspace       used 29696K, committed 29824K, reserved 65536K
}
Event: 2,891 GC heap after
{Heap after GC invocations=4 (full 1):
 def new generation   total 75648K, used 3489K [0x00007fc9a3c00000, 0x00007fc9a8e10000, 0x00007fc9f58a0000)
  eden space 67264K,   0% used [0x00007fc9a3c00000, 0x00007fc9a3c00000, 0x00007fc9a7db0000)
  from space 8384K,  41% used [0x00007fc9a85e0000, 0x00007fc9a89484d8, 0x00007fc9a8e10000)
  to   space 8384K,   0% used [0x00007fc9a7db0000, 0x00007fc9a7db0000, 0x00007fc9a85e0000)
 tenured generation   total 167936K, used 21705K [0x00007fc9f58a0000, 0x00007fc9ffca0000, 0x00007fca99200000)
   the space 167936K,  12% used [0x00007fc9f58a0000, 0x00007fc9f6dd2480, 0x00007fc9f6dd2600, 0x00007fc9ffca0000)
 Metaspace       used 29696K, committed 29824K, reserved 65536K
}
Event: 3,830 GC heap before
{Heap before GC invocations=4 (full 1):
 def new generation   total 75648K, used 57219K [0x00007fc9a3c00000, 0x00007fc9a8e10000, 0x00007fc9f58a0000)
  eden space 67264K,  79% used [0x00007fc9a3c00000, 0x00007fc9a7078770, 0x00007fc9a7db0000)
  from space 8384K,  41% used [0x00007fc9a85e0000, 0x00007fc9a89484d8, 0x00007fc9a8e10000)
  to   space 8384K,   0% used [0x00007fc9a7db0000, 0x00007fc9a7db0000, 0x00007fc9a85e0000)
 tenured generation   total 167936K, used 21705K [0x00007fc9f58a0000, 0x00007fc9ffca0000, 0x00007fca99200000)
   the space 167936K,  12% used [0x00007fc9f58a0000, 0x00007fc9f6dd2480, 0x00007fc9f6dd2600, 0x00007fc9ffca0000)
 Metaspace       used 30169K, committed 30272K, reserved 65536K
}
Event: 3,833 GC heap after
{Heap after GC invocations=5 (full 1):
 def new generation   total 75648K, used 3607K [0x00007fc9a3c00000, 0x00007fc9a8e10000, 0x00007fc9f58a0000)
  eden space 67264K,   0% used [0x00007fc9a3c00000, 0x00007fc9a3c00000, 0x00007fc9a7db0000)
  from space 8384K,  43% used [0x00007fc9a7db0000, 0x00007fc9a8135c90, 0x00007fc9a85e0000)
  to   space 8384K,   0% used [0x00007fc9a85e0000, 0x00007fc9a85e0000, 0x00007fc9a8e10000)
 tenured generation   total 167936K, used 21705K [0x00007fc9f58a0000, 0x00007fc9ffca0000, 0x00007fca99200000)
   the space 167936K,  12% used [0x00007fc9f58a0000, 0x00007fc9f6dd2480, 0x00007fc9f6dd2600, 0x00007fc9ffca0000)
 Metaspace       used 30169K, committed 30272K, reserved 65536K
}
Event: 4,407 GC heap before
{Heap before GC invocations=5 (full 1):
 def new generation   total 75648K, used 57319K [0x00007fc9a3c00000, 0x00007fc9a8e10000, 0x00007fc9f58a0000)
  eden space 67264K,  79% used [0x00007fc9a3c00000, 0x00007fc9a7073fe8, 0x00007fc9a7db0000)
  from space 8384K,  43% used [0x00007fc9a7db0000, 0x00007fc9a8135c90, 0x00007fc9a85e0000)
  to   space 8384K,   0% used [0x00007fc9a85e0000, 0x00007fc9a85e0000, 0x00007fc9a8e10000)
 tenured generation   total 167936K, used 21705K [0x00007fc9f58a0000, 0x00007fc9ffca0000, 0x00007fca99200000)
   the space 167936K,  12% used [0x00007fc9f58a0000, 0x00007fc9f6dd2480, 0x00007fc9f6dd2600, 0x00007fc9ffca0000)
 Metaspace       used 30244K, committed 30400K, reserved 65536K
}
Event: 4,409 GC heap after
{Heap after GC invocations=6 (full 1):
 def new generation   total 75648K, used 3924K [0x00007fc9a3c00000, 0x00007fc9a8e10000, 0x00007fc9f58a0000)
  eden space 67264K,   0% used [0x00007fc9a3c00000, 0x00007fc9a3c00000, 0x00007fc9a7db0000)
  from space 8384K,  46% used [0x00007fc9a85e0000, 0x00007fc9a89b5060, 0x00007fc9a8e10000)
  to   space 8384K,   0% used [0x00007fc9a7db0000, 0x00007fc9a7db0000, 0x00007fc9a85e0000)
 tenured generation   total 167936K, used 21705K [0x00007fc9f58a0000, 0x00007fc9ffca0000, 0x00007fca99200000)
   the space 167936K,  12% used [0x00007fc9f58a0000, 0x00007fc9f6dd2480, 0x00007fc9f6dd2600, 0x00007fc9ffca0000)
 Metaspace       used 30244K, committed 30400K, reserved 65536K
}
Event: 4,419 GC heap before
{Heap before GC invocations=6 (full 1):
 def new generation   total 75648K, used 55643K [0x00007fc9a3c00000, 0x00007fc9a8e10000, 0x00007fc9f58a0000)
  eden space 67264K,  76% used [0x00007fc9a3c00000, 0x00007fc9a6e81ed0, 0x00007fc9a7db0000)
  from space 8384K,  46% used [0x00007fc9a85e0000, 0x00007fc9a89b5060, 0x00007fc9a8e10000)
  to   space 8384K,   0% used [0x00007fc9a7db0000, 0x00007fc9a7db0000, 0x00007fc9a85e0000)
 tenured generation   total 167936K, used 21705K [0x00007fc9f58a0000, 0x00007fc9ffca0000, 0x00007fca99200000)
   the space 167936K,  12% used [0x00007fc9f58a0000, 0x00007fc9f6dd2480, 0x00007fc9f6dd2600, 0x00007fc9ffca0000)
 Metaspace       used 30244K, committed 30400K, reserved 65536K
}
Event: 4,421 GC heap after
{Heap after GC invocations=7 (full 1):
 def new generation   total 75648K, used 3861K [0x00007fc9a3c00000, 0x00007fc9a8e10000, 0x00007fc9f58a0000)
  eden space 67264K,   0% used [0x00007fc9a3c00000, 0x00007fc9a3c00000, 0x00007fc9a7db0000)
  from space 8384K,  46% used [0x00007fc9a7db0000, 0x00007fc9a8175480, 0x00007fc9a85e0000)
  to   space 8384K,   0% used [0x00007fc9a85e0000, 0x00007fc9a85e0000, 0x00007fc9a8e10000)
 tenured generation   total 167936K, used 21705K [0x00007fc9f58a0000, 0x00007fc9ffca0000, 0x00007fca99200000)
   the space 167936K,  12% used [0x00007fc9f58a0000, 0x00007fc9f6dd2480, 0x00007fc9f6dd2600, 0x00007fc9ffca0000)
 Metaspace       used 30244K, committed 30400K, reserved 65536K
}
Event: 5,002 GC heap before
{Heap before GC invocations=7 (full 1):
 def new generation   total 75648K, used 60655K [0x00007fc9a3c00000, 0x00007fc9a8e10000, 0x00007fc9f58a0000)
  eden space 67264K,  84% used [0x00007fc9a3c00000, 0x00007fc9a7376a10, 0x00007fc9a7db0000)
  from space 8384K,  46% used [0x00007fc9a7db0000, 0x00007fc9a8175480, 0x00007fc9a85e0000)
  to   space 8384K,   0% used [0x00007fc9a85e0000, 0x00007fc9a85e0000, 0x00007fc9a8e10000)
 tenured generation   total 167936K, used 21705K [0x00007fc9f58a0000, 0x00007fc9ffca0000, 0x00007fca99200000)
   the space 167936K,  12% used [0x00007fc9f58a0000, 0x00007fc9f6dd2480, 0x00007fc9f6dd2600, 0x00007fc9ffca0000)
 Metaspace       used 31226K, committed 31360K, reserved 65536K
}
Event: 5,005 GC heap after
{Heap after GC invocations=8 (full 1):
 def new generation   total 75648K, used 4117K [0x00007fc9a3c00000, 0x00007fc9a8e10000, 0x00007fc9f58a0000)
  eden space 67264K,   0% used [0x00007fc9a3c00000, 0x00007fc9a3c00000, 0x00007fc9a7db0000)
  from space 8384K,  49% used [0x00007fc9a85e0000, 0x00007fc9a89e5440, 0x00007fc9a8e10000)
  to   space 8384K,   0% used [0x00007fc9a7db0000, 0x00007fc9a7db0000, 0x00007fc9a85e0000)
 tenured generation   total 167936K, used 21705K [0x00007fc9f58a0000, 0x00007fc9ffca0000, 0x00007fca99200000)
   the space 167936K,  12% used [0x00007fc9f58a0000, 0x00007fc9f6dd2480, 0x00007fc9f6dd2600, 0x00007fc9ffca0000)
 Metaspace       used 31226K, committed 31360K, reserved 65536K
}
Event: 5,298 GC heap before
{Heap before GC invocations=8 (full 1):
 def new generation   total 75648K, used 67404K [0x00007fc9a3c00000, 0x00007fc9a8e10000, 0x00007fc9f58a0000)
  eden space 67264K,  94% used [0x00007fc9a3c00000, 0x00007fc9a79cdf68, 0x00007fc9a7db0000)
  from space 8384K,  49% used [0x00007fc9a85e0000, 0x00007fc9a89e5440, 0x00007fc9a8e10000)
  to   space 8384K,   0% used [0x00007fc9a7db0000, 0x00007fc9a7db0000, 0x00007fc9a85e0000)
 tenured generation   total 167936K, used 21705K [0x00007fc9f58a0000, 0x00007fc9ffca0000, 0x00007fca99200000)
   the space 167936K,  12% used [0x00007fc9f58a0000, 0x00007fc9f6dd2480, 0x00007fc9f6dd2600, 0x00007fc9ffca0000)
 Metaspace       used 35720K, committed 35840K, reserved 65536K
}
Event: 5,326 GC heap after
{Heap after GC invocations=9 (full 2):
 def new generation   total 75648K, used 0K [0x00007fc9a3c00000, 0x00007fc9a8e10000, 0x00007fc9f58a0000)
  eden space 67264K,   0% used [0x00007fc9a3c00000, 0x00007fc9a3c00000, 0x00007fc9a7db0000)
  from space 8384K,   0% used [0x00007fc9a85e0000, 0x00007fc9a85e0000, 0x00007fc9a8e10000)
  to   space 8384K,   0% used [0x00007fc9a7db0000, 0x00007fc9a7db0000, 0x00007fc9a85e0000)
 tenured generation   total 167936K, used 28456K [0x00007fc9f58a0000, 0x00007fc9ffca0000, 0x00007fca99200000)
   the space 167936K,  16% used [0x00007fc9f58a0000, 0x00007fc9f746a0e0, 0x00007fc9f746a200, 0x00007fc9ffca0000)
 Metaspace       used 35720K, committed 35840K, reserved 65536K
}
Event: 6,337 GC heap before
{Heap before GC invocations=9 (full 2):
 def new generation   total 75648K, used 57736K [0x00007fc9a3c00000, 0x00007fc9a8e10000, 0x00007fc9f58a0000)
  eden space 67264K,  85% used [0x00007fc9a3c00000, 0x00007fc9a7462368, 0x00007fc9a7db0000)
  from space 8384K,   0% used [0x00007fc9a85e0000, 0x00007fc9a85e0000, 0x00007fc9a8e10000)
  to   space 8384K,   0% used [0x00007fc9a7db0000, 0x00007fc9a7db0000, 0x00007fc9a85e0000)
 tenured generation   total 167936K, used 28456K [0x00007fc9f58a0000, 0x00007fc9ffca0000, 0x00007fca99200000)
   the space 167936K,  16% used [0x00007fc9f58a0000, 0x00007fc9f746a0e0, 0x00007fc9f746a200, 0x00007fc9ffca0000)
 Metaspace       used 37946K, committed 38080K, reserved 65536K
}
Event: 6,340 GC heap after
{Heap after GC invocations=10 (full 2):
 def new generation   total 75648K, used 755K [0x00007fc9a3c00000, 0x00007fc9a8e10000, 0x00007fc9f58a0000)
  eden space 67264K,   0% used [0x00007fc9a3c00000, 0x00007fc9a3c00000, 0x00007fc9a7db0000)
  from space 8384K,   9% used [0x00007fc9a7db0000, 0x00007fc9a7e6ccf8, 0x00007fc9a85e0000)
  to   space 8384K,   0% used [0x00007fc9a85e0000, 0x00007fc9a85e0000, 0x00007fc9a8e10000)
 tenured generation   total 167936K, used 28456K [0x00007fc9f58a0000, 0x00007fc9ffca0000, 0x00007fca99200000)
   the space 167936K,  16% used [0x00007fc9f58a0000, 0x00007fc9f746a0e0, 0x00007fc9f746a200, 0x00007fc9ffca0000)
 Metaspace       used 37946K, committed 38080K, reserved 65536K
}

