# JRE version: OpenJDK Runtime Environment Temurin-17.0.18+8 (17.0.18+8) (build 17.0.18+8)
# Java VM: OpenJDK 64-Bit Server VM Temurin-17.0.18+8 (17.0.18+8, mixed mode, tiered, serial gc, linux-amd64)
Heap:
 def new generation   total 75648K, used 48109K [0x00007fe5b3c00000, 0x00007fe5b8e10000, 0x00007fe6058a0000)
  eden space 67264K,  59% used [0x00007fe5b3c00000, 0x00007fe5b62cb648, 0x00007fe5b7db0000)
  from space 8384K, 100% used [0x00007fe5b7db0000, 0x00007fe5b85e0000, 0x00007fe5b85e0000)
  to   space 8384K,   0% used [0x00007fe5b85e0000, 0x00007fe5b85e0000, 0x00007fe5b8e10000)
 tenured generation   total 167936K, used 134613K [0x00007fe6058a0000, 0x00007fe60fca0000, 0x00007fe6a9200000)
   the space 167936K,  80% used [0x00007fe6058a0000, 0x00007fe60dc15530, 0x00007fe60dc15600, 0x00007fe60fca0000)
 Metaspace       used 45300K, committed 45504K, reserved 65536K
GC Heap History (20 events):
Event: 107,813 GC heap before
{Heap before GC invocations=42 (full 2):
 def new generation   total 75648K, used 74082K [0x00007fe5b3c00000, 0x00007fe5b8e10000, 0x00007fe6058a0000)
  eden space 67264K, 100% used [0x00007fe5b3c00000, 0x00007fe5b7db0000, 0x00007fe5b7db0000)
  from space 8384K,  81% used [0x00007fe5b7db0000, 0x00007fe5b8458990, 0x00007fe5b85e0000)
  to   space 8384K,   0% used [0x00007fe5b85e0000, 0x00007fe5b85e0000, 0x00007fe5b8e10000)
 tenured generation   total 167936K, used 121555K [0x00007fe6058a0000, 0x00007fe60fca0000, 0x00007fe6a9200000)
   the space 167936K,  72% used [0x00007fe6058a0000, 0x00007fe60cf54c80, 0x00007fe60cf54e00, 0x00007fe60fca0000)
 Metaspace       used 44743K, committed 44864K, reserved 65536K
}
Event: 107,820 GC heap after
{Heap after GC invocations=43 (full 2):
 def new generation   total 75648K, used 5926K [0x00007fe5b3c00000, 0x00007fe5b8e10000, 0x00007fe6058a0000)
  eden space 67264K,   0% used [0x00007fe5b3c00000, 0x00007fe5b3c00000, 0x00007fe5b7db0000)
  from space 8384K,  70% used [0x00007fe5b85e0000, 0x00007fe5b8ba9b28, 0x00007fe5b8e10000)
  to   space 8384K,   0% used [0x00007fe5b7db0000, 0x00007fe5b7db0000, 0x00007fe5b85e0000)
 tenured generation   total 167936K, used 124902K [0x00007fe6058a0000, 0x00007fe60fca0000, 0x00007fe6a9200000)
   the space 167936K,  74% used [0x00007fe6058a0000, 0x00007fe60d299b20, 0x00007fe60d299c00, 0x00007fe60fca0000)
 Metaspace       used 44743K, committed 44864K, reserved 65536K
}
Event: 111,080 GC heap before
{Heap before GC invocations=43 (full 2):
 def new generation   total 75648K, used 70072K [0x00007fe5b3c00000, 0x00007fe5b8e10000, 0x00007fe6058a0000)
  eden space 67264K,  95% used [0x00007fe5b3c00000, 0x00007fe5b7aa4698, 0x00007fe5b7db0000)
  from space 8384K,  70% used [0x00007fe5b85e0000, 0x00007fe5b8ba9b28, 0x00007fe5b8e10000)
  to   space 8384K,   0% used [0x00007fe5b7db0000, 0x00007fe5b7db0000, 0x00007fe5b85e0000)
 tenured generation   total 167936K, used 124902K [0x00007fe6058a0000, 0x00007fe60fca0000, 0x00007fe6a9200000)
   the space 167936K,  74% used [0x00007fe6058a0000, 0x00007fe60d299b20, 0x00007fe60d299c00, 0x00007fe60fca0000)
 Metaspace       used 44824K, committed 44928K, reserved 65536K
}
Event: 111,086 GC heap after
{Heap after GC invocations=44 (full 2):
 def new generation   total 75648K, used 4941K [0x00007fe5b3c00000, 0x00007fe5b8e10000, 0x00007fe6058a0000)
  eden space 67264K,   0% used [0x00007fe5b3c00000, 0x00007fe5b3c00000, 0x00007fe5b7db0000)
  from space 8384K,  58% used [0x00007fe5b7db0000, 0x00007fe5b8283550, 0x00007fe5b85e0000)
  to   space 8384K,   0% used [0x00007fe5b85e0000, 0x00007fe5b85e0000, 0x00007fe5b8e10000)
 tenured generation   total 167936K, used 127629K [0x00007fe6058a0000, 0x00007fe60fca0000, 0x00007fe6a9200000)
   the space 167936K,  75% used [0x00007fe6058a0000, 0x00007fe60d5434e8, 0x00007fe60d543600, 0x00007fe60fca0000)
 Metaspace       used 44824K, committed 44928K, reserved 65536K
}
Event: 112,371 GC heap before
{Heap before GC invocations=44 (full 2):
 def new generation   total 75648K, used 72205K [0x00007fe5b3c00000, 0x00007fe5b8e10000, 0x00007fe6058a0000)
  eden space 67264K, 100% used [0x00007fe5b3c00000, 0x00007fe5b7db0000, 0x00007fe5b7db0000)
  from space 8384K,  58% used [0x00007fe5b7db0000, 0x00007fe5b8283550, 0x00007fe5b85e0000)
  to   space 8384K,   0% used [0x00007fe5b85e0000, 0x00007fe5b85e0000, 0x00007fe5b8e10000)
 tenured generation   total 167936K, used 127629K [0x00007fe6058a0000, 0x00007fe60fca0000, 0x00007fe6a9200000)
   the space 167936K,  75% used [0x00007fe6058a0000, 0x00007fe60d5434e8, 0x00007fe60d543600, 0x00007fe60fca0000)
 Metaspace       used 44901K, committed 44992K, reserved 65536K
}
Event: 112,374 GC heap after
{Heap after GC invocations=45 (full 2):
 def new generation   total 75648K, used 2357K [0x00007fe5b3c00000, 0x00007fe5b8e10000, 0x00007fe6058a0000)
  eden space 67264K,   0% used [0x00007fe5b3c00000, 0x00007fe5b3c00000, 0x00007fe5b7db0000)
  from space 8384K,  28% used [0x00007fe5b85e0000, 0x00007fe5b882d790, 0x00007fe5b8e10000)
  to   space 8384K,   0% used [0x00007fe5b7db0000, 0x00007fe5b7db0000, 0x00007fe5b85e0000)
 tenured generation   total 167936K, used 130381K [0x00007fe6058a0000, 0x00007fe60fca0000, 0x00007fe6a9200000)
   the space 167936K,  77% used [0x00007fe6058a0000, 0x00007fe60d7f3568, 0x00007fe60d7f3600, 0x00007fe60fca0000)
 Metaspace       used 44901K, committed 44992K, reserved 65536K
}
Event: 117,868 GC heap before
{Heap before GC invocations=45 (full 2):
 def new generation   total 75648K, used 69621K [0x00007fe5b3c00000, 0x00007fe5b8e10000, 0x00007fe6058a0000)
  eden space 67264K, 100% used [0x00007fe5b3c00000, 0x00007fe5b7db0000, 0x00007fe5b7db0000)
  from space 8384K,  28% used [0x00007fe5b85e0000, 0x00007fe5b882d790, 0x00007fe5b8e10000)
  to   space 8384K,   0% used [0x00007fe5b7db0000, 0x00007fe5b7db0000, 0x00007fe5b85e0000)
 tenured generation   total 167936K, used 130381K [0x00007fe6058a0000, 0x00007fe60fca0000, 0x00007fe6a9200000)
   the space 167936K,  77% used [0x00007fe6058a0000, 0x00007fe60d7f3568, 0x00007fe60d7f3600, 0x00007fe60fca0000)
 Metaspace       used 44958K, committed 45120K, reserved 65536K
}
Event: 117,871 GC heap after
{Heap after GC invocations=46 (full 2):
 def new generation   total 75648K, used 2939K [0x00007fe5b3c00000, 0x00007fe5b8e10000, 0x00007fe6058a0000)
  eden space 67264K,   0% used [0x00007fe5b3c00000, 0x00007fe5b3c00000, 0x00007fe5b7db0000)
  from space 8384K,  35% used [0x00007fe5b7db0000, 0x00007fe5b808edf8, 0x00007fe5b85e0000)
  to   space 8384K,   0% used [0x00007fe5b85e0000, 0x00007fe5b85e0000, 0x00007fe5b8e10000)
 tenured generation   total 167936K, used 130381K [0x00007fe6058a0000, 0x00007fe60fca0000, 0x00007fe6a9200000)
   the space 167936K,  77% used [0x00007fe6058a0000, 0x00007fe60d7f3568, 0x00007fe60d7f3600, 0x00007fe60fca0000)
 Metaspace       used 44958K, committed 45120K, reserved 65536K
}
Event: 122,010 GC heap before
{Heap before GC invocations=46 (full 2):
 def new generation   total 75648K, used 70203K [0x00007fe5b3c00000, 0x00007fe5b8e10000, 0x00007fe6058a0000)
  eden space 67264K, 100% used [0x00007fe5b3c00000, 0x00007fe5b7db0000, 0x00007fe5b7db0000)
  from space 8384K,  35% used [0x00007fe5b7db0000, 0x00007fe5b808edf8, 0x00007fe5b85e0000)
  to   space 8384K,   0% used [0x00007fe5b85e0000, 0x00007fe5b85e0000, 0x00007fe5b8e10000)
 tenured generation   total 167936K, used 130381K [0x00007fe6058a0000, 0x00007fe60fca0000, 0x00007fe6a9200000)
   the space 167936K,  77% used [0x00007fe6058a0000, 0x00007fe60d7f3568, 0x00007fe60d7f3600, 0x00007fe60fca0000)
 Metaspace       used 44965K, committed 45120K, reserved 65536K
}
Event: 122,015 GC heap after
{Heap after GC invocations=47 (full 2):
 def new generation   total 75648K, used 4160K [0x00007fe5b3c00000, 0x00007fe5b8e10000, 0x00007fe6058a0000)
  eden space 67264K,   0% used [0x00007fe5b3c00000, 0x00007fe5b3c00000, 0x00007fe5b7db0000)
  from space 8384K,  49% used [0x00007fe5b85e0000, 0x00007fe5b89f0240, 0x00007fe5b8e10000)
  to   space 8384K,   0% used [0x00007fe5b7db0000, 0x00007fe5b7db0000, 0x00007fe5b85e0000)
 tenured generation   total 167936K, used 130381K [0x00007fe6058a0000, 0x00007fe60fca0000, 0x00007fe6a9200000)
   the space 167936K,  77% used [0x00007fe6058a0000, 0x00007fe60d7f3568, 0x00007fe60d7f3600, 0x00007fe60fca0000)
 Metaspace       used 44965K, committed 45120K, reserved 65536K
}
Event: 124,952 GC heap before
{Heap before GC invocations=47 (full 2):
 def new generation   total 75648K, used 71424K [0x00007fe5b3c00000, 0x00007fe5b8e10000, 0x00007fe6058a0000)
  eden space 67264K, 100% used [0x00007fe5b3c00000, 0x00007fe5b7db0000, 0x00007fe5b7db0000)
  from space 8384K,  49% used [0x00007fe5b85e0000, 0x00007fe5b89f0240, 0x00007fe5b8e10000)
  to   space 8384K,   0% used [0x00007fe5b7db0000, 0x00007fe5b7db0000, 0x00007fe5b85e0000)
 tenured generation   total 167936K, used 130381K [0x00007fe6058a0000, 0x00007fe60fca0000, 0x00007fe6a9200000)
   the space 167936K,  77% used [0x00007fe6058a0000, 0x00007fe60d7f3568, 0x00007fe60d7f3600, 0x00007fe60fca0000)
 Metaspace       used 44999K, committed 45184K, reserved 65536K
}
Event: 124,956 GC heap after
{Heap after GC invocations=48 (full 2):
 def new generation   total 75648K, used 5273K [0x00007fe5b3c00000, 0x00007fe5b8e10000, 0x00007fe6058a0000)
  eden space 67264K,   0% used [0x00007fe5b3c00000, 0x00007fe5b3c00000, 0x00007fe5b7db0000)
  from space 8384K,  62% used [0x00007fe5b7db0000, 0x00007fe5b82d65d8, 0x00007fe5b85e0000)
  to   space 8384K,   0% used [0x00007fe5b85e0000, 0x00007fe5b85e0000, 0x00007fe5b8e10000)
 tenured generation   total 167936K, used 130381K [0x00007fe6058a0000, 0x00007fe60fca0000, 0x00007fe6a9200000)
   the space 167936K,  77% used [0x00007fe6058a0000, 0x00007fe60d7f3568, 0x00007fe60d7f3600, 0x00007fe60fca0000)
 Metaspace       used 44999K, committed 45184K, reserved 65536K
}
Event: 129,504 GC heap before
{Heap before GC invocations=48 (full 2):
 def new generation   total 75648K, used 72537K [0x00007fe5b3c00000, 0x00007fe5b8e10000, 0x00007fe6058a0000)
  eden space 67264K, 100% used [0x00007fe5b3c00000, 0x00007fe5b7db0000, 0x00007fe5b7db0000)
  from space 8384K,  62% used [0x00007fe5b7db0000, 0x00007fe5b82d65d8, 0x00007fe5b85e0000)
  to   space 8384K,   0% used [0x00007fe5b85e0000, 0x00007fe5b85e0000, 0x00007fe5b8e10000)
 tenured generation   total 167936K, used 130381K [0x00007fe6058a0000, 0x00007fe60fca0000, 0x00007fe6a9200000)
   the space 167936K,  77% used [0x00007fe6058a0000, 0x00007fe60d7f3568, 0x00007fe60d7f3600, 0x00007fe60fca0000)
 Metaspace       used 45000K, committed 45184K, reserved 65536K
}
Event: 129,507 GC heap after
{Heap after GC invocations=49 (full 2):
 def new generation   total 75648K, used 4624K [0x00007fe5b3c00000, 0x00007fe5b8e10000, 0x00007fe6058a0000)
  eden space 67264K,   0% used [0x00007fe5b3c00000, 0x00007fe5b3c00000, 0x00007fe5b7db0000)
  from space 8384K,  55% used [0x00007fe5b85e0000, 0x00007fe5b8a643b0, 0x00007fe5b8e10000)
  to   space 8384K,   0% used [0x00007fe5b7db0000, 0x00007fe5b7db0000, 0x00007fe5b85e0000)
 tenured generation   total 167936K, used 131484K [0x00007fe6058a0000, 0x00007fe60fca0000, 0x00007fe6a9200000)
   the space 167936K,  78% used [0x00007fe6058a0000, 0x00007fe60d907108, 0x00007fe60d907200, 0x00007fe60fca0000)
 Metaspace       used 45000K, committed 45184K, reserved 65536K
}
Event: 132,853 GC heap before
{Heap before GC invocations=49 (full 2):
 def new generation   total 75648K, used 71888K [0x00007fe5b3c00000, 0x00007fe5b8e10000, 0x00007fe6058a0000)
  eden space 67264K, 100% used [0x00007fe5b3c00000, 0x00007fe5b7db0000, 0x00007fe5b7db0000)
  from space 8384K,  55% used [0x00007fe5b85e0000, 0x00007fe5b8a643b0, 0x00007fe5b8e10000)
  to   space 8384K,   0% used [0x00007fe5b7db0000, 0x00007fe5b7db0000, 0x00007fe5b85e0000)
 tenured generation   total 167936K, used 131484K [0x00007fe6058a0000, 0x00007fe60fca0000, 0x00007fe6a9200000)
   the space 167936K,  78% used [0x00007fe6058a0000, 0x00007fe60d907108, 0x00007fe60d907200, 0x00007fe60fca0000)
 Metaspace       used 45006K, committed 45184K, reserved 65536K
}
Event: 132,857 GC heap after
{Heap after GC invocations=50 (full 2):
 def new generation   total 75648K, used 4164K [0x00007fe5b3c00000, 0x00007fe5b8e10000, 0x00007fe6058a0000)
  eden space 67264K,   0% used [0x00007fe5b3c00000, 0x00007fe5b3c00000, 0x00007fe5b7db0000)
  from space 8384K,  49% used [0x00007fe5b7db0000, 0x00007fe5b81c11d0, 0x00007fe5b85e0000)
  to   space 8384K,   0% used [0x00007fe5b85e0000, 0x00007fe5b85e0000, 0x00007fe5b8e10000)
 tenured generation   total 167936K, used 132110K [0x00007fe6058a0000, 0x00007fe60fca0000, 0x00007fe6a9200000)
   the space 167936K,  78% used [0x00007fe6058a0000, 0x00007fe60d9a3ba8, 0x00007fe60d9a3c00, 0x00007fe60fca0000)
 Metaspace       used 45006K, committed 45184K, reserved 65536K
}
Event: 137,064 GC heap before
{Heap before GC invocations=50 (full 2):
 def new generation   total 75648K, used 69356K [0x00007fe5b3c00000, 0x00007fe5b8e10000, 0x00007fe6058a0000)
  eden space 67264K,  96% used [0x00007fe5b3c00000, 0x00007fe5b7ba9e78, 0x00007fe5b7db0000)
  from space 8384K,  49% used [0x00007fe5b7db0000, 0x00007fe5b81c11d0, 0x00007fe5b85e0000)
  to   space 8384K,   0% used [0x00007fe5b85e0000, 0x00007fe5b85e0000, 0x00007fe5b8e10000)
 tenured generation   total 167936K, used 132110K [0x00007fe6058a0000, 0x00007fe60fca0000, 0x00007fe6a9200000)
   the space 167936K,  78% used [0x00007fe6058a0000, 0x00007fe60d9a3ba8, 0x00007fe60d9a3c00, 0x00007fe60fca0000)
 Metaspace       used 45025K, committed 45184K, reserved 65536K
}
Event: 137,068 GC heap after
{Heap after GC invocations=51 (full 2):
 def new generation   total 75648K, used 4924K [0x00007fe5b3c00000, 0x00007fe5b8e10000, 0x00007fe6058a0000)
  eden space 67264K,   0% used [0x00007fe5b3c00000, 0x00007fe5b3c00000, 0x00007fe5b7db0000)
  from space 8384K,  58% used [0x00007fe5b85e0000, 0x00007fe5b8aaf3b8, 0x00007fe5b8e10000)
  to   space 8384K,   0% used [0x00007fe5b7db0000, 0x00007fe5b7db0000, 0x00007fe5b85e0000)
 tenured generation   total 167936K, used 132110K [0x00007fe6058a0000, 0x00007fe60fca0000, 0x00007fe6a9200000)
   the space 167936K,  78% used [0x00007fe6058a0000, 0x00007fe60d9a3ba8, 0x00007fe60d9a3c00, 0x00007fe60fca0000)
 Metaspace       used 45025K, committed 45184K, reserved 65536K
}
Event: 139,222 GC heap before
{Heap before GC invocations=51 (full 2):
 def new generation   total 75648K, used 72112K [0x00007fe5b3c00000, 0x00007fe5b8e10000, 0x00007fe6058a0000)
  eden space 67264K,  99% used [0x00007fe5b3c00000, 0x00007fe5b7d9cf50, 0x00007fe5b7db0000)
  from space 8384K,  58% used [0x00007fe5b85e0000, 0x00007fe5b8aaf3b8, 0x00007fe5b8e10000)
  to   space 8384K,   0% used [0x00007fe5b7db0000, 0x00007fe5b7db0000, 0x00007fe5b85e0000)
 tenured generation   total 167936K, used 132110K [0x00007fe6058a0000, 0x00007fe60fca0000, 0x00007fe6a9200000)
   the space 167936K,  78% used [0x00007fe6058a0000, 0x00007fe60d9a3ba8, 0x00007fe60d9a3c00, 0x00007fe60fca0000)
 Metaspace       used 45029K, committed 45184K, reserved 65536K
}
Event: 139,229 GC heap after
{Heap after GC invocations=52 (full 2):
 def new generation   total 75648K, used 8384K [0x00007fe5b3c00000, 0x00007fe5b8e10000, 0x00007fe6058a0000)
  eden space 67264K,   0% used [0x00007fe5b3c00000, 0x00007fe5b3c00000, 0x00007fe5b7db0000)
  from space 8384K, 100% used [0x00007fe5b7db0000, 0x00007fe5b85e0000, 0x00007fe5b85e0000)
  to   space 8384K,   0% used [0x00007fe5b85e0000, 0x00007fe5b85e0000, 0x00007fe5b8e10000)
 tenured generation   total 167936K, used 134613K [0x00007fe6058a0000, 0x00007fe60fca0000, 0x00007fe6a9200000)
   the space 167936K,  80% used [0x00007fe6058a0000, 0x00007fe60dc15530, 0x00007fe60dc15600, 0x00007fe60fca0000)
 Metaspace       used 45029K, committed 45184K, reserved 65536K
}

