# JRE version: OpenJDK Runtime Environment Temurin-21.0.9+10 (21.0.9+10) (build 21.0.9+10-LTS)
# Java VM: OpenJDK 64-Bit Server VM Temurin-21.0.9+10 (21.0.9+10-LTS, mixed mode, sharing, tiered, compressed oops, compressed class ptrs, g1 gc, linux-amd64)
GC Precious Log:
 CardTable entry size: 512
 Card Set container configuration: InlinePtr #cards 4 size 8 Array Of Cards #cards 16 size 48 Howl #buckets 8 coarsen threshold 3686 Howl Bitmap #cards 512 size 80 coarsen threshold 460 Card regions per heap region 1 cards per card region 4096
 CPUs: 20 total, 20 available
 Memory: 15701M
 Large Page Support: Disabled
 NUMA Support: Disabled
 Compressed Oops: Enabled (Zero based)
 Heap Region Size: 2M
 Heap Min Capacity: 8M
 Heap Initial Capacity: 246M
 Heap Max Capacity: 3926M
 Pre-touch: Disabled
 Parallel Workers: 15
 Concurrent Workers: 4
 Concurrent Refinement Workers: 15
 Periodic GC: Disabled
Heap:
 garbage-first heap   total 274432K, used 265701K [0x000000070aa00000, 0x0000000800000000)
  region size 2048K, 15 young (30720K), 5 survivors (10240K)
 Metaspace       used 23684K, committed 23936K, reserved 1114112K
  class space    used 2571K, committed 2688K, reserved 1048576K
GC Heap History (7 events):
Event: 2,254 GC heap before
{Heap before GC invocations=0 (full 0):
 garbage-first heap   total 253952K, used 35882K [0x000000070aa00000, 0x0000000800000000)
  region size 2048K, 11 young (22528K), 0 survivors (0K)
 Metaspace       used 15985K, committed 16256K, reserved 1114112K
  class space    used 1597K, committed 1728K, reserved 1048576K
}
Event: 2,257 GC heap after
{Heap after GC invocations=1 (full 0):
 garbage-first heap   total 253952K, used 17217K [0x000000070aa00000, 0x0000000800000000)
  region size 2048K, 2 young (4096K), 2 survivors (4096K)
 Metaspace       used 15985K, committed 16256K, reserved 1114112K
  class space    used 1597K, committed 1728K, reserved 1048576K
}
Event: 2,587 GC heap before
{Heap before GC invocations=1 (full 0):
 garbage-first heap   total 253952K, used 92993K [0x000000070aa00000, 0x0000000800000000)
  region size 2048K, 30 young (61440K), 2 survivors (4096K)
 Metaspace       used 21017K, committed 21312K, reserved 1114112K
  class space    used 2261K, committed 2368K, reserved 1048576K
}
Event: 2,590 GC heap after
{Heap after GC invocations=2 (full 0):
 garbage-first heap   total 253952K, used 21989K [0x000000070aa00000, 0x0000000800000000)
  region size 2048K, 4 young (8192K), 4 survivors (8192K)
 Metaspace       used 21017K, committed 21312K, reserved 1114112K
  class space    used 2261K, committed 2368K, reserved 1048576K
}
Event: 2,690 GC heap before
{Heap before GC invocations=2 (full 0):
 garbage-first heap   total 253952K, used 99813K [0x000000070aa00000, 0x0000000800000000)
  region size 2048K, 25 young (51200K), 4 survivors (8192K)
 Metaspace       used 21278K, committed 21504K, reserved 1114112K
  class space    used 2272K, committed 2368K, reserved 1048576K
}
Event: 2,693 GC heap after
{Heap after GC invocations=3 (full 0):
 garbage-first heap   total 253952K, used 24037K [0x000000070aa00000, 0x0000000800000000)
  region size 2048K, 5 young (10240K), 5 survivors (10240K)
 Metaspace       used 21278K, committed 21504K, reserved 1114112K
  class space    used 2272K, committed 2368K, reserved 1048576K
}
Event: 9,452 GC heap before
{Heap before GC invocations=4 (full 0):
 garbage-first heap   total 274432K, used 261605K [0x000000070aa00000, 0x0000000800000000)
  region size 2048K, 15 young (30720K), 5 survivors (10240K)
 Metaspace       used 23684K, committed 23936K, reserved 1114112K
  class space    used 2571K, committed 2688K, reserved 1048576K
}

