# JRE version: OpenJDK Runtime Environment Temurin-17.0.18+8 (17.0.18+8) (build 17.0.18+8)
# Java VM: OpenJDK 64-Bit Server VM Temurin-17.0.18+8 (17.0.18+8, mixed mode, tiered, serial gc, linux-amd64)
Heap:
 def new generation   total 75648K, used 53691K [0x00007fe703c00000, 0x00007fe708e10000, 0x00007fe7558a0000)
  eden space 67264K,  78% used [0x00007fe703c00000, 0x00007fe706f8da20, 0x00007fe707db0000)
  from space 8384K,  10% used [0x00007fe707db0000, 0x00007fe707e913f8, 0x00007fe7085e0000)
  to   space 8384K,   0% used [0x00007fe7085e0000, 0x00007fe7085e0000, 0x00007fe708e10000)
 tenured generation   total 167936K, used 28476K [0x00007fe7558a0000, 0x00007fe75fca0000, 0x00007fe7f9200000)
   the space 167936K,  16% used [0x00007fe7558a0000, 0x00007fe75746f020, 0x00007fe75746f200, 0x00007fe75fca0000)
 Metaspace       used 38685K, committed 38784K, reserved 65536K
GC Heap History (20 events):
Event: 3,001 GC heap before
{Heap before GC invocations=0 (full 0):
 def new generation   total 75584K, used 32322K [0x00007fe703c00000, 0x00007fe708e00000, 0x00007fe7558a0000)
  eden space 67200K,  48% used [0x00007fe703c00000, 0x00007fe705b90ac0, 0x00007fe707da0000)
  from space 8384K,   0% used [0x00007fe707da0000, 0x00007fe707da0000, 0x00007fe7085d0000)
  to   space 8384K,   0% used [0x00007fe7085d0000, 0x00007fe7085d0000, 0x00007fe708e00000)
 tenured generation   total 167936K, used 0K [0x00007fe7558a0000, 0x00007fe75fca0000, 0x00007fe7f9200000)
   the space 167936K,   0% used [0x00007fe7558a0000, 0x00007fe7558a0000, 0x00007fe7558a0200, 0x00007fe75fca0000)
 Metaspace       used 21453K, committed 21504K, reserved 65536K
}
Event: 3,025 GC heap after
{Heap after GC invocations=1 (full 1):
 def new generation   total 75648K, used 0K [0x00007fe703c00000, 0x00007fe708e10000, 0x00007fe7558a0000)
  eden space 67264K,   0% used [0x00007fe703c00000, 0x00007fe703c00000, 0x00007fe707db0000)
  from space 8384K,   0% used [0x00007fe707db0000, 0x00007fe707db0000, 0x00007fe7085e0000)
  to   space 8384K,   0% used [0x00007fe7085e0000, 0x00007fe7085e0000, 0x00007fe708e10000)
 tenured generation   total 167936K, used 5543K [0x00007fe7558a0000, 0x00007fe75fca0000, 0x00007fe7f9200000)
   the space 167936K,   3% used [0x00007fe7558a0000, 0x00007fe755e09cf8, 0x00007fe755e09e00, 0x00007fe75fca0000)
 Metaspace       used 21453K, committed 21504K, reserved 65536K
}
Event: 3,461 GC heap before
{Heap before GC invocations=1 (full 1):
 def new generation   total 75648K, used 67264K [0x00007fe703c00000, 0x00007fe708e10000, 0x00007fe7558a0000)
  eden space 67264K, 100% used [0x00007fe703c00000, 0x00007fe707db0000, 0x00007fe707db0000)
  from space 8384K,   0% used [0x00007fe707db0000, 0x00007fe707db0000, 0x00007fe7085e0000)
  to   space 8384K,   0% used [0x00007fe7085e0000, 0x00007fe7085e0000, 0x00007fe708e10000)
 tenured generation   total 167936K, used 5543K [0x00007fe7558a0000, 0x00007fe75fca0000, 0x00007fe7f9200000)
   the space 167936K,   3% used [0x00007fe7558a0000, 0x00007fe755e09cf8, 0x00007fe755e09e00, 0x00007fe75fca0000)
 Metaspace       used 27739K, committed 27840K, reserved 65536K
}
Event: 3,480 GC heap after
{Heap after GC invocations=2 (full 1):
 def new generation   total 75648K, used 6110K [0x00007fe703c00000, 0x00007fe708e10000, 0x00007fe7558a0000)
  eden space 67264K,   0% used [0x00007fe703c00000, 0x00007fe703c00000, 0x00007fe707db0000)
  from space 8384K,  72% used [0x00007fe7085e0000, 0x00007fe708bd7b68, 0x00007fe708e10000)
  to   space 8384K,   0% used [0x00007fe707db0000, 0x00007fe707db0000, 0x00007fe7085e0000)
 tenured generation   total 167936K, used 15783K [0x00007fe7558a0000, 0x00007fe75fca0000, 0x00007fe7f9200000)
   the space 167936K,   9% used [0x00007fe7558a0000, 0x00007fe756809d10, 0x00007fe756809e00, 0x00007fe75fca0000)
 Metaspace       used 27739K, committed 27840K, reserved 65536K
}
Event: 3,723 GC heap before
{Heap before GC invocations=2 (full 1):
 def new generation   total 75648K, used 71653K [0x00007fe703c00000, 0x00007fe708e10000, 0x00007fe7558a0000)
  eden space 67264K,  97% used [0x00007fe703c00000, 0x00007fe707c019b8, 0x00007fe707db0000)
  from space 8384K,  72% used [0x00007fe7085e0000, 0x00007fe708bd7b68, 0x00007fe708e10000)
  to   space 8384K,   0% used [0x00007fe707db0000, 0x00007fe707db0000, 0x00007fe7085e0000)
 tenured generation   total 167936K, used 15783K [0x00007fe7558a0000, 0x00007fe75fca0000, 0x00007fe7f9200000)
   the space 167936K,   9% used [0x00007fe7558a0000, 0x00007fe756809d10, 0x00007fe756809e00, 0x00007fe75fca0000)
 Metaspace       used 28268K, committed 28416K, reserved 65536K
}
Event: 3,736 GC heap after
{Heap after GC invocations=3 (full 1):
 def new generation   total 75648K, used 1578K [0x00007fe703c00000, 0x00007fe708e10000, 0x00007fe7558a0000)
  eden space 67264K,   0% used [0x00007fe703c00000, 0x00007fe703c00000, 0x00007fe707db0000)
  from space 8384K,  18% used [0x00007fe707db0000, 0x00007fe707f3aa28, 0x00007fe7085e0000)
  to   space 8384K,   0% used [0x00007fe7085e0000, 0x00007fe7085e0000, 0x00007fe708e10000)
 tenured generation   total 167936K, used 21694K [0x00007fe7558a0000, 0x00007fe75fca0000, 0x00007fe7f9200000)
   the space 167936K,  12% used [0x00007fe7558a0000, 0x00007fe756dcfaa0, 0x00007fe756dcfc00, 0x00007fe75fca0000)
 Metaspace       used 28268K, committed 28416K, reserved 65536K
}
Event: 3,966 GC heap before
{Heap before GC invocations=3 (full 1):
 def new generation   total 75648K, used 61117K [0x00007fe703c00000, 0x00007fe708e10000, 0x00007fe7558a0000)
  eden space 67264K,  88% used [0x00007fe703c00000, 0x00007fe707624ac8, 0x00007fe707db0000)
  from space 8384K,  18% used [0x00007fe707db0000, 0x00007fe707f3aa28, 0x00007fe7085e0000)
  to   space 8384K,   0% used [0x00007fe7085e0000, 0x00007fe7085e0000, 0x00007fe708e10000)
 tenured generation   total 167936K, used 21694K [0x00007fe7558a0000, 0x00007fe75fca0000, 0x00007fe7f9200000)
   the space 167936K,  12% used [0x00007fe7558a0000, 0x00007fe756dcfaa0, 0x00007fe756dcfc00, 0x00007fe75fca0000)
 Metaspace       used 29698K, committed 29824K, reserved 65536K
}
Event: 3,970 GC heap after
{Heap after GC invocations=4 (full 1):
 def new generation   total 75648K, used 3483K [0x00007fe703c00000, 0x00007fe708e10000, 0x00007fe7558a0000)
  eden space 67264K,   0% used [0x00007fe703c00000, 0x00007fe703c00000, 0x00007fe707db0000)
  from space 8384K,  41% used [0x00007fe7085e0000, 0x00007fe708946ef8, 0x00007fe708e10000)
  to   space 8384K,   0% used [0x00007fe707db0000, 0x00007fe707db0000, 0x00007fe7085e0000)
 tenured generation   total 167936K, used 21694K [0x00007fe7558a0000, 0x00007fe75fca0000, 0x00007fe7f9200000)
   the space 167936K,  12% used [0x00007fe7558a0000, 0x00007fe756dcfaa0, 0x00007fe756dcfc00, 0x00007fe75fca0000)
 Metaspace       used 29698K, committed 29824K, reserved 65536K
}
Event: 5,994 GC heap before
{Heap before GC invocations=4 (full 1):
 def new generation   total 75648K, used 57602K [0x00007fe703c00000, 0x00007fe708e10000, 0x00007fe7558a0000)
  eden space 67264K,  80% used [0x00007fe703c00000, 0x00007fe7070d9ad0, 0x00007fe707db0000)
  from space 8384K,  41% used [0x00007fe7085e0000, 0x00007fe708946ef8, 0x00007fe708e10000)
  to   space 8384K,   0% used [0x00007fe707db0000, 0x00007fe707db0000, 0x00007fe7085e0000)
 tenured generation   total 167936K, used 21694K [0x00007fe7558a0000, 0x00007fe75fca0000, 0x00007fe7f9200000)
   the space 167936K,  12% used [0x00007fe7558a0000, 0x00007fe756dcfaa0, 0x00007fe756dcfc00, 0x00007fe75fca0000)
 Metaspace       used 30198K, committed 30272K, reserved 65536K
}
Event: 5,996 GC heap after
{Heap after GC invocations=5 (full 1):
 def new generation   total 75648K, used 3605K [0x00007fe703c00000, 0x00007fe708e10000, 0x00007fe7558a0000)
  eden space 67264K,   0% used [0x00007fe703c00000, 0x00007fe703c00000, 0x00007fe707db0000)
  from space 8384K,  43% used [0x00007fe707db0000, 0x00007fe708135650, 0x00007fe7085e0000)
  to   space 8384K,   0% used [0x00007fe7085e0000, 0x00007fe7085e0000, 0x00007fe708e10000)
 tenured generation   total 167936K, used 21694K [0x00007fe7558a0000, 0x00007fe75fca0000, 0x00007fe7f9200000)
   the space 167936K,  12% used [0x00007fe7558a0000, 0x00007fe756dcfaa0, 0x00007fe756dcfc00, 0x00007fe75fca0000)
 Metaspace       used 30198K, committed 30272K, reserved 65536K
}
Event: 6,931 GC heap before
{Heap before GC invocations=5 (full 1):
 def new generation   total 75648K, used 55991K [0x00007fe703c00000, 0x00007fe708e10000, 0x00007fe7558a0000)
  eden space 67264K,  77% used [0x00007fe703c00000, 0x00007fe706f28760, 0x00007fe707db0000)
  from space 8384K,  43% used [0x00007fe707db0000, 0x00007fe708135650, 0x00007fe7085e0000)
  to   space 8384K,   0% used [0x00007fe7085e0000, 0x00007fe7085e0000, 0x00007fe708e10000)
 tenured generation   total 167936K, used 21694K [0x00007fe7558a0000, 0x00007fe75fca0000, 0x00007fe7f9200000)
   the space 167936K,  12% used [0x00007fe7558a0000, 0x00007fe756dcfaa0, 0x00007fe756dcfc00, 0x00007fe75fca0000)
 Metaspace       used 30268K, committed 30400K, reserved 65536K
}
Event: 6,933 GC heap after
{Heap after GC invocations=6 (full 1):
 def new generation   total 75648K, used 3920K [0x00007fe703c00000, 0x00007fe708e10000, 0x00007fe7558a0000)
  eden space 67264K,   0% used [0x00007fe703c00000, 0x00007fe703c00000, 0x00007fe707db0000)
  from space 8384K,  46% used [0x00007fe7085e0000, 0x00007fe7089b4278, 0x00007fe708e10000)
  to   space 8384K,   0% used [0x00007fe707db0000, 0x00007fe707db0000, 0x00007fe7085e0000)
 tenured generation   total 167936K, used 21694K [0x00007fe7558a0000, 0x00007fe75fca0000, 0x00007fe7f9200000)
   the space 167936K,  12% used [0x00007fe7558a0000, 0x00007fe756dcfaa0, 0x00007fe756dcfc00, 0x00007fe75fca0000)
 Metaspace       used 30268K, committed 30400K, reserved 65536K
}
Event: 6,942 GC heap before
{Heap before GC invocations=6 (full 1):
 def new generation   total 75648K, used 55669K [0x00007fe703c00000, 0x00007fe708e10000, 0x00007fe7558a0000)
  eden space 67264K,  76% used [0x00007fe703c00000, 0x00007fe706e893d0, 0x00007fe707db0000)
  from space 8384K,  46% used [0x00007fe7085e0000, 0x00007fe7089b4278, 0x00007fe708e10000)
  to   space 8384K,   0% used [0x00007fe707db0000, 0x00007fe707db0000, 0x00007fe7085e0000)
 tenured generation   total 167936K, used 21694K [0x00007fe7558a0000, 0x00007fe75fca0000, 0x00007fe7f9200000)
   the space 167936K,  12% used [0x00007fe7558a0000, 0x00007fe756dcfaa0, 0x00007fe756dcfc00, 0x00007fe75fca0000)
 Metaspace       used 30268K, committed 30400K, reserved 65536K
}
Event: 6,944 GC heap after
{Heap after GC invocations=7 (full 1):
 def new generation   total 75648K, used 3857K [0x00007fe703c00000, 0x00007fe708e10000, 0x00007fe7558a0000)
  eden space 67264K,   0% used [0x00007fe703c00000, 0x00007fe703c00000, 0x00007fe707db0000)
  from space 8384K,  46% used [0x00007fe707db0000, 0x00007fe708174698, 0x00007fe7085e0000)
  to   space 8384K,   0% used [0x00007fe7085e0000, 0x00007fe7085e0000, 0x00007fe708e10000)
 tenured generation   total 167936K, used 21694K [0x00007fe7558a0000, 0x00007fe75fca0000, 0x00007fe7f9200000)
   the space 167936K,  12% used [0x00007fe7558a0000, 0x00007fe756dcfaa0, 0x00007fe756dcfc00, 0x00007fe75fca0000)
 Metaspace       used 30268K, committed 30400K, reserved 65536K
}
Event: 10,461 GC heap before
{Heap before GC invocations=7 (full 1):
 def new generation   total 75648K, used 60692K [0x00007fe703c00000, 0x00007fe708e10000, 0x00007fe7558a0000)
  eden space 67264K,  84% used [0x00007fe703c00000, 0x00007fe707380b38, 0x00007fe707db0000)
  from space 8384K,  46% used [0x00007fe707db0000, 0x00007fe708174698, 0x00007fe7085e0000)
  to   space 8384K,   0% used [0x00007fe7085e0000, 0x00007fe7085e0000, 0x00007fe708e10000)
 tenured generation   total 167936K, used 21694K [0x00007fe7558a0000, 0x00007fe75fca0000, 0x00007fe7f9200000)
   the space 167936K,  12% used [0x00007fe7558a0000, 0x00007fe756dcfaa0, 0x00007fe756dcfc00, 0x00007fe75fca0000)
 Metaspace       used 31262K, committed 31424K, reserved 65536K
}
Event: 10,464 GC heap after
{Heap after GC invocations=8 (full 1):
 def new generation   total 75648K, used 4112K [0x00007fe703c00000, 0x00007fe708e10000, 0x00007fe7558a0000)
  eden space 67264K,   0% used [0x00007fe703c00000, 0x00007fe703c00000, 0x00007fe707db0000)
  from space 8384K,  49% used [0x00007fe7085e0000, 0x00007fe7089e4350, 0x00007fe708e10000)
  to   space 8384K,   0% used [0x00007fe707db0000, 0x00007fe707db0000, 0x00007fe7085e0000)
 tenured generation   total 167936K, used 21694K [0x00007fe7558a0000, 0x00007fe75fca0000, 0x00007fe7f9200000)
   the space 167936K,  12% used [0x00007fe7558a0000, 0x00007fe756dcfaa0, 0x00007fe756dcfc00, 0x00007fe75fca0000)
 Metaspace       used 31262K, committed 31424K, reserved 65536K
}
Event: 10,728 GC heap before
{Heap before GC invocations=8 (full 1):
 def new generation   total 75648K, used 67101K [0x00007fe703c00000, 0x00007fe708e10000, 0x00007fe7558a0000)
  eden space 67264K,  93% used [0x00007fe703c00000, 0x00007fe707983110, 0x00007fe707db0000)
  from space 8384K,  49% used [0x00007fe7085e0000, 0x00007fe7089e4350, 0x00007fe708e10000)
  to   space 8384K,   0% used [0x00007fe707db0000, 0x00007fe707db0000, 0x00007fe7085e0000)
 tenured generation   total 167936K, used 21694K [0x00007fe7558a0000, 0x00007fe75fca0000, 0x00007fe7f9200000)
   the space 167936K,  12% used [0x00007fe7558a0000, 0x00007fe756dcfaa0, 0x00007fe756dcfc00, 0x00007fe75fca0000)
 Metaspace       used 35775K, committed 35840K, reserved 65536K
}
Event: 10,755 GC heap after
{Heap after GC invocations=9 (full 2):
 def new generation   total 75648K, used 0K [0x00007fe703c00000, 0x00007fe708e10000, 0x00007fe7558a0000)
  eden space 67264K,   0% used [0x00007fe703c00000, 0x00007fe703c00000, 0x00007fe707db0000)
  from space 8384K,   0% used [0x00007fe7085e0000, 0x00007fe7085e0000, 0x00007fe708e10000)
  to   space 8384K,   0% used [0x00007fe707db0000, 0x00007fe707db0000, 0x00007fe7085e0000)
 tenured generation   total 167936K, used 28476K [0x00007fe7558a0000, 0x00007fe75fca0000, 0x00007fe7f9200000)
   the space 167936K,  16% used [0x00007fe7558a0000, 0x00007fe75746f020, 0x00007fe75746f200, 0x00007fe75fca0000)
 Metaspace       used 35775K, committed 35840K, reserved 65536K
}
Event: 106,548 GC heap before
{Heap before GC invocations=9 (full 2):
 def new generation   total 75648K, used 67264K [0x00007fe703c00000, 0x00007fe708e10000, 0x00007fe7558a0000)
  eden space 67264K, 100% used [0x00007fe703c00000, 0x00007fe707db0000, 0x00007fe707db0000)
  from space 8384K,   0% used [0x00007fe7085e0000, 0x00007fe7085e0000, 0x00007fe708e10000)
  to   space 8384K,   0% used [0x00007fe707db0000, 0x00007fe707db0000, 0x00007fe7085e0000)
 tenured generation   total 167936K, used 28476K [0x00007fe7558a0000, 0x00007fe75fca0000, 0x00007fe7f9200000)
   the space 167936K,  16% used [0x00007fe7558a0000, 0x00007fe75746f020, 0x00007fe75746f200, 0x00007fe75fca0000)
 Metaspace       used 38519K, committed 38592K, reserved 65536K
}
Event: 106,550 GC heap after
{Heap after GC invocations=10 (full 2):
 def new generation   total 75648K, used 900K [0x00007fe703c00000, 0x00007fe708e10000, 0x00007fe7558a0000)
  eden space 67264K,   0% used [0x00007fe703c00000, 0x00007fe703c00000, 0x00007fe707db0000)
  from space 8384K,  10% used [0x00007fe707db0000, 0x00007fe707e913f8, 0x00007fe7085e0000)
  to   space 8384K,   0% used [0x00007fe7085e0000, 0x00007fe7085e0000, 0x00007fe708e10000)
 tenured generation   total 167936K, used 28476K [0x00007fe7558a0000, 0x00007fe75fca0000, 0x00007fe7f9200000)
   the space 167936K,  16% used [0x00007fe7558a0000, 0x00007fe75746f020, 0x00007fe75746f200, 0x00007fe75fca0000)
 Metaspace       used 38519K, committed 38592K, reserved 65536K
}

