# JRE version: OpenJDK Runtime Environment Temurin-17.0.18+8 (17.0.18+8) (build 17.0.18+8)
# Java VM: OpenJDK 64-Bit Server VM Temurin-17.0.18+8 (17.0.18+8, mixed mode, tiered, serial gc, linux-amd64)
Heap:
 def new generation   total 130560K, used 14521K [0x00007f2ff7c00000, 0x00007f30009a0000, 0x00007f30498a0000)
  eden space 116096K,   4% used [0x00007f2ff7c00000, 0x00007f2ff8146aa8, 0x00007f2ffed60000)
  from space 14464K,  63% used [0x00007f2ffed60000, 0x00007f2fff647be0, 0x00007f2fffb80000)
  to   space 14464K,   0% used [0x00007f2fffb80000, 0x00007f2fffb80000, 0x00007f30009a0000)
 tenured generation   total 289932K, used 215597K [0x00007f30498a0000, 0x00007f305b3c3000, 0x00007f30ed200000)
   the space 289932K,  74% used [0x00007f30498a0000, 0x00007f3056b2b508, 0x00007f3056b2b600, 0x00007f305b3c3000)
 Metaspace       used 50548K, committed 50688K, reserved 65536K
GC Heap History (20 events):
Event: 1286,930 GC heap before
{Heap before GC invocations=144 (full 5):
 def new generation   total 130560K, used 124837K [0x00007f2ff7c00000, 0x00007f30009a0000, 0x00007f30498a0000)
  eden space 116096K, 100% used [0x00007f2ff7c00000, 0x00007f2ffed60000, 0x00007f2ffed60000)
  from space 14464K,  60% used [0x00007f2ffed60000, 0x00007f2fff5e95f0, 0x00007f2fffb80000)
  to   space 14464K,   0% used [0x00007f2fffb80000, 0x00007f2fffb80000, 0x00007f30009a0000)
 tenured generation   total 289932K, used 187490K [0x00007f30498a0000, 0x00007f305b3c3000, 0x00007f30ed200000)
   the space 289932K,  64% used [0x00007f30498a0000, 0x00007f3054fb8af0, 0x00007f3054fb8c00, 0x00007f305b3c3000)
 Metaspace       used 50532K, committed 50688K, reserved 65536K
}
Event: 1286,944 GC heap after
{Heap after GC invocations=145 (full 5):
 def new generation   total 130560K, used 8075K [0x00007f2ff7c00000, 0x00007f30009a0000, 0x00007f30498a0000)
  eden space 116096K,   0% used [0x00007f2ff7c00000, 0x00007f2ff7c00000, 0x00007f2ffed60000)
  from space 14464K,  55% used [0x00007f2fffb80000, 0x00007f3000362d98, 0x00007f30009a0000)
  to   space 14464K,   0% used [0x00007f2ffed60000, 0x00007f2ffed60000, 0x00007f2fffb80000)
 tenured generation   total 289932K, used 189429K [0x00007f30498a0000, 0x00007f305b3c3000, 0x00007f30ed200000)
   the space 289932K,  65% used [0x00007f30498a0000, 0x00007f305519d668, 0x00007f305519d800, 0x00007f305b3c3000)
 Metaspace       used 50532K, committed 50688K, reserved 65536K
}
Event: 1305,178 GC heap before
{Heap before GC invocations=145 (full 5):
 def new generation   total 130560K, used 124171K [0x00007f2ff7c00000, 0x00007f30009a0000, 0x00007f30498a0000)
  eden space 116096K, 100% used [0x00007f2ff7c00000, 0x00007f2ffed60000, 0x00007f2ffed60000)
  from space 14464K,  55% used [0x00007f2fffb80000, 0x00007f3000362d98, 0x00007f30009a0000)
  to   space 14464K,   0% used [0x00007f2ffed60000, 0x00007f2ffed60000, 0x00007f2fffb80000)
 tenured generation   total 289932K, used 189429K [0x00007f30498a0000, 0x00007f305b3c3000, 0x00007f30ed200000)
   the space 289932K,  65% used [0x00007f30498a0000, 0x00007f305519d668, 0x00007f305519d800, 0x00007f305b3c3000)
 Metaspace       used 50534K, committed 50688K, reserved 65536K
}
Event: 1305,182 GC heap after
{Heap after GC invocations=146 (full 5):
 def new generation   total 130560K, used 5076K [0x00007f2ff7c00000, 0x00007f30009a0000, 0x00007f30498a0000)
  eden space 116096K,   0% used [0x00007f2ff7c00000, 0x00007f2ff7c00000, 0x00007f2ffed60000)
  from space 14464K,  35% used [0x00007f2ffed60000, 0x00007f2fff255098, 0x00007f2fffb80000)
  to   space 14464K,   0% used [0x00007f2fffb80000, 0x00007f2fffb80000, 0x00007f30009a0000)
 tenured generation   total 289932K, used 191308K [0x00007f30498a0000, 0x00007f305b3c3000, 0x00007f30ed200000)
   the space 289932K,  65% used [0x00007f30498a0000, 0x00007f30553731c0, 0x00007f3055373200, 0x00007f305b3c3000)
 Metaspace       used 50534K, committed 50688K, reserved 65536K
}
Event: 1324,291 GC heap before
{Heap before GC invocations=146 (full 5):
 def new generation   total 130560K, used 121172K [0x00007f2ff7c00000, 0x00007f30009a0000, 0x00007f30498a0000)
  eden space 116096K, 100% used [0x00007f2ff7c00000, 0x00007f2ffed60000, 0x00007f2ffed60000)
  from space 14464K,  35% used [0x00007f2ffed60000, 0x00007f2fff255098, 0x00007f2fffb80000)
  to   space 14464K,   0% used [0x00007f2fffb80000, 0x00007f2fffb80000, 0x00007f30009a0000)
 tenured generation   total 289932K, used 191308K [0x00007f30498a0000, 0x00007f305b3c3000, 0x00007f30ed200000)
   the space 289932K,  65% used [0x00007f30498a0000, 0x00007f30553731c0, 0x00007f3055373200, 0x00007f305b3c3000)
 Metaspace       used 50534K, committed 50688K, reserved 65536K
}
Event: 1324,295 GC heap after
{Heap after GC invocations=147 (full 5):
 def new generation   total 130560K, used 10880K [0x00007f2ff7c00000, 0x00007f30009a0000, 0x00007f30498a0000)
  eden space 116096K,   0% used [0x00007f2ff7c00000, 0x00007f2ff7c00000, 0x00007f2ffed60000)
  from space 14464K,  75% used [0x00007f2fffb80000, 0x00007f3000620188, 0x00007f30009a0000)
  to   space 14464K,   0% used [0x00007f2ffed60000, 0x00007f2ffed60000, 0x00007f2fffb80000)
 tenured generation   total 289932K, used 191308K [0x00007f30498a0000, 0x00007f305b3c3000, 0x00007f30ed200000)
   the space 289932K,  65% used [0x00007f30498a0000, 0x00007f30553731c0, 0x00007f3055373200, 0x00007f305b3c3000)
 Metaspace       used 50534K, committed 50688K, reserved 65536K
}
Event: 1345,278 GC heap before
{Heap before GC invocations=147 (full 5):
 def new generation   total 130560K, used 126976K [0x00007f2ff7c00000, 0x00007f30009a0000, 0x00007f30498a0000)
  eden space 116096K, 100% used [0x00007f2ff7c00000, 0x00007f2ffed60000, 0x00007f2ffed60000)
  from space 14464K,  75% used [0x00007f2fffb80000, 0x00007f3000620188, 0x00007f30009a0000)
  to   space 14464K,   0% used [0x00007f2ffed60000, 0x00007f2ffed60000, 0x00007f2fffb80000)
 tenured generation   total 289932K, used 191308K [0x00007f30498a0000, 0x00007f305b3c3000, 0x00007f30ed200000)
   the space 289932K,  65% used [0x00007f30498a0000, 0x00007f30553731c0, 0x00007f3055373200, 0x00007f305b3c3000)
 Metaspace       used 50534K, committed 50688K, reserved 65536K
}
Event: 1345,300 GC heap after
{Heap after GC invocations=148 (full 5):
 def new generation   total 130560K, used 8745K [0x00007f2ff7c00000, 0x00007f30009a0000, 0x00007f30498a0000)
  eden space 116096K,   0% used [0x00007f2ff7c00000, 0x00007f2ff7c00000, 0x00007f2ffed60000)
  from space 14464K,  60% used [0x00007f2ffed60000, 0x00007f2fff5ea5f8, 0x00007f2fffb80000)
  to   space 14464K,   0% used [0x00007f2fffb80000, 0x00007f2fffb80000, 0x00007f30009a0000)
 tenured generation   total 289932K, used 196361K [0x00007f30498a0000, 0x00007f305b3c3000, 0x00007f30ed200000)
   the space 289932K,  67% used [0x00007f30498a0000, 0x00007f3055862730, 0x00007f3055862800, 0x00007f305b3c3000)
 Metaspace       used 50534K, committed 50688K, reserved 65536K
}
Event: 1364,136 GC heap before
{Heap before GC invocations=148 (full 5):
 def new generation   total 130560K, used 124841K [0x00007f2ff7c00000, 0x00007f30009a0000, 0x00007f30498a0000)
  eden space 116096K, 100% used [0x00007f2ff7c00000, 0x00007f2ffed60000, 0x00007f2ffed60000)
  from space 14464K,  60% used [0x00007f2ffed60000, 0x00007f2fff5ea5f8, 0x00007f2fffb80000)
  to   space 14464K,   0% used [0x00007f2fffb80000, 0x00007f2fffb80000, 0x00007f30009a0000)
 tenured generation   total 289932K, used 196361K [0x00007f30498a0000, 0x00007f305b3c3000, 0x00007f30ed200000)
   the space 289932K,  67% used [0x00007f30498a0000, 0x00007f3055862730, 0x00007f3055862800, 0x00007f305b3c3000)
 Metaspace       used 50535K, committed 50688K, reserved 65536K
}
Event: 1364,141 GC heap after
{Heap after GC invocations=149 (full 5):
 def new generation   total 130560K, used 4696K [0x00007f2ff7c00000, 0x00007f30009a0000, 0x00007f30498a0000)
  eden space 116096K,   0% used [0x00007f2ff7c00000, 0x00007f2ff7c00000, 0x00007f2ffed60000)
  from space 14464K,  32% used [0x00007f2fffb80000, 0x00007f3000016110, 0x00007f30009a0000)
  to   space 14464K,   0% used [0x00007f2ffed60000, 0x00007f2ffed60000, 0x00007f2fffb80000)
 tenured generation   total 289932K, used 199224K [0x00007f30498a0000, 0x00007f305b3c3000, 0x00007f30ed200000)
   the space 289932K,  68% used [0x00007f30498a0000, 0x00007f3055b2e188, 0x00007f3055b2e200, 0x00007f305b3c3000)
 Metaspace       used 50535K, committed 50688K, reserved 65536K
}
Event: 1382,166 GC heap before
{Heap before GC invocations=149 (full 5):
 def new generation   total 130560K, used 120792K [0x00007f2ff7c00000, 0x00007f30009a0000, 0x00007f30498a0000)
  eden space 116096K, 100% used [0x00007f2ff7c00000, 0x00007f2ffed60000, 0x00007f2ffed60000)
  from space 14464K,  32% used [0x00007f2fffb80000, 0x00007f3000016110, 0x00007f30009a0000)
  to   space 14464K,   0% used [0x00007f2ffed60000, 0x00007f2ffed60000, 0x00007f2fffb80000)
 tenured generation   total 289932K, used 199224K [0x00007f30498a0000, 0x00007f305b3c3000, 0x00007f30ed200000)
   the space 289932K,  68% used [0x00007f30498a0000, 0x00007f3055b2e188, 0x00007f3055b2e200, 0x00007f305b3c3000)
 Metaspace       used 50535K, committed 50688K, reserved 65536K
}
Event: 1382,171 GC heap after
{Heap after GC invocations=150 (full 5):
 def new generation   total 130560K, used 11279K [0x00007f2ff7c00000, 0x00007f30009a0000, 0x00007f30498a0000)
  eden space 116096K,   0% used [0x00007f2ff7c00000, 0x00007f2ff7c00000, 0x00007f2ffed60000)
  from space 14464K,  77% used [0x00007f2ffed60000, 0x00007f2fff863f18, 0x00007f2fffb80000)
  to   space 14464K,   0% used [0x00007f2fffb80000, 0x00007f2fffb80000, 0x00007f30009a0000)
 tenured generation   total 289932K, used 199224K [0x00007f30498a0000, 0x00007f305b3c3000, 0x00007f30ed200000)
   the space 289932K,  68% used [0x00007f30498a0000, 0x00007f3055b2e188, 0x00007f3055b2e200, 0x00007f305b3c3000)
 Metaspace       used 50535K, committed 50688K, reserved 65536K
}
Event: 1402,421 GC heap before
{Heap before GC invocations=150 (full 5):
 def new generation   total 130560K, used 127375K [0x00007f2ff7c00000, 0x00007f30009a0000, 0x00007f30498a0000)
  eden space 116096K, 100% used [0x00007f2ff7c00000, 0x00007f2ffed60000, 0x00007f2ffed60000)
  from space 14464K,  77% used [0x00007f2ffed60000, 0x00007f2fff863f18, 0x00007f2fffb80000)
  to   space 14464K,   0% used [0x00007f2fffb80000, 0x00007f2fffb80000, 0x00007f30009a0000)
 tenured generation   total 289932K, used 199224K [0x00007f30498a0000, 0x00007f305b3c3000, 0x00007f30ed200000)
   the space 289932K,  68% used [0x00007f30498a0000, 0x00007f3055b2e188, 0x00007f3055b2e200, 0x00007f305b3c3000)
 Metaspace       used 50535K, committed 50688K, reserved 65536K
}
Event: 1402,428 GC heap after
{Heap after GC invocations=151 (full 5):
 def new generation   total 130560K, used 9465K [0x00007f2ff7c00000, 0x00007f30009a0000, 0x00007f30498a0000)
  eden space 116096K,   0% used [0x00007f2ff7c00000, 0x00007f2ff7c00000, 0x00007f2ffed60000)
  from space 14464K,  65% used [0x00007f2fffb80000, 0x00007f30004be5a8, 0x00007f30009a0000)
  to   space 14464K,   0% used [0x00007f2ffed60000, 0x00007f2ffed60000, 0x00007f2fffb80000)
 tenured generation   total 289932K, used 203748K [0x00007f30498a0000, 0x00007f305b3c3000, 0x00007f30ed200000)
   the space 289932K,  70% used [0x00007f30498a0000, 0x00007f3055f990e8, 0x00007f3055f99200, 0x00007f305b3c3000)
 Metaspace       used 50535K, committed 50688K, reserved 65536K
}
Event: 1422,958 GC heap before
{Heap before GC invocations=151 (full 5):
 def new generation   total 130560K, used 125561K [0x00007f2ff7c00000, 0x00007f30009a0000, 0x00007f30498a0000)
  eden space 116096K, 100% used [0x00007f2ff7c00000, 0x00007f2ffed60000, 0x00007f2ffed60000)
  from space 14464K,  65% used [0x00007f2fffb80000, 0x00007f30004be5a8, 0x00007f30009a0000)
  to   space 14464K,   0% used [0x00007f2ffed60000, 0x00007f2ffed60000, 0x00007f2fffb80000)
 tenured generation   total 289932K, used 203748K [0x00007f30498a0000, 0x00007f305b3c3000, 0x00007f30ed200000)
   the space 289932K,  70% used [0x00007f30498a0000, 0x00007f3055f990e8, 0x00007f3055f99200, 0x00007f305b3c3000)
 Metaspace       used 50536K, committed 50688K, reserved 65536K
}
Event: 1422,973 GC heap after
{Heap after GC invocations=152 (full 5):
 def new generation   total 130560K, used 5413K [0x00007f2ff7c00000, 0x00007f30009a0000, 0x00007f30498a0000)
  eden space 116096K,   0% used [0x00007f2ff7c00000, 0x00007f2ff7c00000, 0x00007f2ffed60000)
  from space 14464K,  37% used [0x00007f2ffed60000, 0x00007f2fff2a9508, 0x00007f2fffb80000)
  to   space 14464K,   0% used [0x00007f2fffb80000, 0x00007f2fffb80000, 0x00007f30009a0000)
 tenured generation   total 289932K, used 210427K [0x00007f30498a0000, 0x00007f305b3c3000, 0x00007f30ed200000)
   the space 289932K,  72% used [0x00007f30498a0000, 0x00007f305661ed20, 0x00007f305661ee00, 0x00007f305b3c3000)
 Metaspace       used 50536K, committed 50688K, reserved 65536K
}
Event: 1438,678 GC heap before
{Heap before GC invocations=152 (full 5):
 def new generation   total 130560K, used 121509K [0x00007f2ff7c00000, 0x00007f30009a0000, 0x00007f30498a0000)
  eden space 116096K, 100% used [0x00007f2ff7c00000, 0x00007f2ffed60000, 0x00007f2ffed60000)
  from space 14464K,  37% used [0x00007f2ffed60000, 0x00007f2fff2a9508, 0x00007f2fffb80000)
  to   space 14464K,   0% used [0x00007f2fffb80000, 0x00007f2fffb80000, 0x00007f30009a0000)
 tenured generation   total 289932K, used 210427K [0x00007f30498a0000, 0x00007f305b3c3000, 0x00007f30ed200000)
   the space 289932K,  72% used [0x00007f30498a0000, 0x00007f305661ed20, 0x00007f305661ee00, 0x00007f305b3c3000)
 Metaspace       used 50536K, committed 50688K, reserved 65536K
}
Event: 1438,683 GC heap after
{Heap after GC invocations=153 (full 5):
 def new generation   total 130560K, used 11500K [0x00007f2ff7c00000, 0x00007f30009a0000, 0x00007f30498a0000)
  eden space 116096K,   0% used [0x00007f2ff7c00000, 0x00007f2ff7c00000, 0x00007f2ffed60000)
  from space 14464K,  79% used [0x00007f2fffb80000, 0x00007f30006bb360, 0x00007f30009a0000)
  to   space 14464K,   0% used [0x00007f2ffed60000, 0x00007f2ffed60000, 0x00007f2fffb80000)
 tenured generation   total 289932K, used 210427K [0x00007f30498a0000, 0x00007f305b3c3000, 0x00007f30ed200000)
   the space 289932K,  72% used [0x00007f30498a0000, 0x00007f305661ed20, 0x00007f305661ee00, 0x00007f305b3c3000)
 Metaspace       used 50536K, committed 50688K, reserved 65536K
}
Event: 1459,530 GC heap before
{Heap before GC invocations=153 (full 5):
 def new generation   total 130560K, used 127596K [0x00007f2ff7c00000, 0x00007f30009a0000, 0x00007f30498a0000)
  eden space 116096K, 100% used [0x00007f2ff7c00000, 0x00007f2ffed60000, 0x00007f2ffed60000)
  from space 14464K,  79% used [0x00007f2fffb80000, 0x00007f30006bb360, 0x00007f30009a0000)
  to   space 14464K,   0% used [0x00007f2ffed60000, 0x00007f2ffed60000, 0x00007f2fffb80000)
 tenured generation   total 289932K, used 210427K [0x00007f30498a0000, 0x00007f305b3c3000, 0x00007f30ed200000)
   the space 289932K,  72% used [0x00007f30498a0000, 0x00007f305661ed20, 0x00007f305661ee00, 0x00007f305b3c3000)
 Metaspace       used 50536K, committed 50688K, reserved 65536K
}
Event: 1459,539 GC heap after
{Heap after GC invocations=154 (full 5):
 def new generation   total 130560K, used 9118K [0x00007f2ff7c00000, 0x00007f30009a0000, 0x00007f30498a0000)
  eden space 116096K,   0% used [0x00007f2ff7c00000, 0x00007f2ff7c00000, 0x00007f2ffed60000)
  from space 14464K,  63% used [0x00007f2ffed60000, 0x00007f2fff647be0, 0x00007f2fffb80000)
  to   space 14464K,   0% used [0x00007f2fffb80000, 0x00007f2fffb80000, 0x00007f30009a0000)
 tenured generation   total 289932K, used 215597K [0x00007f30498a0000, 0x00007f305b3c3000, 0x00007f30ed200000)
   the space 289932K,  74% used [0x00007f30498a0000, 0x00007f3056b2b508, 0x00007f3056b2b600, 0x00007f305b3c3000)
 Metaspace       used 50536K, committed 50688K, reserved 65536K
}

