# JRE version: OpenJDK Runtime Environment Temurin-17.0.18+8 (17.0.18+8) (build 17.0.18+8)
# Java VM: OpenJDK 64-Bit Server VM Temurin-17.0.18+8 (17.0.18+8, mixed mode, tiered, serial gc, linux-amd64)
Heap:
 def new generation   total 75648K, used 19173K [0x00007ff80bc00000, 0x00007ff810e10000, 0x00007ff85d8a0000)
  eden space 67264K,  28% used [0x00007ff80bc00000, 0x00007ff80ceb9600, 0x00007ff80fdb0000)
  from space 8384K,   0% used [0x00007ff8105e0000, 0x00007ff8105e0000, 0x00007ff810e10000)
  to   space 8384K,   0% used [0x00007ff80fdb0000, 0x00007ff80fdb0000, 0x00007ff8105e0000)
 tenured generation   total 167936K, used 28206K [0x00007ff85d8a0000, 0x00007ff867ca0000, 0x00007ff901200000)
   the space 167936K,  16% used [0x00007ff85d8a0000, 0x00007ff85f42b918, 0x00007ff85f42ba00, 0x00007ff867ca0000)
 Metaspace       used 38820K, committed 38912K, reserved 65536K
GC Heap History (18 events):
Event: 14,698 GC heap before
{Heap before GC invocations=0 (full 0):
 def new generation   total 75584K, used 35010K [0x00007ff80bc00000, 0x00007ff810e00000, 0x00007ff85d8a0000)
  eden space 67200K,  52% used [0x00007ff80bc00000, 0x00007ff80de30b50, 0x00007ff80fda0000)
  from space 8384K,   0% used [0x00007ff80fda0000, 0x00007ff80fda0000, 0x00007ff8105d0000)
  to   space 8384K,   0% used [0x00007ff8105d0000, 0x00007ff8105d0000, 0x00007ff810e00000)
 tenured generation   total 167936K, used 0K [0x00007ff85d8a0000, 0x00007ff867ca0000, 0x00007ff901200000)
   the space 167936K,   0% used [0x00007ff85d8a0000, 0x00007ff85d8a0000, 0x00007ff85d8a0200, 0x00007ff867ca0000)
 Metaspace       used 21438K, committed 21504K, reserved 65536K
}
Event: 14,715 GC heap after
{Heap after GC invocations=1 (full 1):
 def new generation   total 75648K, used 0K [0x00007ff80bc00000, 0x00007ff810e10000, 0x00007ff85d8a0000)
  eden space 67264K,   0% used [0x00007ff80bc00000, 0x00007ff80bc00000, 0x00007ff80fdb0000)
  from space 8384K,   0% used [0x00007ff80fdb0000, 0x00007ff80fdb0000, 0x00007ff8105e0000)
  to   space 8384K,   0% used [0x00007ff8105e0000, 0x00007ff8105e0000, 0x00007ff810e10000)
 tenured generation   total 167936K, used 5292K [0x00007ff85d8a0000, 0x00007ff867ca0000, 0x00007ff901200000)
   the space 167936K,   3% used [0x00007ff85d8a0000, 0x00007ff85ddcb0a8, 0x00007ff85ddcb200, 0x00007ff867ca0000)
 Metaspace       used 21438K, committed 21504K, reserved 65536K
}
Event: 15,042 GC heap before
{Heap before GC invocations=1 (full 1):
 def new generation   total 75648K, used 67264K [0x00007ff80bc00000, 0x00007ff810e10000, 0x00007ff85d8a0000)
  eden space 67264K, 100% used [0x00007ff80bc00000, 0x00007ff80fdb0000, 0x00007ff80fdb0000)
  from space 8384K,   0% used [0x00007ff80fdb0000, 0x00007ff80fdb0000, 0x00007ff8105e0000)
  to   space 8384K,   0% used [0x00007ff8105e0000, 0x00007ff8105e0000, 0x00007ff810e10000)
 tenured generation   total 167936K, used 5292K [0x00007ff85d8a0000, 0x00007ff867ca0000, 0x00007ff901200000)
   the space 167936K,   3% used [0x00007ff85d8a0000, 0x00007ff85ddcb0a8, 0x00007ff85ddcb200, 0x00007ff867ca0000)
 Metaspace       used 27752K, committed 27840K, reserved 65536K
}
Event: 15,055 GC heap after
{Heap after GC invocations=2 (full 1):
 def new generation   total 75648K, used 6207K [0x00007ff80bc00000, 0x00007ff810e10000, 0x00007ff85d8a0000)
  eden space 67264K,   0% used [0x00007ff80bc00000, 0x00007ff80bc00000, 0x00007ff80fdb0000)
  from space 8384K,  74% used [0x00007ff8105e0000, 0x00007ff810befe10, 0x00007ff810e10000)
  to   space 8384K,   0% used [0x00007ff80fdb0000, 0x00007ff80fdb0000, 0x00007ff8105e0000)
 tenured generation   total 167936K, used 15532K [0x00007ff85d8a0000, 0x00007ff867ca0000, 0x00007ff901200000)
   the space 167936K,   9% used [0x00007ff85d8a0000, 0x00007ff85e7cb0c0, 0x00007ff85e7cb200, 0x00007ff867ca0000)
 Metaspace       used 27752K, committed 27840K, reserved 65536K
}
Event: 15,287 GC heap before
{Heap before GC invocations=2 (full 1):
 def new generation   total 75648K, used 70953K [0x00007ff80bc00000, 0x00007ff810e10000, 0x00007ff85d8a0000)
  eden space 67264K,  96% used [0x00007ff80bc00000, 0x00007ff80fb3a788, 0x00007ff80fdb0000)
  from space 8384K,  74% used [0x00007ff8105e0000, 0x00007ff810befe10, 0x00007ff810e10000)
  to   space 8384K,   0% used [0x00007ff80fdb0000, 0x00007ff80fdb0000, 0x00007ff8105e0000)
 tenured generation   total 167936K, used 15532K [0x00007ff85d8a0000, 0x00007ff867ca0000, 0x00007ff901200000)
   the space 167936K,   9% used [0x00007ff85d8a0000, 0x00007ff85e7cb0c0, 0x00007ff85e7cb200, 0x00007ff867ca0000)
 Metaspace       used 28288K, committed 28416K, reserved 65536K
}
Event: 15,295 GC heap after
{Heap after GC invocations=3 (full 1):
 def new generation   total 75648K, used 1583K [0x00007ff80bc00000, 0x00007ff810e10000, 0x00007ff85d8a0000)
  eden space 67264K,   0% used [0x00007ff80bc00000, 0x00007ff80bc00000, 0x00007ff80fdb0000)
  from space 8384K,  18% used [0x00007ff80fdb0000, 0x00007ff80ff3bca8, 0x00007ff8105e0000)
  to   space 8384K,   0% used [0x00007ff8105e0000, 0x00007ff8105e0000, 0x00007ff810e10000)
 tenured generation   total 167936K, used 21560K [0x00007ff85d8a0000, 0x00007ff867ca0000, 0x00007ff901200000)
   the space 167936K,  12% used [0x00007ff85d8a0000, 0x00007ff85edae0c8, 0x00007ff85edae200, 0x00007ff867ca0000)
 Metaspace       used 28288K, committed 28416K, reserved 65536K
}
Event: 15,452 GC heap before
{Heap before GC invocations=3 (full 1):
 def new generation   total 75648K, used 61171K [0x00007ff80bc00000, 0x00007ff810e10000, 0x00007ff85d8a0000)
  eden space 67264K,  88% used [0x00007ff80bc00000, 0x00007ff80f6310f0, 0x00007ff80fdb0000)
  from space 8384K,  18% used [0x00007ff80fdb0000, 0x00007ff80ff3bca8, 0x00007ff8105e0000)
  to   space 8384K,   0% used [0x00007ff8105e0000, 0x00007ff8105e0000, 0x00007ff810e10000)
 tenured generation   total 167936K, used 21560K [0x00007ff85d8a0000, 0x00007ff867ca0000, 0x00007ff901200000)
   the space 167936K,  12% used [0x00007ff85d8a0000, 0x00007ff85edae0c8, 0x00007ff85edae200, 0x00007ff867ca0000)
 Metaspace       used 29707K, committed 29824K, reserved 65536K
}
Event: 15,455 GC heap after
{Heap after GC invocations=4 (full 1):
 def new generation   total 75648K, used 3482K [0x00007ff80bc00000, 0x00007ff810e10000, 0x00007ff85d8a0000)
  eden space 67264K,   0% used [0x00007ff80bc00000, 0x00007ff80bc00000, 0x00007ff80fdb0000)
  from space 8384K,  41% used [0x00007ff8105e0000, 0x00007ff8109469f0, 0x00007ff810e10000)
  to   space 8384K,   0% used [0x00007ff80fdb0000, 0x00007ff80fdb0000, 0x00007ff8105e0000)
 tenured generation   total 167936K, used 21560K [0x00007ff85d8a0000, 0x00007ff867ca0000, 0x00007ff901200000)
   the space 167936K,  12% used [0x00007ff85d8a0000, 0x00007ff85edae0c8, 0x00007ff85edae200, 0x00007ff867ca0000)
 Metaspace       used 29707K, committed 29824K, reserved 65536K
}
Event: 16,148 GC heap before
{Heap before GC invocations=4 (full 1):
 def new generation   total 75648K, used 56790K [0x00007ff80bc00000, 0x00007ff810e10000, 0x00007ff85d8a0000)
  eden space 67264K,  79% used [0x00007ff80bc00000, 0x00007ff80f00ef58, 0x00007ff80fdb0000)
  from space 8384K,  41% used [0x00007ff8105e0000, 0x00007ff8109469f0, 0x00007ff810e10000)
  to   space 8384K,   0% used [0x00007ff80fdb0000, 0x00007ff80fdb0000, 0x00007ff8105e0000)
 tenured generation   total 167936K, used 21560K [0x00007ff85d8a0000, 0x00007ff867ca0000, 0x00007ff901200000)
   the space 167936K,  12% used [0x00007ff85d8a0000, 0x00007ff85edae0c8, 0x00007ff85edae200, 0x00007ff867ca0000)
 Metaspace       used 30184K, committed 30272K, reserved 65536K
}
Event: 16,151 GC heap after
{Heap after GC invocations=5 (full 1):
 def new generation   total 75648K, used 3600K [0x00007ff80bc00000, 0x00007ff810e10000, 0x00007ff85d8a0000)
  eden space 67264K,   0% used [0x00007ff80bc00000, 0x00007ff80bc00000, 0x00007ff80fdb0000)
  from space 8384K,  42% used [0x00007ff80fdb0000, 0x00007ff810134208, 0x00007ff8105e0000)
  to   space 8384K,   0% used [0x00007ff8105e0000, 0x00007ff8105e0000, 0x00007ff810e10000)
 tenured generation   total 167936K, used 21560K [0x00007ff85d8a0000, 0x00007ff867ca0000, 0x00007ff901200000)
   the space 167936K,  12% used [0x00007ff85d8a0000, 0x00007ff85edae0c8, 0x00007ff85edae200, 0x00007ff867ca0000)
 Metaspace       used 30184K, committed 30272K, reserved 65536K
}
Event: 17,619 GC heap before
{Heap before GC invocations=5 (full 1):
 def new generation   total 75648K, used 56895K [0x00007ff80bc00000, 0x00007ff810e10000, 0x00007ff85d8a0000)
  eden space 67264K,  79% used [0x00007ff80bc00000, 0x00007ff80f00bdb8, 0x00007ff80fdb0000)
  from space 8384K,  42% used [0x00007ff80fdb0000, 0x00007ff810134208, 0x00007ff8105e0000)
  to   space 8384K,   0% used [0x00007ff8105e0000, 0x00007ff8105e0000, 0x00007ff810e10000)
 tenured generation   total 167936K, used 21560K [0x00007ff85d8a0000, 0x00007ff867ca0000, 0x00007ff901200000)
   the space 167936K,  12% used [0x00007ff85d8a0000, 0x00007ff85edae0c8, 0x00007ff85edae200, 0x00007ff867ca0000)
 Metaspace       used 30298K, committed 30400K, reserved 65536K
}
Event: 17,621 GC heap after
{Heap after GC invocations=6 (full 1):
 def new generation   total 75648K, used 3919K [0x00007ff80bc00000, 0x00007ff810e10000, 0x00007ff85d8a0000)
  eden space 67264K,   0% used [0x00007ff80bc00000, 0x00007ff80bc00000, 0x00007ff80fdb0000)
  from space 8384K,  46% used [0x00007ff8105e0000, 0x00007ff8109b3fd8, 0x00007ff810e10000)
  to   space 8384K,   0% used [0x00007ff80fdb0000, 0x00007ff80fdb0000, 0x00007ff8105e0000)
 tenured generation   total 167936K, used 21560K [0x00007ff85d8a0000, 0x00007ff867ca0000, 0x00007ff901200000)
   the space 167936K,  12% used [0x00007ff85d8a0000, 0x00007ff85edae0c8, 0x00007ff85edae200, 0x00007ff867ca0000)
 Metaspace       used 30298K, committed 30400K, reserved 65536K
}
Event: 17,629 GC heap before
{Heap before GC invocations=6 (full 1):
 def new generation   total 75648K, used 55597K [0x00007ff80bc00000, 0x00007ff810e10000, 0x00007ff85d8a0000)
  eden space 67264K,  76% used [0x00007ff80bc00000, 0x00007ff80ee77460, 0x00007ff80fdb0000)
  from space 8384K,  46% used [0x00007ff8105e0000, 0x00007ff8109b3fd8, 0x00007ff810e10000)
  to   space 8384K,   0% used [0x00007ff80fdb0000, 0x00007ff80fdb0000, 0x00007ff8105e0000)
 tenured generation   total 167936K, used 21560K [0x00007ff85d8a0000, 0x00007ff867ca0000, 0x00007ff901200000)
   the space 167936K,  12% used [0x00007ff85d8a0000, 0x00007ff85edae0c8, 0x00007ff85edae200, 0x00007ff867ca0000)
 Metaspace       used 30298K, committed 30400K, reserved 65536K
}
Event: 17,631 GC heap after
{Heap after GC invocations=7 (full 1):
 def new generation   total 75648K, used 3856K [0x00007ff80bc00000, 0x00007ff810e10000, 0x00007ff85d8a0000)
  eden space 67264K,   0% used [0x00007ff80bc00000, 0x00007ff80bc00000, 0x00007ff80fdb0000)
  from space 8384K,  46% used [0x00007ff80fdb0000, 0x00007ff810174318, 0x00007ff8105e0000)
  to   space 8384K,   0% used [0x00007ff8105e0000, 0x00007ff8105e0000, 0x00007ff810e10000)
 tenured generation   total 167936K, used 21560K [0x00007ff85d8a0000, 0x00007ff867ca0000, 0x00007ff901200000)
   the space 167936K,  12% used [0x00007ff85d8a0000, 0x00007ff85edae0c8, 0x00007ff85edae200, 0x00007ff867ca0000)
 Metaspace       used 30298K, committed 30400K, reserved 65536K
}
Event: 31,463 GC heap before
{Heap before GC invocations=7 (full 1):
 def new generation   total 75648K, used 71120K [0x00007ff80bc00000, 0x00007ff810e10000, 0x00007ff85d8a0000)
  eden space 67264K, 100% used [0x00007ff80bc00000, 0x00007ff80fdb0000, 0x00007ff80fdb0000)
  from space 8384K,  46% used [0x00007ff80fdb0000, 0x00007ff810174318, 0x00007ff8105e0000)
  to   space 8384K,   0% used [0x00007ff8105e0000, 0x00007ff8105e0000, 0x00007ff810e10000)
 tenured generation   total 167936K, used 21560K [0x00007ff85d8a0000, 0x00007ff867ca0000, 0x00007ff901200000)
   the space 167936K,  12% used [0x00007ff85d8a0000, 0x00007ff85edae0c8, 0x00007ff85edae200, 0x00007ff867ca0000)
 Metaspace       used 34699K, committed 34816K, reserved 65536K
}
Event: 31,469 GC heap after
{Heap after GC invocations=8 (full 1):
 def new generation   total 75648K, used 6383K [0x00007ff80bc00000, 0x00007ff810e10000, 0x00007ff85d8a0000)
  eden space 67264K,   0% used [0x00007ff80bc00000, 0x00007ff80bc00000, 0x00007ff80fdb0000)
  from space 8384K,  76% used [0x00007ff8105e0000, 0x00007ff810c1bec8, 0x00007ff810e10000)
  to   space 8384K,   0% used [0x00007ff80fdb0000, 0x00007ff80fdb0000, 0x00007ff8105e0000)
 tenured generation   total 167936K, used 21560K [0x00007ff85d8a0000, 0x00007ff867ca0000, 0x00007ff901200000)
   the space 167936K,  12% used [0x00007ff85d8a0000, 0x00007ff85edae0c8, 0x00007ff85edae200, 0x00007ff867ca0000)
 Metaspace       used 34699K, committed 34816K, reserved 65536K
}
Event: 31,490 GC heap before
{Heap before GC invocations=8 (full 1):
 def new generation   total 75648K, used 9889K [0x00007ff80bc00000, 0x00007ff810e10000, 0x00007ff85d8a0000)
  eden space 67264K,   5% used [0x00007ff80bc00000, 0x00007ff80bf6c700, 0x00007ff80fdb0000)
  from space 8384K,  76% used [0x00007ff8105e0000, 0x00007ff810c1bec8, 0x00007ff810e10000)
  to   space 8384K,   0% used [0x00007ff80fdb0000, 0x00007ff80fdb0000, 0x00007ff8105e0000)
 tenured generation   total 167936K, used 21560K [0x00007ff85d8a0000, 0x00007ff867ca0000, 0x00007ff901200000)
   the space 167936K,  12% used [0x00007ff85d8a0000, 0x00007ff85edae0c8, 0x00007ff85edae200, 0x00007ff867ca0000)
 Metaspace       used 35769K, committed 35840K, reserved 65536K
}
Event: 31,516 GC heap after
{Heap after GC invocations=9 (full 2):
 def new generation   total 75648K, used 0K [0x00007ff80bc00000, 0x00007ff810e10000, 0x00007ff85d8a0000)
  eden space 67264K,   0% used [0x00007ff80bc00000, 0x00007ff80bc00000, 0x00007ff80fdb0000)
  from space 8384K,   0% used [0x00007ff8105e0000, 0x00007ff8105e0000, 0x00007ff810e10000)
  to   space 8384K,   0% used [0x00007ff80fdb0000, 0x00007ff80fdb0000, 0x00007ff8105e0000)
 tenured generation   total 167936K, used 28206K [0x00007ff85d8a0000, 0x00007ff867ca0000, 0x00007ff901200000)
   the space 167936K,  16% used [0x00007ff85d8a0000, 0x00007ff85f42b918, 0x00007ff85f42ba00, 0x00007ff867ca0000)
 Metaspace       used 35769K, committed 35840K, reserved 65536K
}

