# JRE version: OpenJDK Runtime Environment Temurin-21.0.9+10 (21.0.9+10) (build 21.0.9+10-LTS)
# Java VM: OpenJDK 64-Bit Server VM Temurin-21.0.9+10 (21.0.9+10-LTS, mixed mode, sharing, tiered, compressed oops, compressed class ptrs, g1 gc, linux-amd64)
Heap:
 garbage-first heap   total 282624K, used 147441K [0x000000070aa00000, 0x0000000800000000)
  region size 2048K, 32 young (65536K), 0 survivors (0K)
 Metaspace       used 30175K, committed 30592K, reserved 1114112K
  class space    used 3035K, committed 3200K, reserved 1048576K
GC Heap History (20 events):
Event: 220,208 GC heap before
{Heap before GC invocations=33 (full 11):
 garbage-first heap   total 294912K, used 79722K [0x000000070aa00000, 0x0000000800000000)
  region size 2048K, 1 young (2048K), 0 survivors (0K)
 Metaspace       used 29791K, committed 30144K, reserved 1114112K
  class space    used 2987K, committed 3136K, reserved 1048576K
}
Event: 220,225 GC heap after
{Heap after GC invocations=34 (full 12):
 garbage-first heap   total 280576K, used 79732K [0x000000070aa00000, 0x0000000800000000)
  region size 2048K, 0 young (0K), 0 survivors (0K)
 Metaspace       used 29791K, committed 30144K, reserved 1114112K
  class space    used 2987K, committed 3136K, reserved 1048576K
}
Event: 222,141 GC heap before
{Heap before GC invocations=34 (full 12):
 garbage-first heap   total 280576K, used 92020K [0x000000070aa00000, 0x0000000800000000)
  region size 2048K, 7 young (14336K), 0 survivors (0K)
 Metaspace       used 29804K, committed 30144K, reserved 1114112K
  class space    used 2987K, committed 3136K, reserved 1048576K
}
Event: 222,156 GC heap after
{Heap after GC invocations=35 (full 13):
 garbage-first heap   total 280576K, used 79790K [0x000000070aa00000, 0x0000000800000000)
  region size 2048K, 0 young (0K), 0 survivors (0K)
 Metaspace       used 29804K, committed 30144K, reserved 1114112K
  class space    used 2987K, committed 3136K, reserved 1048576K
}
Event: 222,607 GC heap before
{Heap before GC invocations=35 (full 13):
 garbage-first heap   total 280576K, used 229294K [0x000000070aa00000, 0x0000000800000000)
  region size 2048K, 72 young (147456K), 0 survivors (0K)
 Metaspace       used 29806K, committed 30144K, reserved 1114112K
  class space    used 2987K, committed 3136K, reserved 1048576K
}
Event: 222,632 GC heap after
{Heap after GC invocations=36 (full 14):
 garbage-first heap   total 280576K, used 97861K [0x000000070aa00000, 0x0000000800000000)
  region size 2048K, 0 young (0K), 0 survivors (0K)
 Metaspace       used 29806K, committed 30144K, reserved 1114112K
  class space    used 2987K, committed 3136K, reserved 1048576K
}
Event: 245,492 GC heap before
{Heap before GC invocations=36 (full 14):
 garbage-first heap   total 280576K, used 267845K [0x000000070aa00000, 0x0000000800000000)
  region size 2048K, 78 young (159744K), 0 survivors (0K)
 Metaspace       used 29876K, committed 30272K, reserved 1114112K
  class space    used 2987K, committed 3136K, reserved 1048576K
}
Event: 245,496 GC heap after
{Heap after GC invocations=37 (full 14):
 garbage-first heap   total 282624K, used 102236K [0x000000070aa00000, 0x0000000800000000)
  region size 2048K, 3 young (6144K), 3 survivors (6144K)
 Metaspace       used 29876K, committed 30272K, reserved 1114112K
  class space    used 2987K, committed 3136K, reserved 1048576K
}
Event: 250,920 GC heap before
{Heap before GC invocations=37 (full 14):
 garbage-first heap   total 282624K, used 157532K [0x000000070aa00000, 0x0000000800000000)
  region size 2048K, 31 young (63488K), 3 survivors (6144K)
 Metaspace       used 30152K, committed 30592K, reserved 1114112K
  class space    used 3033K, committed 3200K, reserved 1048576K
}
Event: 250,944 GC heap after
{Heap after GC invocations=38 (full 15):
 garbage-first heap   total 282624K, used 83941K [0x000000070aa00000, 0x0000000800000000)
  region size 2048K, 0 young (0K), 0 survivors (0K)
 Metaspace       used 30152K, committed 30592K, reserved 1114112K
  class space    used 3033K, committed 3200K, reserved 1048576K
}
Event: 250,944 GC heap before
{Heap before GC invocations=38 (full 15):
 garbage-first heap   total 282624K, used 83941K [0x000000070aa00000, 0x0000000800000000)
  region size 2048K, 0 young (0K), 0 survivors (0K)
 Metaspace       used 30152K, committed 30592K, reserved 1114112K
  class space    used 3033K, committed 3200K, reserved 1048576K
}
Event: 250,961 GC heap after
{Heap after GC invocations=39 (full 16):
 garbage-first heap   total 282624K, used 83941K [0x000000070aa00000, 0x0000000800000000)
  region size 2048K, 0 young (0K), 0 survivors (0K)
 Metaspace       used 30152K, committed 30592K, reserved 1114112K
  class space    used 3033K, committed 3200K, reserved 1048576K
}
Event: 250,961 GC heap before
{Heap before GC invocations=39 (full 16):
 garbage-first heap   total 282624K, used 83941K [0x000000070aa00000, 0x0000000800000000)
  region size 2048K, 1 young (2048K), 0 survivors (0K)
 Metaspace       used 30152K, committed 30592K, reserved 1114112K
  class space    used 3033K, committed 3200K, reserved 1048576K
}
Event: 250,979 GC heap after
{Heap after GC invocations=40 (full 17):
 garbage-first heap   total 282624K, used 83942K [0x000000070aa00000, 0x0000000800000000)
  region size 2048K, 0 young (0K), 0 survivors (0K)
 Metaspace       used 30152K, committed 30592K, reserved 1114112K
  class space    used 3033K, committed 3200K, reserved 1048576K
}
Event: 250,979 GC heap before
{Heap before GC invocations=40 (full 17):
 garbage-first heap   total 282624K, used 83942K [0x000000070aa00000, 0x0000000800000000)
  region size 2048K, 1 young (2048K), 0 survivors (0K)
 Metaspace       used 30152K, committed 30592K, reserved 1114112K
  class space    used 3033K, committed 3200K, reserved 1048576K
}
Event: 250,998 GC heap after
{Heap after GC invocations=41 (full 18):
 garbage-first heap   total 282624K, used 83942K [0x000000070aa00000, 0x0000000800000000)
  region size 2048K, 0 young (0K), 0 survivors (0K)
 Metaspace       used 30152K, committed 30592K, reserved 1114112K
  class space    used 3033K, committed 3200K, reserved 1048576K
}
Event: 251,002 GC heap before
{Heap before GC invocations=41 (full 18):
 garbage-first heap   total 282624K, used 83942K [0x000000070aa00000, 0x0000000800000000)
  region size 2048K, 1 young (2048K), 0 survivors (0K)
 Metaspace       used 30159K, committed 30592K, reserved 1114112K
  class space    used 3033K, committed 3200K, reserved 1048576K
}
Event: 251,019 GC heap after
{Heap after GC invocations=42 (full 19):
 garbage-first heap   total 282624K, used 83953K [0x000000070aa00000, 0x0000000800000000)
  region size 2048K, 0 young (0K), 0 survivors (0K)
 Metaspace       used 30159K, committed 30592K, reserved 1114112K
  class space    used 3033K, committed 3200K, reserved 1048576K
}
Event: 251,019 GC heap before
{Heap before GC invocations=42 (full 19):
 garbage-first heap   total 282624K, used 83953K [0x000000070aa00000, 0x0000000800000000)
  region size 2048K, 1 young (2048K), 0 survivors (0K)
 Metaspace       used 30159K, committed 30592K, reserved 1114112K
  class space    used 3033K, committed 3200K, reserved 1048576K
}
Event: 251,036 GC heap after
{Heap after GC invocations=43 (full 20):
 garbage-first heap   total 282624K, used 83953K [0x000000070aa00000, 0x0000000800000000)
  region size 2048K, 0 young (0K), 0 survivors (0K)
 Metaspace       used 30159K, committed 30592K, reserved 1114112K
  class space    used 3033K, committed 3200K, reserved 1048576K
}

