# JRE version: OpenJDK Runtime Environment Temurin-21.0.9+10 (21.0.9+10) (build 21.0.9+10-LTS)
# Java VM: OpenJDK 64-Bit Server VM Temurin-21.0.9+10 (21.0.9+10-LTS, mixed mode, sharing, tiered, compressed oops, compressed class ptrs, g1 gc, linux-amd64)
Heap:
 garbage-first heap   total 212992K, used 150145K [0x000000070aa00000, 0x0000000800000000)
  region size 2048K, 24 young (49152K), 6 survivors (12288K)
 Metaspace       used 30809K, committed 31104K, reserved 1114112K
  class space    used 3370K, committed 3520K, reserved 1048576K
GC Heap History (8 events):
Event: 2,078 GC heap before
{Heap before GC invocations=0 (full 0):
 garbage-first heap   total 253952K, used 35882K [0x000000070aa00000, 0x0000000800000000)
  region size 2048K, 11 young (22528K), 0 survivors (0K)
 Metaspace       used 15832K, committed 16128K, reserved 1114112K
  class space    used 1578K, committed 1728K, reserved 1048576K
}
Event: 2,081 GC heap after
{Heap after GC invocations=1 (full 0):
 garbage-first heap   total 253952K, used 17412K [0x000000070aa00000, 0x0000000800000000)
  region size 2048K, 2 young (4096K), 2 survivors (4096K)
 Metaspace       used 15832K, committed 16128K, reserved 1114112K
  class space    used 1578K, committed 1728K, reserved 1048576K
}
Event: 2,392 GC heap before
{Heap before GC invocations=1 (full 0):
 garbage-first heap   total 253952K, used 89092K [0x000000070aa00000, 0x0000000800000000)
  region size 2048K, 29 young (59392K), 2 survivors (4096K)
 Metaspace       used 21128K, committed 21376K, reserved 1114112K
  class space    used 2282K, committed 2368K, reserved 1048576K
}
Event: 2,396 GC heap after
{Heap after GC invocations=2 (full 0):
 garbage-first heap   total 253952K, used 22040K [0x000000070aa00000, 0x0000000800000000)
  region size 2048K, 4 young (8192K), 4 survivors (8192K)
 Metaspace       used 21128K, committed 21376K, reserved 1114112K
  class space    used 2282K, committed 2368K, reserved 1048576K
}
Event: 2,428 GC heap before
{Heap before GC invocations=2 (full 0):
 garbage-first heap   total 253952K, used 71192K [0x000000070aa00000, 0x0000000800000000)
  region size 2048K, 11 young (22528K), 4 survivors (8192K)
 Metaspace       used 21277K, committed 21504K, reserved 1114112K
  class space    used 2287K, committed 2368K, reserved 1048576K
}
Event: 2,431 GC heap after
{Heap after GC invocations=3 (full 0):
 garbage-first heap   total 253952K, used 23419K [0x000000070aa00000, 0x0000000800000000)
  region size 2048K, 5 young (10240K), 5 survivors (10240K)
 Metaspace       used 21277K, committed 21504K, reserved 1114112K
  class space    used 2287K, committed 2368K, reserved 1048576K
}
Event: 4,047 GC heap before
{Heap before GC invocations=4 (full 0):
 garbage-first heap   total 200704K, used 195451K [0x000000070aa00000, 0x0000000800000000)
  region size 2048K, 27 young (55296K), 5 survivors (10240K)
 Metaspace       used 23125K, committed 23424K, reserved 1114112K
  class space    used 2524K, committed 2688K, reserved 1048576K
}
Event: 4,051 GC heap after
{Heap after GC invocations=5 (full 0):
 garbage-first heap   total 212992K, used 25217K [0x000000070aa00000, 0x0000000800000000)
  region size 2048K, 6 young (12288K), 6 survivors (12288K)
 Metaspace       used 23125K, committed 23424K, reserved 1114112K
  class space    used 2524K, committed 2688K, reserved 1048576K
}

