# JRE version: OpenJDK Runtime Environment Temurin-17.0.18+8 (17.0.18+8) (build 17.0.18+8)
# Java VM: OpenJDK 64-Bit Server VM Temurin-17.0.18+8 (17.0.18+8, mixed mode, tiered, serial gc, linux-amd64)
Heap:
 def new generation   total 75648K, used 21588K [0x00007f3effc00000, 0x00007f3f04e10000, 0x00007f3f518a0000)
  eden space 67264K,  26% used [0x00007f3effc00000, 0x00007f3f00d2a7e8, 0x00007f3f03db0000)
  from space 8384K,  47% used [0x00007f3f03db0000, 0x00007f3f0419ab10, 0x00007f3f045e0000)
  to   space 8384K,   0% used [0x00007f3f045e0000, 0x00007f3f045e0000, 0x00007f3f04e10000)
 tenured generation   total 167936K, used 71320K [0x00007f3f518a0000, 0x00007f3f5bca0000, 0x00007f3ff5200000)
   the space 167936K,  42% used [0x00007f3f518a0000, 0x00007f3f55e461a0, 0x00007f3f55e46200, 0x00007f3f5bca0000)
 Metaspace       used 35935K, committed 36032K, reserved 65536K
GC Heap History (20 events):
Event: 115,024 GC heap before
{Heap before GC invocations=16 (full 2):
 def new generation   total 75648K, used 68416K [0x00007f3effc00000, 0x00007f3f04e10000, 0x00007f3f518a0000)
  eden space 67264K, 100% used [0x00007f3effc00000, 0x00007f3f03db0000, 0x00007f3f03db0000)
  from space 8384K,  13% used [0x00007f3f03db0000, 0x00007f3f03ed0320, 0x00007f3f045e0000)
  to   space 8384K,   0% used [0x00007f3f045e0000, 0x00007f3f045e0000, 0x00007f3f04e10000)
 tenured generation   total 167936K, used 65551K [0x00007f3f518a0000, 0x00007f3f5bca0000, 0x00007f3ff5200000)
   the space 167936K,  39% used [0x00007f3f518a0000, 0x00007f3f558a3c88, 0x00007f3f558a3e00, 0x00007f3f5bca0000)
 Metaspace       used 35763K, committed 35904K, reserved 65536K
}
Event: 115,027 GC heap after
{Heap after GC invocations=17 (full 2):
 def new generation   total 75648K, used 2044K [0x00007f3effc00000, 0x00007f3f04e10000, 0x00007f3f518a0000)
  eden space 67264K,   0% used [0x00007f3effc00000, 0x00007f3effc00000, 0x00007f3f03db0000)
  from space 8384K,  24% used [0x00007f3f045e0000, 0x00007f3f047df258, 0x00007f3f04e10000)
  to   space 8384K,   0% used [0x00007f3f03db0000, 0x00007f3f03db0000, 0x00007f3f045e0000)
 tenured generation   total 167936K, used 65551K [0x00007f3f518a0000, 0x00007f3f5bca0000, 0x00007f3ff5200000)
   the space 167936K,  39% used [0x00007f3f518a0000, 0x00007f3f558a3c88, 0x00007f3f558a3e00, 0x00007f3f5bca0000)
 Metaspace       used 35763K, committed 35904K, reserved 65536K
}
Event: 133,527 GC heap before
{Heap before GC invocations=17 (full 2):
 def new generation   total 75648K, used 69308K [0x00007f3effc00000, 0x00007f3f04e10000, 0x00007f3f518a0000)
  eden space 67264K, 100% used [0x00007f3effc00000, 0x00007f3f03db0000, 0x00007f3f03db0000)
  from space 8384K,  24% used [0x00007f3f045e0000, 0x00007f3f047df258, 0x00007f3f04e10000)
  to   space 8384K,   0% used [0x00007f3f03db0000, 0x00007f3f03db0000, 0x00007f3f045e0000)
 tenured generation   total 167936K, used 65551K [0x00007f3f518a0000, 0x00007f3f5bca0000, 0x00007f3ff5200000)
   the space 167936K,  39% used [0x00007f3f518a0000, 0x00007f3f558a3c88, 0x00007f3f558a3e00, 0x00007f3f5bca0000)
 Metaspace       used 35820K, committed 35968K, reserved 65536K
}
Event: 133,532 GC heap after
{Heap after GC invocations=18 (full 2):
 def new generation   total 75648K, used 4073K [0x00007f3effc00000, 0x00007f3f04e10000, 0x00007f3f518a0000)
  eden space 67264K,   0% used [0x00007f3effc00000, 0x00007f3effc00000, 0x00007f3f03db0000)
  from space 8384K,  48% used [0x00007f3f03db0000, 0x00007f3f041aa6b8, 0x00007f3f045e0000)
  to   space 8384K,   0% used [0x00007f3f045e0000, 0x00007f3f045e0000, 0x00007f3f04e10000)
 tenured generation   total 167936K, used 65551K [0x00007f3f518a0000, 0x00007f3f5bca0000, 0x00007f3ff5200000)
   the space 167936K,  39% used [0x00007f3f518a0000, 0x00007f3f558a3c88, 0x00007f3f558a3e00, 0x00007f3f5bca0000)
 Metaspace       used 35820K, committed 35968K, reserved 65536K
}
Event: 157,466 GC heap before
{Heap before GC invocations=18 (full 2):
 def new generation   total 75648K, used 71337K [0x00007f3effc00000, 0x00007f3f04e10000, 0x00007f3f518a0000)
  eden space 67264K, 100% used [0x00007f3effc00000, 0x00007f3f03db0000, 0x00007f3f03db0000)
  from space 8384K,  48% used [0x00007f3f03db0000, 0x00007f3f041aa6b8, 0x00007f3f045e0000)
  to   space 8384K,   0% used [0x00007f3f045e0000, 0x00007f3f045e0000, 0x00007f3f04e10000)
 tenured generation   total 167936K, used 65551K [0x00007f3f518a0000, 0x00007f3f5bca0000, 0x00007f3ff5200000)
   the space 167936K,  39% used [0x00007f3f518a0000, 0x00007f3f558a3c88, 0x00007f3f558a3e00, 0x00007f3f5bca0000)
 Metaspace       used 35823K, committed 35968K, reserved 65536K
}
Event: 157,473 GC heap after
{Heap after GC invocations=19 (full 2):
 def new generation   total 75648K, used 4951K [0x00007f3effc00000, 0x00007f3f04e10000, 0x00007f3f518a0000)
  eden space 67264K,   0% used [0x00007f3effc00000, 0x00007f3effc00000, 0x00007f3f03db0000)
  from space 8384K,  59% used [0x00007f3f045e0000, 0x00007f3f04ab5c50, 0x00007f3f04e10000)
  to   space 8384K,   0% used [0x00007f3f03db0000, 0x00007f3f03db0000, 0x00007f3f045e0000)
 tenured generation   total 167936K, used 65551K [0x00007f3f518a0000, 0x00007f3f5bca0000, 0x00007f3ff5200000)
   the space 167936K,  39% used [0x00007f3f518a0000, 0x00007f3f558a3c88, 0x00007f3f558a3e00, 0x00007f3f5bca0000)
 Metaspace       used 35823K, committed 35968K, reserved 65536K
}
Event: 178,567 GC heap before
{Heap before GC invocations=19 (full 2):
 def new generation   total 75648K, used 72215K [0x00007f3effc00000, 0x00007f3f04e10000, 0x00007f3f518a0000)
  eden space 67264K, 100% used [0x00007f3effc00000, 0x00007f3f03db0000, 0x00007f3f03db0000)
  from space 8384K,  59% used [0x00007f3f045e0000, 0x00007f3f04ab5c50, 0x00007f3f04e10000)
  to   space 8384K,   0% used [0x00007f3f03db0000, 0x00007f3f03db0000, 0x00007f3f045e0000)
 tenured generation   total 167936K, used 65551K [0x00007f3f518a0000, 0x00007f3f5bca0000, 0x00007f3ff5200000)
   the space 167936K,  39% used [0x00007f3f518a0000, 0x00007f3f558a3c88, 0x00007f3f558a3e00, 0x00007f3f5bca0000)
 Metaspace       used 35839K, committed 35968K, reserved 65536K
}
Event: 178,573 GC heap after
{Heap after GC invocations=20 (full 2):
 def new generation   total 75648K, used 2924K [0x00007f3effc00000, 0x00007f3f04e10000, 0x00007f3f518a0000)
  eden space 67264K,   0% used [0x00007f3effc00000, 0x00007f3effc00000, 0x00007f3f03db0000)
  from space 8384K,  34% used [0x00007f3f03db0000, 0x00007f3f0408b350, 0x00007f3f045e0000)
  to   space 8384K,   0% used [0x00007f3f045e0000, 0x00007f3f045e0000, 0x00007f3f04e10000)
 tenured generation   total 167936K, used 66520K [0x00007f3f518a0000, 0x00007f3f5bca0000, 0x00007f3ff5200000)
   the space 167936K,  39% used [0x00007f3f518a0000, 0x00007f3f55996168, 0x00007f3f55996200, 0x00007f3f5bca0000)
 Metaspace       used 35839K, committed 35968K, reserved 65536K
}
Event: 202,120 GC heap before
{Heap before GC invocations=20 (full 2):
 def new generation   total 75648K, used 70188K [0x00007f3effc00000, 0x00007f3f04e10000, 0x00007f3f518a0000)
  eden space 67264K, 100% used [0x00007f3effc00000, 0x00007f3f03db0000, 0x00007f3f03db0000)
  from space 8384K,  34% used [0x00007f3f03db0000, 0x00007f3f0408b350, 0x00007f3f045e0000)
  to   space 8384K,   0% used [0x00007f3f045e0000, 0x00007f3f045e0000, 0x00007f3f04e10000)
 tenured generation   total 167936K, used 66520K [0x00007f3f518a0000, 0x00007f3f5bca0000, 0x00007f3ff5200000)
   the space 167936K,  39% used [0x00007f3f518a0000, 0x00007f3f55996168, 0x00007f3f55996200, 0x00007f3f5bca0000)
 Metaspace       used 35852K, committed 36032K, reserved 65536K
}
Event: 202,125 GC heap after
{Heap after GC invocations=21 (full 2):
 def new generation   total 75648K, used 4907K [0x00007f3effc00000, 0x00007f3f04e10000, 0x00007f3f518a0000)
  eden space 67264K,   0% used [0x00007f3effc00000, 0x00007f3effc00000, 0x00007f3f03db0000)
  from space 8384K,  58% used [0x00007f3f045e0000, 0x00007f3f04aaacd0, 0x00007f3f04e10000)
  to   space 8384K,   0% used [0x00007f3f03db0000, 0x00007f3f03db0000, 0x00007f3f045e0000)
 tenured generation   total 167936K, used 66520K [0x00007f3f518a0000, 0x00007f3f5bca0000, 0x00007f3ff5200000)
   the space 167936K,  39% used [0x00007f3f518a0000, 0x00007f3f55996168, 0x00007f3f55996200, 0x00007f3f5bca0000)
 Metaspace       used 35852K, committed 36032K, reserved 65536K
}
Event: 227,122 GC heap before
{Heap before GC invocations=21 (full 2):
 def new generation   total 75648K, used 72171K [0x00007f3effc00000, 0x00007f3f04e10000, 0x00007f3f518a0000)
  eden space 67264K, 100% used [0x00007f3effc00000, 0x00007f3f03db0000, 0x00007f3f03db0000)
  from space 8384K,  58% used [0x00007f3f045e0000, 0x00007f3f04aaacd0, 0x00007f3f04e10000)
  to   space 8384K,   0% used [0x00007f3f03db0000, 0x00007f3f03db0000, 0x00007f3f045e0000)
 tenured generation   total 167936K, used 66520K [0x00007f3f518a0000, 0x00007f3f5bca0000, 0x00007f3ff5200000)
   the space 167936K,  39% used [0x00007f3f518a0000, 0x00007f3f55996168, 0x00007f3f55996200, 0x00007f3f5bca0000)
 Metaspace       used 35853K, committed 36032K, reserved 65536K
}
Event: 227,130 GC heap after
{Heap after GC invocations=22 (full 2):
 def new generation   total 75648K, used 5179K [0x00007f3effc00000, 0x00007f3f04e10000, 0x00007f3f518a0000)
  eden space 67264K,   0% used [0x00007f3effc00000, 0x00007f3effc00000, 0x00007f3f03db0000)
  from space 8384K,  61% used [0x00007f3f03db0000, 0x00007f3f042bece0, 0x00007f3f045e0000)
  to   space 8384K,   0% used [0x00007f3f045e0000, 0x00007f3f045e0000, 0x00007f3f04e10000)
 tenured generation   total 167936K, used 67281K [0x00007f3f518a0000, 0x00007f3f5bca0000, 0x00007f3ff5200000)
   the space 167936K,  40% used [0x00007f3f518a0000, 0x00007f3f55a54758, 0x00007f3f55a54800, 0x00007f3f5bca0000)
 Metaspace       used 35853K, committed 36032K, reserved 65536K
}
Event: 249,221 GC heap before
{Heap before GC invocations=22 (full 2):
 def new generation   total 75648K, used 72443K [0x00007f3effc00000, 0x00007f3f04e10000, 0x00007f3f518a0000)
  eden space 67264K, 100% used [0x00007f3effc00000, 0x00007f3f03db0000, 0x00007f3f03db0000)
  from space 8384K,  61% used [0x00007f3f03db0000, 0x00007f3f042bece0, 0x00007f3f045e0000)
  to   space 8384K,   0% used [0x00007f3f045e0000, 0x00007f3f045e0000, 0x00007f3f04e10000)
 tenured generation   total 167936K, used 67281K [0x00007f3f518a0000, 0x00007f3f5bca0000, 0x00007f3ff5200000)
   the space 167936K,  40% used [0x00007f3f518a0000, 0x00007f3f55a54758, 0x00007f3f55a54800, 0x00007f3f5bca0000)
 Metaspace       used 35889K, committed 36032K, reserved 65536K
}
Event: 249,232 GC heap after
{Heap after GC invocations=23 (full 2):
 def new generation   total 75648K, used 4151K [0x00007f3effc00000, 0x00007f3f04e10000, 0x00007f3f518a0000)
  eden space 67264K,   0% used [0x00007f3effc00000, 0x00007f3effc00000, 0x00007f3f03db0000)
  from space 8384K,  49% used [0x00007f3f045e0000, 0x00007f3f049edcf0, 0x00007f3f04e10000)
  to   space 8384K,   0% used [0x00007f3f03db0000, 0x00007f3f03db0000, 0x00007f3f045e0000)
 tenured generation   total 167936K, used 68663K [0x00007f3f518a0000, 0x00007f3f5bca0000, 0x00007f3ff5200000)
   the space 167936K,  40% used [0x00007f3f518a0000, 0x00007f3f55baddb8, 0x00007f3f55bade00, 0x00007f3f5bca0000)
 Metaspace       used 35889K, committed 36032K, reserved 65536K
}
Event: 273,686 GC heap before
{Heap before GC invocations=23 (full 2):
 def new generation   total 75648K, used 71415K [0x00007f3effc00000, 0x00007f3f04e10000, 0x00007f3f518a0000)
  eden space 67264K, 100% used [0x00007f3effc00000, 0x00007f3f03db0000, 0x00007f3f03db0000)
  from space 8384K,  49% used [0x00007f3f045e0000, 0x00007f3f049edcf0, 0x00007f3f04e10000)
  to   space 8384K,   0% used [0x00007f3f03db0000, 0x00007f3f03db0000, 0x00007f3f045e0000)
 tenured generation   total 167936K, used 68663K [0x00007f3f518a0000, 0x00007f3f5bca0000, 0x00007f3ff5200000)
   the space 167936K,  40% used [0x00007f3f518a0000, 0x00007f3f55baddb8, 0x00007f3f55bade00, 0x00007f3f5bca0000)
 Metaspace       used 35896K, committed 36032K, reserved 65536K
}
Event: 273,692 GC heap after
{Heap after GC invocations=24 (full 2):
 def new generation   total 75648K, used 5437K [0x00007f3effc00000, 0x00007f3f04e10000, 0x00007f3f518a0000)
  eden space 67264K,   0% used [0x00007f3effc00000, 0x00007f3effc00000, 0x00007f3f03db0000)
  from space 8384K,  64% used [0x00007f3f03db0000, 0x00007f3f042ff7b0, 0x00007f3f045e0000)
  to   space 8384K,   0% used [0x00007f3f045e0000, 0x00007f3f045e0000, 0x00007f3f04e10000)
 tenured generation   total 167936K, used 68663K [0x00007f3f518a0000, 0x00007f3f5bca0000, 0x00007f3ff5200000)
   the space 167936K,  40% used [0x00007f3f518a0000, 0x00007f3f55baddb8, 0x00007f3f55bade00, 0x00007f3f5bca0000)
 Metaspace       used 35896K, committed 36032K, reserved 65536K
}
Event: 298,103 GC heap before
{Heap before GC invocations=24 (full 2):
 def new generation   total 75648K, used 72701K [0x00007f3effc00000, 0x00007f3f04e10000, 0x00007f3f518a0000)
  eden space 67264K, 100% used [0x00007f3effc00000, 0x00007f3f03db0000, 0x00007f3f03db0000)
  from space 8384K,  64% used [0x00007f3f03db0000, 0x00007f3f042ff7b0, 0x00007f3f045e0000)
  to   space 8384K,   0% used [0x00007f3f045e0000, 0x00007f3f045e0000, 0x00007f3f04e10000)
 tenured generation   total 167936K, used 68663K [0x00007f3f518a0000, 0x00007f3f5bca0000, 0x00007f3ff5200000)
   the space 167936K,  40% used [0x00007f3f518a0000, 0x00007f3f55baddb8, 0x00007f3f55bade00, 0x00007f3f5bca0000)
 Metaspace       used 35900K, committed 36032K, reserved 65536K
}
Event: 298,111 GC heap after
{Heap after GC invocations=25 (full 2):
 def new generation   total 75648K, used 4661K [0x00007f3effc00000, 0x00007f3f04e10000, 0x00007f3f518a0000)
  eden space 67264K,   0% used [0x00007f3effc00000, 0x00007f3effc00000, 0x00007f3f03db0000)
  from space 8384K,  55% used [0x00007f3f045e0000, 0x00007f3f04a6d738, 0x00007f3f04e10000)
  to   space 8384K,   0% used [0x00007f3f03db0000, 0x00007f3f03db0000, 0x00007f3f045e0000)
 tenured generation   total 167936K, used 70322K [0x00007f3f518a0000, 0x00007f3f5bca0000, 0x00007f3ff5200000)
   the space 167936K,  41% used [0x00007f3f518a0000, 0x00007f3f55d4ca68, 0x00007f3f55d4cc00, 0x00007f3f5bca0000)
 Metaspace       used 35900K, committed 36032K, reserved 65536K
}
Event: 321,416 GC heap before
{Heap before GC invocations=25 (full 2):
 def new generation   total 75648K, used 71925K [0x00007f3effc00000, 0x00007f3f04e10000, 0x00007f3f518a0000)
  eden space 67264K, 100% used [0x00007f3effc00000, 0x00007f3f03db0000, 0x00007f3f03db0000)
  from space 8384K,  55% used [0x00007f3f045e0000, 0x00007f3f04a6d738, 0x00007f3f04e10000)
  to   space 8384K,   0% used [0x00007f3f03db0000, 0x00007f3f03db0000, 0x00007f3f045e0000)
 tenured generation   total 167936K, used 70322K [0x00007f3f518a0000, 0x00007f3f5bca0000, 0x00007f3ff5200000)
   the space 167936K,  41% used [0x00007f3f518a0000, 0x00007f3f55d4ca68, 0x00007f3f55d4cc00, 0x00007f3f5bca0000)
 Metaspace       used 35921K, committed 36032K, reserved 65536K
}
Event: 321,424 GC heap after
{Heap after GC invocations=26 (full 2):
 def new generation   total 75648K, used 4010K [0x00007f3effc00000, 0x00007f3f04e10000, 0x00007f3f518a0000)
  eden space 67264K,   0% used [0x00007f3effc00000, 0x00007f3effc00000, 0x00007f3f03db0000)
  from space 8384K,  47% used [0x00007f3f03db0000, 0x00007f3f0419ab10, 0x00007f3f045e0000)
  to   space 8384K,   0% used [0x00007f3f045e0000, 0x00007f3f045e0000, 0x00007f3f04e10000)
 tenured generation   total 167936K, used 71320K [0x00007f3f518a0000, 0x00007f3f5bca0000, 0x00007f3ff5200000)
   the space 167936K,  42% used [0x00007f3f518a0000, 0x00007f3f55e461a0, 0x00007f3f55e46200, 0x00007f3f5bca0000)
 Metaspace       used 35921K, committed 36032K, reserved 65536K
}

