# JRE version: OpenJDK Runtime Environment Temurin-21.0.9+10 (21.0.9+10) (build 21.0.9+10-LTS)
# Java VM: OpenJDK 64-Bit Server VM Temurin-21.0.9+10 (21.0.9+10-LTS, mixed mode, sharing, tiered, compressed oops, compressed class ptrs, g1 gc, linux-amd64)
Heap:
 garbage-first heap   total 561152K, used 156897K [0x000000070aa00000, 0x0000000800000000)
  region size 2048K, 2 young (4096K), 0 survivors (0K)
 Metaspace       used 30714K, committed 31168K, reserved 1114112K
  class space    used 3054K, committed 3264K, reserved 1048576K
GC Heap History (20 events):
Event: 373,209 GC heap before
{Heap before GC invocations=45 (full 6):
 garbage-first heap   total 675840K, used 637789K [0x000000070aa00000, 0x0000000800000000)
  region size 2048K, 170 young (348160K), 12 survivors (24576K)
 Metaspace       used 30607K, committed 31040K, reserved 1114112K
  class space    used 3048K, committed 3264K, reserved 1048576K
}
Event: 373,219 GC heap after
{Heap after GC invocations=46 (full 6):
 garbage-first heap   total 675840K, used 303489K [0x000000070aa00000, 0x0000000800000000)
  region size 2048K, 15 young (30720K), 15 survivors (30720K)
 Metaspace       used 30607K, committed 31040K, reserved 1114112K
  class space    used 3048K, committed 3264K, reserved 1048576K
}
Event: 397,010 GC heap before
{Heap before GC invocations=46 (full 6):
 garbage-first heap   total 675840K, used 625025K [0x000000070aa00000, 0x0000000800000000)
  region size 2048K, 172 young (352256K), 15 survivors (30720K)
 Metaspace       used 30611K, committed 31040K, reserved 1114112K
  class space    used 3048K, committed 3264K, reserved 1048576K
}
Event: 397,022 GC heap after
{Heap after GC invocations=47 (full 6):
 garbage-first heap   total 675840K, used 305194K [0x000000070aa00000, 0x0000000800000000)
  region size 2048K, 14 young (28672K), 14 survivors (28672K)
 Metaspace       used 30611K, committed 31040K, reserved 1114112K
  class space    used 3048K, committed 3264K, reserved 1048576K
}
Event: 417,012 GC heap before
{Heap before GC invocations=47 (full 6):
 garbage-first heap   total 675840K, used 630826K [0x000000070aa00000, 0x0000000800000000)
  region size 2048K, 173 young (354304K), 14 survivors (28672K)
 Metaspace       used 30612K, committed 31040K, reserved 1114112K
  class space    used 3048K, committed 3264K, reserved 1048576K
}
Event: 417,024 GC heap after
{Heap after GC invocations=48 (full 6):
 garbage-first heap   total 675840K, used 302985K [0x000000070aa00000, 0x0000000800000000)
  region size 2048K, 11 young (22528K), 11 survivors (22528K)
 Metaspace       used 30612K, committed 31040K, reserved 1114112K
  class space    used 3048K, committed 3264K, reserved 1048576K
}
Event: 441,262 GC heap before
{Heap before GC invocations=48 (full 6):
 garbage-first heap   total 675840K, used 626569K [0x000000070aa00000, 0x0000000800000000)
  region size 2048K, 169 young (346112K), 11 survivors (22528K)
 Metaspace       used 30620K, committed 31040K, reserved 1114112K
  class space    used 3048K, committed 3264K, reserved 1048576K
}
Event: 441,273 GC heap after
{Heap after GC invocations=49 (full 6):
 garbage-first heap   total 675840K, used 304551K [0x000000070aa00000, 0x0000000800000000)
  region size 2048K, 12 young (24576K), 12 survivors (24576K)
 Metaspace       used 30620K, committed 31040K, reserved 1114112K
  class space    used 3048K, committed 3264K, reserved 1048576K
}
Event: 457,070 GC heap before
{Heap before GC invocations=49 (full 6):
 garbage-first heap   total 675840K, used 621991K [0x000000070aa00000, 0x0000000800000000)
  region size 2048K, 159 young (325632K), 12 survivors (24576K)
 Metaspace       used 30661K, committed 31104K, reserved 1114112K
  class space    used 3052K, committed 3264K, reserved 1048576K
}
Event: 457,084 GC heap after
{Heap after GC invocations=50 (full 6):
 garbage-first heap   total 675840K, used 319451K [0x000000070aa00000, 0x0000000800000000)
  region size 2048K, 19 young (38912K), 19 survivors (38912K)
 Metaspace       used 30661K, committed 31104K, reserved 1114112K
  class space    used 3052K, committed 3264K, reserved 1048576K
}
Event: 457,169 GC heap before
{Heap before GC invocations=50 (full 6):
 garbage-first heap   total 675840K, used 341979K [0x000000070aa00000, 0x0000000800000000)
  region size 2048K, 22 young (45056K), 19 survivors (38912K)
 Metaspace       used 30662K, committed 31104K, reserved 1114112K
  class space    used 3052K, committed 3264K, reserved 1048576K
}
Event: 457,180 GC heap after
{Heap after GC invocations=51 (full 6):
 garbage-first heap   total 675840K, used 320147K [0x000000070aa00000, 0x0000000800000000)
  region size 2048K, 11 young (22528K), 11 survivors (22528K)
 Metaspace       used 30662K, committed 31104K, reserved 1114112K
  class space    used 3052K, committed 3264K, reserved 1048576K
}
Event: 458,540 GC heap before
{Heap before GC invocations=51 (full 6):
 garbage-first heap   total 675840K, used 447123K [0x000000070aa00000, 0x0000000800000000)
  region size 2048K, 65 young (133120K), 11 survivors (22528K)
 Metaspace       used 30669K, committed 31104K, reserved 1114112K
  class space    used 3052K, committed 3264K, reserved 1048576K
}
Event: 458,544 GC heap after
{Heap after GC invocations=52 (full 6):
 garbage-first heap   total 675840K, used 322291K [0x000000070aa00000, 0x0000000800000000)
  region size 2048K, 12 young (24576K), 12 survivors (24576K)
 Metaspace       used 30669K, committed 31104K, reserved 1114112K
  class space    used 3052K, committed 3264K, reserved 1048576K
}
Event: 458,545 GC heap before
{Heap before GC invocations=52 (full 6):
 garbage-first heap   total 675840K, used 340723K [0x000000070aa00000, 0x0000000800000000)
  region size 2048K, 13 young (26624K), 12 survivors (24576K)
 Metaspace       used 30669K, committed 31104K, reserved 1114112K
  class space    used 3052K, committed 3264K, reserved 1048576K
}
Event: 458,549 GC heap after
{Heap after GC invocations=53 (full 6):
 garbage-first heap   total 675840K, used 321808K [0x000000070aa00000, 0x0000000800000000)
  region size 2048K, 11 young (22528K), 11 survivors (22528K)
 Metaspace       used 30669K, committed 31104K, reserved 1114112K
  class space    used 3052K, committed 3264K, reserved 1048576K
}
Event: 484,486 GC heap before
{Heap before GC invocations=54 (full 6):
 garbage-first heap   total 675840K, used 634365K [0x000000070aa00000, 0x0000000800000000)
  region size 2048K, 163 young (333824K), 11 survivors (22528K)
 Metaspace       used 30702K, committed 31104K, reserved 1114112K
  class space    used 3053K, committed 3264K, reserved 1048576K
}
Event: 484,491 GC heap after
{Heap after GC invocations=55 (full 6):
 garbage-first heap   total 675840K, used 305259K [0x000000070aa00000, 0x0000000800000000)
  region size 2048K, 11 young (22528K), 11 survivors (22528K)
 Metaspace       used 30702K, committed 31104K, reserved 1114112K
  class space    used 3053K, committed 3264K, reserved 1048576K
}
Event: 503,108 GC heap before
{Heap before GC invocations=55 (full 6):
 garbage-first heap   total 675840K, used 516203K [0x000000070aa00000, 0x0000000800000000)
  region size 2048K, 115 young (235520K), 11 survivors (22528K)
 Metaspace       used 30702K, committed 31104K, reserved 1114112K
  class space    used 3053K, committed 3264K, reserved 1048576K
}
Event: 503,155 GC heap after
{Heap after GC invocations=56 (full 7):
 garbage-first heap   total 561152K, used 154849K [0x000000070aa00000, 0x0000000800000000)
  region size 2048K, 0 young (0K), 0 survivors (0K)
 Metaspace       used 30702K, committed 31104K, reserved 1114112K
  class space    used 3053K, committed 3264K, reserved 1048576K
}

