# JRE version: OpenJDK Runtime Environment Temurin-21.0.9+10 (21.0.9+10) (build 21.0.9+10-LTS)
# Java VM: OpenJDK 64-Bit Server VM Temurin-21.0.9+10 (21.0.9+10-LTS, mixed mode, sharing, tiered, compressed oops, compressed class ptrs, g1 gc, linux-amd64)
Heap:
 garbage-first heap   total 471040K, used 324601K [0x000000070aa00000, 0x0000000800000000)
  region size 2048K, 91 young (186368K), 1 survivors (2048K)
 Metaspace       used 30968K, committed 31424K, reserved 1114112K
  class space    used 3081K, committed 3264K, reserved 1048576K
GC Heap History (20 events):
Event: 1973,038 GC heap before
{Heap before GC invocations=100 (full 12):
 garbage-first heap   total 471040K, used 417974K [0x000000070aa00000, 0x0000000800000000)
  region size 2048K, 138 young (282624K), 3 survivors (6144K)
 Metaspace       used 30938K, committed 31424K, reserved 1114112K
  class space    used 3078K, committed 3264K, reserved 1048576K
}
Event: 1973,046 GC heap after
{Heap after GC invocations=101 (full 12):
 garbage-first heap   total 471040K, used 141643K [0x000000070aa00000, 0x0000000800000000)
  region size 2048K, 3 young (6144K), 3 survivors (6144K)
 Metaspace       used 30938K, committed 31424K, reserved 1114112K
  class space    used 3078K, committed 3264K, reserved 1048576K
}
Event: 2034,399 GC heap before
{Heap before GC invocations=101 (full 12):
 garbage-first heap   total 471040K, used 418123K [0x000000070aa00000, 0x0000000800000000)
  region size 2048K, 138 young (282624K), 3 survivors (6144K)
 Metaspace       used 30938K, committed 31424K, reserved 1114112K
  class space    used 3078K, committed 3264K, reserved 1048576K
}
Event: 2034,407 GC heap after
{Heap after GC invocations=102 (full 12):
 garbage-first heap   total 471040K, used 141872K [0x000000070aa00000, 0x0000000800000000)
  region size 2048K, 3 young (6144K), 3 survivors (6144K)
 Metaspace       used 30938K, committed 31424K, reserved 1114112K
  class space    used 3078K, committed 3264K, reserved 1048576K
}
Event: 2095,837 GC heap before
{Heap before GC invocations=102 (full 12):
 garbage-first heap   total 471040K, used 418352K [0x000000070aa00000, 0x0000000800000000)
  region size 2048K, 138 young (282624K), 3 survivors (6144K)
 Metaspace       used 30938K, committed 31424K, reserved 1114112K
  class space    used 3078K, committed 3264K, reserved 1048576K
}
Event: 2095,844 GC heap after
{Heap after GC invocations=103 (full 12):
 garbage-first heap   total 471040K, used 141805K [0x000000070aa00000, 0x0000000800000000)
  region size 2048K, 3 young (6144K), 3 survivors (6144K)
 Metaspace       used 30938K, committed 31424K, reserved 1114112K
  class space    used 3078K, committed 3264K, reserved 1048576K
}
Event: 2157,287 GC heap before
{Heap before GC invocations=103 (full 12):
 garbage-first heap   total 471040K, used 418285K [0x000000070aa00000, 0x0000000800000000)
  region size 2048K, 138 young (282624K), 3 survivors (6144K)
 Metaspace       used 30938K, committed 31424K, reserved 1114112K
  class space    used 3078K, committed 3264K, reserved 1048576K
}
Event: 2157,295 GC heap after
{Heap after GC invocations=104 (full 12):
 garbage-first heap   total 471040K, used 141812K [0x000000070aa00000, 0x0000000800000000)
  region size 2048K, 2 young (4096K), 2 survivors (4096K)
 Metaspace       used 30938K, committed 31424K, reserved 1114112K
  class space    used 3078K, committed 3264K, reserved 1048576K
}
Event: 2219,087 GC heap before
{Heap before GC invocations=104 (full 12):
 garbage-first heap   total 471040K, used 420340K [0x000000070aa00000, 0x0000000800000000)
  region size 2048K, 138 young (282624K), 2 survivors (4096K)
 Metaspace       used 30938K, committed 31424K, reserved 1114112K
  class space    used 3078K, committed 3264K, reserved 1048576K
}
Event: 2219,094 GC heap after
{Heap after GC invocations=105 (full 12):
 garbage-first heap   total 471040K, used 141831K [0x000000070aa00000, 0x0000000800000000)
  region size 2048K, 2 young (4096K), 2 survivors (4096K)
 Metaspace       used 30938K, committed 31424K, reserved 1114112K
  class space    used 3078K, committed 3264K, reserved 1048576K
}
Event: 2280,987 GC heap before
{Heap before GC invocations=105 (full 12):
 garbage-first heap   total 471040K, used 420359K [0x000000070aa00000, 0x0000000800000000)
  region size 2048K, 138 young (282624K), 2 survivors (4096K)
 Metaspace       used 30938K, committed 31424K, reserved 1114112K
  class space    used 3078K, committed 3264K, reserved 1048576K
}
Event: 2280,993 GC heap after
{Heap after GC invocations=106 (full 12):
 garbage-first heap   total 471040K, used 141956K [0x000000070aa00000, 0x0000000800000000)
  region size 2048K, 2 young (4096K), 2 survivors (4096K)
 Metaspace       used 30938K, committed 31424K, reserved 1114112K
  class space    used 3078K, committed 3264K, reserved 1048576K
}
Event: 2342,737 GC heap before
{Heap before GC invocations=106 (full 12):
 garbage-first heap   total 471040K, used 420484K [0x000000070aa00000, 0x0000000800000000)
  region size 2048K, 138 young (282624K), 2 survivors (4096K)
 Metaspace       used 30938K, committed 31424K, reserved 1114112K
  class space    used 3078K, committed 3264K, reserved 1048576K
}
Event: 2342,743 GC heap after
{Heap after GC invocations=107 (full 12):
 garbage-first heap   total 471040K, used 142128K [0x000000070aa00000, 0x0000000800000000)
  region size 2048K, 2 young (4096K), 2 survivors (4096K)
 Metaspace       used 30938K, committed 31424K, reserved 1114112K
  class space    used 3078K, committed 3264K, reserved 1048576K
}
Event: 2404,587 GC heap before
{Heap before GC invocations=107 (full 12):
 garbage-first heap   total 471040K, used 420656K [0x000000070aa00000, 0x0000000800000000)
  region size 2048K, 138 young (282624K), 2 survivors (4096K)
 Metaspace       used 30938K, committed 31424K, reserved 1114112K
  class space    used 3078K, committed 3264K, reserved 1048576K
}
Event: 2404,593 GC heap after
{Heap after GC invocations=108 (full 12):
 garbage-first heap   total 471040K, used 142218K [0x000000070aa00000, 0x0000000800000000)
  region size 2048K, 1 young (2048K), 1 survivors (2048K)
 Metaspace       used 30938K, committed 31424K, reserved 1114112K
  class space    used 3078K, committed 3264K, reserved 1048576K
}
Event: 2466,937 GC heap before
{Heap before GC invocations=108 (full 12):
 garbage-first heap   total 471040K, used 422794K [0x000000070aa00000, 0x0000000800000000)
  region size 2048K, 138 young (282624K), 1 survivors (2048K)
 Metaspace       used 30938K, committed 31424K, reserved 1114112K
  class space    used 3078K, committed 3264K, reserved 1048576K
}
Event: 2466,943 GC heap after
{Heap after GC invocations=109 (full 12):
 garbage-first heap   total 471040K, used 142203K [0x000000070aa00000, 0x0000000800000000)
  region size 2048K, 1 young (2048K), 1 survivors (2048K)
 Metaspace       used 30938K, committed 31424K, reserved 1114112K
  class space    used 3078K, committed 3264K, reserved 1048576K
}
Event: 2529,337 GC heap before
{Heap before GC invocations=109 (full 12):
 garbage-first heap   total 471040K, used 422779K [0x000000070aa00000, 0x0000000800000000)
  region size 2048K, 138 young (282624K), 1 survivors (2048K)
 Metaspace       used 30938K, committed 31424K, reserved 1114112K
  class space    used 3078K, committed 3264K, reserved 1048576K
}
Event: 2529,342 GC heap after
{Heap after GC invocations=110 (full 12):
 garbage-first heap   total 471040K, used 142329K [0x000000070aa00000, 0x0000000800000000)
  region size 2048K, 1 young (2048K), 1 survivors (2048K)
 Metaspace       used 30938K, committed 31424K, reserved 1114112K
  class space    used 3078K, committed 3264K, reserved 1048576K
}

