# JRE version: OpenJDK Runtime Environment Temurin-17.0.18+8 (17.0.18+8) (build 17.0.18+8)
# Java VM: OpenJDK 64-Bit Server VM Temurin-17.0.18+8 (17.0.18+8, mixed mode, tiered, serial gc, linux-amd64)
Heap:
 def new generation   total 75648K, used 61498K [0x00007f5a37c00000, 0x00007f5a3ce10000, 0x00007f5a898a0000)
  eden space 67264K,  85% used [0x00007f5a37c00000, 0x00007f5a3b451f30, 0x00007f5a3bdb0000)
  from space 8384K,  45% used [0x00007f5a3bdb0000, 0x00007f5a3c16cab8, 0x00007f5a3c5e0000)
  to   space 8384K,   0% used [0x00007f5a3c5e0000, 0x00007f5a3c5e0000, 0x00007f5a3ce10000)
 tenured generation   total 167936K, used 21721K [0x00007f5a898a0000, 0x00007f5a93ca0000, 0x00007f5b2d200000)
   the space 167936K,  12% used [0x00007f5a898a0000, 0x00007f5a8add6408, 0x00007f5a8add6600, 0x00007f5a93ca0000)
 Metaspace       used 30578K, committed 30720K, reserved 65536K
GC Heap History (14 events):
Event: 2,065 GC heap before
{Heap before GC invocations=0 (full 0):
 def new generation   total 75584K, used 32331K [0x00007f5a37c00000, 0x00007f5a3ce00000, 0x00007f5a898a0000)
  eden space 67200K,  48% used [0x00007f5a37c00000, 0x00007f5a39b92d68, 0x00007f5a3bda0000)
  from space 8384K,   0% used [0x00007f5a3bda0000, 0x00007f5a3bda0000, 0x00007f5a3c5d0000)
  to   space 8384K,   0% used [0x00007f5a3c5d0000, 0x00007f5a3c5d0000, 0x00007f5a3ce00000)
 tenured generation   total 167936K, used 0K [0x00007f5a898a0000, 0x00007f5a93ca0000, 0x00007f5b2d200000)
   the space 167936K,   0% used [0x00007f5a898a0000, 0x00007f5a898a0000, 0x00007f5a898a0200, 0x00007f5a93ca0000)
 Metaspace       used 21433K, committed 21504K, reserved 65536K
}
Event: 2,077 GC heap after
{Heap after GC invocations=1 (full 1):
 def new generation   total 75648K, used 0K [0x00007f5a37c00000, 0x00007f5a3ce10000, 0x00007f5a898a0000)
  eden space 67264K,   0% used [0x00007f5a37c00000, 0x00007f5a37c00000, 0x00007f5a3bdb0000)
  from space 8384K,   0% used [0x00007f5a3bdb0000, 0x00007f5a3bdb0000, 0x00007f5a3c5e0000)
  to   space 8384K,   0% used [0x00007f5a3c5e0000, 0x00007f5a3c5e0000, 0x00007f5a3ce10000)
 tenured generation   total 167936K, used 5541K [0x00007f5a898a0000, 0x00007f5a93ca0000, 0x00007f5b2d200000)
   the space 167936K,   3% used [0x00007f5a898a0000, 0x00007f5a89e09480, 0x00007f5a89e09600, 0x00007f5a93ca0000)
 Metaspace       used 21433K, committed 21504K, reserved 65536K
}
Event: 2,356 GC heap before
{Heap before GC invocations=1 (full 1):
 def new generation   total 75648K, used 67264K [0x00007f5a37c00000, 0x00007f5a3ce10000, 0x00007f5a898a0000)
  eden space 67264K, 100% used [0x00007f5a37c00000, 0x00007f5a3bdb0000, 0x00007f5a3bdb0000)
  from space 8384K,   0% used [0x00007f5a3bdb0000, 0x00007f5a3bdb0000, 0x00007f5a3c5e0000)
  to   space 8384K,   0% used [0x00007f5a3c5e0000, 0x00007f5a3c5e0000, 0x00007f5a3ce10000)
 tenured generation   total 167936K, used 5541K [0x00007f5a898a0000, 0x00007f5a93ca0000, 0x00007f5b2d200000)
   the space 167936K,   3% used [0x00007f5a898a0000, 0x00007f5a89e09480, 0x00007f5a89e09600, 0x00007f5a93ca0000)
 Metaspace       used 27775K, committed 27840K, reserved 65536K
}
Event: 2,366 GC heap after
{Heap after GC invocations=2 (full 1):
 def new generation   total 75648K, used 6147K [0x00007f5a37c00000, 0x00007f5a3ce10000, 0x00007f5a898a0000)
  eden space 67264K,   0% used [0x00007f5a37c00000, 0x00007f5a37c00000, 0x00007f5a3bdb0000)
  from space 8384K,  73% used [0x00007f5a3c5e0000, 0x00007f5a3cbe0cc0, 0x00007f5a3ce10000)
  to   space 8384K,   0% used [0x00007f5a3bdb0000, 0x00007f5a3bdb0000, 0x00007f5a3c5e0000)
 tenured generation   total 167936K, used 15781K [0x00007f5a898a0000, 0x00007f5a93ca0000, 0x00007f5b2d200000)
   the space 167936K,   9% used [0x00007f5a898a0000, 0x00007f5a8a809498, 0x00007f5a8a809600, 0x00007f5a93ca0000)
 Metaspace       used 27775K, committed 27840K, reserved 65536K
}
Event: 2,564 GC heap before
{Heap before GC invocations=2 (full 1):
 def new generation   total 75648K, used 68662K [0x00007f5a37c00000, 0x00007f5a3ce10000, 0x00007f5a898a0000)
  eden space 67264K,  92% used [0x00007f5a37c00000, 0x00007f5a3b90cc88, 0x00007f5a3bdb0000)
  from space 8384K,  73% used [0x00007f5a3c5e0000, 0x00007f5a3cbe0cc0, 0x00007f5a3ce10000)
  to   space 8384K,   0% used [0x00007f5a3bdb0000, 0x00007f5a3bdb0000, 0x00007f5a3c5e0000)
 tenured generation   total 167936K, used 15781K [0x00007f5a898a0000, 0x00007f5a93ca0000, 0x00007f5b2d200000)
   the space 167936K,   9% used [0x00007f5a898a0000, 0x00007f5a8a809498, 0x00007f5a8a809600, 0x00007f5a93ca0000)
 Metaspace       used 28252K, committed 28352K, reserved 65536K
}
Event: 2,569 GC heap after
{Heap after GC invocations=3 (full 1):
 def new generation   total 75648K, used 1549K [0x00007f5a37c00000, 0x00007f5a3ce10000, 0x00007f5a898a0000)
  eden space 67264K,   0% used [0x00007f5a37c00000, 0x00007f5a37c00000, 0x00007f5a3bdb0000)
  from space 8384K,  18% used [0x00007f5a3bdb0000, 0x00007f5a3bf33508, 0x00007f5a3c5e0000)
  to   space 8384K,   0% used [0x00007f5a3c5e0000, 0x00007f5a3c5e0000, 0x00007f5a3ce10000)
 tenured generation   total 167936K, used 21721K [0x00007f5a898a0000, 0x00007f5a93ca0000, 0x00007f5b2d200000)
   the space 167936K,  12% used [0x00007f5a898a0000, 0x00007f5a8add6408, 0x00007f5a8add6600, 0x00007f5a93ca0000)
 Metaspace       used 28252K, committed 28352K, reserved 65536K
}
Event: 2,720 GC heap before
{Heap before GC invocations=3 (full 1):
 def new generation   total 75648K, used 61162K [0x00007f5a37c00000, 0x00007f5a3ce10000, 0x00007f5a898a0000)
  eden space 67264K,  88% used [0x00007f5a37c00000, 0x00007f5a3b637668, 0x00007f5a3bdb0000)
  from space 8384K,  18% used [0x00007f5a3bdb0000, 0x00007f5a3bf33508, 0x00007f5a3c5e0000)
  to   space 8384K,   0% used [0x00007f5a3c5e0000, 0x00007f5a3c5e0000, 0x00007f5a3ce10000)
 tenured generation   total 167936K, used 21721K [0x00007f5a898a0000, 0x00007f5a93ca0000, 0x00007f5b2d200000)
   the space 167936K,  12% used [0x00007f5a898a0000, 0x00007f5a8add6408, 0x00007f5a8add6600, 0x00007f5a93ca0000)
 Metaspace       used 29680K, committed 29824K, reserved 65536K
}
Event: 2,722 GC heap after
{Heap after GC invocations=4 (full 1):
 def new generation   total 75648K, used 3446K [0x00007f5a37c00000, 0x00007f5a3ce10000, 0x00007f5a898a0000)
  eden space 67264K,   0% used [0x00007f5a37c00000, 0x00007f5a37c00000, 0x00007f5a3bdb0000)
  from space 8384K,  41% used [0x00007f5a3c5e0000, 0x00007f5a3c93dbc0, 0x00007f5a3ce10000)
  to   space 8384K,   0% used [0x00007f5a3bdb0000, 0x00007f5a3bdb0000, 0x00007f5a3c5e0000)
 tenured generation   total 167936K, used 21721K [0x00007f5a898a0000, 0x00007f5a93ca0000, 0x00007f5b2d200000)
   the space 167936K,  12% used [0x00007f5a898a0000, 0x00007f5a8add6408, 0x00007f5a8add6600, 0x00007f5a93ca0000)
 Metaspace       used 29680K, committed 29824K, reserved 65536K
}
Event: 23,566 GC heap before
{Heap before GC invocations=4 (full 1):
 def new generation   total 75648K, used 59341K [0x00007f5a37c00000, 0x00007f5a3ce10000, 0x00007f5a898a0000)
  eden space 67264K,  83% used [0x00007f5a37c00000, 0x00007f5a3b295bc0, 0x00007f5a3bdb0000)
  from space 8384K,  41% used [0x00007f5a3c5e0000, 0x00007f5a3c93dbc0, 0x00007f5a3ce10000)
  to   space 8384K,   0% used [0x00007f5a3bdb0000, 0x00007f5a3bdb0000, 0x00007f5a3c5e0000)
 tenured generation   total 167936K, used 21721K [0x00007f5a898a0000, 0x00007f5a93ca0000, 0x00007f5b2d200000)
   the space 167936K,  12% used [0x00007f5a898a0000, 0x00007f5a8add6408, 0x00007f5a8add6600, 0x00007f5a93ca0000)
 Metaspace       used 30401K, committed 30464K, reserved 65536K
}
Event: 23,568 GC heap after
{Heap after GC invocations=5 (full 1):
 def new generation   total 75648K, used 3575K [0x00007f5a37c00000, 0x00007f5a3ce10000, 0x00007f5a898a0000)
  eden space 67264K,   0% used [0x00007f5a37c00000, 0x00007f5a37c00000, 0x00007f5a3bdb0000)
  from space 8384K,  42% used [0x00007f5a3bdb0000, 0x00007f5a3c12dff8, 0x00007f5a3c5e0000)
  to   space 8384K,   0% used [0x00007f5a3c5e0000, 0x00007f5a3c5e0000, 0x00007f5a3ce10000)
 tenured generation   total 167936K, used 21721K [0x00007f5a898a0000, 0x00007f5a93ca0000, 0x00007f5b2d200000)
   the space 167936K,  12% used [0x00007f5a898a0000, 0x00007f5a8add6408, 0x00007f5a8add6600, 0x00007f5a93ca0000)
 Metaspace       used 30401K, committed 30464K, reserved 65536K
}
Event: 25,262 GC heap before
{Heap before GC invocations=5 (full 1):
 def new generation   total 75648K, used 55680K [0x00007f5a37c00000, 0x00007f5a3ce10000, 0x00007f5a898a0000)
  eden space 67264K,  77% used [0x00007f5a37c00000, 0x00007f5a3aee2188, 0x00007f5a3bdb0000)
  from space 8384K,  42% used [0x00007f5a3bdb0000, 0x00007f5a3c12dff8, 0x00007f5a3c5e0000)
  to   space 8384K,   0% used [0x00007f5a3c5e0000, 0x00007f5a3c5e0000, 0x00007f5a3ce10000)
 tenured generation   total 167936K, used 21721K [0x00007f5a898a0000, 0x00007f5a93ca0000, 0x00007f5b2d200000)
   the space 167936K,  12% used [0x00007f5a898a0000, 0x00007f5a8add6408, 0x00007f5a8add6600, 0x00007f5a93ca0000)
 Metaspace       used 30469K, committed 30592K, reserved 65536K
}
Event: 25,264 GC heap after
{Heap after GC invocations=6 (full 1):
 def new generation   total 75648K, used 3889K [0x00007f5a37c00000, 0x00007f5a3ce10000, 0x00007f5a898a0000)
  eden space 67264K,   0% used [0x00007f5a37c00000, 0x00007f5a37c00000, 0x00007f5a3bdb0000)
  from space 8384K,  46% used [0x00007f5a3c5e0000, 0x00007f5a3c9ac698, 0x00007f5a3ce10000)
  to   space 8384K,   0% used [0x00007f5a3bdb0000, 0x00007f5a3bdb0000, 0x00007f5a3c5e0000)
 tenured generation   total 167936K, used 21721K [0x00007f5a898a0000, 0x00007f5a93ca0000, 0x00007f5b2d200000)
   the space 167936K,  12% used [0x00007f5a898a0000, 0x00007f5a8add6408, 0x00007f5a8add6600, 0x00007f5a93ca0000)
 Metaspace       used 30469K, committed 30592K, reserved 65536K
}
Event: 25,271 GC heap before
{Heap before GC invocations=6 (full 1):
 def new generation   total 75648K, used 55640K [0x00007f5a37c00000, 0x00007f5a3ce10000, 0x00007f5a898a0000)
  eden space 67264K,  76% used [0x00007f5a37c00000, 0x00007f5a3ae89d20, 0x00007f5a3bdb0000)
  from space 8384K,  46% used [0x00007f5a3c5e0000, 0x00007f5a3c9ac698, 0x00007f5a3ce10000)
  to   space 8384K,   0% used [0x00007f5a3bdb0000, 0x00007f5a3bdb0000, 0x00007f5a3c5e0000)
 tenured generation   total 167936K, used 21721K [0x00007f5a898a0000, 0x00007f5a93ca0000, 0x00007f5b2d200000)
   the space 167936K,  12% used [0x00007f5a898a0000, 0x00007f5a8add6408, 0x00007f5a8add6600, 0x00007f5a93ca0000)
 Metaspace       used 30469K, committed 30592K, reserved 65536K
}
Event: 25,273 GC heap after
{Heap after GC invocations=7 (full 1):
 def new generation   total 75648K, used 3826K [0x00007f5a37c00000, 0x00007f5a3ce10000, 0x00007f5a898a0000)
  eden space 67264K,   0% used [0x00007f5a37c00000, 0x00007f5a37c00000, 0x00007f5a3bdb0000)
  from space 8384K,  45% used [0x00007f5a3bdb0000, 0x00007f5a3c16cab8, 0x00007f5a3c5e0000)
  to   space 8384K,   0% used [0x00007f5a3c5e0000, 0x00007f5a3c5e0000, 0x00007f5a3ce10000)
 tenured generation   total 167936K, used 21721K [0x00007f5a898a0000, 0x00007f5a93ca0000, 0x00007f5b2d200000)
   the space 167936K,  12% used [0x00007f5a898a0000, 0x00007f5a8add6408, 0x00007f5a8add6600, 0x00007f5a93ca0000)
 Metaspace       used 30469K, committed 30592K, reserved 65536K
}

