# JRE version: OpenJDK Runtime Environment Temurin-17.0.18+8 (17.0.18+8) (build 17.0.18+8)
# Java VM: OpenJDK 64-Bit Server VM Temurin-17.0.18+8 (17.0.18+8, mixed mode, tiered, serial gc, linux-amd64)
Heap:
 def new generation   total 75648K, used 24815K [0x00007f4c5fc00000, 0x00007f4c64e10000, 0x00007f4cb18a0000)
  eden space 67264K,  28% used [0x00007f4c5fc00000, 0x00007f4c60efd598, 0x00007f4c63db0000)
  from space 8384K,  64% used [0x00007f4c645e0000, 0x00007f4c64b1e9a8, 0x00007f4c64e10000)
  to   space 8384K,   0% used [0x00007f4c63db0000, 0x00007f4c63db0000, 0x00007f4c645e0000)
 tenured generation   total 167936K, used 110473K [0x00007f4cb18a0000, 0x00007f4cbbca0000, 0x00007f4d55200000)
   the space 167936K,  65% used [0x00007f4cb18a0000, 0x00007f4cb8482680, 0x00007f4cb8482800, 0x00007f4cbbca0000)
 Metaspace       used 44236K, committed 44352K, reserved 65536K
GC Heap History (20 events):
Event: 195,623 GC heap before
{Heap before GC invocations=29 (full 2):
 def new generation   total 75648K, used 71774K [0x00007f4c5fc00000, 0x00007f4c64e10000, 0x00007f4cb18a0000)
  eden space 67264K, 100% used [0x00007f4c5fc00000, 0x00007f4c63db0000, 0x00007f4c63db0000)
  from space 8384K,  53% used [0x00007f4c645e0000, 0x00007f4c64a47bf0, 0x00007f4c64e10000)
  to   space 8384K,   0% used [0x00007f4c63db0000, 0x00007f4c63db0000, 0x00007f4c645e0000)
 tenured generation   total 167936K, used 93883K [0x00007f4cb18a0000, 0x00007f4cbbca0000, 0x00007f4d55200000)
   the space 167936K,  55% used [0x00007f4cb18a0000, 0x00007f4cb744ede0, 0x00007f4cb744ee00, 0x00007f4cbbca0000)
 Metaspace       used 44153K, committed 44288K, reserved 65536K
}
Event: 195,628 GC heap after
{Heap after GC invocations=30 (full 2):
 def new generation   total 75648K, used 4680K [0x00007f4c5fc00000, 0x00007f4c64e10000, 0x00007f4cb18a0000)
  eden space 67264K,   0% used [0x00007f4c5fc00000, 0x00007f4c5fc00000, 0x00007f4c63db0000)
  from space 8384K,  55% used [0x00007f4c63db0000, 0x00007f4c642420b0, 0x00007f4c645e0000)
  to   space 8384K,   0% used [0x00007f4c645e0000, 0x00007f4c645e0000, 0x00007f4c64e10000)
 tenured generation   total 167936K, used 95058K [0x00007f4cb18a0000, 0x00007f4cbbca0000, 0x00007f4d55200000)
   the space 167936K,  56% used [0x00007f4cb18a0000, 0x00007f4cb75748e0, 0x00007f4cb7574a00, 0x00007f4cbbca0000)
 Metaspace       used 44153K, committed 44288K, reserved 65536K
}
Event: 210,569 GC heap before
{Heap before GC invocations=30 (full 2):
 def new generation   total 75648K, used 71944K [0x00007f4c5fc00000, 0x00007f4c64e10000, 0x00007f4cb18a0000)
  eden space 67264K, 100% used [0x00007f4c5fc00000, 0x00007f4c63db0000, 0x00007f4c63db0000)
  from space 8384K,  55% used [0x00007f4c63db0000, 0x00007f4c642420b0, 0x00007f4c645e0000)
  to   space 8384K,   0% used [0x00007f4c645e0000, 0x00007f4c645e0000, 0x00007f4c64e10000)
 tenured generation   total 167936K, used 95058K [0x00007f4cb18a0000, 0x00007f4cbbca0000, 0x00007f4d55200000)
   the space 167936K,  56% used [0x00007f4cb18a0000, 0x00007f4cb75748e0, 0x00007f4cb7574a00, 0x00007f4cbbca0000)
 Metaspace       used 44157K, committed 44288K, reserved 65536K
}
Event: 210,573 GC heap after
{Heap after GC invocations=31 (full 2):
 def new generation   total 75648K, used 5785K [0x00007f4c5fc00000, 0x00007f4c64e10000, 0x00007f4cb18a0000)
  eden space 67264K,   0% used [0x00007f4c5fc00000, 0x00007f4c5fc00000, 0x00007f4c63db0000)
  from space 8384K,  69% used [0x00007f4c645e0000, 0x00007f4c64b866b0, 0x00007f4c64e10000)
  to   space 8384K,   0% used [0x00007f4c63db0000, 0x00007f4c63db0000, 0x00007f4c645e0000)
 tenured generation   total 167936K, used 96142K [0x00007f4cb18a0000, 0x00007f4cbbca0000, 0x00007f4d55200000)
   the space 167936K,  57% used [0x00007f4cb18a0000, 0x00007f4cb76838b0, 0x00007f4cb7683a00, 0x00007f4cbbca0000)
 Metaspace       used 44157K, committed 44288K, reserved 65536K
}
Event: 226,587 GC heap before
{Heap before GC invocations=31 (full 2):
 def new generation   total 75648K, used 73049K [0x00007f4c5fc00000, 0x00007f4c64e10000, 0x00007f4cb18a0000)
  eden space 67264K, 100% used [0x00007f4c5fc00000, 0x00007f4c63db0000, 0x00007f4c63db0000)
  from space 8384K,  69% used [0x00007f4c645e0000, 0x00007f4c64b866b0, 0x00007f4c64e10000)
  to   space 8384K,   0% used [0x00007f4c63db0000, 0x00007f4c63db0000, 0x00007f4c645e0000)
 tenured generation   total 167936K, used 96142K [0x00007f4cb18a0000, 0x00007f4cbbca0000, 0x00007f4d55200000)
   the space 167936K,  57% used [0x00007f4cb18a0000, 0x00007f4cb76838b0, 0x00007f4cb7683a00, 0x00007f4cbbca0000)
 Metaspace       used 44157K, committed 44288K, reserved 65536K
}
Event: 226,592 GC heap after
{Heap after GC invocations=32 (full 2):
 def new generation   total 75648K, used 3980K [0x00007f4c5fc00000, 0x00007f4c64e10000, 0x00007f4cb18a0000)
  eden space 67264K,   0% used [0x00007f4c5fc00000, 0x00007f4c5fc00000, 0x00007f4c63db0000)
  from space 8384K,  47% used [0x00007f4c63db0000, 0x00007f4c64193210, 0x00007f4c645e0000)
  to   space 8384K,   0% used [0x00007f4c645e0000, 0x00007f4c645e0000, 0x00007f4c64e10000)
 tenured generation   total 167936K, used 99617K [0x00007f4cb18a0000, 0x00007f4cbbca0000, 0x00007f4d55200000)
   the space 167936K,  59% used [0x00007f4cb18a0000, 0x00007f4cb79e8790, 0x00007f4cb79e8800, 0x00007f4cbbca0000)
 Metaspace       used 44157K, committed 44288K, reserved 65536K
}
Event: 242,522 GC heap before
{Heap before GC invocations=32 (full 2):
 def new generation   total 75648K, used 71244K [0x00007f4c5fc00000, 0x00007f4c64e10000, 0x00007f4cb18a0000)
  eden space 67264K, 100% used [0x00007f4c5fc00000, 0x00007f4c63db0000, 0x00007f4c63db0000)
  from space 8384K,  47% used [0x00007f4c63db0000, 0x00007f4c64193210, 0x00007f4c645e0000)
  to   space 8384K,   0% used [0x00007f4c645e0000, 0x00007f4c645e0000, 0x00007f4c64e10000)
 tenured generation   total 167936K, used 99617K [0x00007f4cb18a0000, 0x00007f4cbbca0000, 0x00007f4d55200000)
   the space 167936K,  59% used [0x00007f4cb18a0000, 0x00007f4cb79e8790, 0x00007f4cb79e8800, 0x00007f4cbbca0000)
 Metaspace       used 44160K, committed 44288K, reserved 65536K
}
Event: 242,526 GC heap after
{Heap after GC invocations=33 (full 2):
 def new generation   total 75648K, used 5956K [0x00007f4c5fc00000, 0x00007f4c64e10000, 0x00007f4cb18a0000)
  eden space 67264K,   0% used [0x00007f4c5fc00000, 0x00007f4c5fc00000, 0x00007f4c63db0000)
  from space 8384K,  71% used [0x00007f4c645e0000, 0x00007f4c64bb10a8, 0x00007f4c64e10000)
  to   space 8384K,   0% used [0x00007f4c63db0000, 0x00007f4c63db0000, 0x00007f4c645e0000)
 tenured generation   total 167936K, used 99617K [0x00007f4cb18a0000, 0x00007f4cbbca0000, 0x00007f4d55200000)
   the space 167936K,  59% used [0x00007f4cb18a0000, 0x00007f4cb79e8790, 0x00007f4cb79e8800, 0x00007f4cbbca0000)
 Metaspace       used 44160K, committed 44288K, reserved 65536K
}
Event: 254,487 GC heap before
{Heap before GC invocations=33 (full 2):
 def new generation   total 75648K, used 73220K [0x00007f4c5fc00000, 0x00007f4c64e10000, 0x00007f4cb18a0000)
  eden space 67264K, 100% used [0x00007f4c5fc00000, 0x00007f4c63db0000, 0x00007f4c63db0000)
  from space 8384K,  71% used [0x00007f4c645e0000, 0x00007f4c64bb10a8, 0x00007f4c64e10000)
  to   space 8384K,   0% used [0x00007f4c63db0000, 0x00007f4c63db0000, 0x00007f4c645e0000)
 tenured generation   total 167936K, used 99617K [0x00007f4cb18a0000, 0x00007f4cbbca0000, 0x00007f4d55200000)
   the space 167936K,  59% used [0x00007f4cb18a0000, 0x00007f4cb79e8790, 0x00007f4cb79e8800, 0x00007f4cbbca0000)
 Metaspace       used 44168K, committed 44288K, reserved 65536K
}
Event: 254,492 GC heap after
{Heap after GC invocations=34 (full 2):
 def new generation   total 75648K, used 5313K [0x00007f4c5fc00000, 0x00007f4c64e10000, 0x00007f4cb18a0000)
  eden space 67264K,   0% used [0x00007f4c5fc00000, 0x00007f4c5fc00000, 0x00007f4c63db0000)
  from space 8384K,  63% used [0x00007f4c63db0000, 0x00007f4c642e0768, 0x00007f4c645e0000)
  to   space 8384K,   0% used [0x00007f4c645e0000, 0x00007f4c645e0000, 0x00007f4c64e10000)
 tenured generation   total 167936K, used 101050K [0x00007f4cb18a0000, 0x00007f4cbbca0000, 0x00007f4d55200000)
   the space 167936K,  60% used [0x00007f4cb18a0000, 0x00007f4cb7b4eac8, 0x00007f4cb7b4ec00, 0x00007f4cbbca0000)
 Metaspace       used 44168K, committed 44288K, reserved 65536K
}
Event: 270,805 GC heap before
{Heap before GC invocations=34 (full 2):
 def new generation   total 75648K, used 72577K [0x00007f4c5fc00000, 0x00007f4c64e10000, 0x00007f4cb18a0000)
  eden space 67264K, 100% used [0x00007f4c5fc00000, 0x00007f4c63db0000, 0x00007f4c63db0000)
  from space 8384K,  63% used [0x00007f4c63db0000, 0x00007f4c642e0768, 0x00007f4c645e0000)
  to   space 8384K,   0% used [0x00007f4c645e0000, 0x00007f4c645e0000, 0x00007f4c64e10000)
 tenured generation   total 167936K, used 101050K [0x00007f4cb18a0000, 0x00007f4cbbca0000, 0x00007f4d55200000)
   the space 167936K,  60% used [0x00007f4cb18a0000, 0x00007f4cb7b4eac8, 0x00007f4cb7b4ec00, 0x00007f4cbbca0000)
 Metaspace       used 44181K, committed 44288K, reserved 65536K
}
Event: 270,809 GC heap after
{Heap after GC invocations=35 (full 2):
 def new generation   total 75648K, used 5958K [0x00007f4c5fc00000, 0x00007f4c64e10000, 0x00007f4cb18a0000)
  eden space 67264K,   0% used [0x00007f4c5fc00000, 0x00007f4c5fc00000, 0x00007f4c63db0000)
  from space 8384K,  71% used [0x00007f4c645e0000, 0x00007f4c64bb19f0, 0x00007f4c64e10000)
  to   space 8384K,   0% used [0x00007f4c63db0000, 0x00007f4c63db0000, 0x00007f4c645e0000)
 tenured generation   total 167936K, used 102479K [0x00007f4cb18a0000, 0x00007f4cbbca0000, 0x00007f4d55200000)
   the space 167936K,  61% used [0x00007f4cb18a0000, 0x00007f4cb7cb3eb8, 0x00007f4cb7cb4000, 0x00007f4cbbca0000)
 Metaspace       used 44181K, committed 44288K, reserved 65536K
}
Event: 287,330 GC heap before
{Heap before GC invocations=35 (full 2):
 def new generation   total 75648K, used 73222K [0x00007f4c5fc00000, 0x00007f4c64e10000, 0x00007f4cb18a0000)
  eden space 67264K, 100% used [0x00007f4c5fc00000, 0x00007f4c63db0000, 0x00007f4c63db0000)
  from space 8384K,  71% used [0x00007f4c645e0000, 0x00007f4c64bb19f0, 0x00007f4c64e10000)
  to   space 8384K,   0% used [0x00007f4c63db0000, 0x00007f4c63db0000, 0x00007f4c645e0000)
 tenured generation   total 167936K, used 102479K [0x00007f4cb18a0000, 0x00007f4cbbca0000, 0x00007f4d55200000)
   the space 167936K,  61% used [0x00007f4cb18a0000, 0x00007f4cb7cb3eb8, 0x00007f4cb7cb4000, 0x00007f4cbbca0000)
 Metaspace       used 44194K, committed 44288K, reserved 65536K
}
Event: 287,337 GC heap after
{Heap after GC invocations=36 (full 2):
 def new generation   total 75648K, used 4079K [0x00007f4c5fc00000, 0x00007f4c64e10000, 0x00007f4cb18a0000)
  eden space 67264K,   0% used [0x00007f4c5fc00000, 0x00007f4c5fc00000, 0x00007f4c63db0000)
  from space 8384K,  48% used [0x00007f4c63db0000, 0x00007f4c641abe78, 0x00007f4c645e0000)
  to   space 8384K,   0% used [0x00007f4c645e0000, 0x00007f4c645e0000, 0x00007f4c64e10000)
 tenured generation   total 167936K, used 106306K [0x00007f4cb18a0000, 0x00007f4cbbca0000, 0x00007f4d55200000)
   the space 167936K,  63% used [0x00007f4cb18a0000, 0x00007f4cb8070bf8, 0x00007f4cb8070c00, 0x00007f4cbbca0000)
 Metaspace       used 44194K, committed 44288K, reserved 65536K
}
Event: 304,487 GC heap before
{Heap before GC invocations=36 (full 2):
 def new generation   total 75648K, used 71343K [0x00007f4c5fc00000, 0x00007f4c64e10000, 0x00007f4cb18a0000)
  eden space 67264K, 100% used [0x00007f4c5fc00000, 0x00007f4c63db0000, 0x00007f4c63db0000)
  from space 8384K,  48% used [0x00007f4c63db0000, 0x00007f4c641abe78, 0x00007f4c645e0000)
  to   space 8384K,   0% used [0x00007f4c645e0000, 0x00007f4c645e0000, 0x00007f4c64e10000)
 tenured generation   total 167936K, used 106306K [0x00007f4cb18a0000, 0x00007f4cbbca0000, 0x00007f4d55200000)
   the space 167936K,  63% used [0x00007f4cb18a0000, 0x00007f4cb8070bf8, 0x00007f4cb8070c00, 0x00007f4cbbca0000)
 Metaspace       used 44196K, committed 44288K, reserved 65536K
}
Event: 304,491 GC heap after
{Heap after GC invocations=37 (full 2):
 def new generation   total 75648K, used 5739K [0x00007f4c5fc00000, 0x00007f4c64e10000, 0x00007f4cb18a0000)
  eden space 67264K,   0% used [0x00007f4c5fc00000, 0x00007f4c5fc00000, 0x00007f4c63db0000)
  from space 8384K,  68% used [0x00007f4c645e0000, 0x00007f4c64b7ad58, 0x00007f4c64e10000)
  to   space 8384K,   0% used [0x00007f4c63db0000, 0x00007f4c63db0000, 0x00007f4c645e0000)
 tenured generation   total 167936K, used 106306K [0x00007f4cb18a0000, 0x00007f4cbbca0000, 0x00007f4d55200000)
   the space 167936K,  63% used [0x00007f4cb18a0000, 0x00007f4cb8070bf8, 0x00007f4cb8070c00, 0x00007f4cbbca0000)
 Metaspace       used 44196K, committed 44288K, reserved 65536K
}
Event: 315,888 GC heap before
{Heap before GC invocations=37 (full 2):
 def new generation   total 75648K, used 73003K [0x00007f4c5fc00000, 0x00007f4c64e10000, 0x00007f4cb18a0000)
  eden space 67264K, 100% used [0x00007f4c5fc00000, 0x00007f4c63db0000, 0x00007f4c63db0000)
  from space 8384K,  68% used [0x00007f4c645e0000, 0x00007f4c64b7ad58, 0x00007f4c64e10000)
  to   space 8384K,   0% used [0x00007f4c63db0000, 0x00007f4c63db0000, 0x00007f4c645e0000)
 tenured generation   total 167936K, used 106306K [0x00007f4cb18a0000, 0x00007f4cbbca0000, 0x00007f4d55200000)
   the space 167936K,  63% used [0x00007f4cb18a0000, 0x00007f4cb8070bf8, 0x00007f4cb8070c00, 0x00007f4cbbca0000)
 Metaspace       used 44206K, committed 44352K, reserved 65536K
}
Event: 315,894 GC heap after
{Heap after GC invocations=38 (full 2):
 def new generation   total 75648K, used 5881K [0x00007f4c5fc00000, 0x00007f4c64e10000, 0x00007f4cb18a0000)
  eden space 67264K,   0% used [0x00007f4c5fc00000, 0x00007f4c5fc00000, 0x00007f4c63db0000)
  from space 8384K,  70% used [0x00007f4c63db0000, 0x00007f4c6436e6e0, 0x00007f4c645e0000)
  to   space 8384K,   0% used [0x00007f4c645e0000, 0x00007f4c645e0000, 0x00007f4c64e10000)
 tenured generation   total 167936K, used 107644K [0x00007f4cb18a0000, 0x00007f4cbbca0000, 0x00007f4d55200000)
   the space 167936K,  64% used [0x00007f4cb18a0000, 0x00007f4cb81bf0b0, 0x00007f4cb81bf200, 0x00007f4cbbca0000)
 Metaspace       used 44206K, committed 44352K, reserved 65536K
}
Event: 330,528 GC heap before
{Heap before GC invocations=38 (full 2):
 def new generation   total 75648K, used 73145K [0x00007f4c5fc00000, 0x00007f4c64e10000, 0x00007f4cb18a0000)
  eden space 67264K, 100% used [0x00007f4c5fc00000, 0x00007f4c63db0000, 0x00007f4c63db0000)
  from space 8384K,  70% used [0x00007f4c63db0000, 0x00007f4c6436e6e0, 0x00007f4c645e0000)
  to   space 8384K,   0% used [0x00007f4c645e0000, 0x00007f4c645e0000, 0x00007f4c64e10000)
 tenured generation   total 167936K, used 107644K [0x00007f4cb18a0000, 0x00007f4cbbca0000, 0x00007f4d55200000)
   the space 167936K,  64% used [0x00007f4cb18a0000, 0x00007f4cb81bf0b0, 0x00007f4cb81bf200, 0x00007f4cbbca0000)
 Metaspace       used 44221K, committed 44352K, reserved 65536K
}
Event: 330,533 GC heap after
{Heap after GC invocations=39 (full 2):
 def new generation   total 75648K, used 5370K [0x00007f4c5fc00000, 0x00007f4c64e10000, 0x00007f4cb18a0000)
  eden space 67264K,   0% used [0x00007f4c5fc00000, 0x00007f4c5fc00000, 0x00007f4c63db0000)
  from space 8384K,  64% used [0x00007f4c645e0000, 0x00007f4c64b1e9a8, 0x00007f4c64e10000)
  to   space 8384K,   0% used [0x00007f4c63db0000, 0x00007f4c63db0000, 0x00007f4c645e0000)
 tenured generation   total 167936K, used 110473K [0x00007f4cb18a0000, 0x00007f4cbbca0000, 0x00007f4d55200000)
   the space 167936K,  65% used [0x00007f4cb18a0000, 0x00007f4cb8482680, 0x00007f4cb8482800, 0x00007f4cbbca0000)
 Metaspace       used 44221K, committed 44352K, reserved 65536K
}

