# JRE version: OpenJDK Runtime Environment Temurin-17.0.18+8 (17.0.18+8) (build 17.0.18+8)
# Java VM: OpenJDK 64-Bit Server VM Temurin-17.0.18+8 (17.0.18+8, mixed mode, tiered, serial gc, linux-amd64)
Heap:
 def new generation   total 75648K, used 18116K [0x00007fbd07c00000, 0x00007fbd0ce10000, 0x00007fbd598a0000)
  eden space 67264K,  26% used [0x00007fbd07c00000, 0x00007fbd08db1030, 0x00007fbd0bdb0000)
  from space 8384K,   0% used [0x00007fbd0c5e0000, 0x00007fbd0c5e0000, 0x00007fbd0ce10000)
  to   space 8384K,   0% used [0x00007fbd0bdb0000, 0x00007fbd0bdb0000, 0x00007fbd0c5e0000)
 tenured generation   total 167936K, used 28256K [0x00007fbd598a0000, 0x00007fbd63ca0000, 0x00007fbdfd200000)
   the space 167936K,  16% used [0x00007fbd598a0000, 0x00007fbd5b438278, 0x00007fbd5b438400, 0x00007fbd63ca0000)
 Metaspace       used 38757K, committed 38848K, reserved 65536K
GC Heap History (18 events):
Event: 3,848 GC heap before
{Heap before GC invocations=0 (full 0):
 def new generation   total 75584K, used 41208K [0x00007fbd07c00000, 0x00007fbd0ce00000, 0x00007fbd598a0000)
  eden space 67200K,  61% used [0x00007fbd07c00000, 0x00007fbd0a43e0f0, 0x00007fbd0bda0000)
  from space 8384K,   0% used [0x00007fbd0bda0000, 0x00007fbd0bda0000, 0x00007fbd0c5d0000)
  to   space 8384K,   0% used [0x00007fbd0c5d0000, 0x00007fbd0c5d0000, 0x00007fbd0ce00000)
 tenured generation   total 167936K, used 0K [0x00007fbd598a0000, 0x00007fbd63ca0000, 0x00007fbdfd200000)
   the space 167936K,   0% used [0x00007fbd598a0000, 0x00007fbd598a0000, 0x00007fbd598a0200, 0x00007fbd63ca0000)
 Metaspace       used 21429K, committed 21504K, reserved 65536K
}
Event: 3,867 GC heap after
{Heap after GC invocations=1 (full 1):
 def new generation   total 75648K, used 0K [0x00007fbd07c00000, 0x00007fbd0ce10000, 0x00007fbd598a0000)
  eden space 67264K,   0% used [0x00007fbd07c00000, 0x00007fbd07c00000, 0x00007fbd0bdb0000)
  from space 8384K,   0% used [0x00007fbd0bdb0000, 0x00007fbd0bdb0000, 0x00007fbd0c5e0000)
  to   space 8384K,   0% used [0x00007fbd0c5e0000, 0x00007fbd0c5e0000, 0x00007fbd0ce10000)
 tenured generation   total 167936K, used 15693K [0x00007fbd598a0000, 0x00007fbd63ca0000, 0x00007fbdfd200000)
   the space 167936K,   9% used [0x00007fbd598a0000, 0x00007fbd5a7f36b8, 0x00007fbd5a7f3800, 0x00007fbd63ca0000)
 Metaspace       used 21429K, committed 21504K, reserved 65536K
}
Event: 4,183 GC heap before
{Heap before GC invocations=1 (full 1):
 def new generation   total 75648K, used 67264K [0x00007fbd07c00000, 0x00007fbd0ce10000, 0x00007fbd598a0000)
  eden space 67264K, 100% used [0x00007fbd07c00000, 0x00007fbd0bdb0000, 0x00007fbd0bdb0000)
  from space 8384K,   0% used [0x00007fbd0bdb0000, 0x00007fbd0bdb0000, 0x00007fbd0c5e0000)
  to   space 8384K,   0% used [0x00007fbd0c5e0000, 0x00007fbd0c5e0000, 0x00007fbd0ce10000)
 tenured generation   total 167936K, used 15693K [0x00007fbd598a0000, 0x00007fbd63ca0000, 0x00007fbdfd200000)
   the space 167936K,   9% used [0x00007fbd598a0000, 0x00007fbd5a7f36b8, 0x00007fbd5a7f3800, 0x00007fbd63ca0000)
 Metaspace       used 27845K, committed 27904K, reserved 65536K
}
Event: 4,192 GC heap after
{Heap after GC invocations=2 (full 1):
 def new generation   total 75648K, used 6521K [0x00007fbd07c00000, 0x00007fbd0ce10000, 0x00007fbd598a0000)
  eden space 67264K,   0% used [0x00007fbd07c00000, 0x00007fbd07c00000, 0x00007fbd0bdb0000)
  from space 8384K,  77% used [0x00007fbd0c5e0000, 0x00007fbd0cc3e5b0, 0x00007fbd0ce10000)
  to   space 8384K,   0% used [0x00007fbd0bdb0000, 0x00007fbd0bdb0000, 0x00007fbd0c5e0000)
 tenured generation   total 167936K, used 15693K [0x00007fbd598a0000, 0x00007fbd63ca0000, 0x00007fbdfd200000)
   the space 167936K,   9% used [0x00007fbd598a0000, 0x00007fbd5a7f36b8, 0x00007fbd5a7f3800, 0x00007fbd63ca0000)
 Metaspace       used 27845K, committed 27904K, reserved 65536K
}
Event: 4,362 GC heap before
{Heap before GC invocations=2 (full 1):
 def new generation   total 75648K, used 58682K [0x00007fbd07c00000, 0x00007fbd0ce10000, 0x00007fbd598a0000)
  eden space 67264K,  77% used [0x00007fbd07c00000, 0x00007fbd0aef0520, 0x00007fbd0bdb0000)
  from space 8384K,  77% used [0x00007fbd0c5e0000, 0x00007fbd0cc3e5b0, 0x00007fbd0ce10000)
  to   space 8384K,   0% used [0x00007fbd0bdb0000, 0x00007fbd0bdb0000, 0x00007fbd0c5e0000)
 tenured generation   total 167936K, used 15693K [0x00007fbd598a0000, 0x00007fbd63ca0000, 0x00007fbdfd200000)
   the space 167936K,   9% used [0x00007fbd598a0000, 0x00007fbd5a7f36b8, 0x00007fbd5a7f3800, 0x00007fbd63ca0000)
 Metaspace       used 28182K, committed 28288K, reserved 65536K
}
Event: 4,368 GC heap after
{Heap after GC invocations=3 (full 1):
 def new generation   total 75648K, used 1388K [0x00007fbd07c00000, 0x00007fbd0ce10000, 0x00007fbd598a0000)
  eden space 67264K,   0% used [0x00007fbd07c00000, 0x00007fbd07c00000, 0x00007fbd0bdb0000)
  from space 8384K,  16% used [0x00007fbd0bdb0000, 0x00007fbd0bf0b228, 0x00007fbd0c5e0000)
  to   space 8384K,   0% used [0x00007fbd0c5e0000, 0x00007fbd0c5e0000, 0x00007fbd0ce10000)
 tenured generation   total 167936K, used 21764K [0x00007fbd598a0000, 0x00007fbd63ca0000, 0x00007fbdfd200000)
   the space 167936K,  12% used [0x00007fbd598a0000, 0x00007fbd5ade11e0, 0x00007fbd5ade1200, 0x00007fbd63ca0000)
 Metaspace       used 28182K, committed 28288K, reserved 65536K
}
Event: 4,512 GC heap before
{Heap before GC invocations=3 (full 1):
 def new generation   total 75648K, used 60532K [0x00007fbd07c00000, 0x00007fbd0ce10000, 0x00007fbd598a0000)
  eden space 67264K,  87% used [0x00007fbd07c00000, 0x00007fbd0b5c2170, 0x00007fbd0bdb0000)
  from space 8384K,  16% used [0x00007fbd0bdb0000, 0x00007fbd0bf0b228, 0x00007fbd0c5e0000)
  to   space 8384K,   0% used [0x00007fbd0c5e0000, 0x00007fbd0c5e0000, 0x00007fbd0ce10000)
 tenured generation   total 167936K, used 21764K [0x00007fbd598a0000, 0x00007fbd63ca0000, 0x00007fbdfd200000)
   the space 167936K,  12% used [0x00007fbd598a0000, 0x00007fbd5ade11e0, 0x00007fbd5ade1200, 0x00007fbd63ca0000)
 Metaspace       used 29615K, committed 29760K, reserved 65536K
}
Event: 4,515 GC heap after
{Heap after GC invocations=4 (full 1):
 def new generation   total 75648K, used 3307K [0x00007fbd07c00000, 0x00007fbd0ce10000, 0x00007fbd598a0000)
  eden space 67264K,   0% used [0x00007fbd07c00000, 0x00007fbd07c00000, 0x00007fbd0bdb0000)
  from space 8384K,  39% used [0x00007fbd0c5e0000, 0x00007fbd0c91ad50, 0x00007fbd0ce10000)
  to   space 8384K,   0% used [0x00007fbd0bdb0000, 0x00007fbd0bdb0000, 0x00007fbd0c5e0000)
 tenured generation   total 167936K, used 21764K [0x00007fbd598a0000, 0x00007fbd63ca0000, 0x00007fbdfd200000)
   the space 167936K,  12% used [0x00007fbd598a0000, 0x00007fbd5ade11e0, 0x00007fbd5ade1200, 0x00007fbd63ca0000)
 Metaspace       used 29615K, committed 29760K, reserved 65536K
}
Event: 7,553 GC heap before
{Heap before GC invocations=4 (full 1):
 def new generation   total 75648K, used 57214K [0x00007fbd07c00000, 0x00007fbd0ce10000, 0x00007fbd598a0000)
  eden space 67264K,  80% used [0x00007fbd07c00000, 0x00007fbd0b0a4ae8, 0x00007fbd0bdb0000)
  from space 8384K,  39% used [0x00007fbd0c5e0000, 0x00007fbd0c91ad50, 0x00007fbd0ce10000)
  to   space 8384K,   0% used [0x00007fbd0bdb0000, 0x00007fbd0bdb0000, 0x00007fbd0c5e0000)
 tenured generation   total 167936K, used 21764K [0x00007fbd598a0000, 0x00007fbd63ca0000, 0x00007fbdfd200000)
   the space 167936K,  12% used [0x00007fbd598a0000, 0x00007fbd5ade11e0, 0x00007fbd5ade1200, 0x00007fbd63ca0000)
 Metaspace       used 30123K, committed 30208K, reserved 65536K
}
Event: 7,556 GC heap after
{Heap after GC invocations=5 (full 1):
 def new generation   total 75648K, used 3428K [0x00007fbd07c00000, 0x00007fbd0ce10000, 0x00007fbd598a0000)
  eden space 67264K,   0% used [0x00007fbd07c00000, 0x00007fbd07c00000, 0x00007fbd0bdb0000)
  from space 8384K,  40% used [0x00007fbd0bdb0000, 0x00007fbd0c109388, 0x00007fbd0c5e0000)
  to   space 8384K,   0% used [0x00007fbd0c5e0000, 0x00007fbd0c5e0000, 0x00007fbd0ce10000)
 tenured generation   total 167936K, used 21764K [0x00007fbd598a0000, 0x00007fbd63ca0000, 0x00007fbdfd200000)
   the space 167936K,  12% used [0x00007fbd598a0000, 0x00007fbd5ade11e0, 0x00007fbd5ade1200, 0x00007fbd63ca0000)
 Metaspace       used 30123K, committed 30208K, reserved 65536K
}
Event: 8,195 GC heap before
{Heap before GC invocations=5 (full 1):
 def new generation   total 75648K, used 55469K [0x00007fbd07c00000, 0x00007fbd0ce10000, 0x00007fbd598a0000)
  eden space 67264K,  77% used [0x00007fbd07c00000, 0x00007fbd0aed2148, 0x00007fbd0bdb0000)
  from space 8384K,  40% used [0x00007fbd0bdb0000, 0x00007fbd0c109388, 0x00007fbd0c5e0000)
  to   space 8384K,   0% used [0x00007fbd0c5e0000, 0x00007fbd0c5e0000, 0x00007fbd0ce10000)
 tenured generation   total 167936K, used 21764K [0x00007fbd598a0000, 0x00007fbd63ca0000, 0x00007fbdfd200000)
   the space 167936K,  12% used [0x00007fbd598a0000, 0x00007fbd5ade11e0, 0x00007fbd5ade1200, 0x00007fbd63ca0000)
 Metaspace       used 30183K, committed 30272K, reserved 65536K
}
Event: 8,197 GC heap after
{Heap after GC invocations=6 (full 1):
 def new generation   total 75648K, used 3743K [0x00007fbd07c00000, 0x00007fbd0ce10000, 0x00007fbd598a0000)
  eden space 67264K,   0% used [0x00007fbd07c00000, 0x00007fbd07c00000, 0x00007fbd0bdb0000)
  from space 8384K,  44% used [0x00007fbd0c5e0000, 0x00007fbd0c987d50, 0x00007fbd0ce10000)
  to   space 8384K,   0% used [0x00007fbd0bdb0000, 0x00007fbd0bdb0000, 0x00007fbd0c5e0000)
 tenured generation   total 167936K, used 21764K [0x00007fbd598a0000, 0x00007fbd63ca0000, 0x00007fbdfd200000)
   the space 167936K,  12% used [0x00007fbd598a0000, 0x00007fbd5ade11e0, 0x00007fbd5ade1200, 0x00007fbd63ca0000)
 Metaspace       used 30183K, committed 30272K, reserved 65536K
}
Event: 8,205 GC heap before
{Heap before GC invocations=6 (full 1):
 def new generation   total 75648K, used 55476K [0x00007fbd07c00000, 0x00007fbd0ce10000, 0x00007fbd598a0000)
  eden space 67264K,  76% used [0x00007fbd07c00000, 0x00007fbd0ae855d0, 0x00007fbd0bdb0000)
  from space 8384K,  44% used [0x00007fbd0c5e0000, 0x00007fbd0c987d50, 0x00007fbd0ce10000)
  to   space 8384K,   0% used [0x00007fbd0bdb0000, 0x00007fbd0bdb0000, 0x00007fbd0c5e0000)
 tenured generation   total 167936K, used 21764K [0x00007fbd598a0000, 0x00007fbd63ca0000, 0x00007fbdfd200000)
   the space 167936K,  12% used [0x00007fbd598a0000, 0x00007fbd5ade11e0, 0x00007fbd5ade1200, 0x00007fbd63ca0000)
 Metaspace       used 30183K, committed 30272K, reserved 65536K
}
Event: 8,206 GC heap after
{Heap after GC invocations=7 (full 1):
 def new generation   total 75648K, used 3680K [0x00007fbd07c00000, 0x00007fbd0ce10000, 0x00007fbd598a0000)
  eden space 67264K,   0% used [0x00007fbd07c00000, 0x00007fbd07c00000, 0x00007fbd0bdb0000)
  from space 8384K,  43% used [0x00007fbd0bdb0000, 0x00007fbd0c1481e0, 0x00007fbd0c5e0000)
  to   space 8384K,   0% used [0x00007fbd0c5e0000, 0x00007fbd0c5e0000, 0x00007fbd0ce10000)
 tenured generation   total 167936K, used 21764K [0x00007fbd598a0000, 0x00007fbd63ca0000, 0x00007fbdfd200000)
   the space 167936K,  12% used [0x00007fbd598a0000, 0x00007fbd5ade11e0, 0x00007fbd5ade1200, 0x00007fbd63ca0000)
 Metaspace       used 30183K, committed 30272K, reserved 65536K
}
Event: 18,356 GC heap before
{Heap before GC invocations=7 (full 1):
 def new generation   total 75648K, used 70944K [0x00007fbd07c00000, 0x00007fbd0ce10000, 0x00007fbd598a0000)
  eden space 67264K, 100% used [0x00007fbd07c00000, 0x00007fbd0bdb0000, 0x00007fbd0bdb0000)
  from space 8384K,  43% used [0x00007fbd0bdb0000, 0x00007fbd0c1481e0, 0x00007fbd0c5e0000)
  to   space 8384K,   0% used [0x00007fbd0c5e0000, 0x00007fbd0c5e0000, 0x00007fbd0ce10000)
 tenured generation   total 167936K, used 21764K [0x00007fbd598a0000, 0x00007fbd63ca0000, 0x00007fbdfd200000)
   the space 167936K,  12% used [0x00007fbd598a0000, 0x00007fbd5ade11e0, 0x00007fbd5ade1200, 0x00007fbd63ca0000)
 Metaspace       used 34458K, committed 34624K, reserved 65536K
}
Event: 18,361 GC heap after
{Heap after GC invocations=8 (full 1):
 def new generation   total 75648K, used 6130K [0x00007fbd07c00000, 0x00007fbd0ce10000, 0x00007fbd598a0000)
  eden space 67264K,   0% used [0x00007fbd07c00000, 0x00007fbd07c00000, 0x00007fbd0bdb0000)
  from space 8384K,  73% used [0x00007fbd0c5e0000, 0x00007fbd0cbdc9a0, 0x00007fbd0ce10000)
  to   space 8384K,   0% used [0x00007fbd0bdb0000, 0x00007fbd0bdb0000, 0x00007fbd0c5e0000)
 tenured generation   total 167936K, used 21764K [0x00007fbd598a0000, 0x00007fbd63ca0000, 0x00007fbdfd200000)
   the space 167936K,  12% used [0x00007fbd598a0000, 0x00007fbd5ade11e0, 0x00007fbd5ade1200, 0x00007fbd63ca0000)
 Metaspace       used 34458K, committed 34624K, reserved 65536K
}
Event: 18,386 GC heap before
{Heap before GC invocations=8 (full 1):
 def new generation   total 75648K, used 10625K [0x00007fbd07c00000, 0x00007fbd0ce10000, 0x00007fbd598a0000)
  eden space 67264K,   6% used [0x00007fbd07c00000, 0x00007fbd08063ba8, 0x00007fbd0bdb0000)
  from space 8384K,  73% used [0x00007fbd0c5e0000, 0x00007fbd0cbdc9a0, 0x00007fbd0ce10000)
  to   space 8384K,   0% used [0x00007fbd0bdb0000, 0x00007fbd0bdb0000, 0x00007fbd0c5e0000)
 tenured generation   total 167936K, used 21764K [0x00007fbd598a0000, 0x00007fbd63ca0000, 0x00007fbdfd200000)
   the space 167936K,  12% used [0x00007fbd598a0000, 0x00007fbd5ade11e0, 0x00007fbd5ade1200, 0x00007fbd63ca0000)
 Metaspace       used 35755K, committed 35840K, reserved 65536K
}
Event: 18,412 GC heap after
{Heap after GC invocations=9 (full 2):
 def new generation   total 75648K, used 0K [0x00007fbd07c00000, 0x00007fbd0ce10000, 0x00007fbd598a0000)
  eden space 67264K,   0% used [0x00007fbd07c00000, 0x00007fbd07c00000, 0x00007fbd0bdb0000)
  from space 8384K,   0% used [0x00007fbd0c5e0000, 0x00007fbd0c5e0000, 0x00007fbd0ce10000)
  to   space 8384K,   0% used [0x00007fbd0bdb0000, 0x00007fbd0bdb0000, 0x00007fbd0c5e0000)
 tenured generation   total 167936K, used 28256K [0x00007fbd598a0000, 0x00007fbd63ca0000, 0x00007fbdfd200000)
   the space 167936K,  16% used [0x00007fbd598a0000, 0x00007fbd5b438278, 0x00007fbd5b438400, 0x00007fbd63ca0000)
 Metaspace       used 35755K, committed 35840K, reserved 65536K
}

