# JRE version: OpenJDK Runtime Environment Temurin-21.0.4+7 (21.0.4+7) (build 21.0.4+7-LTS)
# Java VM: OpenJDK 64-Bit Server VM Temurin-21.0.4+7 (21.0.4+7-LTS, mixed mode, sharing, tiered, compressed oops, compressed class ptrs, g1 gc, windows-amd64)
GC Precious Log:
 CardTable entry size: 512
 Card Set container configuration: InlinePtr #cards 4 size 8 Array Of Cards #cards 16 size 48 Howl #buckets 8 coarsen threshold 3686 Howl Bitmap #cards 512 size 80 coarsen threshold 460 Card regions per heap region 1 cards per card region 4096
 CPUs: 20 total, 20 available
 Memory: 16108M
 Large Page Support: Disabled
 NUMA Support: Disabled
 Compressed Oops: Enabled (Zero based)
 Heap Region Size: 2M
 Heap Min Capacity: 8M
 Heap Initial Capacity: 252M
 Heap Max Capacity: 4028M
 Pre-touch: Disabled
 Parallel Workers: 15
 Concurrent Workers: 4
 Concurrent Refinement Workers: 15
 Periodic GC: Disabled
Heap:
 garbage-first heap   total 456704K, used 98144K [0x0000000704400000, 0x0000000800000000)
  region size 2048K, 11 young (22528K), 4 survivors (8192K)
 Metaspace       used 21081K, committed 21440K, reserved 1114112K
  class space    used 2277K, committed 2432K, reserved 1048576K
GC Heap History (20 events):
Event: 2.083 GC heap before
{Heap before GC invocations=0 (full 0):
 garbage-first heap   total 258048K, used 34816K [0x0000000704400000, 0x0000000800000000)
  region size 2048K, 11 young (22528K), 0 survivors (0K)
 Metaspace       used 14437K, committed 14784K, reserved 1114112K
  class space    used 1434K, committed 1600K, reserved 1048576K
}
Event: 2.087 GC heap after
{Heap after GC invocations=1 (full 0):
 garbage-first heap   total 258048K, used 16709K [0x0000000704400000, 0x0000000800000000)
  region size 2048K, 2 young (4096K), 2 survivors (4096K)
 Metaspace       used 14437K, committed 14784K, reserved 1114112K
  class space    used 1434K, committed 1600K, reserved 1048576K
}
Event: 2.773 GC heap before
{Heap before GC invocations=1 (full 0):
 garbage-first heap   total 258048K, used 45381K [0x0000000704400000, 0x0000000800000000)
  region size 2048K, 17 young (34816K), 2 survivors (4096K)
 Metaspace       used 19774K, committed 20096K, reserved 1114112K
  class space    used 2193K, committed 2368K, reserved 1048576K
}
Event: 2.778 GC heap after
{Heap after GC invocations=2 (full 0):
 garbage-first heap   total 258048K, used 21419K [0x0000000704400000, 0x0000000800000000)
  region size 2048K, 3 young (6144K), 3 survivors (6144K)
 Metaspace       used 19774K, committed 20096K, reserved 1114112K
  class space    used 2193K, committed 2368K, reserved 1048576K
}
Event: 3.391 GC heap before
{Heap before GC invocations=2 (full 0):
 garbage-first heap   total 258048K, used 193451K [0x0000000704400000, 0x0000000800000000)
  region size 2048K, 44 young (90112K), 3 survivors (6144K)
 Metaspace       used 20312K, committed 20608K, reserved 1114112K
  class space    used 2229K, committed 2368K, reserved 1048576K
}
Event: 3.394 GC heap after
{Heap after GC invocations=3 (full 0):
 garbage-first heap   total 258048K, used 24311K [0x0000000704400000, 0x0000000800000000)
  region size 2048K, 4 young (8192K), 4 survivors (8192K)
 Metaspace       used 20312K, committed 20608K, reserved 1114112K
  class space    used 2229K, committed 2368K, reserved 1048576K
}
Event: 3.429 GC heap before
{Heap before GC invocations=3 (full 0):
 garbage-first heap   total 258048K, used 122615K [0x0000000704400000, 0x0000000800000000)
  region size 2048K, 8 young (16384K), 4 survivors (8192K)
 Metaspace       used 20367K, committed 20672K, reserved 1114112K
  class space    used 2229K, committed 2368K, reserved 1048576K
}
Event: 3.431 GC heap after
{Heap after GC invocations=4 (full 0):
 garbage-first heap   total 258048K, used 24070K [0x0000000704400000, 0x0000000800000000)
  region size 2048K, 4 young (8192K), 4 survivors (8192K)
 Metaspace       used 20367K, committed 20672K, reserved 1114112K
  class space    used 2229K, committed 2368K, reserved 1048576K
}
Event: 8.889 GC heap before
{Heap before GC invocations=4 (full 0):
 garbage-first heap   total 258048K, used 177670K [0x0000000704400000, 0x0000000800000000)
  region size 2048K, 34 young (69632K), 4 survivors (8192K)
 Metaspace       used 20860K, committed 21184K, reserved 1114112K
  class space    used 2275K, committed 2432K, reserved 1048576K
}
Event: 8.892 GC heap after
{Heap after GC invocations=5 (full 0):
 garbage-first heap   total 258048K, used 27669K [0x0000000704400000, 0x0000000800000000)
  region size 2048K, 5 young (10240K), 5 survivors (10240K)
 Metaspace       used 20860K, committed 21184K, reserved 1114112K
  class space    used 2275K, committed 2432K, reserved 1048576K
}
Event: 8.931 GC heap before
{Heap before GC invocations=5 (full 0):
 garbage-first heap   total 258048K, used 138261K [0x0000000704400000, 0x0000000800000000)
  region size 2048K, 14 young (28672K), 5 survivors (10240K)
 Metaspace       used 20860K, committed 21184K, reserved 1114112K
  class space    used 2275K, committed 2432K, reserved 1048576K
}
Event: 8.933 GC heap after
{Heap after GC invocations=6 (full 0):
 garbage-first heap   total 258048K, used 28898K [0x0000000704400000, 0x0000000800000000)
  region size 2048K, 4 young (8192K), 4 survivors (8192K)
 Metaspace       used 20860K, committed 21184K, reserved 1114112K
  class space    used 2275K, committed 2432K, reserved 1048576K
}
Event: 8.957 GC heap before
{Heap before GC invocations=6 (full 0):
 garbage-first heap   total 258048K, used 133346K [0x0000000704400000, 0x0000000800000000)
  region size 2048K, 10 young (20480K), 4 survivors (8192K)
 Metaspace       used 20863K, committed 21184K, reserved 1114112K
  class space    used 2275K, committed 2432K, reserved 1048576K
}
Event: 8.959 GC heap after
{Heap after GC invocations=7 (full 0):
 garbage-first heap   total 258048K, used 28602K [0x0000000704400000, 0x0000000800000000)
  region size 2048K, 4 young (8192K), 4 survivors (8192K)
 Metaspace       used 20863K, committed 21184K, reserved 1114112K
  class space    used 2275K, committed 2432K, reserved 1048576K
}
Event: 8.982 GC heap before
{Heap before GC invocations=7 (full 0):
 garbage-first heap   total 258048K, used 128954K [0x0000000704400000, 0x0000000800000000)
  region size 2048K, 10 young (20480K), 4 survivors (8192K)
 Metaspace       used 20863K, committed 21184K, reserved 1114112K
  class space    used 2275K, committed 2432K, reserved 1048576K
}
Event: 8.984 GC heap after
{Heap after GC invocations=8 (full 0):
 garbage-first heap   total 258048K, used 28898K [0x0000000704400000, 0x0000000800000000)
  region size 2048K, 4 young (8192K), 4 survivors (8192K)
 Metaspace       used 20863K, committed 21184K, reserved 1114112K
  class space    used 2275K, committed 2432K, reserved 1048576K
}
Event: 9.003 GC heap before
{Heap before GC invocations=8 (full 0):
 garbage-first heap   total 258048K, used 131298K [0x0000000704400000, 0x0000000800000000)
  region size 2048K, 9 young (18432K), 4 survivors (8192K)
 Metaspace       used 20863K, committed 21184K, reserved 1114112K
  class space    used 2275K, committed 2432K, reserved 1048576K
}
Event: 9.006 GC heap after
{Heap after GC invocations=9 (full 0):
 garbage-first heap   total 456704K, used 30758K [0x0000000704400000, 0x0000000800000000)
  region size 2048K, 4 young (8192K), 4 survivors (8192K)
 Metaspace       used 20863K, committed 21184K, reserved 1114112K
  class space    used 2275K, committed 2432K, reserved 1048576K
}
Event: 9.054 GC heap before
{Heap before GC invocations=9 (full 0):
 garbage-first heap   total 456704K, used 223270K [0x0000000704400000, 0x0000000800000000)
  region size 2048K, 12 young (24576K), 4 survivors (8192K)
 Metaspace       used 20863K, committed 21184K, reserved 1114112K
  class space    used 2275K, committed 2432K, reserved 1048576K
}
Event: 9.058 GC heap after
{Heap after GC invocations=10 (full 0):
 garbage-first heap   total 456704K, used 30560K [0x0000000704400000, 0x0000000800000000)
  region size 2048K, 4 young (8192K), 4 survivors (8192K)
 Metaspace       used 20863K, committed 21184K, reserved 1114112K
  class space    used 2275K, committed 2432K, reserved 1048576K
}

