# JRE version: OpenJDK Runtime Environment Temurin-17.0.18+8 (17.0.18+8) (build 17.0.18+8)
# Java VM: OpenJDK 64-Bit Server VM Temurin-17.0.18+8 (17.0.18+8, mixed mode, tiered, serial gc, linux-amd64)
Heap:
 def new generation   total 75648K, used 23103K [0x00007f3d7fc00000, 0x00007f3d84e10000, 0x00007f3dd18a0000)
  eden space 67264K,  34% used [0x00007f3d7fc00000, 0x00007f3d8128fca8, 0x00007f3d83db0000)
  from space 8384K,   0% used [0x00007f3d845e0000, 0x00007f3d845e0000, 0x00007f3d84e10000)
  to   space 8384K,   0% used [0x00007f3d83db0000, 0x00007f3d83db0000, 0x00007f3d845e0000)
 tenured generation   total 167936K, used 28363K [0x00007f3dd18a0000, 0x00007f3ddbca0000, 0x00007f3e75200000)
   the space 167936K,  16% used [0x00007f3dd18a0000, 0x00007f3dd3452fe8, 0x00007f3dd3453000, 0x00007f3ddbca0000)
 Metaspace       used 38807K, committed 38912K, reserved 65536K
GC Heap History (18 events):
Event: 2,220 GC heap before
{Heap before GC invocations=0 (full 0):
 def new generation   total 75584K, used 33666K [0x00007f3d7fc00000, 0x00007f3d84e00000, 0x00007f3dd18a0000)
  eden space 67200K,  50% used [0x00007f3d7fc00000, 0x00007f3d81ce0b20, 0x00007f3d83da0000)
  from space 8384K,   0% used [0x00007f3d83da0000, 0x00007f3d83da0000, 0x00007f3d845d0000)
  to   space 8384K,   0% used [0x00007f3d845d0000, 0x00007f3d845d0000, 0x00007f3d84e00000)
 tenured generation   total 167936K, used 0K [0x00007f3dd18a0000, 0x00007f3ddbca0000, 0x00007f3e75200000)
   the space 167936K,   0% used [0x00007f3dd18a0000, 0x00007f3dd18a0000, 0x00007f3dd18a0200, 0x00007f3ddbca0000)
 Metaspace       used 21437K, committed 21504K, reserved 65536K
}
Event: 2,234 GC heap after
{Heap after GC invocations=1 (full 1):
 def new generation   total 75648K, used 0K [0x00007f3d7fc00000, 0x00007f3d84e10000, 0x00007f3dd18a0000)
  eden space 67264K,   0% used [0x00007f3d7fc00000, 0x00007f3d7fc00000, 0x00007f3d83db0000)
  from space 8384K,   0% used [0x00007f3d83db0000, 0x00007f3d83db0000, 0x00007f3d845e0000)
  to   space 8384K,   0% used [0x00007f3d845e0000, 0x00007f3d845e0000, 0x00007f3d84e10000)
 tenured generation   total 167936K, used 5545K [0x00007f3dd18a0000, 0x00007f3ddbca0000, 0x00007f3e75200000)
   the space 167936K,   3% used [0x00007f3dd18a0000, 0x00007f3dd1e0a4b8, 0x00007f3dd1e0a600, 0x00007f3ddbca0000)
 Metaspace       used 21437K, committed 21504K, reserved 65536K
}
Event: 2,558 GC heap before
{Heap before GC invocations=1 (full 1):
 def new generation   total 75648K, used 67264K [0x00007f3d7fc00000, 0x00007f3d84e10000, 0x00007f3dd18a0000)
  eden space 67264K, 100% used [0x00007f3d7fc00000, 0x00007f3d83db0000, 0x00007f3d83db0000)
  from space 8384K,   0% used [0x00007f3d83db0000, 0x00007f3d83db0000, 0x00007f3d845e0000)
  to   space 8384K,   0% used [0x00007f3d845e0000, 0x00007f3d845e0000, 0x00007f3d84e10000)
 tenured generation   total 167936K, used 5545K [0x00007f3dd18a0000, 0x00007f3ddbca0000, 0x00007f3e75200000)
   the space 167936K,   3% used [0x00007f3dd18a0000, 0x00007f3dd1e0a4b8, 0x00007f3dd1e0a600, 0x00007f3ddbca0000)
 Metaspace       used 27727K, committed 27840K, reserved 65536K
}
Event: 2,571 GC heap after
{Heap after GC invocations=2 (full 1):
 def new generation   total 75648K, used 6162K [0x00007f3d7fc00000, 0x00007f3d84e10000, 0x00007f3dd18a0000)
  eden space 67264K,   0% used [0x00007f3d7fc00000, 0x00007f3d7fc00000, 0x00007f3d83db0000)
  from space 8384K,  73% used [0x00007f3d845e0000, 0x00007f3d84be4a38, 0x00007f3d84e10000)
  to   space 8384K,   0% used [0x00007f3d83db0000, 0x00007f3d83db0000, 0x00007f3d845e0000)
 tenured generation   total 167936K, used 15785K [0x00007f3dd18a0000, 0x00007f3ddbca0000, 0x00007f3e75200000)
   the space 167936K,   9% used [0x00007f3dd18a0000, 0x00007f3dd280a4d0, 0x00007f3dd280a600, 0x00007f3ddbca0000)
 Metaspace       used 27727K, committed 27840K, reserved 65536K
}
Event: 2,784 GC heap before
{Heap before GC invocations=2 (full 1):
 def new generation   total 75648K, used 68857K [0x00007f3d7fc00000, 0x00007f3d84e10000, 0x00007f3dd18a0000)
  eden space 67264K,  93% used [0x00007f3d7fc00000, 0x00007f3d83939d60, 0x00007f3d83db0000)
  from space 8384K,  73% used [0x00007f3d845e0000, 0x00007f3d84be4a38, 0x00007f3d84e10000)
  to   space 8384K,   0% used [0x00007f3d83db0000, 0x00007f3d83db0000, 0x00007f3d845e0000)
 tenured generation   total 167936K, used 15785K [0x00007f3dd18a0000, 0x00007f3ddbca0000, 0x00007f3e75200000)
   the space 167936K,   9% used [0x00007f3dd18a0000, 0x00007f3dd280a4d0, 0x00007f3dd280a600, 0x00007f3ddbca0000)
 Metaspace       used 28272K, committed 28416K, reserved 65536K
}
Event: 2,791 GC heap after
{Heap after GC invocations=3 (full 1):
 def new generation   total 75648K, used 1577K [0x00007f3d7fc00000, 0x00007f3d84e10000, 0x00007f3dd18a0000)
  eden space 67264K,   0% used [0x00007f3d7fc00000, 0x00007f3d7fc00000, 0x00007f3d83db0000)
  from space 8384K,  18% used [0x00007f3d83db0000, 0x00007f3d83f3a428, 0x00007f3d845e0000)
  to   space 8384K,   0% used [0x00007f3d845e0000, 0x00007f3d845e0000, 0x00007f3d84e10000)
 tenured generation   total 167936K, used 21701K [0x00007f3dd18a0000, 0x00007f3ddbca0000, 0x00007f3e75200000)
   the space 167936K,  12% used [0x00007f3dd18a0000, 0x00007f3dd2dd16d8, 0x00007f3dd2dd1800, 0x00007f3ddbca0000)
 Metaspace       used 28272K, committed 28416K, reserved 65536K
}
Event: 2,951 GC heap before
{Heap before GC invocations=3 (full 1):
 def new generation   total 75648K, used 61285K [0x00007f3d7fc00000, 0x00007f3d84e10000, 0x00007f3dd18a0000)
  eden space 67264K,  88% used [0x00007f3d7fc00000, 0x00007f3d8364f220, 0x00007f3d83db0000)
  from space 8384K,  18% used [0x00007f3d83db0000, 0x00007f3d83f3a428, 0x00007f3d845e0000)
  to   space 8384K,   0% used [0x00007f3d845e0000, 0x00007f3d845e0000, 0x00007f3d84e10000)
 tenured generation   total 167936K, used 21701K [0x00007f3dd18a0000, 0x00007f3ddbca0000, 0x00007f3e75200000)
   the space 167936K,  12% used [0x00007f3dd18a0000, 0x00007f3dd2dd16d8, 0x00007f3dd2dd1800, 0x00007f3ddbca0000)
 Metaspace       used 29691K, committed 29824K, reserved 65536K
}
Event: 2,953 GC heap after
{Heap after GC invocations=4 (full 1):
 def new generation   total 75648K, used 3485K [0x00007f3d7fc00000, 0x00007f3d84e10000, 0x00007f3dd18a0000)
  eden space 67264K,   0% used [0x00007f3d7fc00000, 0x00007f3d7fc00000, 0x00007f3d83db0000)
  from space 8384K,  41% used [0x00007f3d845e0000, 0x00007f3d84947460, 0x00007f3d84e10000)
  to   space 8384K,   0% used [0x00007f3d83db0000, 0x00007f3d83db0000, 0x00007f3d845e0000)
 tenured generation   total 167936K, used 21701K [0x00007f3dd18a0000, 0x00007f3ddbca0000, 0x00007f3e75200000)
   the space 167936K,  12% used [0x00007f3dd18a0000, 0x00007f3dd2dd16d8, 0x00007f3dd2dd1800, 0x00007f3ddbca0000)
 Metaspace       used 29691K, committed 29824K, reserved 65536K
}
Event: 5,863 GC heap before
{Heap before GC invocations=4 (full 1):
 def new generation   total 75648K, used 57249K [0x00007f3d7fc00000, 0x00007f3d84e10000, 0x00007f3dd18a0000)
  eden space 67264K,  79% used [0x00007f3d7fc00000, 0x00007f3d830810e8, 0x00007f3d83db0000)
  from space 8384K,  41% used [0x00007f3d845e0000, 0x00007f3d84947460, 0x00007f3d84e10000)
  to   space 8384K,   0% used [0x00007f3d83db0000, 0x00007f3d83db0000, 0x00007f3d845e0000)
 tenured generation   total 167936K, used 21701K [0x00007f3dd18a0000, 0x00007f3ddbca0000, 0x00007f3e75200000)
   the space 167936K,  12% used [0x00007f3dd18a0000, 0x00007f3dd2dd16d8, 0x00007f3dd2dd1800, 0x00007f3ddbca0000)
 Metaspace       used 30200K, committed 30272K, reserved 65536K
}
Event: 5,866 GC heap after
{Heap after GC invocations=5 (full 1):
 def new generation   total 75648K, used 3606K [0x00007f3d7fc00000, 0x00007f3d84e10000, 0x00007f3dd18a0000)
  eden space 67264K,   0% used [0x00007f3d7fc00000, 0x00007f3d7fc00000, 0x00007f3d83db0000)
  from space 8384K,  43% used [0x00007f3d83db0000, 0x00007f3d84135a28, 0x00007f3d845e0000)
  to   space 8384K,   0% used [0x00007f3d845e0000, 0x00007f3d845e0000, 0x00007f3d84e10000)
 tenured generation   total 167936K, used 21701K [0x00007f3dd18a0000, 0x00007f3ddbca0000, 0x00007f3e75200000)
   the space 167936K,  12% used [0x00007f3dd18a0000, 0x00007f3dd2dd16d8, 0x00007f3dd2dd1800, 0x00007f3ddbca0000)
 Metaspace       used 30200K, committed 30272K, reserved 65536K
}
Event: 7,891 GC heap before
{Heap before GC invocations=5 (full 1):
 def new generation   total 75648K, used 55481K [0x00007f3d7fc00000, 0x00007f3d84e10000, 0x00007f3dd18a0000)
  eden space 67264K,  77% used [0x00007f3d7fc00000, 0x00007f3d82ea89f0, 0x00007f3d83db0000)
  from space 8384K,  43% used [0x00007f3d83db0000, 0x00007f3d84135a28, 0x00007f3d845e0000)
  to   space 8384K,   0% used [0x00007f3d845e0000, 0x00007f3d845e0000, 0x00007f3d84e10000)
 tenured generation   total 167936K, used 21701K [0x00007f3dd18a0000, 0x00007f3ddbca0000, 0x00007f3e75200000)
   the space 167936K,  12% used [0x00007f3dd18a0000, 0x00007f3dd2dd16d8, 0x00007f3dd2dd1800, 0x00007f3ddbca0000)
 Metaspace       used 30288K, committed 30400K, reserved 65536K
}
Event: 7,893 GC heap after
{Heap after GC invocations=6 (full 1):
 def new generation   total 75648K, used 3922K [0x00007f3d7fc00000, 0x00007f3d84e10000, 0x00007f3dd18a0000)
  eden space 67264K,   0% used [0x00007f3d7fc00000, 0x00007f3d7fc00000, 0x00007f3d83db0000)
  from space 8384K,  46% used [0x00007f3d845e0000, 0x00007f3d849b4a48, 0x00007f3d84e10000)
  to   space 8384K,   0% used [0x00007f3d83db0000, 0x00007f3d83db0000, 0x00007f3d845e0000)
 tenured generation   total 167936K, used 21701K [0x00007f3dd18a0000, 0x00007f3ddbca0000, 0x00007f3e75200000)
   the space 167936K,  12% used [0x00007f3dd18a0000, 0x00007f3dd2dd16d8, 0x00007f3dd2dd1800, 0x00007f3ddbca0000)
 Metaspace       used 30288K, committed 30400K, reserved 65536K
}
Event: 7,903 GC heap before
{Heap before GC invocations=6 (full 1):
 def new generation   total 75648K, used 55631K [0x00007f3d7fc00000, 0x00007f3d84e10000, 0x00007f3dd18a0000)
  eden space 67264K,  76% used [0x00007f3d7fc00000, 0x00007f3d82e7f520, 0x00007f3d83db0000)
  from space 8384K,  46% used [0x00007f3d845e0000, 0x00007f3d849b4a48, 0x00007f3d84e10000)
  to   space 8384K,   0% used [0x00007f3d83db0000, 0x00007f3d83db0000, 0x00007f3d845e0000)
 tenured generation   total 167936K, used 21701K [0x00007f3dd18a0000, 0x00007f3ddbca0000, 0x00007f3e75200000)
   the space 167936K,  12% used [0x00007f3dd18a0000, 0x00007f3dd2dd16d8, 0x00007f3dd2dd1800, 0x00007f3ddbca0000)
 Metaspace       used 30288K, committed 30400K, reserved 65536K
}
Event: 7,905 GC heap after
{Heap after GC invocations=7 (full 1):
 def new generation   total 75648K, used 3859K [0x00007f3d7fc00000, 0x00007f3d84e10000, 0x00007f3dd18a0000)
  eden space 67264K,   0% used [0x00007f3d7fc00000, 0x00007f3d7fc00000, 0x00007f3d83db0000)
  from space 8384K,  46% used [0x00007f3d83db0000, 0x00007f3d84174df8, 0x00007f3d845e0000)
  to   space 8384K,   0% used [0x00007f3d845e0000, 0x00007f3d845e0000, 0x00007f3d84e10000)
 tenured generation   total 167936K, used 21701K [0x00007f3dd18a0000, 0x00007f3ddbca0000, 0x00007f3e75200000)
   the space 167936K,  12% used [0x00007f3dd18a0000, 0x00007f3dd2dd16d8, 0x00007f3dd2dd1800, 0x00007f3ddbca0000)
 Metaspace       used 30288K, committed 30400K, reserved 65536K
}
Event: 14,569 GC heap before
{Heap before GC invocations=7 (full 1):
 def new generation   total 75648K, used 71123K [0x00007f3d7fc00000, 0x00007f3d84e10000, 0x00007f3dd18a0000)
  eden space 67264K, 100% used [0x00007f3d7fc00000, 0x00007f3d83db0000, 0x00007f3d83db0000)
  from space 8384K,  46% used [0x00007f3d83db0000, 0x00007f3d84174df8, 0x00007f3d845e0000)
  to   space 8384K,   0% used [0x00007f3d845e0000, 0x00007f3d845e0000, 0x00007f3d84e10000)
 tenured generation   total 167936K, used 21701K [0x00007f3dd18a0000, 0x00007f3ddbca0000, 0x00007f3e75200000)
   the space 167936K,  12% used [0x00007f3dd18a0000, 0x00007f3dd2dd16d8, 0x00007f3dd2dd1800, 0x00007f3ddbca0000)
 Metaspace       used 34505K, committed 34688K, reserved 65536K
}
Event: 14,574 GC heap after
{Heap after GC invocations=8 (full 1):
 def new generation   total 75648K, used 6392K [0x00007f3d7fc00000, 0x00007f3d84e10000, 0x00007f3dd18a0000)
  eden space 67264K,   0% used [0x00007f3d7fc00000, 0x00007f3d7fc00000, 0x00007f3d83db0000)
  from space 8384K,  76% used [0x00007f3d845e0000, 0x00007f3d84c1e150, 0x00007f3d84e10000)
  to   space 8384K,   0% used [0x00007f3d83db0000, 0x00007f3d83db0000, 0x00007f3d845e0000)
 tenured generation   total 167936K, used 21701K [0x00007f3dd18a0000, 0x00007f3ddbca0000, 0x00007f3e75200000)
   the space 167936K,  12% used [0x00007f3dd18a0000, 0x00007f3dd2dd16d8, 0x00007f3dd2dd1800, 0x00007f3ddbca0000)
 Metaspace       used 34505K, committed 34688K, reserved 65536K
}
Event: 14,596 GC heap before
{Heap before GC invocations=8 (full 1):
 def new generation   total 75648K, used 10262K [0x00007f3d7fc00000, 0x00007f3d84e10000, 0x00007f3dd18a0000)
  eden space 67264K,   5% used [0x00007f3d7fc00000, 0x00007f3d7ffc7718, 0x00007f3d83db0000)
  from space 8384K,  76% used [0x00007f3d845e0000, 0x00007f3d84c1e150, 0x00007f3d84e10000)
  to   space 8384K,   0% used [0x00007f3d83db0000, 0x00007f3d83db0000, 0x00007f3d845e0000)
 tenured generation   total 167936K, used 21701K [0x00007f3dd18a0000, 0x00007f3ddbca0000, 0x00007f3e75200000)
   the space 167936K,  12% used [0x00007f3dd18a0000, 0x00007f3dd2dd16d8, 0x00007f3dd2dd1800, 0x00007f3ddbca0000)
 Metaspace       used 35733K, committed 35840K, reserved 65536K
}
Event: 14,618 GC heap after
{Heap after GC invocations=9 (full 2):
 def new generation   total 75648K, used 0K [0x00007f3d7fc00000, 0x00007f3d84e10000, 0x00007f3dd18a0000)
  eden space 67264K,   0% used [0x00007f3d7fc00000, 0x00007f3d7fc00000, 0x00007f3d83db0000)
  from space 8384K,   0% used [0x00007f3d845e0000, 0x00007f3d845e0000, 0x00007f3d84e10000)
  to   space 8384K,   0% used [0x00007f3d83db0000, 0x00007f3d83db0000, 0x00007f3d845e0000)
 tenured generation   total 167936K, used 28363K [0x00007f3dd18a0000, 0x00007f3ddbca0000, 0x00007f3e75200000)
   the space 167936K,  16% used [0x00007f3dd18a0000, 0x00007f3dd3452fe8, 0x00007f3dd3453000, 0x00007f3ddbca0000)
 Metaspace       used 35733K, committed 35840K, reserved 65536K
}

