# JRE version: OpenJDK Runtime Environment Temurin-17.0.18+8 (17.0.18+8) (build 17.0.18+8)
# Java VM: OpenJDK 64-Bit Server VM Temurin-17.0.18+8 (17.0.18+8, mixed mode, tiered, serial gc, linux-amd64)
Heap:
 def new generation   total 75648K, used 67463K [0x00007fa03fc00000, 0x00007fa044e10000, 0x00007fa0918a0000)
  eden space 67264K,  93% used [0x00007fa03fc00000, 0x00007fa04394a1f8, 0x00007fa043db0000)
  from space 8384K,  56% used [0x00007fa043db0000, 0x00007fa044247cc0, 0x00007fa0445e0000)
  to   space 8384K,   0% used [0x00007fa0445e0000, 0x00007fa0445e0000, 0x00007fa044e10000)
 tenured generation   total 167936K, used 88559K [0x00007fa0918a0000, 0x00007fa09bca0000, 0x00007fa135200000)
   the space 167936K,  52% used [0x00007fa0918a0000, 0x00007fa096f1bd90, 0x00007fa096f1be00, 0x00007fa09bca0000)
 Metaspace       used 43460K, committed 43584K, reserved 65536K
GC Heap History (20 events):
Event: 184,785 GC heap before
{Heap before GC invocations=12 (full 1):
 def new generation   total 75648K, used 75648K [0x00007fa03fc00000, 0x00007fa044e10000, 0x00007fa0918a0000)
  eden space 67264K, 100% used [0x00007fa03fc00000, 0x00007fa043db0000, 0x00007fa043db0000)
  from space 8384K, 100% used [0x00007fa0445e0000, 0x00007fa044e10000, 0x00007fa044e10000)
  to   space 8384K,   0% used [0x00007fa043db0000, 0x00007fa043db0000, 0x00007fa0445e0000)
 tenured generation   total 167936K, used 66171K [0x00007fa0918a0000, 0x00007fa09bca0000, 0x00007fa135200000)
   the space 167936K,  39% used [0x00007fa0918a0000, 0x00007fa09593ee28, 0x00007fa09593f000, 0x00007fa09bca0000)
 Metaspace       used 34931K, committed 35072K, reserved 65536K
}
Event: 184,791 GC heap after
{Heap after GC invocations=13 (full 1):
 def new generation   total 75648K, used 8384K [0x00007fa03fc00000, 0x00007fa044e10000, 0x00007fa0918a0000)
  eden space 67264K,   0% used [0x00007fa03fc00000, 0x00007fa03fc00000, 0x00007fa043db0000)
  from space 8384K, 100% used [0x00007fa043db0000, 0x00007fa0445e0000, 0x00007fa0445e0000)
  to   space 8384K,   0% used [0x00007fa0445e0000, 0x00007fa0445e0000, 0x00007fa044e10000)
 tenured generation   total 167936K, used 68567K [0x00007fa0918a0000, 0x00007fa09bca0000, 0x00007fa135200000)
   the space 167936K,  40% used [0x00007fa0918a0000, 0x00007fa095b95cf0, 0x00007fa095b95e00, 0x00007fa09bca0000)
 Metaspace       used 34931K, committed 35072K, reserved 65536K
}
Event: 188,316 GC heap before
{Heap before GC invocations=13 (full 1):
 def new generation   total 75648K, used 75648K [0x00007fa03fc00000, 0x00007fa044e10000, 0x00007fa0918a0000)
  eden space 67264K, 100% used [0x00007fa03fc00000, 0x00007fa043db0000, 0x00007fa043db0000)
  from space 8384K, 100% used [0x00007fa043db0000, 0x00007fa0445e0000, 0x00007fa0445e0000)
  to   space 8384K,   0% used [0x00007fa0445e0000, 0x00007fa0445e0000, 0x00007fa044e10000)
 tenured generation   total 167936K, used 68567K [0x00007fa0918a0000, 0x00007fa09bca0000, 0x00007fa135200000)
   the space 167936K,  40% used [0x00007fa0918a0000, 0x00007fa095b95cf0, 0x00007fa095b95e00, 0x00007fa09bca0000)
 Metaspace       used 35566K, committed 35712K, reserved 65536K
}
Event: 188,321 GC heap after
{Heap after GC invocations=14 (full 1):
 def new generation   total 75648K, used 2599K [0x00007fa03fc00000, 0x00007fa044e10000, 0x00007fa0918a0000)
  eden space 67264K,   0% used [0x00007fa03fc00000, 0x00007fa03fc00000, 0x00007fa043db0000)
  from space 8384K,  31% used [0x00007fa0445e0000, 0x00007fa044869c30, 0x00007fa044e10000)
  to   space 8384K,   0% used [0x00007fa043db0000, 0x00007fa043db0000, 0x00007fa0445e0000)
 tenured generation   total 167936K, used 75594K [0x00007fa0918a0000, 0x00007fa09bca0000, 0x00007fa135200000)
   the space 167936K,  45% used [0x00007fa0918a0000, 0x00007fa096272b50, 0x00007fa096272c00, 0x00007fa09bca0000)
 Metaspace       used 35566K, committed 35712K, reserved 65536K
}
Event: 189,542 GC heap before
{Heap before GC invocations=14 (full 1):
 def new generation   total 75648K, used 27779K [0x00007fa03fc00000, 0x00007fa044e10000, 0x00007fa0918a0000)
  eden space 67264K,  37% used [0x00007fa03fc00000, 0x00007fa041497118, 0x00007fa043db0000)
  from space 8384K,  31% used [0x00007fa0445e0000, 0x00007fa044869c30, 0x00007fa044e10000)
  to   space 8384K,   0% used [0x00007fa043db0000, 0x00007fa043db0000, 0x00007fa0445e0000)
 tenured generation   total 167936K, used 75594K [0x00007fa0918a0000, 0x00007fa09bca0000, 0x00007fa135200000)
   the space 167936K,  45% used [0x00007fa0918a0000, 0x00007fa096272b50, 0x00007fa096272c00, 0x00007fa09bca0000)
 Metaspace       used 35764K, committed 35840K, reserved 65536K
}
Event: 189,570 GC heap after
{Heap after GC invocations=15 (full 2):
 def new generation   total 75648K, used 0K [0x00007fa03fc00000, 0x00007fa044e10000, 0x00007fa0918a0000)
  eden space 67264K,   0% used [0x00007fa03fc00000, 0x00007fa03fc00000, 0x00007fa043db0000)
  from space 8384K,   0% used [0x00007fa0445e0000, 0x00007fa0445e0000, 0x00007fa044e10000)
  to   space 8384K,   0% used [0x00007fa043db0000, 0x00007fa043db0000, 0x00007fa0445e0000)
 tenured generation   total 167936K, used 78473K [0x00007fa0918a0000, 0x00007fa09bca0000, 0x00007fa135200000)
   the space 167936K,  46% used [0x00007fa0918a0000, 0x00007fa0965425a8, 0x00007fa096542600, 0x00007fa09bca0000)
 Metaspace       used 35764K, committed 35840K, reserved 65536K
}
Event: 198,782 GC heap before
{Heap before GC invocations=15 (full 2):
 def new generation   total 75648K, used 67264K [0x00007fa03fc00000, 0x00007fa044e10000, 0x00007fa0918a0000)
  eden space 67264K, 100% used [0x00007fa03fc00000, 0x00007fa043db0000, 0x00007fa043db0000)
  from space 8384K,   0% used [0x00007fa0445e0000, 0x00007fa0445e0000, 0x00007fa044e10000)
  to   space 8384K,   0% used [0x00007fa043db0000, 0x00007fa043db0000, 0x00007fa0445e0000)
 tenured generation   total 167936K, used 78473K [0x00007fa0918a0000, 0x00007fa09bca0000, 0x00007fa135200000)
   the space 167936K,  46% used [0x00007fa0918a0000, 0x00007fa0965425a8, 0x00007fa096542600, 0x00007fa09bca0000)
 Metaspace       used 43098K, committed 43200K, reserved 65536K
}
Event: 198,789 GC heap after
{Heap after GC invocations=16 (full 2):
 def new generation   total 75648K, used 5242K [0x00007fa03fc00000, 0x00007fa044e10000, 0x00007fa0918a0000)
  eden space 67264K,   0% used [0x00007fa03fc00000, 0x00007fa03fc00000, 0x00007fa043db0000)
  from space 8384K,  62% used [0x00007fa043db0000, 0x00007fa0442ce9d0, 0x00007fa0445e0000)
  to   space 8384K,   0% used [0x00007fa0445e0000, 0x00007fa0445e0000, 0x00007fa044e10000)
 tenured generation   total 167936K, used 78473K [0x00007fa0918a0000, 0x00007fa09bca0000, 0x00007fa135200000)
   the space 167936K,  46% used [0x00007fa0918a0000, 0x00007fa0965425a8, 0x00007fa096542600, 0x00007fa09bca0000)
 Metaspace       used 43098K, committed 43200K, reserved 65536K
}
Event: 216,032 GC heap before
{Heap before GC invocations=16 (full 2):
 def new generation   total 75648K, used 72506K [0x00007fa03fc00000, 0x00007fa044e10000, 0x00007fa0918a0000)
  eden space 67264K, 100% used [0x00007fa03fc00000, 0x00007fa043db0000, 0x00007fa043db0000)
  from space 8384K,  62% used [0x00007fa043db0000, 0x00007fa0442ce9d0, 0x00007fa0445e0000)
  to   space 8384K,   0% used [0x00007fa0445e0000, 0x00007fa0445e0000, 0x00007fa044e10000)
 tenured generation   total 167936K, used 78473K [0x00007fa0918a0000, 0x00007fa09bca0000, 0x00007fa135200000)
   the space 167936K,  46% used [0x00007fa0918a0000, 0x00007fa0965425a8, 0x00007fa096542600, 0x00007fa09bca0000)
 Metaspace       used 43270K, committed 43456K, reserved 65536K
}
Event: 216,041 GC heap after
{Heap after GC invocations=17 (full 2):
 def new generation   total 75648K, used 1947K [0x00007fa03fc00000, 0x00007fa044e10000, 0x00007fa0918a0000)
  eden space 67264K,   0% used [0x00007fa03fc00000, 0x00007fa03fc00000, 0x00007fa043db0000)
  from space 8384K,  23% used [0x00007fa0445e0000, 0x00007fa0447c6d40, 0x00007fa044e10000)
  to   space 8384K,   0% used [0x00007fa043db0000, 0x00007fa043db0000, 0x00007fa0445e0000)
 tenured generation   total 167936K, used 83616K [0x00007fa0918a0000, 0x00007fa09bca0000, 0x00007fa135200000)
   the space 167936K,  49% used [0x00007fa0918a0000, 0x00007fa096a48000, 0x00007fa096a48000, 0x00007fa09bca0000)
 Metaspace       used 43270K, committed 43456K, reserved 65536K
}
Event: 239,306 GC heap before
{Heap before GC invocations=17 (full 2):
 def new generation   total 75648K, used 69211K [0x00007fa03fc00000, 0x00007fa044e10000, 0x00007fa0918a0000)
  eden space 67264K, 100% used [0x00007fa03fc00000, 0x00007fa043db0000, 0x00007fa043db0000)
  from space 8384K,  23% used [0x00007fa0445e0000, 0x00007fa0447c6d40, 0x00007fa044e10000)
  to   space 8384K,   0% used [0x00007fa043db0000, 0x00007fa043db0000, 0x00007fa0445e0000)
 tenured generation   total 167936K, used 83616K [0x00007fa0918a0000, 0x00007fa09bca0000, 0x00007fa135200000)
   the space 167936K,  49% used [0x00007fa0918a0000, 0x00007fa096a48000, 0x00007fa096a48000, 0x00007fa09bca0000)
 Metaspace       used 43283K, committed 43456K, reserved 65536K
}
Event: 239,313 GC heap after
{Heap after GC invocations=18 (full 2):
 def new generation   total 75648K, used 2709K [0x00007fa03fc00000, 0x00007fa044e10000, 0x00007fa0918a0000)
  eden space 67264K,   0% used [0x00007fa03fc00000, 0x00007fa03fc00000, 0x00007fa043db0000)
  from space 8384K,  32% used [0x00007fa043db0000, 0x00007fa044055440, 0x00007fa0445e0000)
  to   space 8384K,   0% used [0x00007fa0445e0000, 0x00007fa0445e0000, 0x00007fa044e10000)
 tenured generation   total 167936K, used 83616K [0x00007fa0918a0000, 0x00007fa09bca0000, 0x00007fa135200000)
   the space 167936K,  49% used [0x00007fa0918a0000, 0x00007fa096a48000, 0x00007fa096a48000, 0x00007fa09bca0000)
 Metaspace       used 43283K, committed 43456K, reserved 65536K
}
Event: 256,787 GC heap before
{Heap before GC invocations=18 (full 2):
 def new generation   total 75648K, used 69973K [0x00007fa03fc00000, 0x00007fa044e10000, 0x00007fa0918a0000)
  eden space 67264K, 100% used [0x00007fa03fc00000, 0x00007fa043db0000, 0x00007fa043db0000)
  from space 8384K,  32% used [0x00007fa043db0000, 0x00007fa044055440, 0x00007fa0445e0000)
  to   space 8384K,   0% used [0x00007fa0445e0000, 0x00007fa0445e0000, 0x00007fa044e10000)
 tenured generation   total 167936K, used 83616K [0x00007fa0918a0000, 0x00007fa09bca0000, 0x00007fa135200000)
   the space 167936K,  49% used [0x00007fa0918a0000, 0x00007fa096a48000, 0x00007fa096a48000, 0x00007fa09bca0000)
 Metaspace       used 43342K, committed 43520K, reserved 65536K
}
Event: 256,791 GC heap after
{Heap after GC invocations=19 (full 2):
 def new generation   total 75648K, used 4982K [0x00007fa03fc00000, 0x00007fa044e10000, 0x00007fa0918a0000)
  eden space 67264K,   0% used [0x00007fa03fc00000, 0x00007fa03fc00000, 0x00007fa043db0000)
  from space 8384K,  59% used [0x00007fa0445e0000, 0x00007fa044abd938, 0x00007fa044e10000)
  to   space 8384K,   0% used [0x00007fa043db0000, 0x00007fa043db0000, 0x00007fa0445e0000)
 tenured generation   total 167936K, used 83616K [0x00007fa0918a0000, 0x00007fa09bca0000, 0x00007fa135200000)
   the space 167936K,  49% used [0x00007fa0918a0000, 0x00007fa096a48000, 0x00007fa096a48000, 0x00007fa09bca0000)
 Metaspace       used 43342K, committed 43520K, reserved 65536K
}
Event: 274,188 GC heap before
{Heap before GC invocations=19 (full 2):
 def new generation   total 75648K, used 72246K [0x00007fa03fc00000, 0x00007fa044e10000, 0x00007fa0918a0000)
  eden space 67264K, 100% used [0x00007fa03fc00000, 0x00007fa043db0000, 0x00007fa043db0000)
  from space 8384K,  59% used [0x00007fa0445e0000, 0x00007fa044abd938, 0x00007fa044e10000)
  to   space 8384K,   0% used [0x00007fa043db0000, 0x00007fa043db0000, 0x00007fa0445e0000)
 tenured generation   total 167936K, used 83616K [0x00007fa0918a0000, 0x00007fa09bca0000, 0x00007fa135200000)
   the space 167936K,  49% used [0x00007fa0918a0000, 0x00007fa096a48000, 0x00007fa096a48000, 0x00007fa09bca0000)
 Metaspace       used 43350K, committed 43520K, reserved 65536K
}
Event: 274,193 GC heap after
{Heap after GC invocations=20 (full 2):
 def new generation   total 75648K, used 5870K [0x00007fa03fc00000, 0x00007fa044e10000, 0x00007fa0918a0000)
  eden space 67264K,   0% used [0x00007fa03fc00000, 0x00007fa03fc00000, 0x00007fa043db0000)
  from space 8384K,  70% used [0x00007fa043db0000, 0x00007fa04436bad8, 0x00007fa0445e0000)
  to   space 8384K,   0% used [0x00007fa0445e0000, 0x00007fa0445e0000, 0x00007fa044e10000)
 tenured generation   total 167936K, used 84967K [0x00007fa0918a0000, 0x00007fa09bca0000, 0x00007fa135200000)
   the space 167936K,  50% used [0x00007fa0918a0000, 0x00007fa096b99f08, 0x00007fa096b9a000, 0x00007fa09bca0000)
 Metaspace       used 43350K, committed 43520K, reserved 65536K
}
Event: 292,877 GC heap before
{Heap before GC invocations=20 (full 2):
 def new generation   total 75648K, used 73134K [0x00007fa03fc00000, 0x00007fa044e10000, 0x00007fa0918a0000)
  eden space 67264K, 100% used [0x00007fa03fc00000, 0x00007fa043db0000, 0x00007fa043db0000)
  from space 8384K,  70% used [0x00007fa043db0000, 0x00007fa04436bad8, 0x00007fa0445e0000)
  to   space 8384K,   0% used [0x00007fa0445e0000, 0x00007fa0445e0000, 0x00007fa044e10000)
 tenured generation   total 167936K, used 84967K [0x00007fa0918a0000, 0x00007fa09bca0000, 0x00007fa135200000)
   the space 167936K,  50% used [0x00007fa0918a0000, 0x00007fa096b99f08, 0x00007fa096b9a000, 0x00007fa09bca0000)
 Metaspace       used 43410K, committed 43584K, reserved 65536K
}
Event: 292,885 GC heap after
{Heap after GC invocations=21 (full 2):
 def new generation   total 75648K, used 3704K [0x00007fa03fc00000, 0x00007fa044e10000, 0x00007fa0918a0000)
  eden space 67264K,   0% used [0x00007fa03fc00000, 0x00007fa03fc00000, 0x00007fa043db0000)
  from space 8384K,  44% used [0x00007fa0445e0000, 0x00007fa04497e388, 0x00007fa044e10000)
  to   space 8384K,   0% used [0x00007fa043db0000, 0x00007fa043db0000, 0x00007fa0445e0000)
 tenured generation   total 167936K, used 88559K [0x00007fa0918a0000, 0x00007fa09bca0000, 0x00007fa135200000)
   the space 167936K,  52% used [0x00007fa0918a0000, 0x00007fa096f1bd90, 0x00007fa096f1be00, 0x00007fa09bca0000)
 Metaspace       used 43410K, committed 43584K, reserved 65536K
}
Event: 307,475 GC heap before
{Heap before GC invocations=21 (full 2):
 def new generation   total 75648K, used 70968K [0x00007fa03fc00000, 0x00007fa044e10000, 0x00007fa0918a0000)
  eden space 67264K, 100% used [0x00007fa03fc00000, 0x00007fa043db0000, 0x00007fa043db0000)
  from space 8384K,  44% used [0x00007fa0445e0000, 0x00007fa04497e388, 0x00007fa044e10000)
  to   space 8384K,   0% used [0x00007fa043db0000, 0x00007fa043db0000, 0x00007fa0445e0000)
 tenured generation   total 167936K, used 88559K [0x00007fa0918a0000, 0x00007fa09bca0000, 0x00007fa135200000)
   the space 167936K,  52% used [0x00007fa0918a0000, 0x00007fa096f1bd90, 0x00007fa096f1be00, 0x00007fa09bca0000)
 Metaspace       used 43441K, committed 43584K, reserved 65536K
}
Event: 307,478 GC heap after
{Heap after GC invocations=22 (full 2):
 def new generation   total 75648K, used 4703K [0x00007fa03fc00000, 0x00007fa044e10000, 0x00007fa0918a0000)
  eden space 67264K,   0% used [0x00007fa03fc00000, 0x00007fa03fc00000, 0x00007fa043db0000)
  from space 8384K,  56% used [0x00007fa043db0000, 0x00007fa044247cc0, 0x00007fa0445e0000)
  to   space 8384K,   0% used [0x00007fa0445e0000, 0x00007fa0445e0000, 0x00007fa044e10000)
 tenured generation   total 167936K, used 88559K [0x00007fa0918a0000, 0x00007fa09bca0000, 0x00007fa135200000)
   the space 167936K,  52% used [0x00007fa0918a0000, 0x00007fa096f1bd90, 0x00007fa096f1be00, 0x00007fa09bca0000)
 Metaspace       used 43441K, committed 43584K, reserved 65536K
}

