# JRE version: OpenJDK Runtime Environment Temurin-17.0.18+8 (17.0.18+8) (build 17.0.18+8)
# Java VM: OpenJDK 64-Bit Server VM Temurin-17.0.18+8 (17.0.18+8, mixed mode, tiered, serial gc, linux-amd64)
Heap:
 def new generation   total 142016K, used 70172K [0x00007fb7a3c00000, 0x00007fb7ad610000, 0x00007fb7f58a0000)
  eden space 126272K,  47% used [0x00007fb7a3c00000, 0x00007fb7a767eae0, 0x00007fb7ab750000)
  from space 15744K,  65% used [0x00007fb7ac6b0000, 0x00007fb7ad0b8768, 0x00007fb7ad610000)
  to   space 15744K,   0% used [0x00007fb7ab750000, 0x00007fb7ab750000, 0x00007fb7ac6b0000)
 tenured generation   total 315464K, used 269989K [0x00007fb7f58a0000, 0x00007fb808cb2000, 0x00007fb899200000)
   the space 315464K,  85% used [0x00007fb7f58a0000, 0x00007fb8060494a0, 0x00007fb806049600, 0x00007fb808cb2000)
 Metaspace       used 45340K, committed 45504K, reserved 65536K
GC Heap History (20 events):
Event: 1551,588 GC heap before
{Heap before GC invocations=120 (full 4):
 def new generation   total 142016K, used 136838K [0x00007fb7a3c00000, 0x00007fb7ad610000, 0x00007fb7f58a0000)
  eden space 126272K, 100% used [0x00007fb7a3c00000, 0x00007fb7ab750000, 0x00007fb7ab750000)
  from space 15744K,  67% used [0x00007fb7ac6b0000, 0x00007fb7ad101ae8, 0x00007fb7ad610000)
  to   space 15744K,   0% used [0x00007fb7ab750000, 0x00007fb7ab750000, 0x00007fb7ac6b0000)
 tenured generation   total 315464K, used 240507K [0x00007fb7f58a0000, 0x00007fb808cb2000, 0x00007fb899200000)
   the space 315464K,  76% used [0x00007fb7f58a0000, 0x00007fb80437ef60, 0x00007fb80437f000, 0x00007fb808cb2000)
 Metaspace       used 45277K, committed 45440K, reserved 65536K
}
Event: 1551,594 GC heap after
{Heap after GC invocations=121 (full 4):
 def new generation   total 142016K, used 10035K [0x00007fb7a3c00000, 0x00007fb7ad610000, 0x00007fb7f58a0000)
  eden space 126272K,   0% used [0x00007fb7a3c00000, 0x00007fb7a3c00000, 0x00007fb7ab750000)
  from space 15744K,  63% used [0x00007fb7ab750000, 0x00007fb7ac11cc68, 0x00007fb7ac6b0000)
  to   space 15744K,   0% used [0x00007fb7ac6b0000, 0x00007fb7ac6b0000, 0x00007fb7ad610000)
 tenured generation   total 315464K, used 243519K [0x00007fb7f58a0000, 0x00007fb808cb2000, 0x00007fb899200000)
   the space 315464K,  77% used [0x00007fb7f58a0000, 0x00007fb80466fe28, 0x00007fb804670000, 0x00007fb808cb2000)
 Metaspace       used 45277K, committed 45440K, reserved 65536K
}
Event: 1580,660 GC heap before
{Heap before GC invocations=121 (full 4):
 def new generation   total 142016K, used 136307K [0x00007fb7a3c00000, 0x00007fb7ad610000, 0x00007fb7f58a0000)
  eden space 126272K, 100% used [0x00007fb7a3c00000, 0x00007fb7ab750000, 0x00007fb7ab750000)
  from space 15744K,  63% used [0x00007fb7ab750000, 0x00007fb7ac11cc68, 0x00007fb7ac6b0000)
  to   space 15744K,   0% used [0x00007fb7ac6b0000, 0x00007fb7ac6b0000, 0x00007fb7ad610000)
 tenured generation   total 315464K, used 243519K [0x00007fb7f58a0000, 0x00007fb808cb2000, 0x00007fb899200000)
   the space 315464K,  77% used [0x00007fb7f58a0000, 0x00007fb80466fe28, 0x00007fb804670000, 0x00007fb808cb2000)
 Metaspace       used 45279K, committed 45440K, reserved 65536K
}
Event: 1580,666 GC heap after
{Heap after GC invocations=122 (full 4):
 def new generation   total 142016K, used 10715K [0x00007fb7a3c00000, 0x00007fb7ad610000, 0x00007fb7f58a0000)
  eden space 126272K,   0% used [0x00007fb7a3c00000, 0x00007fb7a3c00000, 0x00007fb7ab750000)
  from space 15744K,  68% used [0x00007fb7ac6b0000, 0x00007fb7ad126d58, 0x00007fb7ad610000)
  to   space 15744K,   0% used [0x00007fb7ab750000, 0x00007fb7ab750000, 0x00007fb7ac6b0000)
 tenured generation   total 315464K, used 246137K [0x00007fb7f58a0000, 0x00007fb808cb2000, 0x00007fb899200000)
   the space 315464K,  78% used [0x00007fb7f58a0000, 0x00007fb8048fe4d8, 0x00007fb8048fe600, 0x00007fb808cb2000)
 Metaspace       used 45279K, committed 45440K, reserved 65536K
}
Event: 1607,128 GC heap before
{Heap before GC invocations=122 (full 4):
 def new generation   total 142016K, used 136987K [0x00007fb7a3c00000, 0x00007fb7ad610000, 0x00007fb7f58a0000)
  eden space 126272K, 100% used [0x00007fb7a3c00000, 0x00007fb7ab750000, 0x00007fb7ab750000)
  from space 15744K,  68% used [0x00007fb7ac6b0000, 0x00007fb7ad126d58, 0x00007fb7ad610000)
  to   space 15744K,   0% used [0x00007fb7ab750000, 0x00007fb7ab750000, 0x00007fb7ac6b0000)
 tenured generation   total 315464K, used 246137K [0x00007fb7f58a0000, 0x00007fb808cb2000, 0x00007fb899200000)
   the space 315464K,  78% used [0x00007fb7f58a0000, 0x00007fb8048fe4d8, 0x00007fb8048fe600, 0x00007fb808cb2000)
 Metaspace       used 45291K, committed 45440K, reserved 65536K
}
Event: 1607,136 GC heap after
{Heap after GC invocations=123 (full 4):
 def new generation   total 142016K, used 9927K [0x00007fb7a3c00000, 0x00007fb7ad610000, 0x00007fb7f58a0000)
  eden space 126272K,   0% used [0x00007fb7a3c00000, 0x00007fb7a3c00000, 0x00007fb7ab750000)
  from space 15744K,  63% used [0x00007fb7ab750000, 0x00007fb7ac101ca0, 0x00007fb7ac6b0000)
  to   space 15744K,   0% used [0x00007fb7ac6b0000, 0x00007fb7ac6b0000, 0x00007fb7ad610000)
 tenured generation   total 315464K, used 249145K [0x00007fb7f58a0000, 0x00007fb808cb2000, 0x00007fb899200000)
   the space 315464K,  78% used [0x00007fb7f58a0000, 0x00007fb804bee670, 0x00007fb804bee800, 0x00007fb808cb2000)
 Metaspace       used 45291K, committed 45440K, reserved 65536K
}
Event: 1635,872 GC heap before
{Heap before GC invocations=123 (full 4):
 def new generation   total 142016K, used 136199K [0x00007fb7a3c00000, 0x00007fb7ad610000, 0x00007fb7f58a0000)
  eden space 126272K, 100% used [0x00007fb7a3c00000, 0x00007fb7ab750000, 0x00007fb7ab750000)
  from space 15744K,  63% used [0x00007fb7ab750000, 0x00007fb7ac101ca0, 0x00007fb7ac6b0000)
  to   space 15744K,   0% used [0x00007fb7ac6b0000, 0x00007fb7ac6b0000, 0x00007fb7ad610000)
 tenured generation   total 315464K, used 249145K [0x00007fb7f58a0000, 0x00007fb808cb2000, 0x00007fb899200000)
   the space 315464K,  78% used [0x00007fb7f58a0000, 0x00007fb804bee670, 0x00007fb804bee800, 0x00007fb808cb2000)
 Metaspace       used 45292K, committed 45440K, reserved 65536K
}
Event: 1635,878 GC heap after
{Heap after GC invocations=124 (full 4):
 def new generation   total 142016K, used 10924K [0x00007fb7a3c00000, 0x00007fb7ad610000, 0x00007fb7f58a0000)
  eden space 126272K,   0% used [0x00007fb7a3c00000, 0x00007fb7a3c00000, 0x00007fb7ab750000)
  from space 15744K,  69% used [0x00007fb7ac6b0000, 0x00007fb7ad15b248, 0x00007fb7ad610000)
  to   space 15744K,   0% used [0x00007fb7ab750000, 0x00007fb7ab750000, 0x00007fb7ac6b0000)
 tenured generation   total 315464K, used 251907K [0x00007fb7f58a0000, 0x00007fb808cb2000, 0x00007fb899200000)
   the space 315464K,  79% used [0x00007fb7f58a0000, 0x00007fb804ea0c78, 0x00007fb804ea0e00, 0x00007fb808cb2000)
 Metaspace       used 45292K, committed 45440K, reserved 65536K
}
Event: 1663,005 GC heap before
{Heap before GC invocations=124 (full 4):
 def new generation   total 142016K, used 137196K [0x00007fb7a3c00000, 0x00007fb7ad610000, 0x00007fb7f58a0000)
  eden space 126272K, 100% used [0x00007fb7a3c00000, 0x00007fb7ab750000, 0x00007fb7ab750000)
  from space 15744K,  69% used [0x00007fb7ac6b0000, 0x00007fb7ad15b248, 0x00007fb7ad610000)
  to   space 15744K,   0% used [0x00007fb7ab750000, 0x00007fb7ab750000, 0x00007fb7ac6b0000)
 tenured generation   total 315464K, used 251907K [0x00007fb7f58a0000, 0x00007fb808cb2000, 0x00007fb899200000)
   the space 315464K,  79% used [0x00007fb7f58a0000, 0x00007fb804ea0c78, 0x00007fb804ea0e00, 0x00007fb808cb2000)
 Metaspace       used 45292K, committed 45440K, reserved 65536K
}
Event: 1663,010 GC heap after
{Heap after GC invocations=125 (full 4):
 def new generation   total 142016K, used 9338K [0x00007fb7a3c00000, 0x00007fb7ad610000, 0x00007fb7f58a0000)
  eden space 126272K,   0% used [0x00007fb7a3c00000, 0x00007fb7a3c00000, 0x00007fb7ab750000)
  from space 15744K,  59% used [0x00007fb7ab750000, 0x00007fb7ac06eb18, 0x00007fb7ac6b0000)
  to   space 15744K,   0% used [0x00007fb7ac6b0000, 0x00007fb7ac6b0000, 0x00007fb7ad610000)
 tenured generation   total 315464K, used 254975K [0x00007fb7f58a0000, 0x00007fb808cb2000, 0x00007fb899200000)
   the space 315464K,  80% used [0x00007fb7f58a0000, 0x00007fb80519ff88, 0x00007fb8051a0000, 0x00007fb808cb2000)
 Metaspace       used 45292K, committed 45440K, reserved 65536K
}
Event: 1691,715 GC heap before
{Heap before GC invocations=125 (full 4):
 def new generation   total 142016K, used 135610K [0x00007fb7a3c00000, 0x00007fb7ad610000, 0x00007fb7f58a0000)
  eden space 126272K, 100% used [0x00007fb7a3c00000, 0x00007fb7ab750000, 0x00007fb7ab750000)
  from space 15744K,  59% used [0x00007fb7ab750000, 0x00007fb7ac06eb18, 0x00007fb7ac6b0000)
  to   space 15744K,   0% used [0x00007fb7ac6b0000, 0x00007fb7ac6b0000, 0x00007fb7ad610000)
 tenured generation   total 315464K, used 254975K [0x00007fb7f58a0000, 0x00007fb808cb2000, 0x00007fb899200000)
   the space 315464K,  80% used [0x00007fb7f58a0000, 0x00007fb80519ff88, 0x00007fb8051a0000, 0x00007fb808cb2000)
 Metaspace       used 45292K, committed 45440K, reserved 65536K
}
Event: 1691,723 GC heap after
{Heap after GC invocations=126 (full 4):
 def new generation   total 142016K, used 10802K [0x00007fb7a3c00000, 0x00007fb7ad610000, 0x00007fb7f58a0000)
  eden space 126272K,   0% used [0x00007fb7a3c00000, 0x00007fb7a3c00000, 0x00007fb7ab750000)
  from space 15744K,  68% used [0x00007fb7ac6b0000, 0x00007fb7ad13ca68, 0x00007fb7ad610000)
  to   space 15744K,   0% used [0x00007fb7ab750000, 0x00007fb7ab750000, 0x00007fb7ac6b0000)
 tenured generation   total 315464K, used 257794K [0x00007fb7f58a0000, 0x00007fb808cb2000, 0x00007fb899200000)
   the space 315464K,  81% used [0x00007fb7f58a0000, 0x00007fb805460aa8, 0x00007fb805460c00, 0x00007fb808cb2000)
 Metaspace       used 45292K, committed 45440K, reserved 65536K
}
Event: 1721,858 GC heap before
{Heap before GC invocations=126 (full 4):
 def new generation   total 142016K, used 137074K [0x00007fb7a3c00000, 0x00007fb7ad610000, 0x00007fb7f58a0000)
  eden space 126272K, 100% used [0x00007fb7a3c00000, 0x00007fb7ab750000, 0x00007fb7ab750000)
  from space 15744K,  68% used [0x00007fb7ac6b0000, 0x00007fb7ad13ca68, 0x00007fb7ad610000)
  to   space 15744K,   0% used [0x00007fb7ab750000, 0x00007fb7ab750000, 0x00007fb7ac6b0000)
 tenured generation   total 315464K, used 257794K [0x00007fb7f58a0000, 0x00007fb808cb2000, 0x00007fb899200000)
   the space 315464K,  81% used [0x00007fb7f58a0000, 0x00007fb805460aa8, 0x00007fb805460c00, 0x00007fb808cb2000)
 Metaspace       used 45292K, committed 45440K, reserved 65536K
}
Event: 1721,864 GC heap after
{Heap after GC invocations=127 (full 4):
 def new generation   total 142016K, used 11073K [0x00007fb7a3c00000, 0x00007fb7ad610000, 0x00007fb7f58a0000)
  eden space 126272K,   0% used [0x00007fb7a3c00000, 0x00007fb7a3c00000, 0x00007fb7ab750000)
  from space 15744K,  70% used [0x00007fb7ab750000, 0x00007fb7ac220610, 0x00007fb7ac6b0000)
  to   space 15744K,   0% used [0x00007fb7ac6b0000, 0x00007fb7ac6b0000, 0x00007fb7ad610000)
 tenured generation   total 315464K, used 260863K [0x00007fb7f58a0000, 0x00007fb808cb2000, 0x00007fb899200000)
   the space 315464K,  82% used [0x00007fb7f58a0000, 0x00007fb80575fc88, 0x00007fb80575fe00, 0x00007fb808cb2000)
 Metaspace       used 45292K, committed 45440K, reserved 65536K
}
Event: 1748,483 GC heap before
{Heap before GC invocations=127 (full 4):
 def new generation   total 142016K, used 137345K [0x00007fb7a3c00000, 0x00007fb7ad610000, 0x00007fb7f58a0000)
  eden space 126272K, 100% used [0x00007fb7a3c00000, 0x00007fb7ab750000, 0x00007fb7ab750000)
  from space 15744K,  70% used [0x00007fb7ab750000, 0x00007fb7ac220610, 0x00007fb7ac6b0000)
  to   space 15744K,   0% used [0x00007fb7ac6b0000, 0x00007fb7ac6b0000, 0x00007fb7ad610000)
 tenured generation   total 315464K, used 260863K [0x00007fb7f58a0000, 0x00007fb808cb2000, 0x00007fb899200000)
   the space 315464K,  82% used [0x00007fb7f58a0000, 0x00007fb80575fc88, 0x00007fb80575fe00, 0x00007fb808cb2000)
 Metaspace       used 45317K, committed 45440K, reserved 65536K
}
Event: 1748,489 GC heap after
{Heap after GC invocations=128 (full 4):
 def new generation   total 142016K, used 10993K [0x00007fb7a3c00000, 0x00007fb7ad610000, 0x00007fb7f58a0000)
  eden space 126272K,   0% used [0x00007fb7a3c00000, 0x00007fb7a3c00000, 0x00007fb7ab750000)
  from space 15744K,  69% used [0x00007fb7ac6b0000, 0x00007fb7ad16c6b8, 0x00007fb7ad610000)
  to   space 15744K,   0% used [0x00007fb7ab750000, 0x00007fb7ab750000, 0x00007fb7ac6b0000)
 tenured generation   total 315464K, used 263745K [0x00007fb7f58a0000, 0x00007fb808cb2000, 0x00007fb899200000)
   the space 315464K,  83% used [0x00007fb7f58a0000, 0x00007fb805a30648, 0x00007fb805a30800, 0x00007fb808cb2000)
 Metaspace       used 45317K, committed 45440K, reserved 65536K
}
Event: 1780,030 GC heap before
{Heap before GC invocations=128 (full 4):
 def new generation   total 142016K, used 137265K [0x00007fb7a3c00000, 0x00007fb7ad610000, 0x00007fb7f58a0000)
  eden space 126272K, 100% used [0x00007fb7a3c00000, 0x00007fb7ab750000, 0x00007fb7ab750000)
  from space 15744K,  69% used [0x00007fb7ac6b0000, 0x00007fb7ad16c6b8, 0x00007fb7ad610000)
  to   space 15744K,   0% used [0x00007fb7ab750000, 0x00007fb7ab750000, 0x00007fb7ac6b0000)
 tenured generation   total 315464K, used 263745K [0x00007fb7f58a0000, 0x00007fb808cb2000, 0x00007fb899200000)
   the space 315464K,  83% used [0x00007fb7f58a0000, 0x00007fb805a30648, 0x00007fb805a30800, 0x00007fb808cb2000)
 Metaspace       used 45317K, committed 45440K, reserved 65536K
}
Event: 1780,038 GC heap after
{Heap after GC invocations=129 (full 4):
 def new generation   total 142016K, used 7774K [0x00007fb7a3c00000, 0x00007fb7ad610000, 0x00007fb7f58a0000)
  eden space 126272K,   0% used [0x00007fb7a3c00000, 0x00007fb7a3c00000, 0x00007fb7ab750000)
  from space 15744K,  49% used [0x00007fb7ab750000, 0x00007fb7abee7808, 0x00007fb7ac6b0000)
  to   space 15744K,   0% used [0x00007fb7ac6b0000, 0x00007fb7ac6b0000, 0x00007fb7ad610000)
 tenured generation   total 315464K, used 269989K [0x00007fb7f58a0000, 0x00007fb808cb2000, 0x00007fb899200000)
   the space 315464K,  85% used [0x00007fb7f58a0000, 0x00007fb8060494a0, 0x00007fb806049600, 0x00007fb808cb2000)
 Metaspace       used 45317K, committed 45440K, reserved 65536K
}
Event: 1807,840 GC heap before
{Heap before GC invocations=129 (full 4):
 def new generation   total 142016K, used 134046K [0x00007fb7a3c00000, 0x00007fb7ad610000, 0x00007fb7f58a0000)
  eden space 126272K, 100% used [0x00007fb7a3c00000, 0x00007fb7ab750000, 0x00007fb7ab750000)
  from space 15744K,  49% used [0x00007fb7ab750000, 0x00007fb7abee7808, 0x00007fb7ac6b0000)
  to   space 15744K,   0% used [0x00007fb7ac6b0000, 0x00007fb7ac6b0000, 0x00007fb7ad610000)
 tenured generation   total 315464K, used 269989K [0x00007fb7f58a0000, 0x00007fb808cb2000, 0x00007fb899200000)
   the space 315464K,  85% used [0x00007fb7f58a0000, 0x00007fb8060494a0, 0x00007fb806049600, 0x00007fb808cb2000)
 Metaspace       used 45320K, committed 45440K, reserved 65536K
}
Event: 1807,844 GC heap after
{Heap after GC invocations=130 (full 4):
 def new generation   total 142016K, used 10273K [0x00007fb7a3c00000, 0x00007fb7ad610000, 0x00007fb7f58a0000)
  eden space 126272K,   0% used [0x00007fb7a3c00000, 0x00007fb7a3c00000, 0x00007fb7ab750000)
  from space 15744K,  65% used [0x00007fb7ac6b0000, 0x00007fb7ad0b8768, 0x00007fb7ad610000)
  to   space 15744K,   0% used [0x00007fb7ab750000, 0x00007fb7ab750000, 0x00007fb7ac6b0000)
 tenured generation   total 315464K, used 269989K [0x00007fb7f58a0000, 0x00007fb808cb2000, 0x00007fb899200000)
   the space 315464K,  85% used [0x00007fb7f58a0000, 0x00007fb8060494a0, 0x00007fb806049600, 0x00007fb808cb2000)
 Metaspace       used 45320K, committed 45440K, reserved 65536K
}

