# JRE version: OpenJDK Runtime Environment Temurin-17.0.18+8 (17.0.18+8) (build 17.0.18+8)
# Java VM: OpenJDK 64-Bit Server VM Temurin-17.0.18+8 (17.0.18+8, mixed mode, tiered, serial gc, linux-amd64)
Heap:
 def new generation   total 75648K, used 43290K [0x00007f24f7c00000, 0x00007f24fce10000, 0x00007f25498a0000)
  eden space 67264K,  64% used [0x00007f24f7c00000, 0x00007f24fa646a00, 0x00007f24fbdb0000)
  from space 8384K,   0% used [0x00007f24fbdb0000, 0x00007f24fbdb0000, 0x00007f24fc5e0000)
  to   space 8384K,   0% used [0x00007f24fc5e0000, 0x00007f24fc5e0000, 0x00007f24fce10000)
 tenured generation   total 167936K, used 28328K [0x00007f25498a0000, 0x00007f2553ca0000, 0x00007f25ed200000)
   the space 167936K,  16% used [0x00007f25498a0000, 0x00007f254b44a360, 0x00007f254b44a400, 0x00007f2553ca0000)
 Metaspace       used 39005K, committed 39168K, reserved 65536K
GC Heap History (16 events):
Event: 2,216 GC heap before
{Heap before GC invocations=0 (full 0):
 def new generation   total 75584K, used 43906K [0x00007f24f7c00000, 0x00007f24fce00000, 0x00007f25498a0000)
  eden space 67200K,  65% used [0x00007f24f7c00000, 0x00007f24fa6e0bf8, 0x00007f24fbda0000)
  from space 8384K,   0% used [0x00007f24fbda0000, 0x00007f24fbda0000, 0x00007f24fc5d0000)
  to   space 8384K,   0% used [0x00007f24fc5d0000, 0x00007f24fc5d0000, 0x00007f24fce00000)
 tenured generation   total 167936K, used 0K [0x00007f25498a0000, 0x00007f2553ca0000, 0x00007f25ed200000)
   the space 167936K,   0% used [0x00007f25498a0000, 0x00007f25498a0000, 0x00007f25498a0200, 0x00007f2553ca0000)
 Metaspace       used 21427K, committed 21504K, reserved 65536K
}
Event: 2,235 GC heap after
{Heap after GC invocations=1 (full 1):
 def new generation   total 75648K, used 0K [0x00007f24f7c00000, 0x00007f24fce10000, 0x00007f25498a0000)
  eden space 67264K,   0% used [0x00007f24f7c00000, 0x00007f24f7c00000, 0x00007f24fbdb0000)
  from space 8384K,   0% used [0x00007f24fbdb0000, 0x00007f24fbdb0000, 0x00007f24fc5e0000)
  to   space 8384K,   0% used [0x00007f24fc5e0000, 0x00007f24fc5e0000, 0x00007f24fce10000)
 tenured generation   total 167936K, used 15682K [0x00007f25498a0000, 0x00007f2553ca0000, 0x00007f25ed200000)
   the space 167936K,   9% used [0x00007f25498a0000, 0x00007f254a7f0a28, 0x00007f254a7f0c00, 0x00007f2553ca0000)
 Metaspace       used 21427K, committed 21504K, reserved 65536K
}
Event: 2,508 GC heap before
{Heap before GC invocations=1 (full 1):
 def new generation   total 75648K, used 67264K [0x00007f24f7c00000, 0x00007f24fce10000, 0x00007f25498a0000)
  eden space 67264K, 100% used [0x00007f24f7c00000, 0x00007f24fbdb0000, 0x00007f24fbdb0000)
  from space 8384K,   0% used [0x00007f24fbdb0000, 0x00007f24fbdb0000, 0x00007f24fc5e0000)
  to   space 8384K,   0% used [0x00007f24fc5e0000, 0x00007f24fc5e0000, 0x00007f24fce10000)
 tenured generation   total 167936K, used 15682K [0x00007f25498a0000, 0x00007f2553ca0000, 0x00007f25ed200000)
   the space 167936K,   9% used [0x00007f25498a0000, 0x00007f254a7f0a28, 0x00007f254a7f0c00, 0x00007f2553ca0000)
 Metaspace       used 27853K, committed 27968K, reserved 65536K
}
Event: 2,516 GC heap after
{Heap after GC invocations=2 (full 1):
 def new generation   total 75648K, used 6673K [0x00007f24f7c00000, 0x00007f24fce10000, 0x00007f25498a0000)
  eden space 67264K,   0% used [0x00007f24f7c00000, 0x00007f24f7c00000, 0x00007f24fbdb0000)
  from space 8384K,  79% used [0x00007f24fc5e0000, 0x00007f24fcc646f0, 0x00007f24fce10000)
  to   space 8384K,   0% used [0x00007f24fbdb0000, 0x00007f24fbdb0000, 0x00007f24fc5e0000)
 tenured generation   total 167936K, used 15682K [0x00007f25498a0000, 0x00007f2553ca0000, 0x00007f25ed200000)
   the space 167936K,   9% used [0x00007f25498a0000, 0x00007f254a7f0a28, 0x00007f254a7f0c00, 0x00007f2553ca0000)
 Metaspace       used 27853K, committed 27968K, reserved 65536K
}
Event: 2,652 GC heap before
{Heap before GC invocations=2 (full 1):
 def new generation   total 75648K, used 73937K [0x00007f24f7c00000, 0x00007f24fce10000, 0x00007f25498a0000)
  eden space 67264K, 100% used [0x00007f24f7c00000, 0x00007f24fbdb0000, 0x00007f24fbdb0000)
  from space 8384K,  79% used [0x00007f24fc5e0000, 0x00007f24fcc646f0, 0x00007f24fce10000)
  to   space 8384K,   0% used [0x00007f24fbdb0000, 0x00007f24fbdb0000, 0x00007f24fc5e0000)
 tenured generation   total 167936K, used 15682K [0x00007f25498a0000, 0x00007f2553ca0000, 0x00007f25ed200000)
   the space 167936K,   9% used [0x00007f25498a0000, 0x00007f254a7f0a28, 0x00007f254a7f0c00, 0x00007f2553ca0000)
 Metaspace       used 28180K, committed 28352K, reserved 65536K
}
Event: 2,657 GC heap after
{Heap after GC invocations=3 (full 1):
 def new generation   total 75648K, used 1297K [0x00007f24f7c00000, 0x00007f24fce10000, 0x00007f25498a0000)
  eden space 67264K,   0% used [0x00007f24f7c00000, 0x00007f24f7c00000, 0x00007f24fbdb0000)
  from space 8384K,  15% used [0x00007f24fbdb0000, 0x00007f24fbef4578, 0x00007f24fc5e0000)
  to   space 8384K,   0% used [0x00007f24fc5e0000, 0x00007f24fc5e0000, 0x00007f24fce10000)
 tenured generation   total 167936K, used 21887K [0x00007f25498a0000, 0x00007f2553ca0000, 0x00007f25ed200000)
   the space 167936K,  13% used [0x00007f25498a0000, 0x00007f254adfff70, 0x00007f254ae00000, 0x00007f2553ca0000)
 Metaspace       used 28180K, committed 28352K, reserved 65536K
}
Event: 2,805 GC heap before
{Heap before GC invocations=3 (full 1):
 def new generation   total 75648K, used 60907K [0x00007f24f7c00000, 0x00007f24fce10000, 0x00007f25498a0000)
  eden space 67264K,  88% used [0x00007f24f7c00000, 0x00007f24fb636950, 0x00007f24fbdb0000)
  from space 8384K,  15% used [0x00007f24fbdb0000, 0x00007f24fbef4578, 0x00007f24fc5e0000)
  to   space 8384K,   0% used [0x00007f24fc5e0000, 0x00007f24fc5e0000, 0x00007f24fce10000)
 tenured generation   total 167936K, used 21887K [0x00007f25498a0000, 0x00007f2553ca0000, 0x00007f25ed200000)
   the space 167936K,  13% used [0x00007f25498a0000, 0x00007f254adfff70, 0x00007f254ae00000, 0x00007f2553ca0000)
 Metaspace       used 29618K, committed 29696K, reserved 65536K
}
Event: 2,807 GC heap after
{Heap after GC invocations=4 (full 1):
 def new generation   total 75648K, used 3471K [0x00007f24f7c00000, 0x00007f24fce10000, 0x00007f25498a0000)
  eden space 67264K,   0% used [0x00007f24f7c00000, 0x00007f24f7c00000, 0x00007f24fbdb0000)
  from space 8384K,  41% used [0x00007f24fc5e0000, 0x00007f24fc943ee8, 0x00007f24fce10000)
  to   space 8384K,   0% used [0x00007f24fbdb0000, 0x00007f24fbdb0000, 0x00007f24fc5e0000)
 tenured generation   total 167936K, used 21887K [0x00007f25498a0000, 0x00007f2553ca0000, 0x00007f25ed200000)
   the space 167936K,  13% used [0x00007f25498a0000, 0x00007f254adfff70, 0x00007f254ae00000, 0x00007f2553ca0000)
 Metaspace       used 29618K, committed 29696K, reserved 65536K
}
Event: 3,463 GC heap before
{Heap before GC invocations=4 (full 1):
 def new generation   total 75648K, used 56718K [0x00007f24f7c00000, 0x00007f24fce10000, 0x00007f25498a0000)
  eden space 67264K,  79% used [0x00007f24f7c00000, 0x00007f24fafffc70, 0x00007f24fbdb0000)
  from space 8384K,  41% used [0x00007f24fc5e0000, 0x00007f24fc943ee8, 0x00007f24fce10000)
  to   space 8384K,   0% used [0x00007f24fbdb0000, 0x00007f24fbdb0000, 0x00007f24fc5e0000)
 tenured generation   total 167936K, used 21887K [0x00007f25498a0000, 0x00007f2553ca0000, 0x00007f25ed200000)
   the space 167936K,  13% used [0x00007f25498a0000, 0x00007f254adfff70, 0x00007f254ae00000, 0x00007f2553ca0000)
 Metaspace       used 30079K, committed 30208K, reserved 65536K
}
Event: 3,465 GC heap after
{Heap after GC invocations=5 (full 1):
 def new generation   total 75648K, used 3338K [0x00007f24f7c00000, 0x00007f24fce10000, 0x00007f25498a0000)
  eden space 67264K,   0% used [0x00007f24f7c00000, 0x00007f24f7c00000, 0x00007f24fbdb0000)
  from space 8384K,  39% used [0x00007f24fbdb0000, 0x00007f24fc0f2af8, 0x00007f24fc5e0000)
  to   space 8384K,   0% used [0x00007f24fc5e0000, 0x00007f24fc5e0000, 0x00007f24fce10000)
 tenured generation   total 167936K, used 21887K [0x00007f25498a0000, 0x00007f2553ca0000, 0x00007f25ed200000)
   the space 167936K,  13% used [0x00007f25498a0000, 0x00007f254adfff70, 0x00007f254ae00000, 0x00007f2553ca0000)
 Metaspace       used 30079K, committed 30208K, reserved 65536K
}
Event: 4,942 GC heap before
{Heap before GC invocations=5 (full 1):
 def new generation   total 75648K, used 56747K [0x00007f24f7c00000, 0x00007f24fce10000, 0x00007f25498a0000)
  eden space 67264K,  79% used [0x00007f24f7c00000, 0x00007f24fb0284d8, 0x00007f24fbdb0000)
  from space 8384K,  39% used [0x00007f24fbdb0000, 0x00007f24fc0f2af8, 0x00007f24fc5e0000)
  to   space 8384K,   0% used [0x00007f24fc5e0000, 0x00007f24fc5e0000, 0x00007f24fce10000)
 tenured generation   total 167936K, used 21887K [0x00007f25498a0000, 0x00007f2553ca0000, 0x00007f25ed200000)
   the space 167936K,  13% used [0x00007f25498a0000, 0x00007f254adfff70, 0x00007f254ae00000, 0x00007f2553ca0000)
 Metaspace       used 30189K, committed 30272K, reserved 65536K
}
Event: 4,943 GC heap after
{Heap after GC invocations=6 (full 1):
 def new generation   total 75648K, used 3648K [0x00007f24f7c00000, 0x00007f24fce10000, 0x00007f25498a0000)
  eden space 67264K,   0% used [0x00007f24f7c00000, 0x00007f24f7c00000, 0x00007f24fbdb0000)
  from space 8384K,  43% used [0x00007f24fc5e0000, 0x00007f24fc9703e8, 0x00007f24fce10000)
  to   space 8384K,   0% used [0x00007f24fbdb0000, 0x00007f24fbdb0000, 0x00007f24fc5e0000)
 tenured generation   total 167936K, used 21887K [0x00007f25498a0000, 0x00007f2553ca0000, 0x00007f25ed200000)
   the space 167936K,  13% used [0x00007f25498a0000, 0x00007f254adfff70, 0x00007f254ae00000, 0x00007f2553ca0000)
 Metaspace       used 30189K, committed 30272K, reserved 65536K
}
Event: 4,951 GC heap before
{Heap before GC invocations=6 (full 1):
 def new generation   total 75648K, used 55344K [0x00007f24f7c00000, 0x00007f24fce10000, 0x00007f25498a0000)
  eden space 67264K,  76% used [0x00007f24f7c00000, 0x00007f24fae7bd60, 0x00007f24fbdb0000)
  from space 8384K,  43% used [0x00007f24fc5e0000, 0x00007f24fc9703e8, 0x00007f24fce10000)
  to   space 8384K,   0% used [0x00007f24fbdb0000, 0x00007f24fbdb0000, 0x00007f24fc5e0000)
 tenured generation   total 167936K, used 21887K [0x00007f25498a0000, 0x00007f2553ca0000, 0x00007f25ed200000)
   the space 167936K,  13% used [0x00007f25498a0000, 0x00007f254adfff70, 0x00007f254ae00000, 0x00007f2553ca0000)
 Metaspace       used 30189K, committed 30272K, reserved 65536K
}
Event: 4,953 GC heap after
{Heap after GC invocations=7 (full 1):
 def new generation   total 75648K, used 3652K [0x00007f24f7c00000, 0x00007f24fce10000, 0x00007f25498a0000)
  eden space 67264K,   0% used [0x00007f24f7c00000, 0x00007f24f7c00000, 0x00007f24fbdb0000)
  from space 8384K,  43% used [0x00007f24fbdb0000, 0x00007f24fc1411b8, 0x00007f24fc5e0000)
  to   space 8384K,   0% used [0x00007f24fc5e0000, 0x00007f24fc5e0000, 0x00007f24fce10000)
 tenured generation   total 167936K, used 21887K [0x00007f25498a0000, 0x00007f2553ca0000, 0x00007f25ed200000)
   the space 167936K,  13% used [0x00007f25498a0000, 0x00007f254adfff70, 0x00007f254ae00000, 0x00007f2553ca0000)
 Metaspace       used 30189K, committed 30272K, reserved 65536K
}
Event: 14,798 GC heap before
{Heap before GC invocations=7 (full 1):
 def new generation   total 75648K, used 55875K [0x00007f24f7c00000, 0x00007f24fce10000, 0x00007f25498a0000)
  eden space 67264K,  77% used [0x00007f24f7c00000, 0x00007f24faeffca8, 0x00007f24fbdb0000)
  from space 8384K,  43% used [0x00007f24fbdb0000, 0x00007f24fc1411b8, 0x00007f24fc5e0000)
  to   space 8384K,   0% used [0x00007f24fc5e0000, 0x00007f24fc5e0000, 0x00007f24fce10000)
 tenured generation   total 167936K, used 21887K [0x00007f25498a0000, 0x00007f2553ca0000, 0x00007f25ed200000)
   the space 167936K,  13% used [0x00007f25498a0000, 0x00007f254adfff70, 0x00007f254ae00000, 0x00007f2553ca0000)
 Metaspace       used 35763K, committed 35840K, reserved 65536K
}
Event: 14,824 GC heap after
{Heap after GC invocations=8 (full 2):
 def new generation   total 75648K, used 0K [0x00007f24f7c00000, 0x00007f24fce10000, 0x00007f25498a0000)
  eden space 67264K,   0% used [0x00007f24f7c00000, 0x00007f24f7c00000, 0x00007f24fbdb0000)
  from space 8384K,   0% used [0x00007f24fbdb0000, 0x00007f24fbdb0000, 0x00007f24fc5e0000)
  to   space 8384K,   0% used [0x00007f24fc5e0000, 0x00007f24fc5e0000, 0x00007f24fce10000)
 tenured generation   total 167936K, used 28328K [0x00007f25498a0000, 0x00007f2553ca0000, 0x00007f25ed200000)
   the space 167936K,  16% used [0x00007f25498a0000, 0x00007f254b44a360, 0x00007f254b44a400, 0x00007f2553ca0000)
 Metaspace       used 35763K, committed 35840K, reserved 65536K
}

