# JRE version: OpenJDK Runtime Environment Temurin-17.0.18+8 (17.0.18+8) (build 17.0.18+8)
# Java VM: OpenJDK 64-Bit Server VM Temurin-17.0.18+8 (17.0.18+8, mixed mode, tiered, serial gc, linux-amd64)
GC Precious Log:
 CPUs: 20 total, 20 available
 Memory: 15701M
 Large Page Support: Disabled
 NUMA Support: Disabled
 Compressed Oops: Disabled
 Heap Min Capacity: 8M
 Heap Initial Capacity: 246M
 Heap Max Capacity: 3926M
 Pre-touch: Disabled
Heap:
 def new generation   total 75648K, used 20062K [0x00007f468bc00000, 0x00007f4690e10000, 0x00007f46dd8a0000)
  eden space 67264K,  23% used [0x00007f468bc00000, 0x00007f468cb94588, 0x00007f468fdb0000)
  from space 8384K,  49% used [0x00007f468fdb0000, 0x00007f46901b3350, 0x00007f46905e0000)
  to   space 8384K,   0% used [0x00007f46905e0000, 0x00007f46905e0000, 0x00007f4690e10000)
 tenured generation   total 167936K, used 50402K [0x00007f46dd8a0000, 0x00007f46e7ca0000, 0x00007f4781200000)
   the space 167936K,  30% used [0x00007f46dd8a0000, 0x00007f46e09d8938, 0x00007f46e09d8a00, 0x00007f46e7ca0000)
 Metaspace       used 42255K, committed 42368K, reserved 65536K
GC Heap History (20 events):
Event: 36,298 GC heap before
{Heap before GC invocations=12 (full 2):
 def new generation   total 75648K, used 71663K [0x00007f468bc00000, 0x00007f4690e10000, 0x00007f46dd8a0000)
  eden space 67264K,  99% used [0x00007f468bc00000, 0x00007f468fd4fca8, 0x00007f468fdb0000)
  from space 8384K,  57% used [0x00007f468fdb0000, 0x00007f469025c2f0, 0x00007f46905e0000)
  to   space 8384K,   0% used [0x00007f46905e0000, 0x00007f46905e0000, 0x00007f4690e10000)
 tenured generation   total 167936K, used 31435K [0x00007f46dd8a0000, 0x00007f46e7ca0000, 0x00007f4781200000)
   the space 167936K,  18% used [0x00007f46dd8a0000, 0x00007f46df752dd8, 0x00007f46df752e00, 0x00007f46e7ca0000)
 Metaspace       used 40770K, committed 40896K, reserved 65536K
}
Event: 36,301 GC heap after
{Heap after GC invocations=13 (full 2):
 def new generation   total 75648K, used 3009K [0x00007f468bc00000, 0x00007f4690e10000, 0x00007f46dd8a0000)
  eden space 67264K,   0% used [0x00007f468bc00000, 0x00007f468bc00000, 0x00007f468fdb0000)
  from space 8384K,  35% used [0x00007f46905e0000, 0x00007f46908d0628, 0x00007f4690e10000)
  to   space 8384K,   0% used [0x00007f468fdb0000, 0x00007f468fdb0000, 0x00007f46905e0000)
 tenured generation   total 167936K, used 33209K [0x00007f46dd8a0000, 0x00007f46e7ca0000, 0x00007f4781200000)
   the space 167936K,  19% used [0x00007f46dd8a0000, 0x00007f46df90e648, 0x00007f46df90e800, 0x00007f46e7ca0000)
 Metaspace       used 40770K, committed 40896K, reserved 65536K
}
Event: 36,894 GC heap before
{Heap before GC invocations=13 (full 2):
 def new generation   total 75648K, used 64427K [0x00007f468bc00000, 0x00007f4690e10000, 0x00007f46dd8a0000)
  eden space 67264K,  91% used [0x00007f468bc00000, 0x00007f468f7fa880, 0x00007f468fdb0000)
  from space 8384K,  35% used [0x00007f46905e0000, 0x00007f46908d0628, 0x00007f4690e10000)
  to   space 8384K,   0% used [0x00007f468fdb0000, 0x00007f468fdb0000, 0x00007f46905e0000)
 tenured generation   total 167936K, used 33209K [0x00007f46dd8a0000, 0x00007f46e7ca0000, 0x00007f4781200000)
   the space 167936K,  19% used [0x00007f46dd8a0000, 0x00007f46df90e648, 0x00007f46df90e800, 0x00007f46e7ca0000)
 Metaspace       used 41198K, committed 41344K, reserved 65536K
}
Event: 36,898 GC heap after
{Heap after GC invocations=14 (full 2):
 def new generation   total 75648K, used 8384K [0x00007f468bc00000, 0x00007f4690e10000, 0x00007f46dd8a0000)
  eden space 67264K,   0% used [0x00007f468bc00000, 0x00007f468bc00000, 0x00007f468fdb0000)
  from space 8384K, 100% used [0x00007f468fdb0000, 0x00007f46905e0000, 0x00007f46905e0000)
  to   space 8384K,   0% used [0x00007f46905e0000, 0x00007f46905e0000, 0x00007f4690e10000)
 tenured generation   total 167936K, used 35394K [0x00007f46dd8a0000, 0x00007f46e7ca0000, 0x00007f4781200000)
   the space 167936K,  21% used [0x00007f46dd8a0000, 0x00007f46dfb308e0, 0x00007f46dfb30a00, 0x00007f46e7ca0000)
 Metaspace       used 41198K, committed 41344K, reserved 65536K
}
Event: 41,103 GC heap before
{Heap before GC invocations=14 (full 2):
 def new generation   total 75648K, used 75648K [0x00007f468bc00000, 0x00007f4690e10000, 0x00007f46dd8a0000)
  eden space 67264K, 100% used [0x00007f468bc00000, 0x00007f468fdb0000, 0x00007f468fdb0000)
  from space 8384K, 100% used [0x00007f468fdb0000, 0x00007f46905e0000, 0x00007f46905e0000)
  to   space 8384K,   0% used [0x00007f46905e0000, 0x00007f46905e0000, 0x00007f4690e10000)
 tenured generation   total 167936K, used 35394K [0x00007f46dd8a0000, 0x00007f46e7ca0000, 0x00007f4781200000)
   the space 167936K,  21% used [0x00007f46dd8a0000, 0x00007f46dfb308e0, 0x00007f46dfb30a00, 0x00007f46e7ca0000)
 Metaspace       used 41488K, committed 41600K, reserved 65536K
}
Event: 41,109 GC heap after
{Heap after GC invocations=15 (full 2):
 def new generation   total 75648K, used 1546K [0x00007f468bc00000, 0x00007f4690e10000, 0x00007f46dd8a0000)
  eden space 67264K,   0% used [0x00007f468bc00000, 0x00007f468bc00000, 0x00007f468fdb0000)
  from space 8384K,  18% used [0x00007f46905e0000, 0x00007f4690762998, 0x00007f4690e10000)
  to   space 8384K,   0% used [0x00007f468fdb0000, 0x00007f468fdb0000, 0x00007f46905e0000)
 tenured generation   total 167936K, used 43473K [0x00007f46dd8a0000, 0x00007f46e7ca0000, 0x00007f4781200000)
   the space 167936K,  25% used [0x00007f46dd8a0000, 0x00007f46e03144b8, 0x00007f46e0314600, 0x00007f46e7ca0000)
 Metaspace       used 41488K, committed 41600K, reserved 65536K
}
Event: 53,531 GC heap before
{Heap before GC invocations=15 (full 2):
 def new generation   total 75648K, used 63874K [0x00007f468bc00000, 0x00007f4690e10000, 0x00007f46dd8a0000)
  eden space 67264K,  92% used [0x00007f468bc00000, 0x00007f468f8de148, 0x00007f468fdb0000)
  from space 8384K,  18% used [0x00007f46905e0000, 0x00007f4690762998, 0x00007f4690e10000)
  to   space 8384K,   0% used [0x00007f468fdb0000, 0x00007f468fdb0000, 0x00007f46905e0000)
 tenured generation   total 167936K, used 43473K [0x00007f46dd8a0000, 0x00007f46e7ca0000, 0x00007f4781200000)
   the space 167936K,  25% used [0x00007f46dd8a0000, 0x00007f46e03144b8, 0x00007f46e0314600, 0x00007f46e7ca0000)
 Metaspace       used 41843K, committed 41984K, reserved 65536K
}
Event: 53,533 GC heap after
{Heap after GC invocations=16 (full 2):
 def new generation   total 75648K, used 3616K [0x00007f468bc00000, 0x00007f4690e10000, 0x00007f46dd8a0000)
  eden space 67264K,   0% used [0x00007f468bc00000, 0x00007f468bc00000, 0x00007f468fdb0000)
  from space 8384K,  43% used [0x00007f468fdb0000, 0x00007f4690138120, 0x00007f46905e0000)
  to   space 8384K,   0% used [0x00007f46905e0000, 0x00007f46905e0000, 0x00007f4690e10000)
 tenured generation   total 167936K, used 43473K [0x00007f46dd8a0000, 0x00007f46e7ca0000, 0x00007f4781200000)
   the space 167936K,  25% used [0x00007f46dd8a0000, 0x00007f46e03144b8, 0x00007f46e0314600, 0x00007f46e7ca0000)
 Metaspace       used 41843K, committed 41984K, reserved 65536K
}
Event: 64,733 GC heap before
{Heap before GC invocations=16 (full 2):
 def new generation   total 75648K, used 70880K [0x00007f468bc00000, 0x00007f4690e10000, 0x00007f46dd8a0000)
  eden space 67264K, 100% used [0x00007f468bc00000, 0x00007f468fdb0000, 0x00007f468fdb0000)
  from space 8384K,  43% used [0x00007f468fdb0000, 0x00007f4690138120, 0x00007f46905e0000)
  to   space 8384K,   0% used [0x00007f46905e0000, 0x00007f46905e0000, 0x00007f4690e10000)
 tenured generation   total 167936K, used 43473K [0x00007f46dd8a0000, 0x00007f46e7ca0000, 0x00007f4781200000)
   the space 167936K,  25% used [0x00007f46dd8a0000, 0x00007f46e03144b8, 0x00007f46e0314600, 0x00007f46e7ca0000)
 Metaspace       used 42027K, committed 42176K, reserved 65536K
}
Event: 64,738 GC heap after
{Heap after GC invocations=17 (full 2):
 def new generation   total 75648K, used 4414K [0x00007f468bc00000, 0x00007f4690e10000, 0x00007f46dd8a0000)
  eden space 67264K,   0% used [0x00007f468bc00000, 0x00007f468bc00000, 0x00007f468fdb0000)
  from space 8384K,  52% used [0x00007f46905e0000, 0x00007f4690a2f890, 0x00007f4690e10000)
  to   space 8384K,   0% used [0x00007f468fdb0000, 0x00007f468fdb0000, 0x00007f46905e0000)
 tenured generation   total 167936K, used 43473K [0x00007f46dd8a0000, 0x00007f46e7ca0000, 0x00007f4781200000)
   the space 167936K,  25% used [0x00007f46dd8a0000, 0x00007f46e03144b8, 0x00007f46e0314600, 0x00007f46e7ca0000)
 Metaspace       used 42027K, committed 42176K, reserved 65536K
}
Event: 76,688 GC heap before
{Heap before GC invocations=17 (full 2):
 def new generation   total 75648K, used 71678K [0x00007f468bc00000, 0x00007f4690e10000, 0x00007f46dd8a0000)
  eden space 67264K, 100% used [0x00007f468bc00000, 0x00007f468fdb0000, 0x00007f468fdb0000)
  from space 8384K,  52% used [0x00007f46905e0000, 0x00007f4690a2f890, 0x00007f4690e10000)
  to   space 8384K,   0% used [0x00007f468fdb0000, 0x00007f468fdb0000, 0x00007f46905e0000)
 tenured generation   total 167936K, used 43473K [0x00007f46dd8a0000, 0x00007f46e7ca0000, 0x00007f4781200000)
   the space 167936K,  25% used [0x00007f46dd8a0000, 0x00007f46e03144b8, 0x00007f46e0314600, 0x00007f46e7ca0000)
 Metaspace       used 42139K, committed 42304K, reserved 65536K
}
Event: 76,691 GC heap after
{Heap after GC invocations=18 (full 2):
 def new generation   total 75648K, used 4045K [0x00007f468bc00000, 0x00007f4690e10000, 0x00007f46dd8a0000)
  eden space 67264K,   0% used [0x00007f468bc00000, 0x00007f468bc00000, 0x00007f468fdb0000)
  from space 8384K,  48% used [0x00007f468fdb0000, 0x00007f46901a3700, 0x00007f46905e0000)
  to   space 8384K,   0% used [0x00007f46905e0000, 0x00007f46905e0000, 0x00007f4690e10000)
 tenured generation   total 167936K, used 44901K [0x00007f46dd8a0000, 0x00007f46e7ca0000, 0x00007f4781200000)
   the space 167936K,  26% used [0x00007f46dd8a0000, 0x00007f46e0479698, 0x00007f46e0479800, 0x00007f46e7ca0000)
 Metaspace       used 42139K, committed 42304K, reserved 65536K
}
Event: 92,689 GC heap before
{Heap before GC invocations=18 (full 2):
 def new generation   total 75648K, used 57812K [0x00007f468bc00000, 0x00007f4690e10000, 0x00007f46dd8a0000)
  eden space 67264K,  79% used [0x00007f468bc00000, 0x00007f468f081918, 0x00007f468fdb0000)
  from space 8384K,  48% used [0x00007f468fdb0000, 0x00007f46901a3700, 0x00007f46905e0000)
  to   space 8384K,   0% used [0x00007f46905e0000, 0x00007f46905e0000, 0x00007f4690e10000)
 tenured generation   total 167936K, used 44901K [0x00007f46dd8a0000, 0x00007f46e7ca0000, 0x00007f4781200000)
   the space 167936K,  26% used [0x00007f46dd8a0000, 0x00007f46e0479698, 0x00007f46e0479800, 0x00007f46e7ca0000)
 Metaspace       used 42196K, committed 42368K, reserved 65536K
}
Event: 92,692 GC heap after
{Heap after GC invocations=19 (full 2):
 def new generation   total 75648K, used 5686K [0x00007f468bc00000, 0x00007f4690e10000, 0x00007f46dd8a0000)
  eden space 67264K,   0% used [0x00007f468bc00000, 0x00007f468bc00000, 0x00007f468fdb0000)
  from space 8384K,  67% used [0x00007f46905e0000, 0x00007f4690b6d808, 0x00007f4690e10000)
  to   space 8384K,   0% used [0x00007f468fdb0000, 0x00007f468fdb0000, 0x00007f46905e0000)
 tenured generation   total 167936K, used 44901K [0x00007f46dd8a0000, 0x00007f46e7ca0000, 0x00007f4781200000)
   the space 167936K,  26% used [0x00007f46dd8a0000, 0x00007f46e0479698, 0x00007f46e0479800, 0x00007f46e7ca0000)
 Metaspace       used 42196K, committed 42368K, reserved 65536K
}
Event: 108,988 GC heap before
{Heap before GC invocations=19 (full 2):
 def new generation   total 75648K, used 72950K [0x00007f468bc00000, 0x00007f4690e10000, 0x00007f46dd8a0000)
  eden space 67264K, 100% used [0x00007f468bc00000, 0x00007f468fdb0000, 0x00007f468fdb0000)
  from space 8384K,  67% used [0x00007f46905e0000, 0x00007f4690b6d808, 0x00007f4690e10000)
  to   space 8384K,   0% used [0x00007f468fdb0000, 0x00007f468fdb0000, 0x00007f46905e0000)
 tenured generation   total 167936K, used 44901K [0x00007f46dd8a0000, 0x00007f46e7ca0000, 0x00007f4781200000)
   the space 167936K,  26% used [0x00007f46dd8a0000, 0x00007f46e0479698, 0x00007f46e0479800, 0x00007f46e7ca0000)
 Metaspace       used 42209K, committed 42368K, reserved 65536K
}
Event: 108,993 GC heap after
{Heap after GC invocations=20 (full 2):
 def new generation   total 75648K, used 5049K [0x00007f468bc00000, 0x00007f4690e10000, 0x00007f46dd8a0000)
  eden space 67264K,   0% used [0x00007f468bc00000, 0x00007f468bc00000, 0x00007f468fdb0000)
  from space 8384K,  60% used [0x00007f468fdb0000, 0x00007f469029e720, 0x00007f46905e0000)
  to   space 8384K,   0% used [0x00007f46905e0000, 0x00007f46905e0000, 0x00007f4690e10000)
 tenured generation   total 167936K, used 46975K [0x00007f46dd8a0000, 0x00007f46e7ca0000, 0x00007f4781200000)
   the space 167936K,  27% used [0x00007f46dd8a0000, 0x00007f46e067fec0, 0x00007f46e0680000, 0x00007f46e7ca0000)
 Metaspace       used 42209K, committed 42368K, reserved 65536K
}
Event: 120,295 GC heap before
{Heap before GC invocations=20 (full 2):
 def new generation   total 75648K, used 56100K [0x00007f468bc00000, 0x00007f4690e10000, 0x00007f46dd8a0000)
  eden space 67264K,  75% used [0x00007f468bc00000, 0x00007f468eddacb0, 0x00007f468fdb0000)
  from space 8384K,  60% used [0x00007f468fdb0000, 0x00007f469029e720, 0x00007f46905e0000)
  to   space 8384K,   0% used [0x00007f46905e0000, 0x00007f46905e0000, 0x00007f4690e10000)
 tenured generation   total 167936K, used 46975K [0x00007f46dd8a0000, 0x00007f46e7ca0000, 0x00007f4781200000)
   the space 167936K,  27% used [0x00007f46dd8a0000, 0x00007f46e067fec0, 0x00007f46e0680000, 0x00007f46e7ca0000)
 Metaspace       used 42232K, committed 42368K, reserved 65536K
}
Event: 120,299 GC heap after
{Heap after GC invocations=21 (full 2):
 def new generation   total 75648K, used 5247K [0x00007f468bc00000, 0x00007f4690e10000, 0x00007f46dd8a0000)
  eden space 67264K,   0% used [0x00007f468bc00000, 0x00007f468bc00000, 0x00007f468fdb0000)
  from space 8384K,  62% used [0x00007f46905e0000, 0x00007f4690afff10, 0x00007f4690e10000)
  to   space 8384K,   0% used [0x00007f468fdb0000, 0x00007f468fdb0000, 0x00007f46905e0000)
 tenured generation   total 167936K, used 47853K [0x00007f46dd8a0000, 0x00007f46e7ca0000, 0x00007f4781200000)
   the space 167936K,  28% used [0x00007f46dd8a0000, 0x00007f46e075b4c0, 0x00007f46e075b600, 0x00007f46e7ca0000)
 Metaspace       used 42232K, committed 42368K, reserved 65536K
}
Event: 137,986 GC heap before
{Heap before GC invocations=21 (full 2):
 def new generation   total 75648K, used 72511K [0x00007f468bc00000, 0x00007f4690e10000, 0x00007f46dd8a0000)
  eden space 67264K, 100% used [0x00007f468bc00000, 0x00007f468fdb0000, 0x00007f468fdb0000)
  from space 8384K,  62% used [0x00007f46905e0000, 0x00007f4690afff10, 0x00007f4690e10000)
  to   space 8384K,   0% used [0x00007f468fdb0000, 0x00007f468fdb0000, 0x00007f46905e0000)
 tenured generation   total 167936K, used 47853K [0x00007f46dd8a0000, 0x00007f46e7ca0000, 0x00007f4781200000)
   the space 167936K,  28% used [0x00007f46dd8a0000, 0x00007f46e075b4c0, 0x00007f46e075b600, 0x00007f46e7ca0000)
 Metaspace       used 42241K, committed 42368K, reserved 65536K
}
Event: 137,994 GC heap after
{Heap after GC invocations=22 (full 2):
 def new generation   total 75648K, used 4108K [0x00007f468bc00000, 0x00007f4690e10000, 0x00007f46dd8a0000)
  eden space 67264K,   0% used [0x00007f468bc00000, 0x00007f468bc00000, 0x00007f468fdb0000)
  from space 8384K,  49% used [0x00007f468fdb0000, 0x00007f46901b3350, 0x00007f46905e0000)
  to   space 8384K,   0% used [0x00007f46905e0000, 0x00007f46905e0000, 0x00007f4690e10000)
 tenured generation   total 167936K, used 50402K [0x00007f46dd8a0000, 0x00007f46e7ca0000, 0x00007f4781200000)
   the space 167936K,  30% used [0x00007f46dd8a0000, 0x00007f46e09d8938, 0x00007f46e09d8a00, 0x00007f46e7ca0000)
 Metaspace       used 42241K, committed 42368K, reserved 65536K
}

