# JRE version: OpenJDK Runtime Environment Temurin-17.0.18+8 (17.0.18+8) (build 17.0.18+8)
# Java VM: OpenJDK 64-Bit Server VM Temurin-17.0.18+8 (17.0.18+8, mixed mode, tiered, serial gc, linux-amd64)
Heap:
 def new generation   total 75648K, used 10154K [0x00007fa17bc00000, 0x00007fa180e10000, 0x00007fa1cd8a0000)
  eden space 67264K,  11% used [0x00007fa17bc00000, 0x00007fa17c35f2b8, 0x00007fa17fdb0000)
  from space 8384K,  31% used [0x00007fa17fdb0000, 0x00007fa18003b850, 0x00007fa1805e0000)
  to   space 8384K,   0% used [0x00007fa1805e0000, 0x00007fa1805e0000, 0x00007fa180e10000)
 tenured generation   total 167936K, used 28491K [0x00007fa1cd8a0000, 0x00007fa1d7ca0000, 0x00007fa271200000)
   the space 167936K,  16% used [0x00007fa1cd8a0000, 0x00007fa1cf472df0, 0x00007fa1cf472e00, 0x00007fa1d7ca0000)
 Metaspace       used 39536K, committed 39680K, reserved 65536K
GC Heap History (20 events):
Event: 2,906 GC heap before
{Heap before GC invocations=2 (full 1):
 def new generation   total 75648K, used 70784K [0x00007fa17bc00000, 0x00007fa180e10000, 0x00007fa1cd8a0000)
  eden space 67264K,  96% used [0x00007fa17bc00000, 0x00007fa17fb2aad8, 0x00007fa17fdb0000)
  from space 8384K,  72% used [0x00007fa1805e0000, 0x00007fa180bd5650, 0x00007fa180e10000)
  to   space 8384K,   0% used [0x00007fa17fdb0000, 0x00007fa17fdb0000, 0x00007fa1805e0000)
 tenured generation   total 167936K, used 15798K [0x00007fa1cd8a0000, 0x00007fa1d7ca0000, 0x00007fa271200000)
   the space 167936K,   9% used [0x00007fa1cd8a0000, 0x00007fa1ce80d820, 0x00007fa1ce80da00, 0x00007fa1d7ca0000)
 Metaspace       used 28269K, committed 28416K, reserved 65536K
}
Event: 2,913 GC heap after
{Heap after GC invocations=3 (full 1):
 def new generation   total 75648K, used 1579K [0x00007fa17bc00000, 0x00007fa180e10000, 0x00007fa1cd8a0000)
  eden space 67264K,   0% used [0x00007fa17bc00000, 0x00007fa17bc00000, 0x00007fa17fdb0000)
  from space 8384K,  18% used [0x00007fa17fdb0000, 0x00007fa17ff3ac58, 0x00007fa1805e0000)
  to   space 8384K,   0% used [0x00007fa1805e0000, 0x00007fa1805e0000, 0x00007fa180e10000)
 tenured generation   total 167936K, used 21715K [0x00007fa1cd8a0000, 0x00007fa1d7ca0000, 0x00007fa271200000)
   the space 167936K,  12% used [0x00007fa1cd8a0000, 0x00007fa1cedd4e48, 0x00007fa1cedd5000, 0x00007fa1d7ca0000)
 Metaspace       used 28269K, committed 28416K, reserved 65536K
}
Event: 3,066 GC heap before
{Heap before GC invocations=3 (full 1):
 def new generation   total 75648K, used 61154K [0x00007fa17bc00000, 0x00007fa180e10000, 0x00007fa1cd8a0000)
  eden space 67264K,  88% used [0x00007fa17bc00000, 0x00007fa17f62dd80, 0x00007fa17fdb0000)
  from space 8384K,  18% used [0x00007fa17fdb0000, 0x00007fa17ff3ac58, 0x00007fa1805e0000)
  to   space 8384K,   0% used [0x00007fa1805e0000, 0x00007fa1805e0000, 0x00007fa180e10000)
 tenured generation   total 167936K, used 21715K [0x00007fa1cd8a0000, 0x00007fa1d7ca0000, 0x00007fa271200000)
   the space 167936K,  12% used [0x00007fa1cd8a0000, 0x00007fa1cedd4e48, 0x00007fa1cedd5000, 0x00007fa1d7ca0000)
 Metaspace       used 29693K, committed 29824K, reserved 65536K
}
Event: 3,070 GC heap after
{Heap after GC invocations=4 (full 1):
 def new generation   total 75648K, used 3479K [0x00007fa17bc00000, 0x00007fa180e10000, 0x00007fa1cd8a0000)
  eden space 67264K,   0% used [0x00007fa17bc00000, 0x00007fa17bc00000, 0x00007fa17fdb0000)
  from space 8384K,  41% used [0x00007fa1805e0000, 0x00007fa180945e48, 0x00007fa180e10000)
  to   space 8384K,   0% used [0x00007fa17fdb0000, 0x00007fa17fdb0000, 0x00007fa1805e0000)
 tenured generation   total 167936K, used 21715K [0x00007fa1cd8a0000, 0x00007fa1d7ca0000, 0x00007fa271200000)
   the space 167936K,  12% used [0x00007fa1cd8a0000, 0x00007fa1cedd4e48, 0x00007fa1cedd5000, 0x00007fa1d7ca0000)
 Metaspace       used 29693K, committed 29824K, reserved 65536K
}
Event: 4,503 GC heap before
{Heap before GC invocations=4 (full 1):
 def new generation   total 75648K, used 56965K [0x00007fa17bc00000, 0x00007fa180e10000, 0x00007fa1cd8a0000)
  eden space 67264K,  79% used [0x00007fa17bc00000, 0x00007fa17f03b7b0, 0x00007fa17fdb0000)
  from space 8384K,  41% used [0x00007fa1805e0000, 0x00007fa180945e48, 0x00007fa180e10000)
  to   space 8384K,   0% used [0x00007fa17fdb0000, 0x00007fa17fdb0000, 0x00007fa1805e0000)
 tenured generation   total 167936K, used 21715K [0x00007fa1cd8a0000, 0x00007fa1d7ca0000, 0x00007fa271200000)
   the space 167936K,  12% used [0x00007fa1cd8a0000, 0x00007fa1cedd4e48, 0x00007fa1cedd5000, 0x00007fa1d7ca0000)
 Metaspace       used 30184K, committed 30272K, reserved 65536K
}
Event: 4,505 GC heap after
{Heap after GC invocations=5 (full 1):
 def new generation   total 75648K, used 3601K [0x00007fa17bc00000, 0x00007fa180e10000, 0x00007fa1cd8a0000)
  eden space 67264K,   0% used [0x00007fa17bc00000, 0x00007fa17bc00000, 0x00007fa17fdb0000)
  from space 8384K,  42% used [0x00007fa17fdb0000, 0x00007fa180134458, 0x00007fa1805e0000)
  to   space 8384K,   0% used [0x00007fa1805e0000, 0x00007fa1805e0000, 0x00007fa180e10000)
 tenured generation   total 167936K, used 21715K [0x00007fa1cd8a0000, 0x00007fa1d7ca0000, 0x00007fa271200000)
   the space 167936K,  12% used [0x00007fa1cd8a0000, 0x00007fa1cedd4e48, 0x00007fa1cedd5000, 0x00007fa1d7ca0000)
 Metaspace       used 30184K, committed 30272K, reserved 65536K
}
Event: 6,133 GC heap before
{Heap before GC invocations=5 (full 1):
 def new generation   total 75648K, used 55841K [0x00007fa17bc00000, 0x00007fa180e10000, 0x00007fa1cd8a0000)
  eden space 67264K,  77% used [0x00007fa17bc00000, 0x00007fa17ef03fe8, 0x00007fa17fdb0000)
  from space 8384K,  42% used [0x00007fa17fdb0000, 0x00007fa180134458, 0x00007fa1805e0000)
  to   space 8384K,   0% used [0x00007fa1805e0000, 0x00007fa1805e0000, 0x00007fa180e10000)
 tenured generation   total 167936K, used 21715K [0x00007fa1cd8a0000, 0x00007fa1d7ca0000, 0x00007fa271200000)
   the space 167936K,  12% used [0x00007fa1cd8a0000, 0x00007fa1cedd4e48, 0x00007fa1cedd5000, 0x00007fa1d7ca0000)
 Metaspace       used 30260K, committed 30400K, reserved 65536K
}
Event: 6,135 GC heap after
{Heap after GC invocations=6 (full 1):
 def new generation   total 75648K, used 3914K [0x00007fa17bc00000, 0x00007fa180e10000, 0x00007fa1cd8a0000)
  eden space 67264K,   0% used [0x00007fa17bc00000, 0x00007fa17bc00000, 0x00007fa17fdb0000)
  from space 8384K,  46% used [0x00007fa1805e0000, 0x00007fa1809b2a48, 0x00007fa180e10000)
  to   space 8384K,   0% used [0x00007fa17fdb0000, 0x00007fa17fdb0000, 0x00007fa1805e0000)
 tenured generation   total 167936K, used 21715K [0x00007fa1cd8a0000, 0x00007fa1d7ca0000, 0x00007fa271200000)
   the space 167936K,  12% used [0x00007fa1cd8a0000, 0x00007fa1cedd4e48, 0x00007fa1cedd5000, 0x00007fa1d7ca0000)
 Metaspace       used 30260K, committed 30400K, reserved 65536K
}
Event: 6,144 GC heap before
{Heap before GC invocations=6 (full 1):
 def new generation   total 75648K, used 55604K [0x00007fa17bc00000, 0x00007fa180e10000, 0x00007fa1cd8a0000)
  eden space 67264K,  76% used [0x00007fa17bc00000, 0x00007fa17ee7a760, 0x00007fa17fdb0000)
  from space 8384K,  46% used [0x00007fa1805e0000, 0x00007fa1809b2a48, 0x00007fa180e10000)
  to   space 8384K,   0% used [0x00007fa17fdb0000, 0x00007fa17fdb0000, 0x00007fa1805e0000)
 tenured generation   total 167936K, used 21715K [0x00007fa1cd8a0000, 0x00007fa1d7ca0000, 0x00007fa271200000)
   the space 167936K,  12% used [0x00007fa1cd8a0000, 0x00007fa1cedd4e48, 0x00007fa1cedd5000, 0x00007fa1d7ca0000)
 Metaspace       used 30260K, committed 30400K, reserved 65536K
}
Event: 6,146 GC heap after
{Heap after GC invocations=7 (full 1):
 def new generation   total 75648K, used 3851K [0x00007fa17bc00000, 0x00007fa180e10000, 0x00007fa1cd8a0000)
  eden space 67264K,   0% used [0x00007fa17bc00000, 0x00007fa17bc00000, 0x00007fa17fdb0000)
  from space 8384K,  45% used [0x00007fa17fdb0000, 0x00007fa180172e68, 0x00007fa1805e0000)
  to   space 8384K,   0% used [0x00007fa1805e0000, 0x00007fa1805e0000, 0x00007fa180e10000)
 tenured generation   total 167936K, used 21715K [0x00007fa1cd8a0000, 0x00007fa1d7ca0000, 0x00007fa271200000)
   the space 167936K,  12% used [0x00007fa1cd8a0000, 0x00007fa1cedd4e48, 0x00007fa1cedd5000, 0x00007fa1d7ca0000)
 Metaspace       used 30260K, committed 30400K, reserved 65536K
}
Event: 6,981 GC heap before
{Heap before GC invocations=7 (full 1):
 def new generation   total 75648K, used 60288K [0x00007fa17bc00000, 0x00007fa180e10000, 0x00007fa1cd8a0000)
  eden space 67264K,  83% used [0x00007fa17bc00000, 0x00007fa17f31d210, 0x00007fa17fdb0000)
  from space 8384K,  45% used [0x00007fa17fdb0000, 0x00007fa180172e68, 0x00007fa1805e0000)
  to   space 8384K,   0% used [0x00007fa1805e0000, 0x00007fa1805e0000, 0x00007fa180e10000)
 tenured generation   total 167936K, used 21715K [0x00007fa1cd8a0000, 0x00007fa1d7ca0000, 0x00007fa271200000)
   the space 167936K,  12% used [0x00007fa1cd8a0000, 0x00007fa1cedd4e48, 0x00007fa1cedd5000, 0x00007fa1d7ca0000)
 Metaspace       used 31216K, committed 31296K, reserved 65536K
}
Event: 6,983 GC heap after
{Heap after GC invocations=8 (full 1):
 def new generation   total 75648K, used 4103K [0x00007fa17bc00000, 0x00007fa180e10000, 0x00007fa1cd8a0000)
  eden space 67264K,   0% used [0x00007fa17bc00000, 0x00007fa17bc00000, 0x00007fa17fdb0000)
  from space 8384K,  48% used [0x00007fa1805e0000, 0x00007fa1809e1cb8, 0x00007fa180e10000)
  to   space 8384K,   0% used [0x00007fa17fdb0000, 0x00007fa17fdb0000, 0x00007fa1805e0000)
 tenured generation   total 167936K, used 21715K [0x00007fa1cd8a0000, 0x00007fa1d7ca0000, 0x00007fa271200000)
   the space 167936K,  12% used [0x00007fa1cd8a0000, 0x00007fa1cedd4e48, 0x00007fa1cedd5000, 0x00007fa1d7ca0000)
 Metaspace       used 31216K, committed 31296K, reserved 65536K
}
Event: 7,245 GC heap before
{Heap before GC invocations=8 (full 1):
 def new generation   total 75648K, used 68164K [0x00007fa17bc00000, 0x00007fa180e10000, 0x00007fa1cd8a0000)
  eden space 67264K,  95% used [0x00007fa17bc00000, 0x00007fa17fa8f460, 0x00007fa17fdb0000)
  from space 8384K,  48% used [0x00007fa1805e0000, 0x00007fa1809e1cb8, 0x00007fa180e10000)
  to   space 8384K,   0% used [0x00007fa17fdb0000, 0x00007fa17fdb0000, 0x00007fa1805e0000)
 tenured generation   total 167936K, used 21715K [0x00007fa1cd8a0000, 0x00007fa1d7ca0000, 0x00007fa271200000)
   the space 167936K,  12% used [0x00007fa1cd8a0000, 0x00007fa1cedd4e48, 0x00007fa1cedd5000, 0x00007fa1d7ca0000)
 Metaspace       used 35754K, committed 35840K, reserved 65536K
}
Event: 7,276 GC heap after
{Heap after GC invocations=9 (full 2):
 def new generation   total 75648K, used 0K [0x00007fa17bc00000, 0x00007fa180e10000, 0x00007fa1cd8a0000)
  eden space 67264K,   0% used [0x00007fa17bc00000, 0x00007fa17bc00000, 0x00007fa17fdb0000)
  from space 8384K,   0% used [0x00007fa1805e0000, 0x00007fa1805e0000, 0x00007fa180e10000)
  to   space 8384K,   0% used [0x00007fa17fdb0000, 0x00007fa17fdb0000, 0x00007fa1805e0000)
 tenured generation   total 167936K, used 28491K [0x00007fa1cd8a0000, 0x00007fa1d7ca0000, 0x00007fa271200000)
   the space 167936K,  16% used [0x00007fa1cd8a0000, 0x00007fa1cf472df0, 0x00007fa1cf472e00, 0x00007fa1d7ca0000)
 Metaspace       used 35754K, committed 35840K, reserved 65536K
}
Event: 8,393 GC heap before
{Heap before GC invocations=9 (full 2):
 def new generation   total 75648K, used 58271K [0x00007fa17bc00000, 0x00007fa180e10000, 0x00007fa1cd8a0000)
  eden space 67264K,  86% used [0x00007fa17bc00000, 0x00007fa17f4e7c88, 0x00007fa17fdb0000)
  from space 8384K,   0% used [0x00007fa1805e0000, 0x00007fa1805e0000, 0x00007fa180e10000)
  to   space 8384K,   0% used [0x00007fa17fdb0000, 0x00007fa17fdb0000, 0x00007fa1805e0000)
 tenured generation   total 167936K, used 28491K [0x00007fa1cd8a0000, 0x00007fa1d7ca0000, 0x00007fa271200000)
   the space 167936K,  16% used [0x00007fa1cd8a0000, 0x00007fa1cf472df0, 0x00007fa1cf472e00, 0x00007fa1d7ca0000)
 Metaspace       used 37983K, committed 38080K, reserved 65536K
}
Event: 8,396 GC heap after
{Heap after GC invocations=10 (full 2):
 def new generation   total 75648K, used 781K [0x00007fa17bc00000, 0x00007fa180e10000, 0x00007fa1cd8a0000)
  eden space 67264K,   0% used [0x00007fa17bc00000, 0x00007fa17bc00000, 0x00007fa17fdb0000)
  from space 8384K,   9% used [0x00007fa17fdb0000, 0x00007fa17fe73690, 0x00007fa1805e0000)
  to   space 8384K,   0% used [0x00007fa1805e0000, 0x00007fa1805e0000, 0x00007fa180e10000)
 tenured generation   total 167936K, used 28491K [0x00007fa1cd8a0000, 0x00007fa1d7ca0000, 0x00007fa271200000)
   the space 167936K,  16% used [0x00007fa1cd8a0000, 0x00007fa1cf472df0, 0x00007fa1cf472e00, 0x00007fa1d7ca0000)
 Metaspace       used 37983K, committed 38080K, reserved 65536K
}
Event: 36,740 GC heap before
{Heap before GC invocations=10 (full 2):
 def new generation   total 75648K, used 57301K [0x00007fa17bc00000, 0x00007fa180e10000, 0x00007fa1cd8a0000)
  eden space 67264K,  84% used [0x00007fa17bc00000, 0x00007fa17f332138, 0x00007fa17fdb0000)
  from space 8384K,   9% used [0x00007fa17fdb0000, 0x00007fa17fe73690, 0x00007fa1805e0000)
  to   space 8384K,   0% used [0x00007fa1805e0000, 0x00007fa1805e0000, 0x00007fa180e10000)
 tenured generation   total 167936K, used 28491K [0x00007fa1cd8a0000, 0x00007fa1d7ca0000, 0x00007fa271200000)
   the space 167936K,  16% used [0x00007fa1cd8a0000, 0x00007fa1cf472df0, 0x00007fa1cf472e00, 0x00007fa1d7ca0000)
 Metaspace       used 39048K, committed 39168K, reserved 65536K
}
Event: 36,743 GC heap after
{Heap after GC invocations=11 (full 2):
 def new generation   total 75648K, used 2114K [0x00007fa17bc00000, 0x00007fa180e10000, 0x00007fa1cd8a0000)
  eden space 67264K,   0% used [0x00007fa17bc00000, 0x00007fa17bc00000, 0x00007fa17fdb0000)
  from space 8384K,  25% used [0x00007fa1805e0000, 0x00007fa1807f0940, 0x00007fa180e10000)
  to   space 8384K,   0% used [0x00007fa17fdb0000, 0x00007fa17fdb0000, 0x00007fa1805e0000)
 tenured generation   total 167936K, used 28491K [0x00007fa1cd8a0000, 0x00007fa1d7ca0000, 0x00007fa271200000)
   the space 167936K,  16% used [0x00007fa1cd8a0000, 0x00007fa1cf472df0, 0x00007fa1cf472e00, 0x00007fa1d7ca0000)
 Metaspace       used 39048K, committed 39168K, reserved 65536K
}
Event: 224,409 GC heap before
{Heap before GC invocations=11 (full 2):
 def new generation   total 75648K, used 69378K [0x00007fa17bc00000, 0x00007fa180e10000, 0x00007fa1cd8a0000)
  eden space 67264K, 100% used [0x00007fa17bc00000, 0x00007fa17fdb0000, 0x00007fa17fdb0000)
  from space 8384K,  25% used [0x00007fa1805e0000, 0x00007fa1807f0940, 0x00007fa180e10000)
  to   space 8384K,   0% used [0x00007fa17fdb0000, 0x00007fa17fdb0000, 0x00007fa1805e0000)
 tenured generation   total 167936K, used 28491K [0x00007fa1cd8a0000, 0x00007fa1d7ca0000, 0x00007fa271200000)
   the space 167936K,  16% used [0x00007fa1cd8a0000, 0x00007fa1cf472df0, 0x00007fa1cf472e00, 0x00007fa1d7ca0000)
 Metaspace       used 39521K, committed 39680K, reserved 65536K
}
Event: 224,413 GC heap after
{Heap after GC invocations=12 (full 2):
 def new generation   total 75648K, used 2606K [0x00007fa17bc00000, 0x00007fa180e10000, 0x00007fa1cd8a0000)
  eden space 67264K,   0% used [0x00007fa17bc00000, 0x00007fa17bc00000, 0x00007fa17fdb0000)
  from space 8384K,  31% used [0x00007fa17fdb0000, 0x00007fa18003b850, 0x00007fa1805e0000)
  to   space 8384K,   0% used [0x00007fa1805e0000, 0x00007fa1805e0000, 0x00007fa180e10000)
 tenured generation   total 167936K, used 28491K [0x00007fa1cd8a0000, 0x00007fa1d7ca0000, 0x00007fa271200000)
   the space 167936K,  16% used [0x00007fa1cd8a0000, 0x00007fa1cf472df0, 0x00007fa1cf472e00, 0x00007fa1d7ca0000)
 Metaspace       used 39521K, committed 39680K, reserved 65536K
}

