# JRE version: OpenJDK Runtime Environment Temurin-21.0.9+10 (21.0.9+10) (build 21.0.9+10-LTS)
# Java VM: OpenJDK 64-Bit Server VM Temurin-21.0.9+10 (21.0.9+10-LTS, mixed mode, sharing, tiered, compressed oops, compressed class ptrs, g1 gc, linux-amd64)
Heap:
 garbage-first heap   total 587776K, used 162976K [0x000000070aa00000, 0x0000000800000000)
  region size 2048K, 2 young (4096K), 0 survivors (0K)
 Metaspace       used 29793K, committed 30208K, reserved 1114112K
  class space    used 2990K, committed 3200K, reserved 1048576K
GC Heap History (20 events):
Event: 169,582 GC heap before
{Heap before GC invocations=38 (full 8):
 garbage-first heap   total 350208K, used 156962K [0x000000070aa00000, 0x0000000800000000)
  region size 2048K, 9 young (18432K), 0 survivors (0K)
 Metaspace       used 29619K, committed 30016K, reserved 1114112K
  class space    used 2988K, committed 3200K, reserved 1048576K
}
Event: 169,597 GC heap after
{Heap after GC invocations=39 (full 9):
 garbage-first heap   total 350208K, used 140720K [0x000000070aa00000, 0x0000000800000000)
  region size 2048K, 0 young (0K), 0 survivors (0K)
 Metaspace       used 29619K, committed 30016K, reserved 1114112K
  class space    used 2988K, committed 3200K, reserved 1048576K
}
Event: 169,872 GC heap before
{Heap before GC invocations=39 (full 9):
 garbage-first heap   total 350208K, used 294320K [0x000000070aa00000, 0x0000000800000000)
  region size 2048K, 75 young (153600K), 0 survivors (0K)
 Metaspace       used 29634K, committed 30080K, reserved 1114112K
  class space    used 2989K, committed 3200K, reserved 1048576K
}
Event: 169,876 GC heap after
{Heap after GC invocations=40 (full 9):
 garbage-first heap   total 350208K, used 183908K [0x000000070aa00000, 0x0000000800000000)
  region size 2048K, 10 young (20480K), 10 survivors (20480K)
 Metaspace       used 29634K, committed 30080K, reserved 1114112K
  class space    used 2989K, committed 3200K, reserved 1048576K
}
Event: 170,131 GC heap before
{Heap before GC invocations=41 (full 9):
 garbage-first heap   total 350208K, used 177752K [0x000000070aa00000, 0x0000000800000000)
  region size 2048K, 24 young (49152K), 10 survivors (20480K)
 Metaspace       used 29645K, committed 30080K, reserved 1114112K
  class space    used 2989K, committed 3200K, reserved 1048576K
}
Event: 170,145 GC heap after
{Heap after GC invocations=42 (full 10):
 garbage-first heap   total 350208K, used 143388K [0x000000070aa00000, 0x0000000800000000)
  region size 2048K, 0 young (0K), 0 survivors (0K)
 Metaspace       used 29645K, committed 30080K, reserved 1114112K
  class space    used 2989K, committed 3200K, reserved 1048576K
}
Event: 170,147 GC heap before
{Heap before GC invocations=42 (full 10):
 garbage-first heap   total 350208K, used 143388K [0x000000070aa00000, 0x0000000800000000)
  region size 2048K, 1 young (2048K), 0 survivors (0K)
 Metaspace       used 29646K, committed 30080K, reserved 1114112K
  class space    used 2989K, committed 3200K, reserved 1048576K
}
Event: 170,149 GC heap after
{Heap after GC invocations=43 (full 10):
 garbage-first heap   total 970752K, used 145851K [0x000000070aa00000, 0x0000000800000000)
  region size 2048K, 2 young (4096K), 2 survivors (4096K)
 Metaspace       used 29646K, committed 30080K, reserved 1114112K
  class space    used 2989K, committed 3200K, reserved 1048576K
}
Event: 214,350 GC heap before
{Heap before GC invocations=43 (full 10):
 garbage-first heap   total 970752K, used 526779K [0x000000070aa00000, 0x0000000800000000)
  region size 2048K, 183 young (374784K), 2 survivors (4096K)
 Metaspace       used 29708K, committed 30144K, reserved 1114112K
  class space    used 2989K, committed 3200K, reserved 1048576K
}
Event: 214,356 GC heap after
{Heap after GC invocations=44 (full 10):
 garbage-first heap   total 970752K, used 154514K [0x000000070aa00000, 0x0000000800000000)
  region size 2048K, 6 young (12288K), 6 survivors (12288K)
 Metaspace       used 29708K, committed 30144K, reserved 1114112K
  class space    used 2989K, committed 3200K, reserved 1048576K
}
Event: 289,550 GC heap before
{Heap before GC invocations=44 (full 10):
 garbage-first heap   total 970752K, used 723858K [0x000000070aa00000, 0x0000000800000000)
  region size 2048K, 284 young (581632K), 6 survivors (12288K)
 Metaspace       used 29731K, committed 30144K, reserved 1114112K
  class space    used 2989K, committed 3200K, reserved 1048576K
}
Event: 289,567 GC heap after
{Heap after GC invocations=45 (full 10):
 garbage-first heap   total 970752K, used 168633K [0x000000070aa00000, 0x0000000800000000)
  region size 2048K, 13 young (26624K), 13 survivors (26624K)
 Metaspace       used 29731K, committed 30144K, reserved 1114112K
  class space    used 2989K, committed 3200K, reserved 1048576K
}
Event: 373,353 GC heap before
{Heap before GC invocations=45 (full 10):
 garbage-first heap   total 970752K, used 723641K [0x000000070aa00000, 0x0000000800000000)
  region size 2048K, 284 young (581632K), 13 survivors (26624K)
 Metaspace       used 29758K, committed 30144K, reserved 1114112K
  class space    used 2989K, committed 3200K, reserved 1048576K
}
Event: 373,382 GC heap after
{Heap after GC invocations=46 (full 10):
 garbage-first heap   total 970752K, used 174108K [0x000000070aa00000, 0x0000000800000000)
  region size 2048K, 15 young (30720K), 15 survivors (30720K)
 Metaspace       used 29758K, committed 30144K, reserved 1114112K
  class space    used 2989K, committed 3200K, reserved 1048576K
}
Event: 469,847 GC heap before
{Heap before GC invocations=46 (full 10):
 garbage-first heap   total 970752K, used 725020K [0x000000070aa00000, 0x0000000800000000)
  region size 2048K, 284 young (581632K), 15 survivors (30720K)
 Metaspace       used 29770K, committed 30144K, reserved 1114112K
  class space    used 2989K, committed 3200K, reserved 1048576K
}
Event: 469,894 GC heap after
{Heap after GC invocations=47 (full 10):
 garbage-first heap   total 970752K, used 180252K [0x000000070aa00000, 0x0000000800000000)
  region size 2048K, 18 young (36864K), 18 survivors (36864K)
 Metaspace       used 29770K, committed 30144K, reserved 1114112K
  class space    used 2989K, committed 3200K, reserved 1048576K
}
Event: 566,200 GC heap before
{Heap before GC invocations=47 (full 10):
 garbage-first heap   total 970752K, used 725020K [0x000000070aa00000, 0x0000000800000000)
  region size 2048K, 284 young (581632K), 18 survivors (36864K)
 Metaspace       used 29777K, committed 30144K, reserved 1114112K
  class space    used 2989K, committed 3200K, reserved 1048576K
}
Event: 566,266 GC heap after
{Heap after GC invocations=48 (full 10):
 garbage-first heap   total 970752K, used 190492K [0x000000070aa00000, 0x0000000800000000)
  region size 2048K, 23 young (47104K), 23 survivors (47104K)
 Metaspace       used 29777K, committed 30144K, reserved 1114112K
  class space    used 2989K, committed 3200K, reserved 1048576K
}
Event: 637,616 GC heap before
{Heap before GC invocations=48 (full 10):
 garbage-first heap   total 970752K, used 583708K [0x000000070aa00000, 0x0000000800000000)
  region size 2048K, 216 young (442368K), 23 survivors (47104K)
 Metaspace       used 29780K, committed 30144K, reserved 1114112K
  class space    used 2989K, committed 3200K, reserved 1048576K
}
Event: 637,669 GC heap after
{Heap after GC invocations=49 (full 11):
 garbage-first heap   total 587776K, used 160928K [0x000000070aa00000, 0x0000000800000000)
  region size 2048K, 0 young (0K), 0 survivors (0K)
 Metaspace       used 29780K, committed 30144K, reserved 1114112K
  class space    used 2989K, committed 3200K, reserved 1048576K
}

