# JRE version: OpenJDK Runtime Environment Temurin-17.0.18+8 (17.0.18+8) (build 17.0.18+8)
# Java VM: OpenJDK 64-Bit Server VM Temurin-17.0.18+8 (17.0.18+8, mixed mode, tiered, serial gc, linux-amd64)
Heap:
 def new generation   total 75648K, used 63859K [0x00007f1777c00000, 0x00007f177ce10000, 0x00007f17c98a0000)
  eden space 67264K,  93% used [0x00007f1777c00000, 0x00007f177b9a04b8, 0x00007f177bdb0000)
  from space 8384K,   8% used [0x00007f177bdb0000, 0x00007f177be6ca28, 0x00007f177c5e0000)
  to   space 8384K,   0% used [0x00007f177c5e0000, 0x00007f177c5e0000, 0x00007f177ce10000)
 tenured generation   total 167936K, used 28463K [0x00007f17c98a0000, 0x00007f17d3ca0000, 0x00007f186d200000)
   the space 167936K,  16% used [0x00007f17c98a0000, 0x00007f17cb46bd50, 0x00007f17cb46be00, 0x00007f17d3ca0000)
 Metaspace       used 38952K, committed 39104K, reserved 65536K
GC Heap History (20 events):
Event: 2,406 GC heap before
{Heap before GC invocations=0 (full 0):
 def new generation   total 75584K, used 35011K [0x00007f1777c00000, 0x00007f177ce00000, 0x00007f17c98a0000)
  eden space 67200K,  52% used [0x00007f1777c00000, 0x00007f1779e30ce0, 0x00007f177bda0000)
  from space 8384K,   0% used [0x00007f177bda0000, 0x00007f177bda0000, 0x00007f177c5d0000)
  to   space 8384K,   0% used [0x00007f177c5d0000, 0x00007f177c5d0000, 0x00007f177ce00000)
 tenured generation   total 167936K, used 0K [0x00007f17c98a0000, 0x00007f17d3ca0000, 0x00007f186d200000)
   the space 167936K,   0% used [0x00007f17c98a0000, 0x00007f17c98a0000, 0x00007f17c98a0200, 0x00007f17d3ca0000)
 Metaspace       used 21455K, committed 21504K, reserved 65536K
}
Event: 2,425 GC heap after
{Heap after GC invocations=1 (full 1):
 def new generation   total 75648K, used 0K [0x00007f1777c00000, 0x00007f177ce10000, 0x00007f17c98a0000)
  eden space 67264K,   0% used [0x00007f1777c00000, 0x00007f1777c00000, 0x00007f177bdb0000)
  from space 8384K,   0% used [0x00007f177bdb0000, 0x00007f177bdb0000, 0x00007f177c5e0000)
  to   space 8384K,   0% used [0x00007f177c5e0000, 0x00007f177c5e0000, 0x00007f177ce10000)
 tenured generation   total 167936K, used 5554K [0x00007f17c98a0000, 0x00007f17d3ca0000, 0x00007f186d200000)
   the space 167936K,   3% used [0x00007f17c98a0000, 0x00007f17c9e0c8f0, 0x00007f17c9e0ca00, 0x00007f17d3ca0000)
 Metaspace       used 21455K, committed 21504K, reserved 65536K
}
Event: 2,817 GC heap before
{Heap before GC invocations=1 (full 1):
 def new generation   total 75648K, used 67264K [0x00007f1777c00000, 0x00007f177ce10000, 0x00007f17c98a0000)
  eden space 67264K, 100% used [0x00007f1777c00000, 0x00007f177bdb0000, 0x00007f177bdb0000)
  from space 8384K,   0% used [0x00007f177bdb0000, 0x00007f177bdb0000, 0x00007f177c5e0000)
  to   space 8384K,   0% used [0x00007f177c5e0000, 0x00007f177c5e0000, 0x00007f177ce10000)
 tenured generation   total 167936K, used 5554K [0x00007f17c98a0000, 0x00007f17d3ca0000, 0x00007f186d200000)
   the space 167936K,   3% used [0x00007f17c98a0000, 0x00007f17c9e0c8f0, 0x00007f17c9e0ca00, 0x00007f17d3ca0000)
 Metaspace       used 27812K, committed 27968K, reserved 65536K
}
Event: 2,831 GC heap after
{Heap after GC invocations=2 (full 1):
 def new generation   total 75648K, used 6189K [0x00007f1777c00000, 0x00007f177ce10000, 0x00007f17c98a0000)
  eden space 67264K,   0% used [0x00007f1777c00000, 0x00007f1777c00000, 0x00007f177bdb0000)
  from space 8384K,  73% used [0x00007f177c5e0000, 0x00007f177cbeb588, 0x00007f177ce10000)
  to   space 8384K,   0% used [0x00007f177bdb0000, 0x00007f177bdb0000, 0x00007f177c5e0000)
 tenured generation   total 167936K, used 15794K [0x00007f17c98a0000, 0x00007f17d3ca0000, 0x00007f186d200000)
   the space 167936K,   9% used [0x00007f17c98a0000, 0x00007f17ca80c908, 0x00007f17ca80ca00, 0x00007f17d3ca0000)
 Metaspace       used 27812K, committed 27968K, reserved 65536K
}
Event: 3,073 GC heap before
{Heap before GC invocations=2 (full 1):
 def new generation   total 75648K, used 68504K [0x00007f1777c00000, 0x00007f177ce10000, 0x00007f17c98a0000)
  eden space 67264K,  92% used [0x00007f1777c00000, 0x00007f177b8dacf8, 0x00007f177bdb0000)
  from space 8384K,  73% used [0x00007f177c5e0000, 0x00007f177cbeb588, 0x00007f177ce10000)
  to   space 8384K,   0% used [0x00007f177bdb0000, 0x00007f177bdb0000, 0x00007f177c5e0000)
 tenured generation   total 167936K, used 15794K [0x00007f17c98a0000, 0x00007f17d3ca0000, 0x00007f186d200000)
   the space 167936K,   9% used [0x00007f17c98a0000, 0x00007f17ca80c908, 0x00007f17ca80ca00, 0x00007f17d3ca0000)
 Metaspace       used 28272K, committed 28416K, reserved 65536K
}
Event: 3,080 GC heap after
{Heap after GC invocations=3 (full 1):
 def new generation   total 75648K, used 1542K [0x00007f1777c00000, 0x00007f177ce10000, 0x00007f17c98a0000)
  eden space 67264K,   0% used [0x00007f1777c00000, 0x00007f1777c00000, 0x00007f177bdb0000)
  from space 8384K,  18% used [0x00007f177bdb0000, 0x00007f177bf31a10, 0x00007f177c5e0000)
  to   space 8384K,   0% used [0x00007f177c5e0000, 0x00007f177c5e0000, 0x00007f177ce10000)
 tenured generation   total 167936K, used 21745K [0x00007f17c98a0000, 0x00007f17d3ca0000, 0x00007f186d200000)
   the space 167936K,  12% used [0x00007f17c98a0000, 0x00007f17caddc680, 0x00007f17caddc800, 0x00007f17d3ca0000)
 Metaspace       used 28272K, committed 28416K, reserved 65536K
}
Event: 3,245 GC heap before
{Heap before GC invocations=3 (full 1):
 def new generation   total 75648K, used 61296K [0x00007f1777c00000, 0x00007f177ce10000, 0x00007f17c98a0000)
  eden space 67264K,  88% used [0x00007f1777c00000, 0x00007f177b65a7f8, 0x00007f177bdb0000)
  from space 8384K,  18% used [0x00007f177bdb0000, 0x00007f177bf31a10, 0x00007f177c5e0000)
  to   space 8384K,   0% used [0x00007f177c5e0000, 0x00007f177c5e0000, 0x00007f177ce10000)
 tenured generation   total 167936K, used 21745K [0x00007f17c98a0000, 0x00007f17d3ca0000, 0x00007f186d200000)
   the space 167936K,  12% used [0x00007f17c98a0000, 0x00007f17caddc680, 0x00007f17caddc800, 0x00007f17d3ca0000)
 Metaspace       used 29697K, committed 29824K, reserved 65536K
}
Event: 3,249 GC heap after
{Heap after GC invocations=4 (full 1):
 def new generation   total 75648K, used 3449K [0x00007f1777c00000, 0x00007f177ce10000, 0x00007f17c98a0000)
  eden space 67264K,   0% used [0x00007f1777c00000, 0x00007f1777c00000, 0x00007f177bdb0000)
  from space 8384K,  41% used [0x00007f177c5e0000, 0x00007f177c93e7e8, 0x00007f177ce10000)
  to   space 8384K,   0% used [0x00007f177bdb0000, 0x00007f177bdb0000, 0x00007f177c5e0000)
 tenured generation   total 167936K, used 21745K [0x00007f17c98a0000, 0x00007f17d3ca0000, 0x00007f186d200000)
   the space 167936K,  12% used [0x00007f17c98a0000, 0x00007f17caddc680, 0x00007f17caddc800, 0x00007f17d3ca0000)
 Metaspace       used 29697K, committed 29824K, reserved 65536K
}
Event: 4,190 GC heap before
{Heap before GC invocations=4 (full 1):
 def new generation   total 75648K, used 56955K [0x00007f1777c00000, 0x00007f177ce10000, 0x00007f17c98a0000)
  eden space 67264K,  79% used [0x00007f1777c00000, 0x00007f177b0405c0, 0x00007f177bdb0000)
  from space 8384K,  41% used [0x00007f177c5e0000, 0x00007f177c93e7e8, 0x00007f177ce10000)
  to   space 8384K,   0% used [0x00007f177bdb0000, 0x00007f177bdb0000, 0x00007f177c5e0000)
 tenured generation   total 167936K, used 21745K [0x00007f17c98a0000, 0x00007f17d3ca0000, 0x00007f186d200000)
   the space 167936K,  12% used [0x00007f17c98a0000, 0x00007f17caddc680, 0x00007f17caddc800, 0x00007f17d3ca0000)
 Metaspace       used 30171K, committed 30272K, reserved 65536K
}
Event: 4,193 GC heap after
{Heap after GC invocations=5 (full 1):
 def new generation   total 75648K, used 3568K [0x00007f1777c00000, 0x00007f177ce10000, 0x00007f17c98a0000)
  eden space 67264K,   0% used [0x00007f1777c00000, 0x00007f1777c00000, 0x00007f177bdb0000)
  from space 8384K,  42% used [0x00007f177bdb0000, 0x00007f177c12c0b0, 0x00007f177c5e0000)
  to   space 8384K,   0% used [0x00007f177c5e0000, 0x00007f177c5e0000, 0x00007f177ce10000)
 tenured generation   total 167936K, used 21745K [0x00007f17c98a0000, 0x00007f17d3ca0000, 0x00007f186d200000)
   the space 167936K,  12% used [0x00007f17c98a0000, 0x00007f17caddc680, 0x00007f17caddc800, 0x00007f17d3ca0000)
 Metaspace       used 30171K, committed 30272K, reserved 65536K
}
Event: 4,831 GC heap before
{Heap before GC invocations=5 (full 1):
 def new generation   total 75648K, used 57045K [0x00007f1777c00000, 0x00007f177ce10000, 0x00007f17c98a0000)
  eden space 67264K,  79% used [0x00007f1777c00000, 0x00007f177b0394b8, 0x00007f177bdb0000)
  from space 8384K,  42% used [0x00007f177bdb0000, 0x00007f177c12c0b0, 0x00007f177c5e0000)
  to   space 8384K,   0% used [0x00007f177c5e0000, 0x00007f177c5e0000, 0x00007f177ce10000)
 tenured generation   total 167936K, used 21745K [0x00007f17c98a0000, 0x00007f17d3ca0000, 0x00007f186d200000)
   the space 167936K,  12% used [0x00007f17c98a0000, 0x00007f17caddc680, 0x00007f17caddc800, 0x00007f17d3ca0000)
 Metaspace       used 30254K, committed 30400K, reserved 65536K
}
Event: 4,833 GC heap after
{Heap after GC invocations=6 (full 1):
 def new generation   total 75648K, used 3884K [0x00007f1777c00000, 0x00007f177ce10000, 0x00007f17c98a0000)
  eden space 67264K,   0% used [0x00007f1777c00000, 0x00007f1777c00000, 0x00007f177bdb0000)
  from space 8384K,  46% used [0x00007f177c5e0000, 0x00007f177c9ab398, 0x00007f177ce10000)
  to   space 8384K,   0% used [0x00007f177bdb0000, 0x00007f177bdb0000, 0x00007f177c5e0000)
 tenured generation   total 167936K, used 21745K [0x00007f17c98a0000, 0x00007f17d3ca0000, 0x00007f186d200000)
   the space 167936K,  12% used [0x00007f17c98a0000, 0x00007f17caddc680, 0x00007f17caddc800, 0x00007f17d3ca0000)
 Metaspace       used 30254K, committed 30400K, reserved 65536K
}
Event: 4,842 GC heap before
{Heap before GC invocations=6 (full 1):
 def new generation   total 75648K, used 55567K [0x00007f1777c00000, 0x00007f177ce10000, 0x00007f17c98a0000)
  eden space 67264K,  76% used [0x00007f1777c00000, 0x00007f177ae78ad0, 0x00007f177bdb0000)
  from space 8384K,  46% used [0x00007f177c5e0000, 0x00007f177c9ab398, 0x00007f177ce10000)
  to   space 8384K,   0% used [0x00007f177bdb0000, 0x00007f177bdb0000, 0x00007f177c5e0000)
 tenured generation   total 167936K, used 21745K [0x00007f17c98a0000, 0x00007f17d3ca0000, 0x00007f186d200000)
   the space 167936K,  12% used [0x00007f17c98a0000, 0x00007f17caddc680, 0x00007f17caddc800, 0x00007f17d3ca0000)
 Metaspace       used 30254K, committed 30400K, reserved 65536K
}
Event: 4,844 GC heap after
{Heap after GC invocations=7 (full 1):
 def new generation   total 75648K, used 3821K [0x00007f1777c00000, 0x00007f177ce10000, 0x00007f17c98a0000)
  eden space 67264K,   0% used [0x00007f1777c00000, 0x00007f1777c00000, 0x00007f177bdb0000)
  from space 8384K,  45% used [0x00007f177bdb0000, 0x00007f177c16b7b8, 0x00007f177c5e0000)
  to   space 8384K,   0% used [0x00007f177c5e0000, 0x00007f177c5e0000, 0x00007f177ce10000)
 tenured generation   total 167936K, used 21745K [0x00007f17c98a0000, 0x00007f17d3ca0000, 0x00007f186d200000)
   the space 167936K,  12% used [0x00007f17c98a0000, 0x00007f17caddc680, 0x00007f17caddc800, 0x00007f17d3ca0000)
 Metaspace       used 30254K, committed 30400K, reserved 65536K
}
Event: 5,516 GC heap before
{Heap before GC invocations=7 (full 1):
 def new generation   total 75648K, used 60398K [0x00007f1777c00000, 0x00007f177ce10000, 0x00007f17c98a0000)
  eden space 67264K,  84% used [0x00007f1777c00000, 0x00007f177b340258, 0x00007f177bdb0000)
  from space 8384K,  45% used [0x00007f177bdb0000, 0x00007f177c16b7b8, 0x00007f177c5e0000)
  to   space 8384K,   0% used [0x00007f177c5e0000, 0x00007f177c5e0000, 0x00007f177ce10000)
 tenured generation   total 167936K, used 21745K [0x00007f17c98a0000, 0x00007f17d3ca0000, 0x00007f186d200000)
   the space 167936K,  12% used [0x00007f17c98a0000, 0x00007f17caddc680, 0x00007f17caddc800, 0x00007f17d3ca0000)
 Metaspace       used 31224K, committed 31296K, reserved 65536K
}
Event: 5,518 GC heap after
{Heap after GC invocations=8 (full 1):
 def new generation   total 75648K, used 4076K [0x00007f1777c00000, 0x00007f177ce10000, 0x00007f17c98a0000)
  eden space 67264K,   0% used [0x00007f1777c00000, 0x00007f1777c00000, 0x00007f177bdb0000)
  from space 8384K,  48% used [0x00007f177c5e0000, 0x00007f177c9db2d8, 0x00007f177ce10000)
  to   space 8384K,   0% used [0x00007f177bdb0000, 0x00007f177bdb0000, 0x00007f177c5e0000)
 tenured generation   total 167936K, used 21745K [0x00007f17c98a0000, 0x00007f17d3ca0000, 0x00007f186d200000)
   the space 167936K,  12% used [0x00007f17c98a0000, 0x00007f17caddc680, 0x00007f17caddc800, 0x00007f17d3ca0000)
 Metaspace       used 31224K, committed 31296K, reserved 65536K
}
Event: 5,696 GC heap before
{Heap before GC invocations=8 (full 1):
 def new generation   total 75648K, used 66981K [0x00007f1777c00000, 0x00007f177ce10000, 0x00007f17c98a0000)
  eden space 67264K,  93% used [0x00007f1777c00000, 0x00007f177b96e150, 0x00007f177bdb0000)
  from space 8384K,  48% used [0x00007f177c5e0000, 0x00007f177c9db2d8, 0x00007f177ce10000)
  to   space 8384K,   0% used [0x00007f177bdb0000, 0x00007f177bdb0000, 0x00007f177c5e0000)
 tenured generation   total 167936K, used 21745K [0x00007f17c98a0000, 0x00007f17d3ca0000, 0x00007f186d200000)
   the space 167936K,  12% used [0x00007f17c98a0000, 0x00007f17caddc680, 0x00007f17caddc800, 0x00007f17d3ca0000)
 Metaspace       used 35782K, committed 35840K, reserved 65536K
}
Event: 5,724 GC heap after
{Heap after GC invocations=9 (full 2):
 def new generation   total 75648K, used 0K [0x00007f1777c00000, 0x00007f177ce10000, 0x00007f17c98a0000)
  eden space 67264K,   0% used [0x00007f1777c00000, 0x00007f1777c00000, 0x00007f177bdb0000)
  from space 8384K,   0% used [0x00007f177c5e0000, 0x00007f177c5e0000, 0x00007f177ce10000)
  to   space 8384K,   0% used [0x00007f177bdb0000, 0x00007f177bdb0000, 0x00007f177c5e0000)
 tenured generation   total 167936K, used 28463K [0x00007f17c98a0000, 0x00007f17d3ca0000, 0x00007f186d200000)
   the space 167936K,  16% used [0x00007f17c98a0000, 0x00007f17cb46bd50, 0x00007f17cb46be00, 0x00007f17d3ca0000)
 Metaspace       used 35782K, committed 35840K, reserved 65536K
}
Event: 6,860 GC heap before
{Heap before GC invocations=9 (full 2):
 def new generation   total 75648K, used 57166K [0x00007f1777c00000, 0x00007f177ce10000, 0x00007f17c98a0000)
  eden space 67264K,  84% used [0x00007f1777c00000, 0x00007f177b3d3958, 0x00007f177bdb0000)
  from space 8384K,   0% used [0x00007f177c5e0000, 0x00007f177c5e0000, 0x00007f177ce10000)
  to   space 8384K,   0% used [0x00007f177bdb0000, 0x00007f177bdb0000, 0x00007f177c5e0000)
 tenured generation   total 167936K, used 28463K [0x00007f17c98a0000, 0x00007f17d3ca0000, 0x00007f186d200000)
   the space 167936K,  16% used [0x00007f17c98a0000, 0x00007f17cb46bd50, 0x00007f17cb46be00, 0x00007f17d3ca0000)
 Metaspace       used 37998K, committed 38080K, reserved 65536K
}
Event: 6,863 GC heap after
{Heap after GC invocations=10 (full 2):
 def new generation   total 75648K, used 754K [0x00007f1777c00000, 0x00007f177ce10000, 0x00007f17c98a0000)
  eden space 67264K,   0% used [0x00007f1777c00000, 0x00007f1777c00000, 0x00007f177bdb0000)
  from space 8384K,   8% used [0x00007f177bdb0000, 0x00007f177be6ca28, 0x00007f177c5e0000)
  to   space 8384K,   0% used [0x00007f177c5e0000, 0x00007f177c5e0000, 0x00007f177ce10000)
 tenured generation   total 167936K, used 28463K [0x00007f17c98a0000, 0x00007f17d3ca0000, 0x00007f186d200000)
   the space 167936K,  16% used [0x00007f17c98a0000, 0x00007f17cb46bd50, 0x00007f17cb46be00, 0x00007f17d3ca0000)
 Metaspace       used 37998K, committed 38080K, reserved 65536K
}

