# JRE version: OpenJDK Runtime Environment Temurin-21.0.9+10 (21.0.9+10) (build 21.0.9+10-LTS)
# Java VM: OpenJDK 64-Bit Server VM Temurin-21.0.9+10 (21.0.9+10-LTS, mixed mode, sharing, tiered, compressed oops, compressed class ptrs, g1 gc, linux-amd64)
Heap:
 garbage-first heap   total 102400K, used 23932K [0x000000070aa00000, 0x0000000800000000)
  region size 2048K, 1 young (2048K), 0 survivors (0K)
 Metaspace       used 23781K, committed 24128K, reserved 1114112K
  class space    used 2542K, committed 2688K, reserved 1048576K
GC Heap History (10 events):
Event: 2,193 GC heap before
{Heap before GC invocations=0 (full 0):
 garbage-first heap   total 253952K, used 35882K [0x000000070aa00000, 0x0000000800000000)
  region size 2048K, 11 young (22528K), 0 survivors (0K)
 Metaspace       used 15764K, committed 16000K, reserved 1114112K
  class space    used 1564K, committed 1664K, reserved 1048576K
}
Event: 2,197 GC heap after
{Heap after GC invocations=1 (full 0):
 garbage-first heap   total 253952K, used 17179K [0x000000070aa00000, 0x0000000800000000)
  region size 2048K, 2 young (4096K), 2 survivors (4096K)
 Metaspace       used 15764K, committed 16000K, reserved 1114112K
  class space    used 1564K, committed 1664K, reserved 1048576K
}
Event: 2,554 GC heap before
{Heap before GC invocations=1 (full 0):
 garbage-first heap   total 253952K, used 92955K [0x000000070aa00000, 0x0000000800000000)
  region size 2048K, 30 young (61440K), 2 survivors (4096K)
 Metaspace       used 21062K, committed 21312K, reserved 1114112K
  class space    used 2268K, committed 2368K, reserved 1048576K
}
Event: 2,558 GC heap after
{Heap after GC invocations=2 (full 0):
 garbage-first heap   total 253952K, used 22291K [0x000000070aa00000, 0x0000000800000000)
  region size 2048K, 4 young (8192K), 4 survivors (8192K)
 Metaspace       used 21062K, committed 21312K, reserved 1114112K
  class space    used 2268K, committed 2368K, reserved 1048576K
}
Event: 2,663 GC heap before
{Heap before GC invocations=2 (full 0):
 garbage-first heap   total 253952K, used 102163K [0x000000070aa00000, 0x0000000800000000)
  region size 2048K, 26 young (53248K), 4 survivors (8192K)
 Metaspace       used 21291K, committed 21504K, reserved 1114112K
  class space    used 2277K, committed 2368K, reserved 1048576K
}
Event: 2,666 GC heap after
{Heap after GC invocations=3 (full 0):
 garbage-first heap   total 253952K, used 24339K [0x000000070aa00000, 0x0000000800000000)
  region size 2048K, 5 young (10240K), 5 survivors (10240K)
 Metaspace       used 21291K, committed 21504K, reserved 1114112K
  class space    used 2277K, committed 2368K, reserved 1048576K
}
Event: 42,593 GC heap before
{Heap before GC invocations=4 (full 0):
 garbage-first heap   total 274432K, used 272147K [0x000000070aa00000, 0x0000000800000000)
  region size 2048K, 18 young (36864K), 5 survivors (10240K)
 Metaspace       used 23684K, committed 23936K, reserved 1114112K
  class space    used 2539K, committed 2688K, reserved 1048576K
}
Event: 42,602 GC heap after
{Heap after GC invocations=5 (full 0):
 garbage-first heap   total 286720K, used 25098K [0x000000070aa00000, 0x0000000800000000)
  region size 2048K, 6 young (12288K), 6 survivors (12288K)
 Metaspace       used 23684K, committed 23936K, reserved 1114112K
  class space    used 2539K, committed 2688K, reserved 1048576K
}
Event: 465,985 GC heap before
{Heap before GC invocations=5 (full 0):
 garbage-first heap   total 286720K, used 109066K [0x000000070aa00000, 0x0000000800000000)
  region size 2048K, 48 young (98304K), 6 survivors (12288K)
 Metaspace       used 23769K, committed 24064K, reserved 1114112K
  class space    used 2541K, committed 2688K, reserved 1048576K
}
Event: 466,012 GC heap after
{Heap after GC invocations=6 (full 1):
 garbage-first heap   total 102400K, used 23932K [0x000000070aa00000, 0x0000000800000000)
  region size 2048K, 0 young (0K), 0 survivors (0K)
 Metaspace       used 23769K, committed 24064K, reserved 1114112K
  class space    used 2541K, committed 2688K, reserved 1048576K
}

